[0.944s] DEBUG:colcon:Command line arguments: ['/usr/bin/colcon', 'build']
[0.945s] DEBUG:colcon:Parsed command line arguments: Namespace(log_base=None, log_level=None, verb_name='build', build_base='build', install_base='install', merge_install=False, symlink_install=False, test_result_base=None, continue_on_error=False, executor='parallel', parallel_workers=16, event_handlers=None, ignore_user_meta=False, metas=['./colcon.meta'], base_paths=['.'], packages_ignore=None, packages_ignore_regex=None, paths=None, packages_up_to=None, packages_up_to_regex=None, packages_above=None, packages_above_and_dependencies=None, packages_above_depth=None, packages_select_by_dep=None, packages_skip_by_dep=None, packages_skip_up_to=None, packages_select_build_failed=False, packages_skip_build_finished=False, packages_select_test_failures=False, packages_skip_test_passed=False, packages_select=None, packages_skip=None, packages_select_regex=None, packages_skip_regex=None, packages_start=None, packages_end=None, allow_overriding=[], cmake_args=None, cmake_target=None, cmake_target_skip_unavailable=False, cmake_clean_cache=False, cmake_clean_first=False, cmake_force_configure=False, ament_cmake_args=None, catkin_cmake_args=None, catkin_skip_building_tests=False, verb_parser=<colcon_defaults.argument_parser.defaults.DefaultArgumentsDecorator object at 0x7f524bdd6ad0>, verb_extension=<colcon_core.verb.build.BuildVerb object at 0x7f524bdd5330>, main=<bound method BuildVerb.main of <colcon_core.verb.build.BuildVerb object at 0x7f524bdd5330>>)
[0.994s] Level 1:colcon.colcon_core.package_discovery:discover_packages(colcon_meta) check parameters
[0.994s] Level 1:colcon.colcon_core.package_discovery:discover_packages(recursive) check parameters
[0.994s] Level 1:colcon.colcon_core.package_discovery:discover_packages(ignore) check parameters
[0.994s] Level 1:colcon.colcon_core.package_discovery:discover_packages(path) check parameters
[0.994s] Level 1:colcon.colcon_core.package_discovery:discover_packages(colcon_meta) discover
[0.994s] Level 1:colcon.colcon_core.package_discovery:discover_packages(recursive) discover
[0.994s] INFO:colcon.colcon_core.package_discovery:Crawling recursively for packages in '/home/cannotflypig/robokonn/src'
[0.994s] Level 1:colcon.colcon_core.package_identification:_identify(.) by extensions ['ignore', 'ignore_ament_install']
[0.995s] Level 1:colcon.colcon_core.package_identification:_identify(.) by extension 'ignore'
[0.995s] Level 1:colcon.colcon_core.package_identification:_identify(.) by extension 'ignore_ament_install'
[0.995s] Level 1:colcon.colcon_core.package_identification:_identify(.) by extensions ['colcon_pkg']
[0.995s] Level 1:colcon.colcon_core.package_identification:_identify(.) by extension 'colcon_pkg'
[0.995s] Level 1:colcon.colcon_core.package_identification:_identify(.) by extensions ['colcon_meta']
[0.995s] Level 1:colcon.colcon_core.package_identification:_identify(.) by extension 'colcon_meta'
[0.995s] Level 1:colcon.colcon_core.package_identification:_identify(.) by extensions ['ros']
[0.995s] Level 1:colcon.colcon_core.package_identification:_identify(.) by extension 'ros'
[1.007s] Level 1:colcon.colcon_core.package_identification:_identify(.) by extensions ['cmake', 'python']
[1.007s] Level 1:colcon.colcon_core.package_identification:_identify(.) by extension 'cmake'
[1.007s] Level 1:colcon.colcon_core.package_identification:_identify(.) by extension 'python'
[1.007s] Level 1:colcon.colcon_core.package_identification:_identify(.) by extensions ['python_setup_py']
[1.007s] Level 1:colcon.colcon_core.package_identification:_identify(.) by extension 'python_setup_py'
[1.007s] Level 1:colcon.colcon_core.package_identification:_identify(build) by extensions ['ignore', 'ignore_ament_install']
[1.008s] Level 1:colcon.colcon_core.package_identification:_identify(build) by extension 'ignore'
[1.008s] Level 1:colcon.colcon_core.package_identification:_identify(build) ignored
[1.008s] Level 1:colcon.colcon_core.package_identification:_identify(camera_node) by extensions ['ignore', 'ignore_ament_install']
[1.008s] Level 1:colcon.colcon_core.package_identification:_identify(camera_node) by extension 'ignore'
[1.008s] Level 1:colcon.colcon_core.package_identification:_identify(camera_node) by extension 'ignore_ament_install'
[1.008s] Level 1:colcon.colcon_core.package_identification:_identify(camera_node) by extensions ['colcon_pkg']
[1.008s] Level 1:colcon.colcon_core.package_identification:_identify(camera_node) by extension 'colcon_pkg'
[1.008s] Level 1:colcon.colcon_core.package_identification:_identify(camera_node) by extensions ['colcon_meta']
[1.008s] Level 1:colcon.colcon_core.package_identification:_identify(camera_node) by extension 'colcon_meta'
[1.008s] Level 1:colcon.colcon_core.package_identification:_identify(camera_node) by extensions ['ros']
[1.008s] Level 1:colcon.colcon_core.package_identification:_identify(camera_node) by extension 'ros'
[1.010s] DEBUG:colcon.colcon_core.package_identification:Package 'camera_node' with type 'ros.ament_python' and name 'camera_node'
[1.010s] Level 1:colcon.colcon_core.package_identification:_identify(install) by extensions ['ignore', 'ignore_ament_install']
[1.010s] Level 1:colcon.colcon_core.package_identification:_identify(install) by extension 'ignore'
[1.011s] Level 1:colcon.colcon_core.package_identification:_identify(install) ignored
[1.011s] Level 1:colcon.colcon_core.package_identification:_identify(interfaces) by extensions ['ignore', 'ignore_ament_install']
[1.011s] Level 1:colcon.colcon_core.package_identification:_identify(interfaces) by extension 'ignore'
[1.011s] Level 1:colcon.colcon_core.package_identification:_identify(interfaces) by extension 'ignore_ament_install'
[1.011s] Level 1:colcon.colcon_core.package_identification:_identify(interfaces) by extensions ['colcon_pkg']
[1.011s] Level 1:colcon.colcon_core.package_identification:_identify(interfaces) by extension 'colcon_pkg'
[1.011s] Level 1:colcon.colcon_core.package_identification:_identify(interfaces) by extensions ['colcon_meta']
[1.011s] Level 1:colcon.colcon_core.package_identification:_identify(interfaces) by extension 'colcon_meta'
[1.011s] Level 1:colcon.colcon_core.package_identification:_identify(interfaces) by extensions ['ros']
[1.011s] Level 1:colcon.colcon_core.package_identification:_identify(interfaces) by extension 'ros'
[1.011s] DEBUG:colcon.colcon_core.package_identification:Package 'interfaces' with type 'ros.ament_cmake' and name 'interfaces'
[1.012s] Level 1:colcon.colcon_core.package_identification:_identify(log) by extensions ['ignore', 'ignore_ament_install']
[1.012s] Level 1:colcon.colcon_core.package_identification:_identify(log) by extension 'ignore'
[1.012s] Level 1:colcon.colcon_core.package_identification:_identify(log) ignored
[1.012s] Level 1:colcon.colcon_core.package_identification:_identify(main_node) by extensions ['ignore', 'ignore_ament_install']
[1.012s] Level 1:colcon.colcon_core.package_identification:_identify(main_node) by extension 'ignore'
[1.012s] Level 1:colcon.colcon_core.package_identification:_identify(main_node) by extension 'ignore_ament_install'
[1.012s] Level 1:colcon.colcon_core.package_identification:_identify(main_node) by extensions ['colcon_pkg']
[1.012s] Level 1:colcon.colcon_core.package_identification:_identify(main_node) by extension 'colcon_pkg'
[1.012s] Level 1:colcon.colcon_core.package_identification:_identify(main_node) by extensions ['colcon_meta']
[1.012s] Level 1:colcon.colcon_core.package_identification:_identify(main_node) by extension 'colcon_meta'
[1.012s] Level 1:colcon.colcon_core.package_identification:_identify(main_node) by extensions ['ros']
[1.012s] Level 1:colcon.colcon_core.package_identification:_identify(main_node) by extension 'ros'
[1.013s] DEBUG:colcon.colcon_core.package_identification:Package 'main_node' with type 'ros.ament_python' and name 'main_node'
[1.013s] Level 1:colcon.colcon_core.package_identification:_identify(mecanum_gazebo) by extensions ['ignore', 'ignore_ament_install']
[1.013s] Level 1:colcon.colcon_core.package_identification:_identify(mecanum_gazebo) by extension 'ignore'
[1.013s] Level 1:colcon.colcon_core.package_identification:_identify(mecanum_gazebo) by extension 'ignore_ament_install'
[1.013s] Level 1:colcon.colcon_core.package_identification:_identify(mecanum_gazebo) by extensions ['colcon_pkg']
[1.013s] Level 1:colcon.colcon_core.package_identification:_identify(mecanum_gazebo) by extension 'colcon_pkg'
[1.013s] Level 1:colcon.colcon_core.package_identification:_identify(mecanum_gazebo) by extensions ['colcon_meta']
[1.013s] Level 1:colcon.colcon_core.package_identification:_identify(mecanum_gazebo) by extension 'colcon_meta'
[1.013s] Level 1:colcon.colcon_core.package_identification:_identify(mecanum_gazebo) by extensions ['ros']
[1.013s] Level 1:colcon.colcon_core.package_identification:_identify(mecanum_gazebo) by extension 'ros'
[1.014s] DEBUG:colcon.colcon_core.package_identification:Package 'mecanum_gazebo' with type 'ros.catkin' and name 'mecanum_gazebo'
[1.014s] Level 1:colcon.colcon_core.package_identification:_identify(motor_node) by extensions ['ignore', 'ignore_ament_install']
[1.014s] Level 1:colcon.colcon_core.package_identification:_identify(motor_node) by extension 'ignore'
[1.014s] Level 1:colcon.colcon_core.package_identification:_identify(motor_node) by extension 'ignore_ament_install'
[1.014s] Level 1:colcon.colcon_core.package_identification:_identify(motor_node) by extensions ['colcon_pkg']
[1.014s] Level 1:colcon.colcon_core.package_identification:_identify(motor_node) by extension 'colcon_pkg'
[1.014s] Level 1:colcon.colcon_core.package_identification:_identify(motor_node) by extensions ['colcon_meta']
[1.014s] Level 1:colcon.colcon_core.package_identification:_identify(motor_node) by extension 'colcon_meta'
[1.014s] Level 1:colcon.colcon_core.package_identification:_identify(motor_node) by extensions ['ros']
[1.014s] Level 1:colcon.colcon_core.package_identification:_identify(motor_node) by extension 'ros'
[1.014s] DEBUG:colcon.colcon_core.package_identification:Package 'motor_node' with type 'ros.ament_python' and name 'motor_node'
[1.015s] Level 1:colcon.colcon_core.package_identification:_identify(sensor_node) by extensions ['ignore', 'ignore_ament_install']
[1.015s] Level 1:colcon.colcon_core.package_identification:_identify(sensor_node) by extension 'ignore'
[1.015s] Level 1:colcon.colcon_core.package_identification:_identify(sensor_node) by extension 'ignore_ament_install'
[1.015s] Level 1:colcon.colcon_core.package_identification:_identify(sensor_node) by extensions ['colcon_pkg']
[1.015s] Level 1:colcon.colcon_core.package_identification:_identify(sensor_node) by extension 'colcon_pkg'
[1.015s] Level 1:colcon.colcon_core.package_identification:_identify(sensor_node) by extensions ['colcon_meta']
[1.015s] Level 1:colcon.colcon_core.package_identification:_identify(sensor_node) by extension 'colcon_meta'
[1.015s] Level 1:colcon.colcon_core.package_identification:_identify(sensor_node) by extensions ['ros']
[1.015s] Level 1:colcon.colcon_core.package_identification:_identify(sensor_node) by extension 'ros'
[1.015s] DEBUG:colcon.colcon_core.package_identification:Package 'sensor_node' with type 'ros.ament_python' and name 'sensor_node'
[1.015s] Level 1:colcon.colcon_core.package_discovery:discover_packages(recursive) using defaults
[1.015s] Level 1:colcon.colcon_core.package_discovery:discover_packages(ignore) discover
[1.015s] Level 1:colcon.colcon_core.package_discovery:discover_packages(ignore) using defaults
[1.016s] Level 1:colcon.colcon_core.package_discovery:discover_packages(path) discover
[1.016s] Level 1:colcon.colcon_core.package_discovery:discover_packages(path) using defaults
[1.092s] Level 1:colcon.colcon_core.package_discovery:discover_packages(prefix_path) check parameters
[1.092s] Level 1:colcon.colcon_core.package_discovery:discover_packages(prefix_path) discover
[1.115s] DEBUG:colcon.colcon_installed_package_information.package_discovery:Found 5 installed packages in /home/cannotflypig/robokonn/src/install
[1.127s] DEBUG:colcon.colcon_installed_package_information.package_discovery:Found 271 installed packages in /opt/ros/humble
[1.129s] Level 1:colcon.colcon_core.package_discovery:discover_packages(prefix_path) using defaults
[1.230s] Level 5:colcon.colcon_core.verb:set package 'camera_node' build argument 'cmake_args' from command line to 'None'
[1.230s] Level 5:colcon.colcon_core.verb:set package 'camera_node' build argument 'cmake_target' from command line to 'None'
[1.231s] Level 5:colcon.colcon_core.verb:set package 'camera_node' build argument 'cmake_target_skip_unavailable' from command line to 'False'
[1.231s] Level 5:colcon.colcon_core.verb:set package 'camera_node' build argument 'cmake_clean_cache' from command line to 'False'
[1.231s] Level 5:colcon.colcon_core.verb:set package 'camera_node' build argument 'cmake_clean_first' from command line to 'False'
[1.231s] Level 5:colcon.colcon_core.verb:set package 'camera_node' build argument 'cmake_force_configure' from command line to 'False'
[1.231s] Level 5:colcon.colcon_core.verb:set package 'camera_node' build argument 'ament_cmake_args' from command line to 'None'
[1.231s] Level 5:colcon.colcon_core.verb:set package 'camera_node' build argument 'catkin_cmake_args' from command line to 'None'
[1.231s] Level 5:colcon.colcon_core.verb:set package 'camera_node' build argument 'catkin_skip_building_tests' from command line to 'False'
[1.231s] DEBUG:colcon.colcon_core.verb:Building package 'camera_node' with the following arguments: {'ament_cmake_args': None, 'build_base': '/home/cannotflypig/robokonn/src/build/camera_node', 'catkin_cmake_args': None, 'catkin_skip_building_tests': False, 'cmake_args': None, 'cmake_clean_cache': False, 'cmake_clean_first': False, 'cmake_force_configure': False, 'cmake_target': None, 'cmake_target_skip_unavailable': False, 'install_base': '/home/cannotflypig/robokonn/src/install/camera_node', 'merge_install': False, 'path': '/home/cannotflypig/robokonn/src/camera_node', 'symlink_install': False, 'test_result_base': None}
[1.248s] Level 5:colcon.colcon_core.verb:set package 'interfaces' build argument 'cmake_args' from command line to 'None'
[1.249s] Level 5:colcon.colcon_core.verb:set package 'interfaces' build argument 'cmake_target' from command line to 'None'
[1.249s] Level 5:colcon.colcon_core.verb:set package 'interfaces' build argument 'cmake_target_skip_unavailable' from command line to 'False'
[1.249s] Level 5:colcon.colcon_core.verb:set package 'interfaces' build argument 'cmake_clean_cache' from command line to 'False'
[1.249s] Level 5:colcon.colcon_core.verb:set package 'interfaces' build argument 'cmake_clean_first' from command line to 'False'
[1.249s] Level 5:colcon.colcon_core.verb:set package 'interfaces' build argument 'cmake_force_configure' from command line to 'False'
[1.249s] Level 5:colcon.colcon_core.verb:set package 'interfaces' build argument 'ament_cmake_args' from command line to 'None'
[1.249s] Level 5:colcon.colcon_core.verb:set package 'interfaces' build argument 'catkin_cmake_args' from command line to 'None'
[1.249s] Level 5:colcon.colcon_core.verb:set package 'interfaces' build argument 'catkin_skip_building_tests' from command line to 'False'
[1.249s] DEBUG:colcon.colcon_core.verb:Building package 'interfaces' with the following arguments: {'ament_cmake_args': None, 'build_base': '/home/cannotflypig/robokonn/src/build/interfaces', 'catkin_cmake_args': None, 'catkin_skip_building_tests': False, 'cmake_args': None, 'cmake_clean_cache': False, 'cmake_clean_first': False, 'cmake_force_configure': False, 'cmake_target': None, 'cmake_target_skip_unavailable': False, 'install_base': '/home/cannotflypig/robokonn/src/install/interfaces', 'merge_install': False, 'path': '/home/cannotflypig/robokonn/src/interfaces', 'symlink_install': False, 'test_result_base': None}
[1.262s] Level 5:colcon.colcon_core.verb:set package 'main_node' build argument 'cmake_args' from command line to 'None'
[1.262s] Level 5:colcon.colcon_core.verb:set package 'main_node' build argument 'cmake_target' from command line to 'None'
[1.262s] Level 5:colcon.colcon_core.verb:set package 'main_node' build argument 'cmake_target_skip_unavailable' from command line to 'False'
[1.262s] Level 5:colcon.colcon_core.verb:set package 'main_node' build argument 'cmake_clean_cache' from command line to 'False'
[1.262s] Level 5:colcon.colcon_core.verb:set package 'main_node' build argument 'cmake_clean_first' from command line to 'False'
[1.263s] Level 5:colcon.colcon_core.verb:set package 'main_node' build argument 'cmake_force_configure' from command line to 'False'
[1.263s] Level 5:colcon.colcon_core.verb:set package 'main_node' build argument 'ament_cmake_args' from command line to 'None'
[1.263s] Level 5:colcon.colcon_core.verb:set package 'main_node' build argument 'catkin_cmake_args' from command line to 'None'
[1.263s] Level 5:colcon.colcon_core.verb:set package 'main_node' build argument 'catkin_skip_building_tests' from command line to 'False'
[1.263s] DEBUG:colcon.colcon_core.verb:Building package 'main_node' with the following arguments: {'ament_cmake_args': None, 'build_base': '/home/cannotflypig/robokonn/src/build/main_node', 'catkin_cmake_args': None, 'catkin_skip_building_tests': False, 'cmake_args': None, 'cmake_clean_cache': False, 'cmake_clean_first': False, 'cmake_force_configure': False, 'cmake_target': None, 'cmake_target_skip_unavailable': False, 'install_base': '/home/cannotflypig/robokonn/src/install/main_node', 'merge_install': False, 'path': '/home/cannotflypig/robokonn/src/main_node', 'symlink_install': False, 'test_result_base': None}
[1.275s] Level 5:colcon.colcon_core.verb:set package 'mecanum_gazebo' build argument 'cmake_args' from command line to 'None'
[1.275s] Level 5:colcon.colcon_core.verb:set package 'mecanum_gazebo' build argument 'cmake_target' from command line to 'None'
[1.275s] Level 5:colcon.colcon_core.verb:set package 'mecanum_gazebo' build argument 'cmake_target_skip_unavailable' from command line to 'False'
[1.275s] Level 5:colcon.colcon_core.verb:set package 'mecanum_gazebo' build argument 'cmake_clean_cache' from command line to 'False'
[1.275s] Level 5:colcon.colcon_core.verb:set package 'mecanum_gazebo' build argument 'cmake_clean_first' from command line to 'False'
[1.275s] Level 5:colcon.colcon_core.verb:set package 'mecanum_gazebo' build argument 'cmake_force_configure' from command line to 'False'
[1.275s] Level 5:colcon.colcon_core.verb:set package 'mecanum_gazebo' build argument 'ament_cmake_args' from command line to 'None'
[1.275s] Level 5:colcon.colcon_core.verb:set package 'mecanum_gazebo' build argument 'catkin_cmake_args' from command line to 'None'
[1.275s] Level 5:colcon.colcon_core.verb:set package 'mecanum_gazebo' build argument 'catkin_skip_building_tests' from command line to 'False'
[1.275s] DEBUG:colcon.colcon_core.verb:Building package 'mecanum_gazebo' with the following arguments: {'ament_cmake_args': None, 'build_base': '/home/cannotflypig/robokonn/src/build/mecanum_gazebo', 'catkin_cmake_args': None, 'catkin_skip_building_tests': False, 'cmake_args': None, 'cmake_clean_cache': False, 'cmake_clean_first': False, 'cmake_force_configure': False, 'cmake_target': None, 'cmake_target_skip_unavailable': False, 'install_base': '/home/cannotflypig/robokonn/src/install/mecanum_gazebo', 'merge_install': False, 'path': '/home/cannotflypig/robokonn/src/mecanum_gazebo', 'symlink_install': False, 'test_result_base': None}
[1.288s] Level 5:colcon.colcon_core.verb:set package 'motor_node' build argument 'cmake_args' from command line to 'None'
[1.288s] Level 5:colcon.colcon_core.verb:set package 'motor_node' build argument 'cmake_target' from command line to 'None'
[1.288s] Level 5:colcon.colcon_core.verb:set package 'motor_node' build argument 'cmake_target_skip_unavailable' from command line to 'False'
[1.288s] Level 5:colcon.colcon_core.verb:set package 'motor_node' build argument 'cmake_clean_cache' from command line to 'False'
[1.288s] Level 5:colcon.colcon_core.verb:set package 'motor_node' build argument 'cmake_clean_first' from command line to 'False'
[1.288s] Level 5:colcon.colcon_core.verb:set package 'motor_node' build argument 'cmake_force_configure' from command line to 'False'
[1.288s] Level 5:colcon.colcon_core.verb:set package 'motor_node' build argument 'ament_cmake_args' from command line to 'None'
[1.288s] Level 5:colcon.colcon_core.verb:set package 'motor_node' build argument 'catkin_cmake_args' from command line to 'None'
[1.288s] Level 5:colcon.colcon_core.verb:set package 'motor_node' build argument 'catkin_skip_building_tests' from command line to 'False'
[1.288s] DEBUG:colcon.colcon_core.verb:Building package 'motor_node' with the following arguments: {'ament_cmake_args': None, 'build_base': '/home/cannotflypig/robokonn/src/build/motor_node', 'catkin_cmake_args': None, 'catkin_skip_building_tests': False, 'cmake_args': None, 'cmake_clean_cache': False, 'cmake_clean_first': False, 'cmake_force_configure': False, 'cmake_target': None, 'cmake_target_skip_unavailable': False, 'install_base': '/home/cannotflypig/robokonn/src/install/motor_node', 'merge_install': False, 'path': '/home/cannotflypig/robokonn/src/motor_node', 'symlink_install': False, 'test_result_base': None}
[1.299s] Level 5:colcon.colcon_core.verb:set package 'sensor_node' build argument 'cmake_args' from command line to 'None'
[1.299s] Level 5:colcon.colcon_core.verb:set package 'sensor_node' build argument 'cmake_target' from command line to 'None'
[1.299s] Level 5:colcon.colcon_core.verb:set package 'sensor_node' build argument 'cmake_target_skip_unavailable' from command line to 'False'
[1.299s] Level 5:colcon.colcon_core.verb:set package 'sensor_node' build argument 'cmake_clean_cache' from command line to 'False'
[1.299s] Level 5:colcon.colcon_core.verb:set package 'sensor_node' build argument 'cmake_clean_first' from command line to 'False'
[1.299s] Level 5:colcon.colcon_core.verb:set package 'sensor_node' build argument 'cmake_force_configure' from command line to 'False'
[1.299s] Level 5:colcon.colcon_core.verb:set package 'sensor_node' build argument 'ament_cmake_args' from command line to 'None'
[1.299s] Level 5:colcon.colcon_core.verb:set package 'sensor_node' build argument 'catkin_cmake_args' from command line to 'None'
[1.299s] Level 5:colcon.colcon_core.verb:set package 'sensor_node' build argument 'catkin_skip_building_tests' from command line to 'False'
[1.299s] DEBUG:colcon.colcon_core.verb:Building package 'sensor_node' with the following arguments: {'ament_cmake_args': None, 'build_base': '/home/cannotflypig/robokonn/src/build/sensor_node', 'catkin_cmake_args': None, 'catkin_skip_building_tests': False, 'cmake_args': None, 'cmake_clean_cache': False, 'cmake_clean_first': False, 'cmake_force_configure': False, 'cmake_target': None, 'cmake_target_skip_unavailable': False, 'install_base': '/home/cannotflypig/robokonn/src/install/sensor_node', 'merge_install': False, 'path': '/home/cannotflypig/robokonn/src/sensor_node', 'symlink_install': False, 'test_result_base': None}
[1.311s] INFO:colcon.colcon_core.executor:Executing jobs using 'parallel' executor
[1.322s] DEBUG:colcon.colcon_parallel_executor.executor.parallel:run_until_complete
[1.323s] INFO:colcon.colcon_ros.task.ament_python.build:Building ROS package in '/home/cannotflypig/robokonn/src/camera_node' with build type 'ament_python'
[1.324s] Level 1:colcon.colcon_core.shell:create_environment_hook('camera_node', 'ament_prefix_path')
[1.341s] INFO:colcon.colcon_core.plugin_system:Skipping extension 'colcon_core.shell.bat': Not used on non-Windows systems
[1.342s] INFO:colcon.colcon_core.shell:Creating environment hook '/home/cannotflypig/robokonn/src/install/camera_node/share/camera_node/hook/ament_prefix_path.ps1'
[1.343s] INFO:colcon.colcon_core.shell:Creating environment descriptor '/home/cannotflypig/robokonn/src/install/camera_node/share/camera_node/hook/ament_prefix_path.dsv'
[1.344s] INFO:colcon.colcon_core.shell:Creating environment hook '/home/cannotflypig/robokonn/src/install/camera_node/share/camera_node/hook/ament_prefix_path.sh'
[1.357s] INFO:colcon.colcon_core.shell:Skip shell extension 'powershell' for command environment: Not usable outside of PowerShell
[1.357s] DEBUG:colcon.colcon_core.shell:Skip shell extension 'dsv' for command environment
[1.393s] INFO:colcon.colcon_ros.task.ament_cmake.build:Building ROS package in '/home/cannotflypig/robokonn/src/interfaces' with build type 'ament_cmake'
[1.393s] INFO:colcon.colcon_cmake.task.cmake.build:Building CMake package in '/home/cannotflypig/robokonn/src/interfaces'
[1.408s] INFO:colcon.colcon_core.shell:Skip shell extension 'powershell' for command environment: Not usable outside of PowerShell
[1.408s] DEBUG:colcon.colcon_core.shell:Skip shell extension 'dsv' for command environment
[1.449s] INFO:colcon.colcon_ros.task.ament_python.build:Building ROS package in '/home/cannotflypig/robokonn/src/main_node' with build type 'ament_python'
[1.449s] Level 1:colcon.colcon_core.shell:create_environment_hook('main_node', 'ament_prefix_path')
[1.464s] INFO:colcon.colcon_core.shell:Creating environment hook '/home/cannotflypig/robokonn/src/install/main_node/share/main_node/hook/ament_prefix_path.ps1'
[1.465s] INFO:colcon.colcon_core.shell:Creating environment descriptor '/home/cannotflypig/robokonn/src/install/main_node/share/main_node/hook/ament_prefix_path.dsv'
[1.465s] INFO:colcon.colcon_core.shell:Creating environment hook '/home/cannotflypig/robokonn/src/install/main_node/share/main_node/hook/ament_prefix_path.sh'
[1.477s] INFO:colcon.colcon_core.shell:Skip shell extension 'powershell' for command environment: Not usable outside of PowerShell
[1.477s] DEBUG:colcon.colcon_core.shell:Skip shell extension 'dsv' for command environment
[1.518s] INFO:colcon.colcon_ros.task.catkin.build:Building ROS package in '/home/cannotflypig/robokonn/src/mecanum_gazebo' with build type 'catkin'
[1.518s] INFO:colcon.colcon_cmake.task.cmake.build:Building CMake package in '/home/cannotflypig/robokonn/src/mecanum_gazebo'
[1.534s] INFO:colcon.colcon_core.shell:Skip shell extension 'powershell' for command environment: Not usable outside of PowerShell
[1.534s] DEBUG:colcon.colcon_core.shell:Skip shell extension 'dsv' for command environment
[1.579s] INFO:colcon.colcon_ros.task.ament_python.build:Building ROS package in '/home/cannotflypig/robokonn/src/motor_node' with build type 'ament_python'
[1.580s] Level 1:colcon.colcon_core.shell:create_environment_hook('motor_node', 'ament_prefix_path')
[1.593s] INFO:colcon.colcon_core.shell:Creating environment hook '/home/cannotflypig/robokonn/src/install/motor_node/share/motor_node/hook/ament_prefix_path.ps1'
[1.593s] INFO:colcon.colcon_core.shell:Creating environment descriptor '/home/cannotflypig/robokonn/src/install/motor_node/share/motor_node/hook/ament_prefix_path.dsv'
[1.594s] INFO:colcon.colcon_core.shell:Creating environment hook '/home/cannotflypig/robokonn/src/install/motor_node/share/motor_node/hook/ament_prefix_path.sh'
[1.606s] INFO:colcon.colcon_core.shell:Skip shell extension 'powershell' for command environment: Not usable outside of PowerShell
[1.606s] DEBUG:colcon.colcon_core.shell:Skip shell extension 'dsv' for command environment
[1.644s] INFO:colcon.colcon_ros.task.ament_python.build:Building ROS package in '/home/cannotflypig/robokonn/src/sensor_node' with build type 'ament_python'
[1.644s] Level 1:colcon.colcon_core.shell:create_environment_hook('sensor_node', 'ament_prefix_path')
[1.664s] INFO:colcon.colcon_core.shell:Creating environment hook '/home/cannotflypig/robokonn/src/install/sensor_node/share/sensor_node/hook/ament_prefix_path.ps1'
[1.665s] INFO:colcon.colcon_core.shell:Creating environment descriptor '/home/cannotflypig/robokonn/src/install/sensor_node/share/sensor_node/hook/ament_prefix_path.dsv'
[1.665s] INFO:colcon.colcon_core.shell:Creating environment hook '/home/cannotflypig/robokonn/src/install/sensor_node/share/sensor_node/hook/ament_prefix_path.sh'
[1.677s] INFO:colcon.colcon_core.shell:Skip shell extension 'powershell' for command environment: Not usable outside of PowerShell
[1.677s] DEBUG:colcon.colcon_core.shell:Skip shell extension 'dsv' for command environment
[1.923s] INFO:colcon.colcon_core.task.python.build:Building Python package in '/home/cannotflypig/robokonn/src/camera_node'
[1.936s] INFO:colcon.colcon_core.shell:Skip shell extension 'powershell' for command environment: Not usable outside of PowerShell
[1.936s] DEBUG:colcon.colcon_core.shell:Skip shell extension 'dsv' for command environment
[1.980s] DEBUG:colcon.colcon_core.event_handler.log_command:Invoking command in '/home/cannotflypig/robokonn/src/build/interfaces': CMAKE_PREFIX_PATH=${CMAKE_PREFIX_PATH}:/home/cannotflypig/robokonn/src/install/sensor_node:/home/cannotflypig/robokonn/src/install/motor_node:/home/cannotflypig/robokonn/src/install/main_node:/home/cannotflypig/robokonn/src/install/camera_node:/opt/ros/humble /usr/bin/cmake --build /home/cannotflypig/robokonn/src/build/interfaces -- -j16 -l16
[2.492s] INFO:colcon.colcon_core.task.python.build:Building Python package in '/home/cannotflypig/robokonn/src/main_node'
[2.518s] INFO:colcon.colcon_core.shell:Skip shell extension 'powershell' for command environment: Not usable outside of PowerShell
[2.518s] DEBUG:colcon.colcon_core.shell:Skip shell extension 'dsv' for command environment
[2.592s] DEBUG:colcon.colcon_core.event_handler.log_command:Invoking command in '/home/cannotflypig/robokonn/src/build/mecanum_gazebo': /usr/bin/cmake /home/cannotflypig/robokonn/src/mecanum_gazebo -DCATKIN_INSTALL_INTO_PREFIX_ROOT=0 -DCMAKE_INSTALL_PREFIX=/home/cannotflypig/robokonn/src/install/mecanum_gazebo
[2.811s] INFO:colcon.colcon_core.task.python.build:Building Python package in '/home/cannotflypig/robokonn/src/motor_node'
[2.823s] INFO:colcon.colcon_core.shell:Skip shell extension 'powershell' for command environment: Not usable outside of PowerShell
[2.823s] DEBUG:colcon.colcon_core.shell:Skip shell extension 'dsv' for command environment
[3.052s] INFO:colcon.colcon_core.task.python.build:Building Python package in '/home/cannotflypig/robokonn/src/sensor_node'
[3.064s] INFO:colcon.colcon_core.shell:Skip shell extension 'powershell' for command environment: Not usable outside of PowerShell
[3.065s] DEBUG:colcon.colcon_core.shell:Skip shell extension 'dsv' for command environment
[3.117s] DEBUG:colcon.colcon_core.event_handler.log_command:Invoked command in '/home/cannotflypig/robokonn/src/build/interfaces' returned '0': CMAKE_PREFIX_PATH=${CMAKE_PREFIX_PATH}:/home/cannotflypig/robokonn/src/install/sensor_node:/home/cannotflypig/robokonn/src/install/motor_node:/home/cannotflypig/robokonn/src/install/main_node:/home/cannotflypig/robokonn/src/install/camera_node:/opt/ros/humble /usr/bin/cmake --build /home/cannotflypig/robokonn/src/build/interfaces -- -j16 -l16
[3.193s] DEBUG:colcon.colcon_core.event_handler.log_command:Invoking command in '/home/cannotflypig/robokonn/src/build/interfaces': CMAKE_PREFIX_PATH=${CMAKE_PREFIX_PATH}:/home/cannotflypig/robokonn/src/install/sensor_node:/home/cannotflypig/robokonn/src/install/motor_node:/home/cannotflypig/robokonn/src/install/main_node:/home/cannotflypig/robokonn/src/install/camera_node:/opt/ros/humble /usr/bin/cmake --install /home/cannotflypig/robokonn/src/build/interfaces
[3.263s] Level 1:colcon.colcon_core.environment:create_environment_scripts_only(interfaces)
[3.266s] DEBUG:colcon.colcon_core.event_handler.log_command:Invoked command in '/home/cannotflypig/robokonn/src/build/interfaces' returned '0': CMAKE_PREFIX_PATH=${CMAKE_PREFIX_PATH}:/home/cannotflypig/robokonn/src/install/sensor_node:/home/cannotflypig/robokonn/src/install/motor_node:/home/cannotflypig/robokonn/src/install/main_node:/home/cannotflypig/robokonn/src/install/camera_node:/opt/ros/humble /usr/bin/cmake --install /home/cannotflypig/robokonn/src/build/interfaces
[3.287s] Level 1:colcon.colcon_core.environment:checking '/home/cannotflypig/robokonn/src/install/interfaces' for CMake module files
[3.288s] Level 1:colcon.colcon_core.environment:checking '/home/cannotflypig/robokonn/src/install/interfaces' for CMake config files
[3.289s] Level 1:colcon.colcon_core.shell:create_environment_hook('interfaces', 'cmake_prefix_path')
[3.310s] INFO:colcon.colcon_core.shell:Creating environment hook '/home/cannotflypig/robokonn/src/install/interfaces/share/interfaces/hook/cmake_prefix_path.ps1'
[3.311s] INFO:colcon.colcon_core.shell:Creating environment descriptor '/home/cannotflypig/robokonn/src/install/interfaces/share/interfaces/hook/cmake_prefix_path.dsv'
[3.311s] INFO:colcon.colcon_core.shell:Creating environment hook '/home/cannotflypig/robokonn/src/install/interfaces/share/interfaces/hook/cmake_prefix_path.sh'
[3.312s] Level 1:colcon.colcon_core.environment:checking '/home/cannotflypig/robokonn/src/install/interfaces/lib'
[3.312s] Level 1:colcon.colcon_core.shell:create_environment_hook('interfaces', 'ld_library_path_lib')
[3.325s] INFO:colcon.colcon_core.shell:Creating environment hook '/home/cannotflypig/robokonn/src/install/interfaces/share/interfaces/hook/ld_library_path_lib.ps1'
[3.326s] INFO:colcon.colcon_core.shell:Creating environment descriptor '/home/cannotflypig/robokonn/src/install/interfaces/share/interfaces/hook/ld_library_path_lib.dsv'
[3.326s] INFO:colcon.colcon_core.shell:Creating environment hook '/home/cannotflypig/robokonn/src/install/interfaces/share/interfaces/hook/ld_library_path_lib.sh'
[3.326s] Level 1:colcon.colcon_core.environment:checking '/home/cannotflypig/robokonn/src/install/interfaces/bin'
[3.326s] Level 1:colcon.colcon_core.environment:checking '/home/cannotflypig/robokonn/src/install/interfaces/lib/pkgconfig/interfaces.pc'
[3.327s] Level 1:colcon.colcon_core.environment:checking '/home/cannotflypig/robokonn/src/install/interfaces/lib/python3.10/site-packages'
[3.327s] Level 1:colcon.colcon_core.environment:checking '/home/cannotflypig/robokonn/src/install/interfaces/bin'
[3.344s] INFO:colcon.colcon_core.shell:Creating package script '/home/cannotflypig/robokonn/src/install/interfaces/share/interfaces/package.ps1'
[3.345s] INFO:colcon.colcon_core.shell:Creating package descriptor '/home/cannotflypig/robokonn/src/install/interfaces/share/interfaces/package.dsv'
[3.345s] INFO:colcon.colcon_core.shell:Creating package script '/home/cannotflypig/robokonn/src/install/interfaces/share/interfaces/package.sh'
[3.347s] INFO:colcon.colcon_core.shell:Creating package script '/home/cannotflypig/robokonn/src/install/interfaces/share/interfaces/package.bash'
[3.348s] INFO:colcon.colcon_core.shell:Creating package script '/home/cannotflypig/robokonn/src/install/interfaces/share/interfaces/package.zsh'
[3.349s] Level 1:colcon.colcon_core.environment:create_file_with_runtime_dependencies(/home/cannotflypig/robokonn/src/install/interfaces/share/colcon-core/packages/interfaces)
[3.421s] Level 1:colcon.colcon_core.environment:create_environment_scripts_only(interfaces)
[3.437s] Level 1:colcon.colcon_core.environment:checking '/home/cannotflypig/robokonn/src/install/interfaces' for CMake module files
[3.438s] Level 1:colcon.colcon_core.environment:checking '/home/cannotflypig/robokonn/src/install/interfaces' for CMake config files
[3.439s] Level 1:colcon.colcon_core.shell:create_environment_hook('interfaces', 'cmake_prefix_path')
[3.454s] INFO:colcon.colcon_core.shell:Creating environment hook '/home/cannotflypig/robokonn/src/install/interfaces/share/interfaces/hook/cmake_prefix_path.ps1'
[3.455s] INFO:colcon.colcon_core.shell:Creating environment descriptor '/home/cannotflypig/robokonn/src/install/interfaces/share/interfaces/hook/cmake_prefix_path.dsv'
[3.455s] INFO:colcon.colcon_core.shell:Creating environment hook '/home/cannotflypig/robokonn/src/install/interfaces/share/interfaces/hook/cmake_prefix_path.sh'
[3.456s] Level 1:colcon.colcon_core.environment:checking '/home/cannotflypig/robokonn/src/install/interfaces/lib'
[3.456s] Level 1:colcon.colcon_core.shell:create_environment_hook('interfaces', 'ld_library_path_lib')
[3.470s] INFO:colcon.colcon_core.shell:Creating environment hook '/home/cannotflypig/robokonn/src/install/interfaces/share/interfaces/hook/ld_library_path_lib.ps1'
[3.471s] INFO:colcon.colcon_core.shell:Creating environment descriptor '/home/cannotflypig/robokonn/src/install/interfaces/share/interfaces/hook/ld_library_path_lib.dsv'
[3.472s] INFO:colcon.colcon_core.shell:Creating environment hook '/home/cannotflypig/robokonn/src/install/interfaces/share/interfaces/hook/ld_library_path_lib.sh'
[3.472s] Level 1:colcon.colcon_core.environment:checking '/home/cannotflypig/robokonn/src/install/interfaces/bin'
[3.472s] Level 1:colcon.colcon_core.environment:checking '/home/cannotflypig/robokonn/src/install/interfaces/lib/pkgconfig/interfaces.pc'
[3.473s] Level 1:colcon.colcon_core.environment:checking '/home/cannotflypig/robokonn/src/install/interfaces/lib/python3.10/site-packages'
[3.473s] Level 1:colcon.colcon_core.environment:checking '/home/cannotflypig/robokonn/src/install/interfaces/bin'
[3.491s] INFO:colcon.colcon_core.shell:Creating package script '/home/cannotflypig/robokonn/src/install/interfaces/share/interfaces/package.ps1'
[3.492s] INFO:colcon.colcon_core.shell:Creating package descriptor '/home/cannotflypig/robokonn/src/install/interfaces/share/interfaces/package.dsv'
[3.493s] INFO:colcon.colcon_core.shell:Creating package script '/home/cannotflypig/robokonn/src/install/interfaces/share/interfaces/package.sh'
[3.493s] INFO:colcon.colcon_core.shell:Creating package script '/home/cannotflypig/robokonn/src/install/interfaces/share/interfaces/package.bash'
[3.494s] INFO:colcon.colcon_core.shell:Creating package script '/home/cannotflypig/robokonn/src/install/interfaces/share/interfaces/package.zsh'
[3.495s] Level 1:colcon.colcon_core.environment:create_file_with_runtime_dependencies(/home/cannotflypig/robokonn/src/install/interfaces/share/colcon-core/packages/interfaces)
[3.505s] DEBUG:colcon.colcon_core.event_handler.log_command:Invoking command in '/home/cannotflypig/robokonn/src/sensor_node': PYTHONPATH=/home/cannotflypig/robokonn/src/build/sensor_node/prefix_override:/home/cannotflypig/robokonn/src/install/sensor_node/lib/python3.10/site-packages:${PYTHONPATH} /usr/bin/python3 setup.py egg_info --egg-base ../build/sensor_node build --build-base /home/cannotflypig/robokonn/src/build/sensor_node/build install --record /home/cannotflypig/robokonn/src/build/sensor_node/install.log --single-version-externally-managed
[3.513s] DEBUG:colcon.colcon_core.event_handler.log_command:Invoking command in '/home/cannotflypig/robokonn/src/motor_node': PYTHONPATH=/home/cannotflypig/robokonn/src/build/motor_node/prefix_override:/home/cannotflypig/robokonn/src/install/motor_node/lib/python3.10/site-packages:${PYTHONPATH} /usr/bin/python3 setup.py egg_info --egg-base ../build/motor_node build --build-base /home/cannotflypig/robokonn/src/build/motor_node/build install --record /home/cannotflypig/robokonn/src/build/motor_node/install.log --single-version-externally-managed
[3.516s] DEBUG:colcon.colcon_core.event_handler.log_command:Invoking command in '/home/cannotflypig/robokonn/src/main_node': PYTHONPATH=/home/cannotflypig/robokonn/src/build/main_node/prefix_override:/home/cannotflypig/robokonn/src/install/main_node/lib/python3.10/site-packages:${PYTHONPATH} /usr/bin/python3 setup.py egg_info --egg-base ../build/main_node build --build-base /home/cannotflypig/robokonn/src/build/main_node/build install --record /home/cannotflypig/robokonn/src/build/main_node/install.log --single-version-externally-managed
[3.518s] DEBUG:colcon.colcon_core.event_handler.log_command:Invoking command in '/home/cannotflypig/robokonn/src/camera_node': PYTHONPATH=/home/cannotflypig/robokonn/src/build/camera_node/prefix_override:/home/cannotflypig/robokonn/src/install/camera_node/lib/python3.10/site-packages:${PYTHONPATH} /usr/bin/python3 setup.py egg_info --egg-base ../build/camera_node build --build-base /home/cannotflypig/robokonn/src/build/camera_node/build install --record /home/cannotflypig/robokonn/src/build/camera_node/install.log --single-version-externally-managed
[3.824s] DEBUG:colcon.colcon_core.event_handler.log_command:Invoked command in '/home/cannotflypig/robokonn/src/sensor_node' returned '0': PYTHONPATH=/home/cannotflypig/robokonn/src/build/sensor_node/prefix_override:/home/cannotflypig/robokonn/src/install/sensor_node/lib/python3.10/site-packages:${PYTHONPATH} /usr/bin/python3 setup.py egg_info --egg-base ../build/sensor_node build --build-base /home/cannotflypig/robokonn/src/build/sensor_node/build install --record /home/cannotflypig/robokonn/src/build/sensor_node/install.log --single-version-externally-managed
[3.837s] Level 1:colcon.colcon_core.environment:checking '/home/cannotflypig/robokonn/src/install/sensor_node' for CMake module files
[3.837s] Level 1:colcon.colcon_core.environment:checking '/home/cannotflypig/robokonn/src/install/sensor_node' for CMake config files
[3.838s] Level 1:colcon.colcon_core.environment:checking '/home/cannotflypig/robokonn/src/install/sensor_node/lib'
[3.838s] Level 1:colcon.colcon_core.environment:checking '/home/cannotflypig/robokonn/src/install/sensor_node/bin'
[3.838s] Level 1:colcon.colcon_core.environment:checking '/home/cannotflypig/robokonn/src/install/sensor_node/lib/pkgconfig/sensor_node.pc'
[3.838s] Level 1:colcon.colcon_core.environment:checking '/home/cannotflypig/robokonn/src/install/sensor_node/lib/python3.10/site-packages'
[3.838s] Level 1:colcon.colcon_core.shell:create_environment_hook('sensor_node', 'pythonpath')
[3.850s] INFO:colcon.colcon_core.shell:Creating environment hook '/home/cannotflypig/robokonn/src/install/sensor_node/share/sensor_node/hook/pythonpath.ps1'
[3.850s] INFO:colcon.colcon_core.shell:Creating environment descriptor '/home/cannotflypig/robokonn/src/install/sensor_node/share/sensor_node/hook/pythonpath.dsv'
[3.851s] INFO:colcon.colcon_core.shell:Creating environment hook '/home/cannotflypig/robokonn/src/install/sensor_node/share/sensor_node/hook/pythonpath.sh'
[3.851s] Level 1:colcon.colcon_core.environment:checking '/home/cannotflypig/robokonn/src/install/sensor_node/bin'
[3.851s] Level 1:colcon.colcon_core.environment:create_environment_scripts_only(sensor_node)
[3.863s] INFO:colcon.colcon_core.shell:Creating package script '/home/cannotflypig/robokonn/src/install/sensor_node/share/sensor_node/package.ps1'
[3.863s] INFO:colcon.colcon_core.shell:Creating package descriptor '/home/cannotflypig/robokonn/src/install/sensor_node/share/sensor_node/package.dsv'
[3.864s] INFO:colcon.colcon_core.shell:Creating package script '/home/cannotflypig/robokonn/src/install/sensor_node/share/sensor_node/package.sh'
[3.864s] INFO:colcon.colcon_core.shell:Creating package script '/home/cannotflypig/robokonn/src/install/sensor_node/share/sensor_node/package.bash'
[3.865s] INFO:colcon.colcon_core.shell:Creating package script '/home/cannotflypig/robokonn/src/install/sensor_node/share/sensor_node/package.zsh'
[3.865s] Level 1:colcon.colcon_core.environment:create_file_with_runtime_dependencies(/home/cannotflypig/robokonn/src/install/sensor_node/share/colcon-core/packages/sensor_node)
[3.868s] DEBUG:colcon.colcon_core.event_handler.log_command:Invoked command in '/home/cannotflypig/robokonn/src/main_node' returned '0': PYTHONPATH=/home/cannotflypig/robokonn/src/build/main_node/prefix_override:/home/cannotflypig/robokonn/src/install/main_node/lib/python3.10/site-packages:${PYTHONPATH} /usr/bin/python3 setup.py egg_info --egg-base ../build/main_node build --build-base /home/cannotflypig/robokonn/src/build/main_node/build install --record /home/cannotflypig/robokonn/src/build/main_node/install.log --single-version-externally-managed
[3.885s] Level 1:colcon.colcon_core.environment:checking '/home/cannotflypig/robokonn/src/install/main_node' for CMake module files
[3.885s] Level 1:colcon.colcon_core.environment:checking '/home/cannotflypig/robokonn/src/install/main_node' for CMake config files
[3.886s] Level 1:colcon.colcon_core.environment:checking '/home/cannotflypig/robokonn/src/install/main_node/lib'
[3.886s] Level 1:colcon.colcon_core.environment:checking '/home/cannotflypig/robokonn/src/install/main_node/bin'
[3.886s] Level 1:colcon.colcon_core.environment:checking '/home/cannotflypig/robokonn/src/install/main_node/lib/pkgconfig/main_node.pc'
[3.886s] Level 1:colcon.colcon_core.environment:checking '/home/cannotflypig/robokonn/src/install/main_node/lib/python3.10/site-packages'
[3.886s] Level 1:colcon.colcon_core.shell:create_environment_hook('main_node', 'pythonpath')
[3.902s] INFO:colcon.colcon_core.shell:Creating environment hook '/home/cannotflypig/robokonn/src/install/main_node/share/main_node/hook/pythonpath.ps1'
[3.902s] INFO:colcon.colcon_core.shell:Creating environment descriptor '/home/cannotflypig/robokonn/src/install/main_node/share/main_node/hook/pythonpath.dsv'
[3.903s] INFO:colcon.colcon_core.shell:Creating environment hook '/home/cannotflypig/robokonn/src/install/main_node/share/main_node/hook/pythonpath.sh'
[3.903s] Level 1:colcon.colcon_core.environment:checking '/home/cannotflypig/robokonn/src/install/main_node/bin'
[3.903s] Level 1:colcon.colcon_core.environment:create_environment_scripts_only(main_node)
[3.915s] INFO:colcon.colcon_core.shell:Creating package script '/home/cannotflypig/robokonn/src/install/main_node/share/main_node/package.ps1'
[3.915s] INFO:colcon.colcon_core.shell:Creating package descriptor '/home/cannotflypig/robokonn/src/install/main_node/share/main_node/package.dsv'
[3.916s] INFO:colcon.colcon_core.shell:Creating package script '/home/cannotflypig/robokonn/src/install/main_node/share/main_node/package.sh'
[3.916s] INFO:colcon.colcon_core.shell:Creating package script '/home/cannotflypig/robokonn/src/install/main_node/share/main_node/package.bash'
[3.916s] INFO:colcon.colcon_core.shell:Creating package script '/home/cannotflypig/robokonn/src/install/main_node/share/main_node/package.zsh'
[3.917s] Level 1:colcon.colcon_core.environment:create_file_with_runtime_dependencies(/home/cannotflypig/robokonn/src/install/main_node/share/colcon-core/packages/main_node)
[3.920s] DEBUG:colcon.colcon_core.event_handler.log_command:Invoked command in '/home/cannotflypig/robokonn/src/camera_node' returned '0': PYTHONPATH=/home/cannotflypig/robokonn/src/build/camera_node/prefix_override:/home/cannotflypig/robokonn/src/install/camera_node/lib/python3.10/site-packages:${PYTHONPATH} /usr/bin/python3 setup.py egg_info --egg-base ../build/camera_node build --build-base /home/cannotflypig/robokonn/src/build/camera_node/build install --record /home/cannotflypig/robokonn/src/build/camera_node/install.log --single-version-externally-managed
[3.931s] Level 1:colcon.colcon_core.environment:checking '/home/cannotflypig/robokonn/src/install/camera_node' for CMake module files
[3.932s] Level 1:colcon.colcon_core.environment:checking '/home/cannotflypig/robokonn/src/install/camera_node' for CMake config files
[3.932s] Level 1:colcon.colcon_core.environment:checking '/home/cannotflypig/robokonn/src/install/camera_node/lib'
[3.932s] Level 1:colcon.colcon_core.environment:checking '/home/cannotflypig/robokonn/src/install/camera_node/bin'
[3.932s] Level 1:colcon.colcon_core.environment:checking '/home/cannotflypig/robokonn/src/install/camera_node/lib/pkgconfig/camera_node.pc'
[3.933s] Level 1:colcon.colcon_core.environment:checking '/home/cannotflypig/robokonn/src/install/camera_node/lib/python3.10/site-packages'
[3.933s] Level 1:colcon.colcon_core.shell:create_environment_hook('camera_node', 'pythonpath')
[3.944s] INFO:colcon.colcon_core.shell:Creating environment hook '/home/cannotflypig/robokonn/src/install/camera_node/share/camera_node/hook/pythonpath.ps1'
[3.945s] INFO:colcon.colcon_core.shell:Creating environment descriptor '/home/cannotflypig/robokonn/src/install/camera_node/share/camera_node/hook/pythonpath.dsv'
[3.945s] INFO:colcon.colcon_core.shell:Creating environment hook '/home/cannotflypig/robokonn/src/install/camera_node/share/camera_node/hook/pythonpath.sh'
[3.945s] Level 1:colcon.colcon_core.environment:checking '/home/cannotflypig/robokonn/src/install/camera_node/bin'
[3.946s] Level 1:colcon.colcon_core.environment:create_environment_scripts_only(camera_node)
[3.957s] INFO:colcon.colcon_core.shell:Creating package script '/home/cannotflypig/robokonn/src/install/camera_node/share/camera_node/package.ps1'
[3.958s] INFO:colcon.colcon_core.shell:Creating package descriptor '/home/cannotflypig/robokonn/src/install/camera_node/share/camera_node/package.dsv'
[3.958s] INFO:colcon.colcon_core.shell:Creating package script '/home/cannotflypig/robokonn/src/install/camera_node/share/camera_node/package.sh'
[3.959s] INFO:colcon.colcon_core.shell:Creating package script '/home/cannotflypig/robokonn/src/install/camera_node/share/camera_node/package.bash'
[3.959s] INFO:colcon.colcon_core.shell:Creating package script '/home/cannotflypig/robokonn/src/install/camera_node/share/camera_node/package.zsh'
[3.959s] Level 1:colcon.colcon_core.environment:create_file_with_runtime_dependencies(/home/cannotflypig/robokonn/src/install/camera_node/share/colcon-core/packages/camera_node)
[3.962s] DEBUG:colcon.colcon_core.event_handler.log_command:Invoked command in '/home/cannotflypig/robokonn/src/motor_node' returned '0': PYTHONPATH=/home/cannotflypig/robokonn/src/build/motor_node/prefix_override:/home/cannotflypig/robokonn/src/install/motor_node/lib/python3.10/site-packages:${PYTHONPATH} /usr/bin/python3 setup.py egg_info --egg-base ../build/motor_node build --build-base /home/cannotflypig/robokonn/src/build/motor_node/build install --record /home/cannotflypig/robokonn/src/build/motor_node/install.log --single-version-externally-managed
[3.973s] Level 1:colcon.colcon_core.environment:checking '/home/cannotflypig/robokonn/src/install/motor_node' for CMake module files
[3.974s] Level 1:colcon.colcon_core.environment:checking '/home/cannotflypig/robokonn/src/install/motor_node' for CMake config files
[3.974s] Level 1:colcon.colcon_core.environment:checking '/home/cannotflypig/robokonn/src/install/motor_node/lib'
[3.974s] Level 1:colcon.colcon_core.environment:checking '/home/cannotflypig/robokonn/src/install/motor_node/bin'
[3.974s] Level 1:colcon.colcon_core.environment:checking '/home/cannotflypig/robokonn/src/install/motor_node/lib/pkgconfig/motor_node.pc'
[3.974s] Level 1:colcon.colcon_core.environment:checking '/home/cannotflypig/robokonn/src/install/motor_node/lib/python3.10/site-packages'
[3.975s] Level 1:colcon.colcon_core.shell:create_environment_hook('motor_node', 'pythonpath')
[3.986s] INFO:colcon.colcon_core.shell:Creating environment hook '/home/cannotflypig/robokonn/src/install/motor_node/share/motor_node/hook/pythonpath.ps1'
[3.987s] INFO:colcon.colcon_core.shell:Creating environment descriptor '/home/cannotflypig/robokonn/src/install/motor_node/share/motor_node/hook/pythonpath.dsv'
[3.987s] INFO:colcon.colcon_core.shell:Creating environment hook '/home/cannotflypig/robokonn/src/install/motor_node/share/motor_node/hook/pythonpath.sh'
[3.987s] Level 1:colcon.colcon_core.environment:checking '/home/cannotflypig/robokonn/src/install/motor_node/bin'
[3.988s] Level 1:colcon.colcon_core.environment:create_environment_scripts_only(motor_node)
[3.999s] INFO:colcon.colcon_core.shell:Creating package script '/home/cannotflypig/robokonn/src/install/motor_node/share/motor_node/package.ps1'
[3.999s] INFO:colcon.colcon_core.shell:Creating package descriptor '/home/cannotflypig/robokonn/src/install/motor_node/share/motor_node/package.dsv'
[4.000s] INFO:colcon.colcon_core.shell:Creating package script '/home/cannotflypig/robokonn/src/install/motor_node/share/motor_node/package.sh'
[4.000s] INFO:colcon.colcon_core.shell:Creating package script '/home/cannotflypig/robokonn/src/install/motor_node/share/motor_node/package.bash'
[4.000s] INFO:colcon.colcon_core.shell:Creating package script '/home/cannotflypig/robokonn/src/install/motor_node/share/motor_node/package.zsh'
[4.001s] Level 1:colcon.colcon_core.environment:create_file_with_runtime_dependencies(/home/cannotflypig/robokonn/src/install/motor_node/share/colcon-core/packages/motor_node)
[5.323s] DEBUG:colcon.colcon_core.event_handler.log_command:Invoked command in '/home/cannotflypig/robokonn/src/build/mecanum_gazebo' returned '1': /usr/bin/cmake /home/cannotflypig/robokonn/src/mecanum_gazebo -DCATKIN_INSTALL_INTO_PREFIX_ROOT=0 -DCMAKE_INSTALL_PREFIX=/home/cannotflypig/robokonn/src/install/mecanum_gazebo
[5.330s] Level 1:colcon.colcon_core.environment:create_environment_scripts_only(mecanum_gazebo)
[5.342s] Level 1:colcon.colcon_core.environment:checking '/home/cannotflypig/robokonn/src/install/mecanum_gazebo' for CMake module files
[5.342s] Level 1:colcon.colcon_core.environment:checking '/home/cannotflypig/robokonn/src/install/mecanum_gazebo' for CMake config files
[5.342s] Level 1:colcon.colcon_core.environment:checking '/home/cannotflypig/robokonn/src/install/mecanum_gazebo/bin'
[5.342s] Level 1:colcon.colcon_core.environment:checking '/home/cannotflypig/robokonn/src/install/mecanum_gazebo/lib/pkgconfig/mecanum_gazebo.pc'
[5.343s] Level 1:colcon.colcon_core.environment:checking '/home/cannotflypig/robokonn/src/install/mecanum_gazebo/lib/python3.10/site-packages'
[5.343s] Level 1:colcon.colcon_core.environment:checking '/home/cannotflypig/robokonn/src/install/mecanum_gazebo/bin'
[5.355s] INFO:colcon.colcon_core.shell:Creating package script '/home/cannotflypig/robokonn/src/install/mecanum_gazebo/share/mecanum_gazebo/package.ps1'
[5.355s] INFO:colcon.colcon_core.shell:Creating package descriptor '/home/cannotflypig/robokonn/src/install/mecanum_gazebo/share/mecanum_gazebo/package.dsv'
[5.356s] INFO:colcon.colcon_core.shell:Creating package script '/home/cannotflypig/robokonn/src/install/mecanum_gazebo/share/mecanum_gazebo/package.sh'
[5.356s] INFO:colcon.colcon_core.shell:Creating package script '/home/cannotflypig/robokonn/src/install/mecanum_gazebo/share/mecanum_gazebo/package.bash'
[5.356s] INFO:colcon.colcon_core.shell:Creating package script '/home/cannotflypig/robokonn/src/install/mecanum_gazebo/share/mecanum_gazebo/package.zsh'
[5.357s] Level 1:colcon.colcon_core.environment:create_file_with_runtime_dependencies(/home/cannotflypig/robokonn/src/install/mecanum_gazebo/share/colcon-core/packages/mecanum_gazebo)
[5.368s] DEBUG:colcon.colcon_parallel_executor.executor.parallel:closing loop
[5.368s] DEBUG:colcon.colcon_parallel_executor.executor.parallel:loop closed
[5.368s] DEBUG:colcon.colcon_parallel_executor.executor.parallel:run_until_complete finished with '1'
[5.368s] DEBUG:colcon.colcon_core.event_reactor:joining thread
[5.428s] INFO:colcon.colcon_core.plugin_system:Skipping extension 'colcon_notification.desktop_notification.notify_send': Could not find 'notify-send'
[5.428s] INFO:colcon.colcon_core.plugin_system:Skipping extension 'colcon_notification.desktop_notification.terminal_notifier': Not used on non-Darwin systems
[5.428s] INFO:colcon.colcon_core.plugin_system:Skipping extension 'colcon_notification.desktop_notification.win32': Not used on non-Windows systems
[5.428s] INFO:colcon.colcon_notification.desktop_notification:Sending desktop notification using 'notify2'
[5.429s] DEBUG:colcon.colcon_notification.desktop_notification.notify2:Failed to initialize notify2: org.freedesktop.DBus.Error.FileNotFound: Failed to connect to socket /run/user/1000/bus: No such file or directory
[5.430s] DEBUG:colcon.colcon_core.event_reactor:joined thread
[5.441s] INFO:colcon.colcon_core.shell:Creating prefix script '/home/cannotflypig/robokonn/src/install/local_setup.ps1'
[5.442s] INFO:colcon.colcon_core.shell:Creating prefix util module '/home/cannotflypig/robokonn/src/install/_local_setup_util_ps1.py'
[5.443s] INFO:colcon.colcon_core.shell:Creating prefix chain script '/home/cannotflypig/robokonn/src/install/setup.ps1'
[5.454s] INFO:colcon.colcon_core.shell:Creating prefix script '/home/cannotflypig/robokonn/src/install/local_setup.sh'
[5.455s] INFO:colcon.colcon_core.shell:Creating prefix util module '/home/cannotflypig/robokonn/src/install/_local_setup_util_sh.py'
[5.455s] INFO:colcon.colcon_core.shell:Creating prefix chain script '/home/cannotflypig/robokonn/src/install/setup.sh'
[5.468s] INFO:colcon.colcon_core.shell:Creating prefix script '/home/cannotflypig/robokonn/src/install/local_setup.bash'
[5.468s] INFO:colcon.colcon_core.shell:Creating prefix chain script '/home/cannotflypig/robokonn/src/install/setup.bash'
[5.481s] INFO:colcon.colcon_core.shell:Creating prefix script '/home/cannotflypig/robokonn/src/install/local_setup.zsh'
[5.481s] INFO:colcon.colcon_core.shell:Creating prefix chain script '/home/cannotflypig/robokonn/src/install/setup.zsh'
