[0.362s] Invoking command in '/home/cannotflypig/robokonn/src/build/interfaces': CMAKE_PREFIX_PATH=/home/cannotflypig/robokonn/install/motor_node:/home/cannotflypig/robokonn/install/main_node:/opt/ros/humble /usr/bin/cmake --build /home/cannotflypig/robokonn/src/build/interfaces -- -j16 -l16
[0.638s] [  3%] Built target interfaces__cpp
[0.638s] [ 12%] Built target interfaces__rosidl_generator_c
[0.639s] [ 12%] Built target ament_cmake_python_copy_interfaces
[0.639s] [ 22%] Built target interfaces__rosidl_typesupport_fastrtps_cpp
[0.639s] [ 32%] Built target interfaces__rosidl_typesupport_introspection_cpp
[0.639s] [ 41%] Built target interfaces__rosidl_typesupport_fastrtps_c
[0.640s] [ 51%] Built target interfaces__rosidl_typesupport_introspection_c
[0.640s] [ 61%] Built target interfaces__rosidl_typesupport_cpp
[0.640s] [ 70%] Built target interfaces__rosidl_typesupport_c
[0.640s] [ 70%] Built target interfaces
[0.640s] [ 74%] Built target interfaces__py
[0.640s] [ 80%] Built target interfaces__rosidl_generator_py
[0.640s] [100%] Built target interfaces__rosidl_typesupport_fastrtps_c__pyext
[0.640s] [100%] Built target interfaces__rosidl_typesupport_c__pyext
[0.641s] [100%] Built target interfaces__rosidl_typesupport_introspection_c__pyext
[0.641s] running egg_info
[0.641s] writing interfaces.egg-info/PKG-INFO
[0.641s] writing dependency_links to interfaces.egg-info/dependency_links.txt
[0.641s] writing top-level names to interfaces.egg-info/top_level.txt
[0.641s] reading manifest file 'interfaces.egg-info/SOURCES.txt'
[0.641s] writing manifest file 'interfaces.egg-info/SOURCES.txt'
[0.642s] [100%] Built target ament_cmake_python_build_interfaces_egg
[0.879s] Invoked command in '/home/cannotflypig/robokonn/src/build/interfaces' returned '0': CMAKE_PREFIX_PATH=/home/cannotflypig/robokonn/install/motor_node:/home/cannotflypig/robokonn/install/main_node:/opt/ros/humble /usr/bin/cmake --build /home/cannotflypig/robokonn/src/build/interfaces -- -j16 -l16
[0.934s] Invoking command in '/home/cannotflypig/robokonn/src/build/interfaces': CMAKE_PREFIX_PATH=/home/cannotflypig/robokonn/install/motor_node:/home/cannotflypig/robokonn/install/main_node:/opt/ros/humble /usr/bin/cmake --install /home/cannotflypig/robokonn/src/build/interfaces
[0.942s] -- Install configuration: ""
[0.942s] -- Up-to-date: /home/cannotflypig/robokonn/src/install/interfaces/share/ament_index/resource_index/rosidl_interfaces/interfaces
[0.943s] -- Up-to-date: /home/cannotflypig/robokonn/src/install/interfaces/include/interfaces/interfaces
[0.943s] -- Up-to-date: /home/cannotflypig/robokonn/src/install/interfaces/include/interfaces/interfaces/srv
[0.943s] -- Up-to-date: /home/cannotflypig/robokonn/src/install/interfaces/include/interfaces/interfaces/srv/detail
[0.943s] -- Up-to-date: /home/cannotflypig/robokonn/src/install/interfaces/include/interfaces/interfaces/srv/detail/going_camera_data__functions.c
[0.943s] -- Up-to-date: /home/cannotflypig/robokonn/src/install/interfaces/include/interfaces/interfaces/srv/detail/going_camera_data__functions.h
[0.943s] -- Up-to-date: /home/cannotflypig/robokonn/src/install/interfaces/include/interfaces/interfaces/srv/detail/going_camera_data__type_support.h
[0.943s] -- Up-to-date: /home/cannotflypig/robokonn/src/install/interfaces/include/interfaces/interfaces/srv/detail/going_camera_data__struct.h
[0.943s] -- Up-to-date: /home/cannotflypig/robokonn/src/install/interfaces/include/interfaces/interfaces/srv/going_camera_data.h
[0.944s] -- Up-to-date: /home/cannotflypig/robokonn/src/install/interfaces/include/interfaces/interfaces/msg
[0.944s] -- Up-to-date: /home/cannotflypig/robokonn/src/install/interfaces/include/interfaces/interfaces/msg/rosidl_generator_c__visibility_control.h
[0.944s] -- Up-to-date: /home/cannotflypig/robokonn/src/install/interfaces/share/interfaces/environment/library_path.sh
[0.944s] -- Up-to-date: /home/cannotflypig/robokonn/src/install/interfaces/share/interfaces/environment/library_path.dsv
[0.944s] -- Up-to-date: /home/cannotflypig/robokonn/src/install/interfaces/lib/libinterfaces__rosidl_generator_c.so
[0.945s] -- Up-to-date: /home/cannotflypig/robokonn/src/install/interfaces/include/interfaces/interfaces
[0.945s] -- Up-to-date: /home/cannotflypig/robokonn/src/install/interfaces/include/interfaces/interfaces/srv
[0.945s] -- Up-to-date: /home/cannotflypig/robokonn/src/install/interfaces/include/interfaces/interfaces/srv/detail
[0.945s] -- Up-to-date: /home/cannotflypig/robokonn/src/install/interfaces/include/interfaces/interfaces/srv/detail/going_camera_data__rosidl_typesupport_fastrtps_c.h
[0.946s] -- Up-to-date: /home/cannotflypig/robokonn/src/install/interfaces/include/interfaces/interfaces/msg
[0.946s] -- Up-to-date: /home/cannotflypig/robokonn/src/install/interfaces/include/interfaces/interfaces/msg/rosidl_typesupport_fastrtps_c__visibility_control.h
[0.946s] -- Up-to-date: /home/cannotflypig/robokonn/src/install/interfaces/lib/libinterfaces__rosidl_typesupport_fastrtps_c.so
[0.946s] -- Up-to-date: /home/cannotflypig/robokonn/src/install/interfaces/include/interfaces/interfaces
[0.946s] -- Up-to-date: /home/cannotflypig/robokonn/src/install/interfaces/include/interfaces/interfaces/srv
[0.947s] -- Up-to-date: /home/cannotflypig/robokonn/src/install/interfaces/include/interfaces/interfaces/srv/detail
[0.947s] -- Up-to-date: /home/cannotflypig/robokonn/src/install/interfaces/include/interfaces/interfaces/srv/detail/going_camera_data__rosidl_typesupport_introspection_c.h
[0.947s] -- Up-to-date: /home/cannotflypig/robokonn/src/install/interfaces/include/interfaces/interfaces/srv/detail/going_camera_data__type_support.c
[0.947s] -- Up-to-date: /home/cannotflypig/robokonn/src/install/interfaces/include/interfaces/interfaces/msg
[0.947s] -- Up-to-date: /home/cannotflypig/robokonn/src/install/interfaces/include/interfaces/interfaces/msg/rosidl_typesupport_introspection_c__visibility_control.h
[0.948s] -- Up-to-date: /home/cannotflypig/robokonn/src/install/interfaces/lib/libinterfaces__rosidl_typesupport_introspection_c.so
[0.948s] -- Up-to-date: /home/cannotflypig/robokonn/src/install/interfaces/lib/libinterfaces__rosidl_typesupport_c.so
[0.948s] -- Up-to-date: /home/cannotflypig/robokonn/src/install/interfaces/include/interfaces/interfaces
[0.948s] -- Up-to-date: /home/cannotflypig/robokonn/src/install/interfaces/include/interfaces/interfaces/srv
[0.948s] -- Up-to-date: /home/cannotflypig/robokonn/src/install/interfaces/include/interfaces/interfaces/srv/detail
[0.948s] -- Up-to-date: /home/cannotflypig/robokonn/src/install/interfaces/include/interfaces/interfaces/srv/detail/going_camera_data__traits.hpp
[0.948s] -- Up-to-date: /home/cannotflypig/robokonn/src/install/interfaces/include/interfaces/interfaces/srv/detail/going_camera_data__struct.hpp
[0.948s] -- Up-to-date: /home/cannotflypig/robokonn/src/install/interfaces/include/interfaces/interfaces/srv/detail/going_camera_data__builder.hpp
[0.948s] -- Up-to-date: /home/cannotflypig/robokonn/src/install/interfaces/include/interfaces/interfaces/srv/going_camera_data.hpp
[0.948s] -- Up-to-date: /home/cannotflypig/robokonn/src/install/interfaces/include/interfaces/interfaces
[0.948s] -- Up-to-date: /home/cannotflypig/robokonn/src/install/interfaces/include/interfaces/interfaces/srv
[0.948s] -- Up-to-date: /home/cannotflypig/robokonn/src/install/interfaces/include/interfaces/interfaces/srv/detail
[0.948s] -- Up-to-date: /home/cannotflypig/robokonn/src/install/interfaces/include/interfaces/interfaces/srv/detail/going_camera_data__rosidl_typesupport_fastrtps_cpp.hpp
[0.949s] -- Up-to-date: /home/cannotflypig/robokonn/src/install/interfaces/include/interfaces/interfaces/srv/detail/dds_fastrtps
[0.949s] -- Up-to-date: /home/cannotflypig/robokonn/src/install/interfaces/include/interfaces/interfaces/msg
[0.949s] -- Up-to-date: /home/cannotflypig/robokonn/src/install/interfaces/include/interfaces/interfaces/msg/rosidl_typesupport_fastrtps_cpp__visibility_control.h
[0.949s] -- Up-to-date: /home/cannotflypig/robokonn/src/install/interfaces/lib/libinterfaces__rosidl_typesupport_fastrtps_cpp.so
[0.949s] -- Up-to-date: /home/cannotflypig/robokonn/src/install/interfaces/include/interfaces/interfaces
[0.949s] -- Up-to-date: /home/cannotflypig/robokonn/src/install/interfaces/include/interfaces/interfaces/srv
[0.949s] -- Up-to-date: /home/cannotflypig/robokonn/src/install/interfaces/include/interfaces/interfaces/srv/detail
[0.949s] -- Up-to-date: /home/cannotflypig/robokonn/src/install/interfaces/include/interfaces/interfaces/srv/detail/going_camera_data__rosidl_typesupport_introspection_cpp.hpp
[0.949s] -- Up-to-date: /home/cannotflypig/robokonn/src/install/interfaces/include/interfaces/interfaces/srv/detail/going_camera_data__type_support.cpp
[0.949s] -- Up-to-date: /home/cannotflypig/robokonn/src/install/interfaces/lib/libinterfaces__rosidl_typesupport_introspection_cpp.so
[0.949s] -- Up-to-date: /home/cannotflypig/robokonn/src/install/interfaces/lib/libinterfaces__rosidl_typesupport_cpp.so
[0.950s] -- Up-to-date: /home/cannotflypig/robokonn/src/install/interfaces/share/interfaces/environment/pythonpath.sh
[0.950s] -- Up-to-date: /home/cannotflypig/robokonn/src/install/interfaces/share/interfaces/environment/pythonpath.dsv
[0.950s] -- Up-to-date: /home/cannotflypig/robokonn/src/install/interfaces/local/lib/python3.10/dist-packages/interfaces-0.0.0-py3.10.egg-info
[0.950s] -- Installing: /home/cannotflypig/robokonn/src/install/interfaces/local/lib/python3.10/dist-packages/interfaces-0.0.0-py3.10.egg-info/dependency_links.txt
[0.950s] -- Installing: /home/cannotflypig/robokonn/src/install/interfaces/local/lib/python3.10/dist-packages/interfaces-0.0.0-py3.10.egg-info/PKG-INFO
[0.950s] -- Installing: /home/cannotflypig/robokonn/src/install/interfaces/local/lib/python3.10/dist-packages/interfaces-0.0.0-py3.10.egg-info/SOURCES.txt
[0.950s] -- Installing: /home/cannotflypig/robokonn/src/install/interfaces/local/lib/python3.10/dist-packages/interfaces-0.0.0-py3.10.egg-info/top_level.txt
[0.950s] -- Up-to-date: /home/cannotflypig/robokonn/src/install/interfaces/local/lib/python3.10/dist-packages/interfaces
[0.950s] -- Up-to-date: /home/cannotflypig/robokonn/src/install/interfaces/local/lib/python3.10/dist-packages/interfaces/srv
[0.950s] -- Up-to-date: /home/cannotflypig/robokonn/src/install/interfaces/local/lib/python3.10/dist-packages/interfaces/srv/__init__.py
[0.950s] -- Up-to-date: /home/cannotflypig/robokonn/src/install/interfaces/local/lib/python3.10/dist-packages/interfaces/srv/_going_camera_data.py
[0.950s] -- Up-to-date: /home/cannotflypig/robokonn/src/install/interfaces/local/lib/python3.10/dist-packages/interfaces/srv/_going_camera_data_s.c
[0.950s] -- Up-to-date: /home/cannotflypig/robokonn/src/install/interfaces/local/lib/python3.10/dist-packages/interfaces/_interfaces_s.ep.rosidl_typesupport_fastrtps_c.c
[0.951s] -- Up-to-date: /home/cannotflypig/robokonn/src/install/interfaces/local/lib/python3.10/dist-packages/interfaces/libinterfaces__rosidl_generator_py.so
[0.951s] -- Up-to-date: /home/cannotflypig/robokonn/src/install/interfaces/local/lib/python3.10/dist-packages/interfaces/interfaces_s__rosidl_typesupport_fastrtps_c.cpython-310-x86_64-linux-gnu.so
[0.951s] -- Up-to-date: /home/cannotflypig/robokonn/src/install/interfaces/local/lib/python3.10/dist-packages/interfaces/_interfaces_s.ep.rosidl_typesupport_introspection_c.c
[0.951s] -- Up-to-date: /home/cannotflypig/robokonn/src/install/interfaces/local/lib/python3.10/dist-packages/interfaces/__init__.py
[0.951s] -- Up-to-date: /home/cannotflypig/robokonn/src/install/interfaces/local/lib/python3.10/dist-packages/interfaces/interfaces_s__rosidl_typesupport_c.cpython-310-x86_64-linux-gnu.so
[0.951s] -- Up-to-date: /home/cannotflypig/robokonn/src/install/interfaces/local/lib/python3.10/dist-packages/interfaces/interfaces_s__rosidl_typesupport_introspection_c.cpython-310-x86_64-linux-gnu.so
[0.951s] -- Up-to-date: /home/cannotflypig/robokonn/src/install/interfaces/local/lib/python3.10/dist-packages/interfaces/_interfaces_s.ep.rosidl_typesupport_c.c
[0.978s] Listing '/home/cannotflypig/robokonn/src/install/interfaces/local/lib/python3.10/dist-packages/interfaces'...
[0.978s] Listing '/home/cannotflypig/robokonn/src/install/interfaces/local/lib/python3.10/dist-packages/interfaces/srv'...
[0.982s] -- Up-to-date: /home/cannotflypig/robokonn/src/install/interfaces/local/lib/python3.10/dist-packages/interfaces/interfaces_s__rosidl_typesupport_fastrtps_c.cpython-310-x86_64-linux-gnu.so
[0.983s] -- Up-to-date: /home/cannotflypig/robokonn/src/install/interfaces/local/lib/python3.10/dist-packages/interfaces/interfaces_s__rosidl_typesupport_introspection_c.cpython-310-x86_64-linux-gnu.so
[0.983s] -- Up-to-date: /home/cannotflypig/robokonn/src/install/interfaces/local/lib/python3.10/dist-packages/interfaces/interfaces_s__rosidl_typesupport_c.cpython-310-x86_64-linux-gnu.so
[0.983s] -- Up-to-date: /home/cannotflypig/robokonn/src/install/interfaces/lib/libinterfaces__rosidl_generator_py.so
[0.983s] -- Up-to-date: /home/cannotflypig/robokonn/src/install/interfaces/share/interfaces/srv/GoingCameraData.idl
[0.983s] -- Up-to-date: /home/cannotflypig/robokonn/src/install/interfaces/share/interfaces/srv/GoingCameraData.srv
[0.984s] -- Up-to-date: /home/cannotflypig/robokonn/src/install/interfaces/share/interfaces/srv/GoingCameraData_Request.msg
[0.984s] -- Up-to-date: /home/cannotflypig/robokonn/src/install/interfaces/share/interfaces/srv/GoingCameraData_Response.msg
[0.984s] -- Up-to-date: /home/cannotflypig/robokonn/src/install/interfaces/share/ament_index/resource_index/package_run_dependencies/interfaces
[0.984s] -- Up-to-date: /home/cannotflypig/robokonn/src/install/interfaces/share/ament_index/resource_index/parent_prefix_path/interfaces
[0.984s] -- Up-to-date: /home/cannotflypig/robokonn/src/install/interfaces/share/interfaces/environment/ament_prefix_path.sh
[0.985s] -- Up-to-date: /home/cannotflypig/robokonn/src/install/interfaces/share/interfaces/environment/ament_prefix_path.dsv
[0.985s] -- Up-to-date: /home/cannotflypig/robokonn/src/install/interfaces/share/interfaces/environment/path.sh
[0.985s] -- Up-to-date: /home/cannotflypig/robokonn/src/install/interfaces/share/interfaces/environment/path.dsv
[0.986s] -- Up-to-date: /home/cannotflypig/robokonn/src/install/interfaces/share/interfaces/local_setup.bash
[0.986s] -- Up-to-date: /home/cannotflypig/robokonn/src/install/interfaces/share/interfaces/local_setup.sh
[0.986s] -- Up-to-date: /home/cannotflypig/robokonn/src/install/interfaces/share/interfaces/local_setup.zsh
[0.986s] -- Up-to-date: /home/cannotflypig/robokonn/src/install/interfaces/share/interfaces/local_setup.dsv
[0.986s] -- Installing: /home/cannotflypig/robokonn/src/install/interfaces/share/interfaces/package.dsv
[0.987s] -- Up-to-date: /home/cannotflypig/robokonn/src/install/interfaces/share/ament_index/resource_index/packages/interfaces
[0.987s] -- Up-to-date: /home/cannotflypig/robokonn/src/install/interfaces/share/interfaces/cmake/export_interfaces__rosidl_generator_cExport.cmake
[0.987s] -- Up-to-date: /home/cannotflypig/robokonn/src/install/interfaces/share/interfaces/cmake/export_interfaces__rosidl_generator_cExport-noconfig.cmake
[0.987s] -- Up-to-date: /home/cannotflypig/robokonn/src/install/interfaces/share/interfaces/cmake/export_interfaces__rosidl_typesupport_fastrtps_cExport.cmake
[0.987s] -- Up-to-date: /home/cannotflypig/robokonn/src/install/interfaces/share/interfaces/cmake/export_interfaces__rosidl_typesupport_fastrtps_cExport-noconfig.cmake
[0.987s] -- Up-to-date: /home/cannotflypig/robokonn/src/install/interfaces/share/interfaces/cmake/interfaces__rosidl_typesupport_introspection_cExport.cmake
[0.987s] -- Up-to-date: /home/cannotflypig/robokonn/src/install/interfaces/share/interfaces/cmake/interfaces__rosidl_typesupport_introspection_cExport-noconfig.cmake
[0.987s] -- Up-to-date: /home/cannotflypig/robokonn/src/install/interfaces/share/interfaces/cmake/interfaces__rosidl_typesupport_cExport.cmake
[0.988s] -- Up-to-date: /home/cannotflypig/robokonn/src/install/interfaces/share/interfaces/cmake/interfaces__rosidl_typesupport_cExport-noconfig.cmake
[0.988s] -- Up-to-date: /home/cannotflypig/robokonn/src/install/interfaces/share/interfaces/cmake/export_interfaces__rosidl_generator_cppExport.cmake
[0.989s] -- Up-to-date: /home/cannotflypig/robokonn/src/install/interfaces/share/interfaces/cmake/export_interfaces__rosidl_typesupport_fastrtps_cppExport.cmake
[0.989s] -- Up-to-date: /home/cannotflypig/robokonn/src/install/interfaces/share/interfaces/cmake/export_interfaces__rosidl_typesupport_fastrtps_cppExport-noconfig.cmake
[0.989s] -- Up-to-date: /home/cannotflypig/robokonn/src/install/interfaces/share/interfaces/cmake/interfaces__rosidl_typesupport_introspection_cppExport.cmake
[0.989s] -- Up-to-date: /home/cannotflypig/robokonn/src/install/interfaces/share/interfaces/cmake/interfaces__rosidl_typesupport_introspection_cppExport-noconfig.cmake
[0.989s] -- Up-to-date: /home/cannotflypig/robokonn/src/install/interfaces/share/interfaces/cmake/interfaces__rosidl_typesupport_cppExport.cmake
[0.989s] -- Up-to-date: /home/cannotflypig/robokonn/src/install/interfaces/share/interfaces/cmake/interfaces__rosidl_typesupport_cppExport-noconfig.cmake
[0.990s] -- Up-to-date: /home/cannotflypig/robokonn/src/install/interfaces/share/interfaces/cmake/export_interfaces__rosidl_generator_pyExport.cmake
[0.990s] -- Up-to-date: /home/cannotflypig/robokonn/src/install/interfaces/share/interfaces/cmake/export_interfaces__rosidl_generator_pyExport-noconfig.cmake
[0.990s] -- Up-to-date: /home/cannotflypig/robokonn/src/install/interfaces/share/interfaces/cmake/rosidl_cmake-extras.cmake
[0.991s] -- Up-to-date: /home/cannotflypig/robokonn/src/install/interfaces/share/interfaces/cmake/ament_cmake_export_include_directories-extras.cmake
[0.991s] -- Up-to-date: /home/cannotflypig/robokonn/src/install/interfaces/share/interfaces/cmake/ament_cmake_export_libraries-extras.cmake
[0.991s] -- Up-to-date: /home/cannotflypig/robokonn/src/install/interfaces/share/interfaces/cmake/ament_cmake_export_targets-extras.cmake
[0.992s] -- Up-to-date: /home/cannotflypig/robokonn/src/install/interfaces/share/interfaces/cmake/rosidl_cmake_export_typesupport_targets-extras.cmake
[0.992s] -- Up-to-date: /home/cannotflypig/robokonn/src/install/interfaces/share/interfaces/cmake/ament_cmake_export_dependencies-extras.cmake
[0.993s] -- Up-to-date: /home/cannotflypig/robokonn/src/install/interfaces/share/interfaces/cmake/rosidl_cmake_export_typesupport_libraries-extras.cmake
[0.993s] -- Up-to-date: /home/cannotflypig/robokonn/src/install/interfaces/share/interfaces/cmake/interfacesConfig.cmake
[0.993s] -- Up-to-date: /home/cannotflypig/robokonn/src/install/interfaces/share/interfaces/cmake/interfacesConfig-version.cmake
[0.993s] -- Up-to-date: /home/cannotflypig/robokonn/src/install/interfaces/share/interfaces/package.xml
[0.993s] Invoked command in '/home/cannotflypig/robokonn/src/build/interfaces' returned '0': CMAKE_PREFIX_PATH=/home/cannotflypig/robokonn/install/motor_node:/home/cannotflypig/robokonn/install/main_node:/opt/ros/humble /usr/bin/cmake --install /home/cannotflypig/robokonn/src/build/interfaces
