[0.493s] Invoking command in '/home/cannotflypig/robokonn/src/build/interfaces': CMAKE_PREFIX_PATH=${CMAKE_PREFIX_PATH}:/home/cannotflypig/robokonn/src/install/sensor_node:/home/cannotflypig/robokonn/src/install/motor_node:/home/cannotflypig/robokonn/src/install/main_node:/home/cannotflypig/robokonn/src/install/camera_node:/opt/ros/humble /usr/bin/cmake --build /home/cannotflypig/robokonn/src/build/interfaces -- -j16 -l16
[1.203s] -- Found ament_cmake: 1.3.5 (/opt/ros/humble/share/ament_cmake/cmake)
[1.204s] -- Found rosidl_default_generators: 1.2.0 (/opt/ros/humble/share/rosidl_default_generators/cmake)
[1.204s] -- Using all available rosidl_typesupport_c: rosidl_typesupport_fastrtps_c;rosidl_typesupport_introspection_c
[1.204s] -- Found rosidl_adapter: 3.1.5 (/opt/ros/humble/share/rosidl_adapter/cmake)
[1.205s] -- Using all available rosidl_typesupport_cpp: rosidl_typesupport_fastrtps_cpp;rosidl_typesupport_introspection_cpp
[1.205s] -- Found ament_cmake_ros: 0.10.0 (/opt/ros/humble/share/ament_cmake_ros/cmake)
[1.205s] -- Using all available rosidl_typesupport_c: rosidl_typesupport_fastrtps_c;rosidl_typesupport_introspection_c
[1.393s] -- Using all available rosidl_typesupport_cpp: rosidl_typesupport_fastrtps_cpp;rosidl_typesupport_introspection_cpp
[1.418s] -- Found python_cmake_module: 0.10.0 (/opt/ros/humble/share/python_cmake_module/cmake)
[1.442s] -- Using PYTHON_EXECUTABLE: /usr/bin/python3
[1.442s] -- Using PYTHON_INCLUDE_DIRS: /usr/include/python3.10
[1.442s] -- Using PYTHON_LIBRARIES: /usr/lib/x86_64-linux-gnu/libpython3.10.so
[1.455s] -- Found ament_lint_auto: 0.12.8 (/opt/ros/humble/share/ament_lint_auto/cmake)
[1.467s] -- Added test 'lint_cmake' to check CMake code style
[1.468s] -- Added test 'xmllint' to check XML markup files
[1.471s] -- Configuring done
[1.521s] -- Generating done
[1.526s] -- Build files have been written to: /home/cannotflypig/robokonn/src/build/interfaces
[1.550s] [  2%] [34m[1mGenerating C code for ROS interfaces[0m
[1.559s] [  5%] [34m[1mGenerating C++ code for ROS interfaces[0m
[1.567s] [  5%] Built target ament_cmake_python_copy_interfaces
[1.810s] running egg_info
[1.811s] writing interfaces.egg-info/PKG-INFO
[1.811s] writing dependency_links to interfaces.egg-info/dependency_links.txt
[1.811s] writing top-level names to interfaces.egg-info/top_level.txt
[1.814s] reading manifest file 'interfaces.egg-info/SOURCES.txt'
[1.814s] writing manifest file 'interfaces.egg-info/SOURCES.txt'
[1.843s] [  5%] Built target ament_cmake_python_build_interfaces_egg
[1.929s] [35m[1mConsolidate compiler generated dependencies of target interfaces__rosidl_generator_c[0m
[1.931s] [  5%] Built target interfaces__cpp
[1.937s] [ 10%] [34m[1mGenerating C++ type support dispatch for ROS interfaces[0m
[1.937s] [ 10%] [32mBuilding C object CMakeFiles/interfaces__rosidl_generator_c.dir/rosidl_generator_c/interfaces/srv/detail/going_camera_data__functions.c.o[0m
[1.938s] [ 12%] [32mBuilding C object CMakeFiles/interfaces__rosidl_generator_c.dir/rosidl_generator_c/interfaces/srv/detail/distance_sensor_data__functions.c.o[0m
[1.939s] [ 15%] [34m[1mGenerating C++ type support for eProsima Fast-RTPS[0m
[1.939s] [ 17%] [34m[1mGenerating C++ introspection for ROS interfaces[0m
[2.077s] [ 20%] [32m[1mLinking C shared library libinterfaces__rosidl_generator_c.so[0m
[2.200s] [35m[1mConsolidate compiler generated dependencies of target interfaces__rosidl_typesupport_cpp[0m
[2.200s] [ 20%] Built target interfaces__rosidl_generator_c
[2.208s] [ 23%] [34m[1mGenerating C type support dispatch for ROS interfaces[0m
[2.208s] [ 30%] [32mBuilding CXX object CMakeFiles/interfaces__rosidl_typesupport_cpp.dir/rosidl_typesupport_cpp/interfaces/srv/going_camera_data__type_support.cpp.o[0m
[2.208s] [ 30%] [34m[1mGenerating C introspection for ROS interfaces[0m
[2.209s] [ 30%] [32mBuilding CXX object CMakeFiles/interfaces__rosidl_typesupport_cpp.dir/rosidl_typesupport_cpp/interfaces/srv/distance_sensor_data__type_support.cpp.o[0m
[2.209s] [ 33%] [34m[1mGenerating C type support for eProsima Fast-RTPS[0m
[2.258s] [35m[1mConsolidate compiler generated dependencies of target interfaces__rosidl_typesupport_introspection_cpp[0m
[2.271s] [ 38%] [32mBuilding CXX object CMakeFiles/interfaces__rosidl_typesupport_introspection_cpp.dir/rosidl_typesupport_introspection_cpp/interfaces/srv/detail/distance_sensor_data__type_support.cpp.o[0m
[2.271s] [ 38%] [32mBuilding CXX object CMakeFiles/interfaces__rosidl_typesupport_introspection_cpp.dir/rosidl_typesupport_introspection_cpp/interfaces/srv/detail/going_camera_data__type_support.cpp.o[0m
[2.299s] [35m[1mConsolidate compiler generated dependencies of target interfaces__rosidl_typesupport_fastrtps_cpp[0m
[2.309s] [ 41%] [32mBuilding CXX object CMakeFiles/interfaces__rosidl_typesupport_fastrtps_cpp.dir/rosidl_typesupport_fastrtps_cpp/interfaces/srv/detail/dds_fastrtps/going_camera_data__type_support.cpp.o[0m
[2.309s] [ 43%] [32mBuilding CXX object CMakeFiles/interfaces__rosidl_typesupport_fastrtps_cpp.dir/rosidl_typesupport_fastrtps_cpp/interfaces/srv/detail/dds_fastrtps/distance_sensor_data__type_support.cpp.o[0m
[2.507s] [35m[1mConsolidate compiler generated dependencies of target interfaces__rosidl_typesupport_c[0m
[2.516s] [ 46%] [32mBuilding CXX object CMakeFiles/interfaces__rosidl_typesupport_c.dir/rosidl_typesupport_c/interfaces/srv/distance_sensor_data__type_support.cpp.o[0m
[2.518s] [ 48%] [32mBuilding CXX object CMakeFiles/interfaces__rosidl_typesupport_c.dir/rosidl_typesupport_c/interfaces/srv/going_camera_data__type_support.cpp.o[0m
[2.546s] [35m[1mConsolidate compiler generated dependencies of target interfaces__rosidl_typesupport_introspection_c[0m
[2.557s] [ 53%] [32mBuilding C object CMakeFiles/interfaces__rosidl_typesupport_introspection_c.dir/rosidl_typesupport_introspection_c/interfaces/srv/detail/going_camera_data__type_support.c.o[0m
[2.557s] [ 53%] [32mBuilding C object CMakeFiles/interfaces__rosidl_typesupport_introspection_c.dir/rosidl_typesupport_introspection_c/interfaces/srv/detail/distance_sensor_data__type_support.c.o[0m
[2.559s] [ 56%] [32m[1mLinking CXX shared library libinterfaces__rosidl_typesupport_c.so[0m
[2.566s] [35m[1mConsolidate compiler generated dependencies of target interfaces__rosidl_typesupport_fastrtps_c[0m
[2.576s] [ 58%] [32mBuilding CXX object CMakeFiles/interfaces__rosidl_typesupport_fastrtps_c.dir/rosidl_typesupport_fastrtps_c/interfaces/srv/detail/going_camera_data__type_support_c.cpp.o[0m
[2.576s] [ 61%] [32mBuilding CXX object CMakeFiles/interfaces__rosidl_typesupport_fastrtps_c.dir/rosidl_typesupport_fastrtps_c/interfaces/srv/detail/distance_sensor_data__type_support_c.cpp.o[0m
[2.588s] [ 64%] [32m[1mLinking C shared library libinterfaces__rosidl_typesupport_introspection_c.so[0m
[2.595s] [ 66%] [32m[1mLinking CXX shared library libinterfaces__rosidl_typesupport_cpp.so[0m
[2.711s] [ 69%] [32m[1mLinking CXX shared library libinterfaces__rosidl_typesupport_introspection_cpp.so[0m
[2.720s] [ 69%] Built target interfaces__rosidl_typesupport_introspection_c
[2.721s] [ 69%] Built target interfaces__rosidl_typesupport_c
[2.733s] [ 69%] Built target interfaces__rosidl_typesupport_cpp
[2.818s] [ 71%] [32m[1mLinking CXX shared library libinterfaces__rosidl_typesupport_fastrtps_cpp.so[0m
[2.831s] [ 71%] Built target interfaces__rosidl_typesupport_introspection_cpp
[2.911s] [ 74%] [32m[1mLinking CXX shared library libinterfaces__rosidl_typesupport_fastrtps_c.so[0m
[2.960s] [ 74%] Built target interfaces__rosidl_typesupport_fastrtps_cpp
[3.045s] [ 74%] Built target interfaces__rosidl_typesupport_fastrtps_c
[3.057s] [ 74%] Built target interfaces
[3.070s] [ 76%] [34m[1mGenerating Python code for ROS interfaces[0m
[3.443s] [ 76%] Built target interfaces__py
[3.449s] [35m[1mConsolidate compiler generated dependencies of target interfaces__rosidl_generator_py[0m
[3.459s] [ 79%] [32mBuilding C object CMakeFiles/interfaces__rosidl_generator_py.dir/rosidl_generator_py/interfaces/srv/_distance_sensor_data_s.c.o[0m
[3.459s] [ 82%] [32mBuilding C object CMakeFiles/interfaces__rosidl_generator_py.dir/rosidl_generator_py/interfaces/srv/_going_camera_data_s.c.o[0m
[3.553s] [ 84%] [32m[1mLinking C shared library rosidl_generator_py/interfaces/libinterfaces__rosidl_generator_py.so[0m
[3.666s] [ 84%] Built target interfaces__rosidl_generator_py
[3.673s] [35m[1mConsolidate compiler generated dependencies of target interfaces__rosidl_typesupport_fastrtps_c__pyext[0m
[3.674s] [35m[1mConsolidate compiler generated dependencies of target interfaces__rosidl_typesupport_introspection_c__pyext[0m
[3.674s] [35m[1mConsolidate compiler generated dependencies of target interfaces__rosidl_typesupport_c__pyext[0m
[3.683s] [ 87%] [32mBuilding C object CMakeFiles/interfaces__rosidl_typesupport_fastrtps_c__pyext.dir/rosidl_generator_py/interfaces/_interfaces_s.ep.rosidl_typesupport_fastrtps_c.c.o[0m
[3.684s] [ 89%] [32mBuilding C object CMakeFiles/interfaces__rosidl_typesupport_introspection_c__pyext.dir/rosidl_generator_py/interfaces/_interfaces_s.ep.rosidl_typesupport_introspection_c.c.o[0m
[3.686s] [ 92%] [32mBuilding C object CMakeFiles/interfaces__rosidl_typesupport_c__pyext.dir/rosidl_generator_py/interfaces/_interfaces_s.ep.rosidl_typesupport_c.c.o[0m
[3.770s] [ 94%] [32m[1mLinking C shared library rosidl_generator_py/interfaces/interfaces_s__rosidl_typesupport_fastrtps_c.cpython-310-x86_64-linux-gnu.so[0m
[3.785s] [ 97%] [32m[1mLinking C shared library rosidl_generator_py/interfaces/interfaces_s__rosidl_typesupport_c.cpython-310-x86_64-linux-gnu.so[0m
[3.790s] [100%] [32m[1mLinking C shared library rosidl_generator_py/interfaces/interfaces_s__rosidl_typesupport_introspection_c.cpython-310-x86_64-linux-gnu.so[0m
[3.890s] [100%] Built target interfaces__rosidl_typesupport_fastrtps_c__pyext
[3.890s] [100%] Built target interfaces__rosidl_typesupport_c__pyext
[3.890s] [100%] Built target interfaces__rosidl_typesupport_introspection_c__pyext
[3.898s] Invoked command in '/home/cannotflypig/robokonn/src/build/interfaces' returned '0': CMAKE_PREFIX_PATH=${CMAKE_PREFIX_PATH}:/home/cannotflypig/robokonn/src/install/sensor_node:/home/cannotflypig/robokonn/src/install/motor_node:/home/cannotflypig/robokonn/src/install/main_node:/home/cannotflypig/robokonn/src/install/camera_node:/opt/ros/humble /usr/bin/cmake --build /home/cannotflypig/robokonn/src/build/interfaces -- -j16 -l16
[3.947s] Invoking command in '/home/cannotflypig/robokonn/src/build/interfaces': CMAKE_PREFIX_PATH=${CMAKE_PREFIX_PATH}:/home/cannotflypig/robokonn/src/install/sensor_node:/home/cannotflypig/robokonn/src/install/motor_node:/home/cannotflypig/robokonn/src/install/main_node:/home/cannotflypig/robokonn/src/install/camera_node:/opt/ros/humble /usr/bin/cmake --install /home/cannotflypig/robokonn/src/build/interfaces
[3.951s] -- Install configuration: ""
[3.951s] -- Installing: /home/cannotflypig/robokonn/src/install/interfaces/share/ament_index/resource_index/rosidl_interfaces/interfaces
[3.951s] -- Up-to-date: /home/cannotflypig/robokonn/src/install/interfaces/include/interfaces/interfaces
[3.952s] -- Up-to-date: /home/cannotflypig/robokonn/src/install/interfaces/include/interfaces/interfaces/srv
[3.952s] -- Up-to-date: /home/cannotflypig/robokonn/src/install/interfaces/include/interfaces/interfaces/srv/detail
[3.952s] -- Installing: /home/cannotflypig/robokonn/src/install/interfaces/include/interfaces/interfaces/srv/detail/going_camera_data__functions.c
[3.952s] -- Installing: /home/cannotflypig/robokonn/src/install/interfaces/include/interfaces/interfaces/srv/detail/distance_sensor_data__functions.h
[3.953s] -- Installing: /home/cannotflypig/robokonn/src/install/interfaces/include/interfaces/interfaces/srv/detail/distance_sensor_data__functions.c
[3.953s] -- Installing: /home/cannotflypig/robokonn/src/install/interfaces/include/interfaces/interfaces/srv/detail/distance_sensor_data__struct.h
[3.953s] -- Installing: /home/cannotflypig/robokonn/src/install/interfaces/include/interfaces/interfaces/srv/detail/going_camera_data__functions.h
[3.953s] -- Installing: /home/cannotflypig/robokonn/src/install/interfaces/include/interfaces/interfaces/srv/detail/distance_sensor_data__type_support.h
[3.953s] -- Installing: /home/cannotflypig/robokonn/src/install/interfaces/include/interfaces/interfaces/srv/detail/going_camera_data__type_support.h
[3.953s] -- Installing: /home/cannotflypig/robokonn/src/install/interfaces/include/interfaces/interfaces/srv/detail/going_camera_data__struct.h
[3.953s] -- Installing: /home/cannotflypig/robokonn/src/install/interfaces/include/interfaces/interfaces/srv/distance_sensor_data.h
[3.954s] -- Installing: /home/cannotflypig/robokonn/src/install/interfaces/include/interfaces/interfaces/srv/going_camera_data.h
[3.954s] -- Up-to-date: /home/cannotflypig/robokonn/src/install/interfaces/include/interfaces/interfaces/msg
[3.954s] -- Up-to-date: /home/cannotflypig/robokonn/src/install/interfaces/include/interfaces/interfaces/msg/rosidl_generator_c__visibility_control.h
[3.954s] -- Up-to-date: /home/cannotflypig/robokonn/src/install/interfaces/share/interfaces/environment/library_path.sh
[3.954s] -- Installing: /home/cannotflypig/robokonn/src/install/interfaces/share/interfaces/environment/library_path.dsv
[3.954s] -- Installing: /home/cannotflypig/robokonn/src/install/interfaces/lib/libinterfaces__rosidl_generator_c.so
[3.954s] -- Set runtime path of "/home/cannotflypig/robokonn/src/install/interfaces/lib/libinterfaces__rosidl_generator_c.so" to ""
[3.955s] -- Up-to-date: /home/cannotflypig/robokonn/src/install/interfaces/include/interfaces/interfaces
[3.955s] -- Up-to-date: /home/cannotflypig/robokonn/src/install/interfaces/include/interfaces/interfaces/srv
[3.955s] -- Up-to-date: /home/cannotflypig/robokonn/src/install/interfaces/include/interfaces/interfaces/srv/detail
[3.955s] -- Installing: /home/cannotflypig/robokonn/src/install/interfaces/include/interfaces/interfaces/srv/detail/going_camera_data__rosidl_typesupport_fastrtps_c.h
[3.955s] -- Installing: /home/cannotflypig/robokonn/src/install/interfaces/include/interfaces/interfaces/srv/detail/distance_sensor_data__rosidl_typesupport_fastrtps_c.h
[3.955s] -- Up-to-date: /home/cannotflypig/robokonn/src/install/interfaces/include/interfaces/interfaces/msg
[3.955s] -- Up-to-date: /home/cannotflypig/robokonn/src/install/interfaces/include/interfaces/interfaces/msg/rosidl_typesupport_fastrtps_c__visibility_control.h
[3.955s] -- Installing: /home/cannotflypig/robokonn/src/install/interfaces/lib/libinterfaces__rosidl_typesupport_fastrtps_c.so
[3.956s] -- Set runtime path of "/home/cannotflypig/robokonn/src/install/interfaces/lib/libinterfaces__rosidl_typesupport_fastrtps_c.so" to ""
[3.956s] -- Up-to-date: /home/cannotflypig/robokonn/src/install/interfaces/include/interfaces/interfaces
[3.956s] -- Up-to-date: /home/cannotflypig/robokonn/src/install/interfaces/include/interfaces/interfaces/srv
[3.956s] -- Up-to-date: /home/cannotflypig/robokonn/src/install/interfaces/include/interfaces/interfaces/srv/detail
[3.956s] -- Installing: /home/cannotflypig/robokonn/src/install/interfaces/include/interfaces/interfaces/srv/detail/distance_sensor_data__type_support.c
[3.956s] -- Installing: /home/cannotflypig/robokonn/src/install/interfaces/include/interfaces/interfaces/srv/detail/going_camera_data__rosidl_typesupport_introspection_c.h
[3.956s] -- Installing: /home/cannotflypig/robokonn/src/install/interfaces/include/interfaces/interfaces/srv/detail/going_camera_data__type_support.c
[3.957s] -- Installing: /home/cannotflypig/robokonn/src/install/interfaces/include/interfaces/interfaces/srv/detail/distance_sensor_data__rosidl_typesupport_introspection_c.h
[3.957s] -- Up-to-date: /home/cannotflypig/robokonn/src/install/interfaces/include/interfaces/interfaces/msg
[3.957s] -- Up-to-date: /home/cannotflypig/robokonn/src/install/interfaces/include/interfaces/interfaces/msg/rosidl_typesupport_introspection_c__visibility_control.h
[3.957s] -- Installing: /home/cannotflypig/robokonn/src/install/interfaces/lib/libinterfaces__rosidl_typesupport_introspection_c.so
[3.957s] -- Set runtime path of "/home/cannotflypig/robokonn/src/install/interfaces/lib/libinterfaces__rosidl_typesupport_introspection_c.so" to ""
[3.957s] -- Installing: /home/cannotflypig/robokonn/src/install/interfaces/lib/libinterfaces__rosidl_typesupport_c.so
[3.957s] -- Set runtime path of "/home/cannotflypig/robokonn/src/install/interfaces/lib/libinterfaces__rosidl_typesupport_c.so" to ""
[3.958s] -- Up-to-date: /home/cannotflypig/robokonn/src/install/interfaces/include/interfaces/interfaces
[3.958s] -- Up-to-date: /home/cannotflypig/robokonn/src/install/interfaces/include/interfaces/interfaces/srv
[3.958s] -- Up-to-date: /home/cannotflypig/robokonn/src/install/interfaces/include/interfaces/interfaces/srv/detail
[3.958s] -- Installing: /home/cannotflypig/robokonn/src/install/interfaces/include/interfaces/interfaces/srv/detail/distance_sensor_data__struct.hpp
[3.958s] -- Installing: /home/cannotflypig/robokonn/src/install/interfaces/include/interfaces/interfaces/srv/detail/going_camera_data__traits.hpp
[3.958s] -- Installing: /home/cannotflypig/robokonn/src/install/interfaces/include/interfaces/interfaces/srv/detail/going_camera_data__struct.hpp
[3.959s] -- Installing: /home/cannotflypig/robokonn/src/install/interfaces/include/interfaces/interfaces/srv/detail/going_camera_data__builder.hpp
[3.959s] -- Installing: /home/cannotflypig/robokonn/src/install/interfaces/include/interfaces/interfaces/srv/detail/distance_sensor_data__traits.hpp
[3.959s] -- Installing: /home/cannotflypig/robokonn/src/install/interfaces/include/interfaces/interfaces/srv/detail/distance_sensor_data__builder.hpp
[3.959s] -- Installing: /home/cannotflypig/robokonn/src/install/interfaces/include/interfaces/interfaces/srv/going_camera_data.hpp
[3.959s] -- Installing: /home/cannotflypig/robokonn/src/install/interfaces/include/interfaces/interfaces/srv/distance_sensor_data.hpp
[3.959s] -- Up-to-date: /home/cannotflypig/robokonn/src/install/interfaces/include/interfaces/interfaces
[3.959s] -- Up-to-date: /home/cannotflypig/robokonn/src/install/interfaces/include/interfaces/interfaces/srv
[3.959s] -- Up-to-date: /home/cannotflypig/robokonn/src/install/interfaces/include/interfaces/interfaces/srv/detail
[3.959s] -- Installing: /home/cannotflypig/robokonn/src/install/interfaces/include/interfaces/interfaces/srv/detail/going_camera_data__rosidl_typesupport_fastrtps_cpp.hpp
[3.959s] -- Up-to-date: /home/cannotflypig/robokonn/src/install/interfaces/include/interfaces/interfaces/srv/detail/dds_fastrtps
[3.960s] -- Installing: /home/cannotflypig/robokonn/src/install/interfaces/include/interfaces/interfaces/srv/detail/distance_sensor_data__rosidl_typesupport_fastrtps_cpp.hpp
[3.960s] -- Up-to-date: /home/cannotflypig/robokonn/src/install/interfaces/include/interfaces/interfaces/msg
[3.960s] -- Up-to-date: /home/cannotflypig/robokonn/src/install/interfaces/include/interfaces/interfaces/msg/rosidl_typesupport_fastrtps_cpp__visibility_control.h
[3.960s] -- Installing: /home/cannotflypig/robokonn/src/install/interfaces/lib/libinterfaces__rosidl_typesupport_fastrtps_cpp.so
[3.960s] -- Set runtime path of "/home/cannotflypig/robokonn/src/install/interfaces/lib/libinterfaces__rosidl_typesupport_fastrtps_cpp.so" to ""
[3.960s] -- Up-to-date: /home/cannotflypig/robokonn/src/install/interfaces/include/interfaces/interfaces
[3.960s] -- Up-to-date: /home/cannotflypig/robokonn/src/install/interfaces/include/interfaces/interfaces/srv
[3.960s] -- Up-to-date: /home/cannotflypig/robokonn/src/install/interfaces/include/interfaces/interfaces/srv/detail
[3.960s] -- Installing: /home/cannotflypig/robokonn/src/install/interfaces/include/interfaces/interfaces/srv/detail/distance_sensor_data__rosidl_typesupport_introspection_cpp.hpp
[3.960s] -- Installing: /home/cannotflypig/robokonn/src/install/interfaces/include/interfaces/interfaces/srv/detail/going_camera_data__rosidl_typesupport_introspection_cpp.hpp
[3.961s] -- Installing: /home/cannotflypig/robokonn/src/install/interfaces/include/interfaces/interfaces/srv/detail/distance_sensor_data__type_support.cpp
[3.961s] -- Installing: /home/cannotflypig/robokonn/src/install/interfaces/include/interfaces/interfaces/srv/detail/going_camera_data__type_support.cpp
[3.961s] -- Installing: /home/cannotflypig/robokonn/src/install/interfaces/lib/libinterfaces__rosidl_typesupport_introspection_cpp.so
[3.961s] -- Set runtime path of "/home/cannotflypig/robokonn/src/install/interfaces/lib/libinterfaces__rosidl_typesupport_introspection_cpp.so" to ""
[3.961s] -- Installing: /home/cannotflypig/robokonn/src/install/interfaces/lib/libinterfaces__rosidl_typesupport_cpp.so
[3.961s] -- Set runtime path of "/home/cannotflypig/robokonn/src/install/interfaces/lib/libinterfaces__rosidl_typesupport_cpp.so" to ""
[3.961s] -- Up-to-date: /home/cannotflypig/robokonn/src/install/interfaces/share/interfaces/environment/pythonpath.sh
[3.961s] -- Installing: /home/cannotflypig/robokonn/src/install/interfaces/share/interfaces/environment/pythonpath.dsv
[3.962s] -- Up-to-date: /home/cannotflypig/robokonn/src/install/interfaces/local/lib/python3.10/dist-packages/interfaces-0.0.0-py3.10.egg-info
[3.962s] -- Installing: /home/cannotflypig/robokonn/src/install/interfaces/local/lib/python3.10/dist-packages/interfaces-0.0.0-py3.10.egg-info/dependency_links.txt
[3.962s] -- Installing: /home/cannotflypig/robokonn/src/install/interfaces/local/lib/python3.10/dist-packages/interfaces-0.0.0-py3.10.egg-info/PKG-INFO
[3.962s] -- Installing: /home/cannotflypig/robokonn/src/install/interfaces/local/lib/python3.10/dist-packages/interfaces-0.0.0-py3.10.egg-info/SOURCES.txt
[3.962s] -- Installing: /home/cannotflypig/robokonn/src/install/interfaces/local/lib/python3.10/dist-packages/interfaces-0.0.0-py3.10.egg-info/top_level.txt
[3.962s] -- Up-to-date: /home/cannotflypig/robokonn/src/install/interfaces/local/lib/python3.10/dist-packages/interfaces
[3.962s] -- Up-to-date: /home/cannotflypig/robokonn/src/install/interfaces/local/lib/python3.10/dist-packages/interfaces/srv
[3.963s] -- Installing: /home/cannotflypig/robokonn/src/install/interfaces/local/lib/python3.10/dist-packages/interfaces/srv/_distance_sensor_data_s.c
[3.963s] -- Installing: /home/cannotflypig/robokonn/src/install/interfaces/local/lib/python3.10/dist-packages/interfaces/srv/_distance_sensor_data.py
[3.963s] -- Installing: /home/cannotflypig/robokonn/src/install/interfaces/local/lib/python3.10/dist-packages/interfaces/srv/__init__.py
[3.963s] -- Installing: /home/cannotflypig/robokonn/src/install/interfaces/local/lib/python3.10/dist-packages/interfaces/srv/_going_camera_data.py
[3.963s] -- Installing: /home/cannotflypig/robokonn/src/install/interfaces/local/lib/python3.10/dist-packages/interfaces/srv/_going_camera_data_s.c
[3.963s] -- Installing: /home/cannotflypig/robokonn/src/install/interfaces/local/lib/python3.10/dist-packages/interfaces/_interfaces_s.ep.rosidl_typesupport_fastrtps_c.c
[3.963s] -- Installing: /home/cannotflypig/robokonn/src/install/interfaces/local/lib/python3.10/dist-packages/interfaces/libinterfaces__rosidl_generator_py.so
[3.963s] -- Installing: /home/cannotflypig/robokonn/src/install/interfaces/local/lib/python3.10/dist-packages/interfaces/interfaces_s__rosidl_typesupport_fastrtps_c.cpython-310-x86_64-linux-gnu.so
[3.963s] -- Installing: /home/cannotflypig/robokonn/src/install/interfaces/local/lib/python3.10/dist-packages/interfaces/_interfaces_s.ep.rosidl_typesupport_introspection_c.c
[3.963s] -- Installing: /home/cannotflypig/robokonn/src/install/interfaces/local/lib/python3.10/dist-packages/interfaces/__init__.py
[3.963s] -- Installing: /home/cannotflypig/robokonn/src/install/interfaces/local/lib/python3.10/dist-packages/interfaces/interfaces_s__rosidl_typesupport_c.cpython-310-x86_64-linux-gnu.so
[3.964s] -- Installing: /home/cannotflypig/robokonn/src/install/interfaces/local/lib/python3.10/dist-packages/interfaces/interfaces_s__rosidl_typesupport_introspection_c.cpython-310-x86_64-linux-gnu.so
[3.964s] -- Installing: /home/cannotflypig/robokonn/src/install/interfaces/local/lib/python3.10/dist-packages/interfaces/_interfaces_s.ep.rosidl_typesupport_c.c
[3.991s] Listing '/home/cannotflypig/robokonn/src/install/interfaces/local/lib/python3.10/dist-packages/interfaces'...
[3.991s] Compiling '/home/cannotflypig/robokonn/src/install/interfaces/local/lib/python3.10/dist-packages/interfaces/__init__.py'...
[3.991s] Listing '/home/cannotflypig/robokonn/src/install/interfaces/local/lib/python3.10/dist-packages/interfaces/srv'...
[3.991s] Compiling '/home/cannotflypig/robokonn/src/install/interfaces/local/lib/python3.10/dist-packages/interfaces/srv/__init__.py'...
[3.991s] Compiling '/home/cannotflypig/robokonn/src/install/interfaces/local/lib/python3.10/dist-packages/interfaces/srv/_distance_sensor_data.py'...
[3.991s] Compiling '/home/cannotflypig/robokonn/src/install/interfaces/local/lib/python3.10/dist-packages/interfaces/srv/_going_camera_data.py'...
[3.994s] -- Installing: /home/cannotflypig/robokonn/src/install/interfaces/local/lib/python3.10/dist-packages/interfaces/interfaces_s__rosidl_typesupport_fastrtps_c.cpython-310-x86_64-linux-gnu.so
[3.994s] -- Set runtime path of "/home/cannotflypig/robokonn/src/install/interfaces/local/lib/python3.10/dist-packages/interfaces/interfaces_s__rosidl_typesupport_fastrtps_c.cpython-310-x86_64-linux-gnu.so" to ""
[3.995s] -- Installing: /home/cannotflypig/robokonn/src/install/interfaces/local/lib/python3.10/dist-packages/interfaces/interfaces_s__rosidl_typesupport_introspection_c.cpython-310-x86_64-linux-gnu.so
[3.995s] -- Set runtime path of "/home/cannotflypig/robokonn/src/install/interfaces/local/lib/python3.10/dist-packages/interfaces/interfaces_s__rosidl_typesupport_introspection_c.cpython-310-x86_64-linux-gnu.so" to ""
[3.995s] -- Installing: /home/cannotflypig/robokonn/src/install/interfaces/local/lib/python3.10/dist-packages/interfaces/interfaces_s__rosidl_typesupport_c.cpython-310-x86_64-linux-gnu.so
[3.995s] -- Set runtime path of "/home/cannotflypig/robokonn/src/install/interfaces/local/lib/python3.10/dist-packages/interfaces/interfaces_s__rosidl_typesupport_c.cpython-310-x86_64-linux-gnu.so" to ""
[3.995s] -- Installing: /home/cannotflypig/robokonn/src/install/interfaces/lib/libinterfaces__rosidl_generator_py.so
[3.996s] -- Set runtime path of "/home/cannotflypig/robokonn/src/install/interfaces/lib/libinterfaces__rosidl_generator_py.so" to ""
[3.996s] -- Up-to-date: /home/cannotflypig/robokonn/src/install/interfaces/share/interfaces/srv/GoingCameraData.idl
[3.996s] -- Installing: /home/cannotflypig/robokonn/src/install/interfaces/share/interfaces/srv/DistanceSensorData.idl
[3.996s] -- Up-to-date: /home/cannotflypig/robokonn/src/install/interfaces/share/interfaces/srv/GoingCameraData.srv
[3.997s] -- Up-to-date: /home/cannotflypig/robokonn/src/install/interfaces/share/interfaces/srv/GoingCameraData_Request.msg
[3.997s] -- Up-to-date: /home/cannotflypig/robokonn/src/install/interfaces/share/interfaces/srv/GoingCameraData_Response.msg
[3.997s] -- Installing: /home/cannotflypig/robokonn/src/install/interfaces/share/interfaces/srv/DistanceSensorData.srv
[3.997s] -- Installing: /home/cannotflypig/robokonn/src/install/interfaces/share/interfaces/srv/DistanceSensorData_Request.msg
[3.997s] -- Installing: /home/cannotflypig/robokonn/src/install/interfaces/share/interfaces/srv/DistanceSensorData_Response.msg
[3.997s] -- Up-to-date: /home/cannotflypig/robokonn/src/install/interfaces/share/ament_index/resource_index/package_run_dependencies/interfaces
[3.997s] -- Installing: /home/cannotflypig/robokonn/src/install/interfaces/share/ament_index/resource_index/parent_prefix_path/interfaces
[3.997s] -- Up-to-date: /home/cannotflypig/robokonn/src/install/interfaces/share/interfaces/environment/ament_prefix_path.sh
[3.998s] -- Installing: /home/cannotflypig/robokonn/src/install/interfaces/share/interfaces/environment/ament_prefix_path.dsv
[3.998s] -- Up-to-date: /home/cannotflypig/robokonn/src/install/interfaces/share/interfaces/environment/path.sh
[3.998s] -- Installing: /home/cannotflypig/robokonn/src/install/interfaces/share/interfaces/environment/path.dsv
[3.998s] -- Up-to-date: /home/cannotflypig/robokonn/src/install/interfaces/share/interfaces/local_setup.bash
[3.998s] -- Up-to-date: /home/cannotflypig/robokonn/src/install/interfaces/share/interfaces/local_setup.sh
[3.998s] -- Up-to-date: /home/cannotflypig/robokonn/src/install/interfaces/share/interfaces/local_setup.zsh
[3.998s] -- Installing: /home/cannotflypig/robokonn/src/install/interfaces/share/interfaces/local_setup.dsv
[3.999s] -- Installing: /home/cannotflypig/robokonn/src/install/interfaces/share/interfaces/package.dsv
[3.999s] -- Up-to-date: /home/cannotflypig/robokonn/src/install/interfaces/share/ament_index/resource_index/packages/interfaces
[3.999s] -- Up-to-date: /home/cannotflypig/robokonn/src/install/interfaces/share/interfaces/cmake/export_interfaces__rosidl_generator_cExport.cmake
[3.999s] -- Up-to-date: /home/cannotflypig/robokonn/src/install/interfaces/share/interfaces/cmake/export_interfaces__rosidl_generator_cExport-noconfig.cmake
[4.000s] -- Up-to-date: /home/cannotflypig/robokonn/src/install/interfaces/share/interfaces/cmake/export_interfaces__rosidl_typesupport_fastrtps_cExport.cmake
[4.000s] -- Up-to-date: /home/cannotflypig/robokonn/src/install/interfaces/share/interfaces/cmake/export_interfaces__rosidl_typesupport_fastrtps_cExport-noconfig.cmake
[4.000s] -- Up-to-date: /home/cannotflypig/robokonn/src/install/interfaces/share/interfaces/cmake/interfaces__rosidl_typesupport_introspection_cExport.cmake
[4.000s] -- Up-to-date: /home/cannotflypig/robokonn/src/install/interfaces/share/interfaces/cmake/interfaces__rosidl_typesupport_introspection_cExport-noconfig.cmake
[4.001s] -- Up-to-date: /home/cannotflypig/robokonn/src/install/interfaces/share/interfaces/cmake/interfaces__rosidl_typesupport_cExport.cmake
[4.001s] -- Up-to-date: /home/cannotflypig/robokonn/src/install/interfaces/share/interfaces/cmake/interfaces__rosidl_typesupport_cExport-noconfig.cmake
[4.001s] -- Up-to-date: /home/cannotflypig/robokonn/src/install/interfaces/share/interfaces/cmake/export_interfaces__rosidl_generator_cppExport.cmake
[4.001s] -- Up-to-date: /home/cannotflypig/robokonn/src/install/interfaces/share/interfaces/cmake/export_interfaces__rosidl_typesupport_fastrtps_cppExport.cmake
[4.001s] -- Up-to-date: /home/cannotflypig/robokonn/src/install/interfaces/share/interfaces/cmake/export_interfaces__rosidl_typesupport_fastrtps_cppExport-noconfig.cmake
[4.001s] -- Up-to-date: /home/cannotflypig/robokonn/src/install/interfaces/share/interfaces/cmake/interfaces__rosidl_typesupport_introspection_cppExport.cmake
[4.001s] -- Up-to-date: /home/cannotflypig/robokonn/src/install/interfaces/share/interfaces/cmake/interfaces__rosidl_typesupport_introspection_cppExport-noconfig.cmake
[4.001s] -- Up-to-date: /home/cannotflypig/robokonn/src/install/interfaces/share/interfaces/cmake/interfaces__rosidl_typesupport_cppExport.cmake
[4.001s] -- Up-to-date: /home/cannotflypig/robokonn/src/install/interfaces/share/interfaces/cmake/interfaces__rosidl_typesupport_cppExport-noconfig.cmake
[4.001s] -- Up-to-date: /home/cannotflypig/robokonn/src/install/interfaces/share/interfaces/cmake/export_interfaces__rosidl_generator_pyExport.cmake
[4.001s] -- Up-to-date: /home/cannotflypig/robokonn/src/install/interfaces/share/interfaces/cmake/export_interfaces__rosidl_generator_pyExport-noconfig.cmake
[4.001s] -- Installing: /home/cannotflypig/robokonn/src/install/interfaces/share/interfaces/cmake/rosidl_cmake-extras.cmake
[4.001s] -- Up-to-date: /home/cannotflypig/robokonn/src/install/interfaces/share/interfaces/cmake/ament_cmake_export_include_directories-extras.cmake
[4.002s] -- Up-to-date: /home/cannotflypig/robokonn/src/install/interfaces/share/interfaces/cmake/ament_cmake_export_libraries-extras.cmake
[4.002s] -- Up-to-date: /home/cannotflypig/robokonn/src/install/interfaces/share/interfaces/cmake/ament_cmake_export_targets-extras.cmake
[4.002s] -- Up-to-date: /home/cannotflypig/robokonn/src/install/interfaces/share/interfaces/cmake/rosidl_cmake_export_typesupport_targets-extras.cmake
[4.002s] -- Up-to-date: /home/cannotflypig/robokonn/src/install/interfaces/share/interfaces/cmake/ament_cmake_export_dependencies-extras.cmake
[4.003s] -- Up-to-date: /home/cannotflypig/robokonn/src/install/interfaces/share/interfaces/cmake/rosidl_cmake_export_typesupport_libraries-extras.cmake
[4.003s] -- Up-to-date: /home/cannotflypig/robokonn/src/install/interfaces/share/interfaces/cmake/interfacesConfig.cmake
[4.004s] -- Up-to-date: /home/cannotflypig/robokonn/src/install/interfaces/share/interfaces/cmake/interfacesConfig-version.cmake
[4.004s] -- Up-to-date: /home/cannotflypig/robokonn/src/install/interfaces/share/interfaces/package.xml
[4.004s] Invoked command in '/home/cannotflypig/robokonn/src/build/interfaces' returned '0': CMAKE_PREFIX_PATH=${CMAKE_PREFIX_PATH}:/home/cannotflypig/robokonn/src/install/sensor_node:/home/cannotflypig/robokonn/src/install/motor_node:/home/cannotflypig/robokonn/src/install/main_node:/home/cannotflypig/robokonn/src/install/camera_node:/opt/ros/humble /usr/bin/cmake --install /home/cannotflypig/robokonn/src/build/interfaces
