[1.642s] Invoking command in '/home/cannotflypig/robokonn/src/camera_node': PYTHONPATH=/home/cannotflypig/robokonn/build/camera_node/prefix_override:/home/cannotflypig/robokonn/install/camera_node/lib/python3.10/site-packages:${PYTHONPATH} /usr/bin/python3 setup.py egg_info --egg-base ../../build/camera_node build --build-base /home/cannotflypig/robokonn/build/camera_node/build install --record /home/cannotflypig/robokonn/build/camera_node/install.log --single-version-externally-managed
[1.868s] running egg_info
[1.869s] creating ../../build/camera_node/camera_node.egg-info
[1.869s] writing ../../build/camera_node/camera_node.egg-info/PKG-INFO
[1.870s] writing dependency_links to ../../build/camera_node/camera_node.egg-info/dependency_links.txt
[1.870s] writing entry points to ../../build/camera_node/camera_node.egg-info/entry_points.txt
[1.870s] writing requirements to ../../build/camera_node/camera_node.egg-info/requires.txt
[1.870s] writing top-level names to ../../build/camera_node/camera_node.egg-info/top_level.txt
[1.870s] writing manifest file '../../build/camera_node/camera_node.egg-info/SOURCES.txt'
[1.872s] reading manifest file '../../build/camera_node/camera_node.egg-info/SOURCES.txt'
[1.872s] writing manifest file '../../build/camera_node/camera_node.egg-info/SOURCES.txt'
[1.872s] running build
[1.873s] running build_py
[1.873s] creating /home/cannotflypig/robokonn/build/camera_node/build
[1.873s] creating /home/cannotflypig/robokonn/build/camera_node/build/lib
[1.873s] creating /home/cannotflypig/robokonn/build/camera_node/build/lib/camera_node
[1.873s] copying camera_node/camera_node.py -> /home/cannotflypig/robokonn/build/camera_node/build/lib/camera_node
[1.873s] copying camera_node/__init__.py -> /home/cannotflypig/robokonn/build/camera_node/build/lib/camera_node
[1.874s] running install
[1.874s] /usr/lib/python3/dist-packages/setuptools/command/install.py:34: SetuptoolsDeprecationWarning: setup.py install is deprecated. Use build and pip and other standards-based tools.
[1.874s]   warnings.warn(
[1.874s] running install_lib
[1.875s] creating /home/cannotflypig/robokonn/install/camera_node/lib/python3.10/site-packages/camera_node
[1.875s] copying /home/cannotflypig/robokonn/build/camera_node/build/lib/camera_node/camera_node.py -> /home/cannotflypig/robokonn/install/camera_node/lib/python3.10/site-packages/camera_node
[1.875s] copying /home/cannotflypig/robokonn/build/camera_node/build/lib/camera_node/__init__.py -> /home/cannotflypig/robokonn/install/camera_node/lib/python3.10/site-packages/camera_node
[1.876s] byte-compiling /home/cannotflypig/robokonn/install/camera_node/lib/python3.10/site-packages/camera_node/camera_node.py to camera_node.cpython-310.pyc
[1.876s] byte-compiling /home/cannotflypig/robokonn/install/camera_node/lib/python3.10/site-packages/camera_node/__init__.py to __init__.cpython-310.pyc
[1.876s] running install_data
[1.877s] creating /home/cannotflypig/robokonn/install/camera_node/share/ament_index
[1.877s] creating /home/cannotflypig/robokonn/install/camera_node/share/ament_index/resource_index
[1.877s] creating /home/cannotflypig/robokonn/install/camera_node/share/ament_index/resource_index/packages
[1.877s] copying resource/camera_node -> /home/cannotflypig/robokonn/install/camera_node/share/ament_index/resource_index/packages
[1.877s] copying package.xml -> /home/cannotflypig/robokonn/install/camera_node/share/camera_node
[1.877s] running install_egg_info
[1.879s] Copying ../../build/camera_node/camera_node.egg-info to /home/cannotflypig/robokonn/install/camera_node/lib/python3.10/site-packages/camera_node-0.0.0-py3.10.egg-info
[1.879s] running install_scripts
[1.898s] Installing camera_node script to /home/cannotflypig/robokonn/install/camera_node/lib/camera_node
[1.898s] writing list of installed files to '/home/cannotflypig/robokonn/build/camera_node/install.log'
[1.962s] Invoked command in '/home/cannotflypig/robokonn/src/camera_node' returned '0': PYTHONPATH=/home/cannotflypig/robokonn/build/camera_node/prefix_override:/home/cannotflypig/robokonn/install/camera_node/lib/python3.10/site-packages:${PYTHONPATH} /usr/bin/python3 setup.py egg_info --egg-base ../../build/camera_node build --build-base /home/cannotflypig/robokonn/build/camera_node/build install --record /home/cannotflypig/robokonn/build/camera_node/install.log --single-version-externally-managed
