running develop
/usr/lib/python3/dist-packages/setuptools/command/easy_install.py:158: EasyInstallDeprecationWarning: easy_install command is deprecated. Use build and pip and other standards-based tools.
  warnings.warn(
/usr/lib/python3/dist-packages/setuptools/command/install.py:34: SetuptoolsDeprecationWarning: setup.py install is deprecated. Use build and pip and other standards-based tools.
  warnings.warn(
running egg_info
creating main_node.egg-info
writing main_node.egg-info/PKG-INFO
writing dependency_links to main_node.egg-info/dependency_links.txt
writing entry points to main_node.egg-info/entry_points.txt
writing requirements to main_node.egg-info/requires.txt
writing top-level names to main_node.egg-info/top_level.txt
writing manifest file 'main_node.egg-info/SOURCES.txt'
reading manifest file 'main_node.egg-info/SOURCES.txt'
writing manifest file 'main_node.egg-info/SOURCES.txt'
running build_ext
Creating /home/cannotflypig/robokonn/install/main_node/lib/python3.10/site-packages/main-node.egg-link (link to .)
Installing main_node script to /home/cannotflypig/robokonn/install/main_node/lib/main_node

Installed /home/cannotflypig/robokonn/build/main_node
running install_data
creating /home/cannotflypig/robokonn/install/main_node/share/ament_index
creating /home/cannotflypig/robokonn/install/main_node/share/ament_index/resource_index
creating /home/cannotflypig/robokonn/install/main_node/share/ament_index/resource_index/packages
copying resource/main_node -> /home/cannotflypig/robokonn/install/main_node/share/ament_index/resource_index/packages
copying package.xml -> /home/cannotflypig/robokonn/install/main_node/share/main_node
