[1.859s] Invoking command in '/home/cannotflypig/robokonn/src/camera_node': PYTHONPATH=/home/cannotflypig/robokonn/build/camera_node/prefix_override:/home/cannotflypig/robokonn/install/camera_node/lib/python3.10/site-packages:${PYTHONPATH} /usr/bin/python3 setup.py egg_info --egg-base ../../build/camera_node build --build-base /home/cannotflypig/robokonn/build/camera_node/build install --record /home/cannotflypig/robokonn/build/camera_node/install.log --single-version-externally-managed
[2.119s] running egg_info
[2.119s] writing ../../build/camera_node/camera_node.egg-info/PKG-INFO
[2.120s] writing dependency_links to ../../build/camera_node/camera_node.egg-info/dependency_links.txt
[2.120s] writing entry points to ../../build/camera_node/camera_node.egg-info/entry_points.txt
[2.120s] writing requirements to ../../build/camera_node/camera_node.egg-info/requires.txt
[2.120s] writing top-level names to ../../build/camera_node/camera_node.egg-info/top_level.txt
[2.122s] reading manifest file '../../build/camera_node/camera_node.egg-info/SOURCES.txt'
[2.124s] writing manifest file '../../build/camera_node/camera_node.egg-info/SOURCES.txt'
[2.124s] running build
[2.124s] running build_py
[2.124s] /usr/lib/python3/dist-packages/setuptools/command/install.py:34: SetuptoolsDeprecationWarning: setup.py install is deprecated. Use build and pip and other standards-based tools.
[2.124s]   warnings.warn(
[2.125s] running install
[2.125s] running install_lib
[2.126s] running install_data
[2.126s] running install_egg_info
[2.129s] removing '/home/cannotflypig/robokonn/install/camera_node/lib/python3.10/site-packages/camera_node-0.0.0-py3.10.egg-info' (and everything under it)
[2.129s] Copying ../../build/camera_node/camera_node.egg-info to /home/cannotflypig/robokonn/install/camera_node/lib/python3.10/site-packages/camera_node-0.0.0-py3.10.egg-info
[2.130s] running install_scripts
[2.155s] Installing camera_node script to /home/cannotflypig/robokonn/install/camera_node/lib/camera_node
[2.156s] writing list of installed files to '/home/cannotflypig/robokonn/build/camera_node/install.log'
[2.283s] Invoked command in '/home/cannotflypig/robokonn/src/camera_node' returned '0': PYTHONPATH=/home/cannotflypig/robokonn/build/camera_node/prefix_override:/home/cannotflypig/robokonn/install/camera_node/lib/python3.10/site-packages:${PYTHONPATH} /usr/bin/python3 setup.py egg_info --egg-base ../../build/camera_node build --build-base /home/cannotflypig/robokonn/build/camera_node/build install --record /home/cannotflypig/robokonn/build/camera_node/install.log --single-version-externally-managed
