[0.045s] Invoking command in '/home/cannotflypig/robokonn/src/build/interfaces': CMAKE_PREFIX_PATH=/home/cannotflypig/robokonn/install/motor_node:/home/cannotflypig/robokonn/install/main_node:/opt/ros/humble /usr/bin/cmake /home/cannotflypig/robokonn/src/interfaces -DCMAKE_INSTALL_PREFIX=/home/cannotflypig/robokonn/src/install/interfaces
[0.052s] -- Found ament_cmake: 1.3.5 (/opt/ros/humble/share/ament_cmake/cmake)
[0.163s] -- Found rosidl_default_generators: 1.2.0 (/opt/ros/humble/share/rosidl_default_generators/cmake)
[0.164s] -- Using all available rosidl_typesupport_c: rosidl_typesupport_fastrtps_c;rosidl_typesupport_introspection_c
[0.167s] -- Found rosidl_adapter: 3.1.5 (/opt/ros/humble/share/rosidl_adapter/cmake)
[0.299s] -- Using all available rosidl_typesupport_cpp: rosidl_typesupport_fastrtps_cpp;rosidl_typesupport_introspection_cpp
[0.512s] -- Found ament_cmake_ros: 0.10.0 (/opt/ros/humble/share/ament_cmake_ros/cmake)
[0.645s] -- Using all available rosidl_typesupport_c: rosidl_typesupport_fastrtps_c;rosidl_typesupport_introspection_c
[0.826s] -- Using all available rosidl_typesupport_cpp: rosidl_typesupport_fastrtps_cpp;rosidl_typesupport_introspection_cpp
[0.974s] -- Found PythonInterp: /usr/bin/python3 (found suitable version "3.10.12", minimum required is "3.6") 
[0.975s] -- Found python_cmake_module: 0.10.0 (/opt/ros/humble/share/python_cmake_module/cmake)
[1.409s] -- Found PythonLibs: /usr/lib/x86_64-linux-gnu/libpython3.10.so (found suitable version "3.10.12", minimum required is "3.5") 
[1.409s] -- Using PYTHON_EXECUTABLE: /usr/bin/python3
[1.409s] -- Using PYTHON_INCLUDE_DIRS: /usr/include/python3.10
[1.410s] -- Using PYTHON_LIBRARIES: /usr/lib/x86_64-linux-gnu/libpython3.10.so
[1.426s] -- Found PythonExtra: .so  
[1.503s] -- Found ament_lint_auto: 0.12.8 (/opt/ros/humble/share/ament_lint_auto/cmake)
[1.523s] -- Added test 'lint_cmake' to check CMake code style
[1.524s] -- Added test 'xmllint' to check XML markup files
[1.528s] -- Configuring done
[1.564s] -- Generating done
[1.567s] -- Build files have been written to: /home/cannotflypig/robokonn/src/build/interfaces
[1.573s] Invoked command in '/home/cannotflypig/robokonn/src/build/interfaces' returned '0': CMAKE_PREFIX_PATH=/home/cannotflypig/robokonn/install/motor_node:/home/cannotflypig/robokonn/install/main_node:/opt/ros/humble /usr/bin/cmake /home/cannotflypig/robokonn/src/interfaces -DCMAKE_INSTALL_PREFIX=/home/cannotflypig/robokonn/src/install/interfaces
[1.574s] Invoking command in '/home/cannotflypig/robokonn/src/build/interfaces': CMAKE_PREFIX_PATH=/home/cannotflypig/robokonn/install/motor_node:/home/cannotflypig/robokonn/install/main_node:/opt/ros/humble /usr/bin/cmake --build /home/cannotflypig/robokonn/src/build/interfaces -- -j16 -l16
[1.600s] [  3%] [34m[1mGenerating C code for ROS interfaces[0m
[1.607s] [  6%] [34m[1mGenerating C++ code for ROS interfaces[0m
[1.613s] [  6%] Built target ament_cmake_python_copy_interfaces
[1.816s] running egg_info
[1.817s] creating interfaces.egg-info
[1.817s] writing interfaces.egg-info/PKG-INFO
[1.817s] writing dependency_links to interfaces.egg-info/dependency_links.txt
[1.818s] writing top-level names to interfaces.egg-info/top_level.txt
[1.818s] writing manifest file 'interfaces.egg-info/SOURCES.txt'
[1.820s] reading manifest file 'interfaces.egg-info/SOURCES.txt'
[1.820s] writing manifest file 'interfaces.egg-info/SOURCES.txt'
[1.844s] [  6%] Built target ament_cmake_python_build_interfaces_egg
[1.880s] [  6%] Built target interfaces__cpp
[1.884s] [  9%] [32mBuilding C object CMakeFiles/interfaces__rosidl_generator_c.dir/rosidl_generator_c/interfaces/srv/detail/going_camera_data__functions.c.o[0m
[1.886s] [ 12%] [34m[1mGenerating C++ introspection for ROS interfaces[0m
[1.886s] [ 16%] [34m[1mGenerating C++ type support for eProsima Fast-RTPS[0m
[1.887s] [ 19%] [34m[1mGenerating C++ type support dispatch for ROS interfaces[0m
[1.950s] [ 22%] [32m[1mLinking C shared library libinterfaces__rosidl_generator_c.so[0m
[2.059s] [ 22%] Built target interfaces__rosidl_generator_c
[2.067s] [ 25%] [34m[1mGenerating C type support for eProsima Fast-RTPS[0m
[2.067s] [ 32%] [34m[1mGenerating C type support dispatch for ROS interfaces[0m
[2.067s] [ 32%] [34m[1mGenerating C introspection for ROS interfaces[0m
[2.134s] [ 35%] [32mBuilding CXX object CMakeFiles/interfaces__rosidl_typesupport_cpp.dir/rosidl_typesupport_cpp/interfaces/srv/going_camera_data__type_support.cpp.o[0m
[2.145s] [ 38%] [32mBuilding CXX object CMakeFiles/interfaces__rosidl_typesupport_introspection_cpp.dir/rosidl_typesupport_introspection_cpp/interfaces/srv/detail/going_camera_data__type_support.cpp.o[0m
[2.167s] [ 41%] [32mBuilding CXX object CMakeFiles/interfaces__rosidl_typesupport_fastrtps_cpp.dir/rosidl_typesupport_fastrtps_cpp/interfaces/srv/detail/dds_fastrtps/going_camera_data__type_support.cpp.o[0m
[2.326s] [ 45%] [32mBuilding CXX object CMakeFiles/interfaces__rosidl_typesupport_c.dir/rosidl_typesupport_c/interfaces/srv/going_camera_data__type_support.cpp.o[0m
[2.353s] [ 48%] [32m[1mLinking CXX shared library libinterfaces__rosidl_typesupport_c.so[0m
[2.366s] [ 51%] [32mBuilding C object CMakeFiles/interfaces__rosidl_typesupport_introspection_c.dir/rosidl_typesupport_introspection_c/interfaces/srv/detail/going_camera_data__type_support.c.o[0m
[2.372s] [ 54%] [32mBuilding CXX object CMakeFiles/interfaces__rosidl_typesupport_fastrtps_c.dir/rosidl_typesupport_fastrtps_c/interfaces/srv/detail/going_camera_data__type_support_c.cpp.o[0m
[2.397s] [ 58%] [32m[1mLinking C shared library libinterfaces__rosidl_typesupport_introspection_c.so[0m
[2.460s] [ 61%] [32m[1mLinking CXX shared library libinterfaces__rosidl_typesupport_cpp.so[0m
[2.472s] [ 61%] Built target interfaces__rosidl_typesupport_c
[2.515s] [ 61%] Built target interfaces__rosidl_typesupport_introspection_c
[2.599s] [ 61%] Built target interfaces__rosidl_typesupport_cpp
[2.607s] [ 64%] [32m[1mLinking CXX shared library libinterfaces__rosidl_typesupport_introspection_cpp.so[0m
[2.642s] [ 67%] [32m[1mLinking CXX shared library libinterfaces__rosidl_typesupport_fastrtps_cpp.so[0m
[2.736s] [ 67%] Built target interfaces__rosidl_typesupport_introspection_cpp
[2.760s] [ 70%] [32m[1mLinking CXX shared library libinterfaces__rosidl_typesupport_fastrtps_c.so[0m
[2.814s] [ 70%] Built target interfaces__rosidl_typesupport_fastrtps_cpp
[2.911s] [ 70%] Built target interfaces__rosidl_typesupport_fastrtps_c
[2.927s] [ 70%] Built target interfaces
[2.941s] [ 74%] [34m[1mGenerating Python code for ROS interfaces[0m
[3.196s] [ 74%] Built target interfaces__py
[3.207s] [ 77%] [32mBuilding C object CMakeFiles/interfaces__rosidl_generator_py.dir/rosidl_generator_py/interfaces/srv/_going_camera_data_s.c.o[0m
[3.293s] [ 80%] [32m[1mLinking C shared library rosidl_generator_py/interfaces/libinterfaces__rosidl_generator_py.so[0m
[3.398s] [ 80%] Built target interfaces__rosidl_generator_py
[3.411s] [ 83%] [32mBuilding C object CMakeFiles/interfaces__rosidl_typesupport_introspection_c__pyext.dir/rosidl_generator_py/interfaces/_interfaces_s.ep.rosidl_typesupport_introspection_c.c.o[0m
[3.411s] [ 87%] [32mBuilding C object CMakeFiles/interfaces__rosidl_typesupport_c__pyext.dir/rosidl_generator_py/interfaces/_interfaces_s.ep.rosidl_typesupport_c.c.o[0m
[3.412s] [ 90%] [32mBuilding C object CMakeFiles/interfaces__rosidl_typesupport_fastrtps_c__pyext.dir/rosidl_generator_py/interfaces/_interfaces_s.ep.rosidl_typesupport_fastrtps_c.c.o[0m
[3.488s] [ 93%] [32m[1mLinking C shared library rosidl_generator_py/interfaces/interfaces_s__rosidl_typesupport_c.cpython-310-x86_64-linux-gnu.so[0m
[3.493s] [ 96%] [32m[1mLinking C shared library rosidl_generator_py/interfaces/interfaces_s__rosidl_typesupport_introspection_c.cpython-310-x86_64-linux-gnu.so[0m
[3.498s] [100%] [32m[1mLinking C shared library rosidl_generator_py/interfaces/interfaces_s__rosidl_typesupport_fastrtps_c.cpython-310-x86_64-linux-gnu.so[0m
[3.589s] [100%] Built target interfaces__rosidl_typesupport_c__pyext
[3.590s] [100%] Built target interfaces__rosidl_typesupport_introspection_c__pyext
[3.622s] [100%] Built target interfaces__rosidl_typesupport_fastrtps_c__pyext
[3.629s] Invoked command in '/home/cannotflypig/robokonn/src/build/interfaces' returned '0': CMAKE_PREFIX_PATH=/home/cannotflypig/robokonn/install/motor_node:/home/cannotflypig/robokonn/install/main_node:/opt/ros/humble /usr/bin/cmake --build /home/cannotflypig/robokonn/src/build/interfaces -- -j16 -l16
[3.680s] Invoking command in '/home/cannotflypig/robokonn/src/build/interfaces': CMAKE_PREFIX_PATH=/home/cannotflypig/robokonn/install/motor_node:/home/cannotflypig/robokonn/install/main_node:/opt/ros/humble /usr/bin/cmake --install /home/cannotflypig/robokonn/src/build/interfaces
[3.684s] -- Install configuration: ""
[3.685s] -- Installing: /home/cannotflypig/robokonn/src/install/interfaces/share/ament_index/resource_index/rosidl_interfaces/interfaces
[3.685s] -- Installing: /home/cannotflypig/robokonn/src/install/interfaces/include/interfaces/interfaces
[3.685s] -- Installing: /home/cannotflypig/robokonn/src/install/interfaces/include/interfaces/interfaces/srv
[3.685s] -- Installing: /home/cannotflypig/robokonn/src/install/interfaces/include/interfaces/interfaces/srv/detail
[3.685s] -- Installing: /home/cannotflypig/robokonn/src/install/interfaces/include/interfaces/interfaces/srv/detail/going_camera_data__functions.c
[3.686s] -- Installing: /home/cannotflypig/robokonn/src/install/interfaces/include/interfaces/interfaces/srv/detail/going_camera_data__functions.h
[3.686s] -- Installing: /home/cannotflypig/robokonn/src/install/interfaces/include/interfaces/interfaces/srv/detail/going_camera_data__type_support.h
[3.686s] -- Installing: /home/cannotflypig/robokonn/src/install/interfaces/include/interfaces/interfaces/srv/detail/going_camera_data__struct.h
[3.686s] -- Installing: /home/cannotflypig/robokonn/src/install/interfaces/include/interfaces/interfaces/srv/going_camera_data.h
[3.686s] -- Installing: /home/cannotflypig/robokonn/src/install/interfaces/include/interfaces/interfaces/msg
[3.686s] -- Installing: /home/cannotflypig/robokonn/src/install/interfaces/include/interfaces/interfaces/msg/rosidl_generator_c__visibility_control.h
[3.686s] -- Installing: /home/cannotflypig/robokonn/src/install/interfaces/share/interfaces/environment/library_path.sh
[3.686s] -- Installing: /home/cannotflypig/robokonn/src/install/interfaces/share/interfaces/environment/library_path.dsv
[3.687s] -- Installing: /home/cannotflypig/robokonn/src/install/interfaces/lib/libinterfaces__rosidl_generator_c.so
[3.687s] -- Set runtime path of "/home/cannotflypig/robokonn/src/install/interfaces/lib/libinterfaces__rosidl_generator_c.so" to ""
[3.687s] -- Up-to-date: /home/cannotflypig/robokonn/src/install/interfaces/include/interfaces/interfaces
[3.687s] -- Up-to-date: /home/cannotflypig/robokonn/src/install/interfaces/include/interfaces/interfaces/srv
[3.688s] -- Up-to-date: /home/cannotflypig/robokonn/src/install/interfaces/include/interfaces/interfaces/srv/detail
[3.688s] -- Installing: /home/cannotflypig/robokonn/src/install/interfaces/include/interfaces/interfaces/srv/detail/going_camera_data__rosidl_typesupport_fastrtps_c.h
[3.688s] -- Up-to-date: /home/cannotflypig/robokonn/src/install/interfaces/include/interfaces/interfaces/msg
[3.688s] -- Installing: /home/cannotflypig/robokonn/src/install/interfaces/include/interfaces/interfaces/msg/rosidl_typesupport_fastrtps_c__visibility_control.h
[3.688s] -- Installing: /home/cannotflypig/robokonn/src/install/interfaces/lib/libinterfaces__rosidl_typesupport_fastrtps_c.so
[3.688s] -- Set runtime path of "/home/cannotflypig/robokonn/src/install/interfaces/lib/libinterfaces__rosidl_typesupport_fastrtps_c.so" to ""
[3.688s] -- Up-to-date: /home/cannotflypig/robokonn/src/install/interfaces/include/interfaces/interfaces
[3.688s] -- Up-to-date: /home/cannotflypig/robokonn/src/install/interfaces/include/interfaces/interfaces/srv
[3.688s] -- Up-to-date: /home/cannotflypig/robokonn/src/install/interfaces/include/interfaces/interfaces/srv/detail
[3.689s] -- Installing: /home/cannotflypig/robokonn/src/install/interfaces/include/interfaces/interfaces/srv/detail/going_camera_data__rosidl_typesupport_introspection_c.h
[3.689s] -- Installing: /home/cannotflypig/robokonn/src/install/interfaces/include/interfaces/interfaces/srv/detail/going_camera_data__type_support.c
[3.689s] -- Up-to-date: /home/cannotflypig/robokonn/src/install/interfaces/include/interfaces/interfaces/msg
[3.689s] -- Installing: /home/cannotflypig/robokonn/src/install/interfaces/include/interfaces/interfaces/msg/rosidl_typesupport_introspection_c__visibility_control.h
[3.689s] -- Installing: /home/cannotflypig/robokonn/src/install/interfaces/lib/libinterfaces__rosidl_typesupport_introspection_c.so
[3.689s] -- Set runtime path of "/home/cannotflypig/robokonn/src/install/interfaces/lib/libinterfaces__rosidl_typesupport_introspection_c.so" to ""
[3.689s] -- Installing: /home/cannotflypig/robokonn/src/install/interfaces/lib/libinterfaces__rosidl_typesupport_c.so
[3.690s] -- Set runtime path of "/home/cannotflypig/robokonn/src/install/interfaces/lib/libinterfaces__rosidl_typesupport_c.so" to ""
[3.690s] -- Up-to-date: /home/cannotflypig/robokonn/src/install/interfaces/include/interfaces/interfaces
[3.690s] -- Up-to-date: /home/cannotflypig/robokonn/src/install/interfaces/include/interfaces/interfaces/srv
[3.690s] -- Up-to-date: /home/cannotflypig/robokonn/src/install/interfaces/include/interfaces/interfaces/srv/detail
[3.690s] -- Installing: /home/cannotflypig/robokonn/src/install/interfaces/include/interfaces/interfaces/srv/detail/going_camera_data__traits.hpp
[3.690s] -- Installing: /home/cannotflypig/robokonn/src/install/interfaces/include/interfaces/interfaces/srv/detail/going_camera_data__struct.hpp
[3.690s] -- Installing: /home/cannotflypig/robokonn/src/install/interfaces/include/interfaces/interfaces/srv/detail/going_camera_data__builder.hpp
[3.690s] -- Installing: /home/cannotflypig/robokonn/src/install/interfaces/include/interfaces/interfaces/srv/going_camera_data.hpp
[3.691s] -- Up-to-date: /home/cannotflypig/robokonn/src/install/interfaces/include/interfaces/interfaces
[3.691s] -- Up-to-date: /home/cannotflypig/robokonn/src/install/interfaces/include/interfaces/interfaces/srv
[3.691s] -- Up-to-date: /home/cannotflypig/robokonn/src/install/interfaces/include/interfaces/interfaces/srv/detail
[3.691s] -- Installing: /home/cannotflypig/robokonn/src/install/interfaces/include/interfaces/interfaces/srv/detail/going_camera_data__rosidl_typesupport_fastrtps_cpp.hpp
[3.691s] -- Installing: /home/cannotflypig/robokonn/src/install/interfaces/include/interfaces/interfaces/srv/detail/dds_fastrtps
[3.691s] -- Up-to-date: /home/cannotflypig/robokonn/src/install/interfaces/include/interfaces/interfaces/msg
[3.691s] -- Installing: /home/cannotflypig/robokonn/src/install/interfaces/include/interfaces/interfaces/msg/rosidl_typesupport_fastrtps_cpp__visibility_control.h
[3.691s] -- Installing: /home/cannotflypig/robokonn/src/install/interfaces/lib/libinterfaces__rosidl_typesupport_fastrtps_cpp.so
[3.691s] -- Set runtime path of "/home/cannotflypig/robokonn/src/install/interfaces/lib/libinterfaces__rosidl_typesupport_fastrtps_cpp.so" to ""
[3.691s] -- Up-to-date: /home/cannotflypig/robokonn/src/install/interfaces/include/interfaces/interfaces
[3.692s] -- Up-to-date: /home/cannotflypig/robokonn/src/install/interfaces/include/interfaces/interfaces/srv
[3.692s] -- Up-to-date: /home/cannotflypig/robokonn/src/install/interfaces/include/interfaces/interfaces/srv/detail
[3.692s] -- Installing: /home/cannotflypig/robokonn/src/install/interfaces/include/interfaces/interfaces/srv/detail/going_camera_data__rosidl_typesupport_introspection_cpp.hpp
[3.692s] -- Installing: /home/cannotflypig/robokonn/src/install/interfaces/include/interfaces/interfaces/srv/detail/going_camera_data__type_support.cpp
[3.692s] -- Installing: /home/cannotflypig/robokonn/src/install/interfaces/lib/libinterfaces__rosidl_typesupport_introspection_cpp.so
[3.692s] -- Set runtime path of "/home/cannotflypig/robokonn/src/install/interfaces/lib/libinterfaces__rosidl_typesupport_introspection_cpp.so" to ""
[3.692s] -- Installing: /home/cannotflypig/robokonn/src/install/interfaces/lib/libinterfaces__rosidl_typesupport_cpp.so
[3.693s] -- Set runtime path of "/home/cannotflypig/robokonn/src/install/interfaces/lib/libinterfaces__rosidl_typesupport_cpp.so" to ""
[3.693s] -- Installing: /home/cannotflypig/robokonn/src/install/interfaces/share/interfaces/environment/pythonpath.sh
[3.693s] -- Installing: /home/cannotflypig/robokonn/src/install/interfaces/share/interfaces/environment/pythonpath.dsv
[3.693s] -- Installing: /home/cannotflypig/robokonn/src/install/interfaces/local/lib/python3.10/dist-packages/interfaces-0.0.0-py3.10.egg-info
[3.693s] -- Installing: /home/cannotflypig/robokonn/src/install/interfaces/local/lib/python3.10/dist-packages/interfaces-0.0.0-py3.10.egg-info/dependency_links.txt
[3.693s] -- Installing: /home/cannotflypig/robokonn/src/install/interfaces/local/lib/python3.10/dist-packages/interfaces-0.0.0-py3.10.egg-info/PKG-INFO
[3.693s] -- Installing: /home/cannotflypig/robokonn/src/install/interfaces/local/lib/python3.10/dist-packages/interfaces-0.0.0-py3.10.egg-info/SOURCES.txt
[3.694s] -- Installing: /home/cannotflypig/robokonn/src/install/interfaces/local/lib/python3.10/dist-packages/interfaces-0.0.0-py3.10.egg-info/top_level.txt
[3.694s] -- Installing: /home/cannotflypig/robokonn/src/install/interfaces/local/lib/python3.10/dist-packages/interfaces
[3.694s] -- Installing: /home/cannotflypig/robokonn/src/install/interfaces/local/lib/python3.10/dist-packages/interfaces/srv
[3.694s] -- Installing: /home/cannotflypig/robokonn/src/install/interfaces/local/lib/python3.10/dist-packages/interfaces/srv/__init__.py
[3.694s] -- Installing: /home/cannotflypig/robokonn/src/install/interfaces/local/lib/python3.10/dist-packages/interfaces/srv/_going_camera_data.py
[3.694s] -- Installing: /home/cannotflypig/robokonn/src/install/interfaces/local/lib/python3.10/dist-packages/interfaces/srv/_going_camera_data_s.c
[3.694s] -- Installing: /home/cannotflypig/robokonn/src/install/interfaces/local/lib/python3.10/dist-packages/interfaces/_interfaces_s.ep.rosidl_typesupport_fastrtps_c.c
[3.694s] -- Installing: /home/cannotflypig/robokonn/src/install/interfaces/local/lib/python3.10/dist-packages/interfaces/libinterfaces__rosidl_generator_py.so
[3.694s] -- Installing: /home/cannotflypig/robokonn/src/install/interfaces/local/lib/python3.10/dist-packages/interfaces/interfaces_s__rosidl_typesupport_fastrtps_c.cpython-310-x86_64-linux-gnu.so
[3.694s] -- Installing: /home/cannotflypig/robokonn/src/install/interfaces/local/lib/python3.10/dist-packages/interfaces/_interfaces_s.ep.rosidl_typesupport_introspection_c.c
[3.694s] -- Installing: /home/cannotflypig/robokonn/src/install/interfaces/local/lib/python3.10/dist-packages/interfaces/__init__.py
[3.695s] -- Installing: /home/cannotflypig/robokonn/src/install/interfaces/local/lib/python3.10/dist-packages/interfaces/interfaces_s__rosidl_typesupport_c.cpython-310-x86_64-linux-gnu.so
[3.695s] -- Installing: /home/cannotflypig/robokonn/src/install/interfaces/local/lib/python3.10/dist-packages/interfaces/interfaces_s__rosidl_typesupport_introspection_c.cpython-310-x86_64-linux-gnu.so
[3.695s] -- Installing: /home/cannotflypig/robokonn/src/install/interfaces/local/lib/python3.10/dist-packages/interfaces/_interfaces_s.ep.rosidl_typesupport_c.c
[3.718s] Listing '/home/cannotflypig/robokonn/src/install/interfaces/local/lib/python3.10/dist-packages/interfaces'...
[3.718s] Compiling '/home/cannotflypig/robokonn/src/install/interfaces/local/lib/python3.10/dist-packages/interfaces/__init__.py'...
[3.719s] Listing '/home/cannotflypig/robokonn/src/install/interfaces/local/lib/python3.10/dist-packages/interfaces/srv'...
[3.719s] Compiling '/home/cannotflypig/robokonn/src/install/interfaces/local/lib/python3.10/dist-packages/interfaces/srv/__init__.py'...
[3.719s] Compiling '/home/cannotflypig/robokonn/src/install/interfaces/local/lib/python3.10/dist-packages/interfaces/srv/_going_camera_data.py'...
[3.722s] -- Installing: /home/cannotflypig/robokonn/src/install/interfaces/local/lib/python3.10/dist-packages/interfaces/interfaces_s__rosidl_typesupport_fastrtps_c.cpython-310-x86_64-linux-gnu.so
[3.722s] -- Set runtime path of "/home/cannotflypig/robokonn/src/install/interfaces/local/lib/python3.10/dist-packages/interfaces/interfaces_s__rosidl_typesupport_fastrtps_c.cpython-310-x86_64-linux-gnu.so" to ""
[3.722s] -- Installing: /home/cannotflypig/robokonn/src/install/interfaces/local/lib/python3.10/dist-packages/interfaces/interfaces_s__rosidl_typesupport_introspection_c.cpython-310-x86_64-linux-gnu.so
[3.722s] -- Set runtime path of "/home/cannotflypig/robokonn/src/install/interfaces/local/lib/python3.10/dist-packages/interfaces/interfaces_s__rosidl_typesupport_introspection_c.cpython-310-x86_64-linux-gnu.so" to ""
[3.722s] -- Installing: /home/cannotflypig/robokonn/src/install/interfaces/local/lib/python3.10/dist-packages/interfaces/interfaces_s__rosidl_typesupport_c.cpython-310-x86_64-linux-gnu.so
[3.723s] -- Set runtime path of "/home/cannotflypig/robokonn/src/install/interfaces/local/lib/python3.10/dist-packages/interfaces/interfaces_s__rosidl_typesupport_c.cpython-310-x86_64-linux-gnu.so" to ""
[3.723s] -- Installing: /home/cannotflypig/robokonn/src/install/interfaces/lib/libinterfaces__rosidl_generator_py.so
[3.723s] -- Set runtime path of "/home/cannotflypig/robokonn/src/install/interfaces/lib/libinterfaces__rosidl_generator_py.so" to ""
[3.724s] -- Installing: /home/cannotflypig/robokonn/src/install/interfaces/share/interfaces/srv/GoingCameraData.idl
[3.724s] -- Installing: /home/cannotflypig/robokonn/src/install/interfaces/share/interfaces/srv/GoingCameraData.srv
[3.724s] -- Installing: /home/cannotflypig/robokonn/src/install/interfaces/share/interfaces/srv/GoingCameraData_Request.msg
[3.724s] -- Installing: /home/cannotflypig/robokonn/src/install/interfaces/share/interfaces/srv/GoingCameraData_Response.msg
[3.724s] -- Installing: /home/cannotflypig/robokonn/src/install/interfaces/share/ament_index/resource_index/package_run_dependencies/interfaces
[3.725s] -- Installing: /home/cannotflypig/robokonn/src/install/interfaces/share/ament_index/resource_index/parent_prefix_path/interfaces
[3.725s] -- Installing: /home/cannotflypig/robokonn/src/install/interfaces/share/interfaces/environment/ament_prefix_path.sh
[3.725s] -- Installing: /home/cannotflypig/robokonn/src/install/interfaces/share/interfaces/environment/ament_prefix_path.dsv
[3.725s] -- Installing: /home/cannotflypig/robokonn/src/install/interfaces/share/interfaces/environment/path.sh
[3.725s] -- Installing: /home/cannotflypig/robokonn/src/install/interfaces/share/interfaces/environment/path.dsv
[3.726s] -- Installing: /home/cannotflypig/robokonn/src/install/interfaces/share/interfaces/local_setup.bash
[3.726s] -- Installing: /home/cannotflypig/robokonn/src/install/interfaces/share/interfaces/local_setup.sh
[3.726s] -- Installing: /home/cannotflypig/robokonn/src/install/interfaces/share/interfaces/local_setup.zsh
[3.726s] -- Installing: /home/cannotflypig/robokonn/src/install/interfaces/share/interfaces/local_setup.dsv
[3.726s] -- Installing: /home/cannotflypig/robokonn/src/install/interfaces/share/interfaces/package.dsv
[3.727s] -- Installing: /home/cannotflypig/robokonn/src/install/interfaces/share/ament_index/resource_index/packages/interfaces
[3.727s] -- Installing: /home/cannotflypig/robokonn/src/install/interfaces/share/interfaces/cmake/export_interfaces__rosidl_generator_cExport.cmake
[3.727s] -- Installing: /home/cannotflypig/robokonn/src/install/interfaces/share/interfaces/cmake/export_interfaces__rosidl_generator_cExport-noconfig.cmake
[3.728s] -- Installing: /home/cannotflypig/robokonn/src/install/interfaces/share/interfaces/cmake/export_interfaces__rosidl_typesupport_fastrtps_cExport.cmake
[3.728s] -- Installing: /home/cannotflypig/robokonn/src/install/interfaces/share/interfaces/cmake/export_interfaces__rosidl_typesupport_fastrtps_cExport-noconfig.cmake
[3.728s] -- Installing: /home/cannotflypig/robokonn/src/install/interfaces/share/interfaces/cmake/interfaces__rosidl_typesupport_introspection_cExport.cmake
[3.728s] -- Installing: /home/cannotflypig/robokonn/src/install/interfaces/share/interfaces/cmake/interfaces__rosidl_typesupport_introspection_cExport-noconfig.cmake
[3.728s] -- Installing: /home/cannotflypig/robokonn/src/install/interfaces/share/interfaces/cmake/interfaces__rosidl_typesupport_cExport.cmake
[3.728s] -- Installing: /home/cannotflypig/robokonn/src/install/interfaces/share/interfaces/cmake/interfaces__rosidl_typesupport_cExport-noconfig.cmake
[3.729s] -- Installing: /home/cannotflypig/robokonn/src/install/interfaces/share/interfaces/cmake/export_interfaces__rosidl_generator_cppExport.cmake
[3.729s] -- Installing: /home/cannotflypig/robokonn/src/install/interfaces/share/interfaces/cmake/export_interfaces__rosidl_typesupport_fastrtps_cppExport.cmake
[3.729s] -- Installing: /home/cannotflypig/robokonn/src/install/interfaces/share/interfaces/cmake/export_interfaces__rosidl_typesupport_fastrtps_cppExport-noconfig.cmake
[3.729s] -- Installing: /home/cannotflypig/robokonn/src/install/interfaces/share/interfaces/cmake/interfaces__rosidl_typesupport_introspection_cppExport.cmake
[3.729s] -- Installing: /home/cannotflypig/robokonn/src/install/interfaces/share/interfaces/cmake/interfaces__rosidl_typesupport_introspection_cppExport-noconfig.cmake
[3.730s] -- Installing: /home/cannotflypig/robokonn/src/install/interfaces/share/interfaces/cmake/interfaces__rosidl_typesupport_cppExport.cmake
[3.730s] -- Installing: /home/cannotflypig/robokonn/src/install/interfaces/share/interfaces/cmake/interfaces__rosidl_typesupport_cppExport-noconfig.cmake
[3.730s] -- Installing: /home/cannotflypig/robokonn/src/install/interfaces/share/interfaces/cmake/export_interfaces__rosidl_generator_pyExport.cmake
[3.730s] -- Installing: /home/cannotflypig/robokonn/src/install/interfaces/share/interfaces/cmake/export_interfaces__rosidl_generator_pyExport-noconfig.cmake
[3.730s] -- Installing: /home/cannotflypig/robokonn/src/install/interfaces/share/interfaces/cmake/rosidl_cmake-extras.cmake
[3.730s] -- Installing: /home/cannotflypig/robokonn/src/install/interfaces/share/interfaces/cmake/ament_cmake_export_include_directories-extras.cmake
[3.730s] -- Installing: /home/cannotflypig/robokonn/src/install/interfaces/share/interfaces/cmake/ament_cmake_export_libraries-extras.cmake
[3.731s] -- Installing: /home/cannotflypig/robokonn/src/install/interfaces/share/interfaces/cmake/ament_cmake_export_targets-extras.cmake
[3.731s] -- Installing: /home/cannotflypig/robokonn/src/install/interfaces/share/interfaces/cmake/rosidl_cmake_export_typesupport_targets-extras.cmake
[3.731s] -- Installing: /home/cannotflypig/robokonn/src/install/interfaces/share/interfaces/cmake/ament_cmake_export_dependencies-extras.cmake
[3.731s] -- Installing: /home/cannotflypig/robokonn/src/install/interfaces/share/interfaces/cmake/rosidl_cmake_export_typesupport_libraries-extras.cmake
[3.731s] -- Installing: /home/cannotflypig/robokonn/src/install/interfaces/share/interfaces/cmake/interfacesConfig.cmake
[3.731s] -- Installing: /home/cannotflypig/robokonn/src/install/interfaces/share/interfaces/cmake/interfacesConfig-version.cmake
[3.731s] -- Installing: /home/cannotflypig/robokonn/src/install/interfaces/share/interfaces/package.xml
[3.734s] Invoked command in '/home/cannotflypig/robokonn/src/build/interfaces' returned '0': CMAKE_PREFIX_PATH=/home/cannotflypig/robokonn/install/motor_node:/home/cannotflypig/robokonn/install/main_node:/opt/ros/humble /usr/bin/cmake --install /home/cannotflypig/robokonn/src/build/interfaces
