[1.183s] Invoking command in '/home/cannotflypig/robokonn/src/sensor_node': PYTHONPATH=/home/cannotflypig/robokonn/build/sensor_node/prefix_override:/home/cannotflypig/robokonn/install/sensor_node/lib/python3.10/site-packages:${PYTHONPATH} /usr/bin/python3 setup.py egg_info --egg-base ../../build/sensor_node build --build-base /home/cannotflypig/robokonn/build/sensor_node/build install --record /home/cannotflypig/robokonn/build/sensor_node/install.log --single-version-externally-managed
[1.425s] running egg_info
[1.425s] writing ../../build/sensor_node/sensor_node.egg-info/PKG-INFO
[1.426s] writing dependency_links to ../../build/sensor_node/sensor_node.egg-info/dependency_links.txt
[1.426s] writing entry points to ../../build/sensor_node/sensor_node.egg-info/entry_points.txt
[1.427s] writing requirements to ../../build/sensor_node/sensor_node.egg-info/requires.txt
[1.427s] writing top-level names to ../../build/sensor_node/sensor_node.egg-info/top_level.txt
[1.428s] reading manifest file '../../build/sensor_node/sensor_node.egg-info/SOURCES.txt'
[1.430s] writing manifest file '../../build/sensor_node/sensor_node.egg-info/SOURCES.txt'
[1.430s] running build
[1.430s] running build_py
[1.431s] /usr/lib/python3/dist-packages/setuptools/command/install.py:34: SetuptoolsDeprecationWarning: setup.py install is deprecated. Use build and pip and other standards-based tools.
[1.431s]   warnings.warn(
[1.431s] running install
[1.431s] running install_lib
[1.432s] running install_data
[1.432s] running install_egg_info
[1.434s] removing '/home/cannotflypig/robokonn/install/sensor_node/lib/python3.10/site-packages/sensor_node-0.0.0-py3.10.egg-info' (and everything under it)
[1.435s] Copying ../../build/sensor_node/sensor_node.egg-info to /home/cannotflypig/robokonn/install/sensor_node/lib/python3.10/site-packages/sensor_node-0.0.0-py3.10.egg-info
[1.436s] running install_scripts
[1.457s] Installing sensor_node script to /home/cannotflypig/robokonn/install/sensor_node/lib/sensor_node
[1.457s] writing list of installed files to '/home/cannotflypig/robokonn/build/sensor_node/install.log'
[1.791s] Invoked command in '/home/cannotflypig/robokonn/src/sensor_node' returned '0': PYTHONPATH=/home/cannotflypig/robokonn/build/sensor_node/prefix_override:/home/cannotflypig/robokonn/install/sensor_node/lib/python3.10/site-packages:${PYTHONPATH} /usr/bin/python3 setup.py egg_info --egg-base ../../build/sensor_node build --build-base /home/cannotflypig/robokonn/build/sensor_node/build install --record /home/cannotflypig/robokonn/build/sensor_node/install.log --single-version-externally-managed
