[0.884s] DEBUG:colcon:Command line arguments: ['/usr/bin/colcon', 'build']
[0.884s] DEBUG:colcon:Parsed command line arguments: Namespace(log_base=None, log_level=None, verb_name='build', build_base='build', install_base='install', merge_install=False, symlink_install=False, test_result_base=None, continue_on_error=False, executor='parallel', parallel_workers=16, event_handlers=None, ignore_user_meta=False, metas=['./colcon.meta'], base_paths=['.'], packages_ignore=None, packages_ignore_regex=None, paths=None, packages_up_to=None, packages_up_to_regex=None, packages_above=None, packages_above_and_dependencies=None, packages_above_depth=None, packages_select_by_dep=None, packages_skip_by_dep=None, packages_skip_up_to=None, packages_select_build_failed=False, packages_skip_build_finished=False, packages_select_test_failures=False, packages_skip_test_passed=False, packages_select=None, packages_skip=None, packages_select_regex=None, packages_skip_regex=None, packages_start=None, packages_end=None, allow_overriding=[], cmake_args=None, cmake_target=None, cmake_target_skip_unavailable=False, cmake_clean_cache=False, cmake_clean_first=False, cmake_force_configure=False, ament_cmake_args=None, catkin_cmake_args=None, catkin_skip_building_tests=False, verb_parser=<colcon_defaults.argument_parser.defaults.DefaultArgumentsDecorator object at 0x7f1c0d3eb2b0>, verb_extension=<colcon_core.verb.build.BuildVerb object at 0x7f1c0d3ebfd0>, main=<bound method BuildVerb.main of <colcon_core.verb.build.BuildVerb object at 0x7f1c0d3ebfd0>>)
[0.923s] Level 1:colcon.colcon_core.package_discovery:discover_packages(colcon_meta) check parameters
[0.924s] Level 1:colcon.colcon_core.package_discovery:discover_packages(recursive) check parameters
[0.924s] Level 1:colcon.colcon_core.package_discovery:discover_packages(ignore) check parameters
[0.924s] Level 1:colcon.colcon_core.package_discovery:discover_packages(path) check parameters
[0.924s] Level 1:colcon.colcon_core.package_discovery:discover_packages(colcon_meta) discover
[0.924s] Level 1:colcon.colcon_core.package_discovery:discover_packages(recursive) discover
[0.924s] INFO:colcon.colcon_core.package_discovery:Crawling recursively for packages in '/home/cannotflypig/robokonn'
[0.924s] Level 1:colcon.colcon_core.package_identification:_identify(.) by extensions ['ignore', 'ignore_ament_install']
[0.924s] Level 1:colcon.colcon_core.package_identification:_identify(.) by extension 'ignore'
[0.924s] Level 1:colcon.colcon_core.package_identification:_identify(.) by extension 'ignore_ament_install'
[0.924s] Level 1:colcon.colcon_core.package_identification:_identify(.) by extensions ['colcon_pkg']
[0.924s] Level 1:colcon.colcon_core.package_identification:_identify(.) by extension 'colcon_pkg'
[0.924s] Level 1:colcon.colcon_core.package_identification:_identify(.) by extensions ['colcon_meta']
[0.924s] Level 1:colcon.colcon_core.package_identification:_identify(.) by extension 'colcon_meta'
[0.924s] Level 1:colcon.colcon_core.package_identification:_identify(.) by extensions ['ros']
[0.924s] Level 1:colcon.colcon_core.package_identification:_identify(.) by extension 'ros'
[0.933s] Level 1:colcon.colcon_core.package_identification:_identify(.) by extensions ['cmake', 'python']
[0.933s] Level 1:colcon.colcon_core.package_identification:_identify(.) by extension 'cmake'
[0.933s] Level 1:colcon.colcon_core.package_identification:_identify(.) by extension 'python'
[0.933s] Level 1:colcon.colcon_core.package_identification:_identify(.) by extensions ['python_setup_py']
[0.933s] Level 1:colcon.colcon_core.package_identification:_identify(.) by extension 'python_setup_py'
[0.933s] Level 1:colcon.colcon_core.package_identification:_identify(build) by extensions ['ignore', 'ignore_ament_install']
[0.933s] Level 1:colcon.colcon_core.package_identification:_identify(build) by extension 'ignore'
[0.933s] Level 1:colcon.colcon_core.package_identification:_identify(build) ignored
[0.934s] Level 1:colcon.colcon_core.package_identification:_identify(install) by extensions ['ignore', 'ignore_ament_install']
[0.934s] Level 1:colcon.colcon_core.package_identification:_identify(install) by extension 'ignore'
[0.934s] Level 1:colcon.colcon_core.package_identification:_identify(install) ignored
[0.934s] Level 1:colcon.colcon_core.package_identification:_identify(log) by extensions ['ignore', 'ignore_ament_install']
[0.934s] Level 1:colcon.colcon_core.package_identification:_identify(log) by extension 'ignore'
[0.934s] Level 1:colcon.colcon_core.package_identification:_identify(log) ignored
[0.934s] Level 1:colcon.colcon_core.package_identification:_identify(src) by extensions ['ignore', 'ignore_ament_install']
[0.934s] Level 1:colcon.colcon_core.package_identification:_identify(src) by extension 'ignore'
[0.934s] Level 1:colcon.colcon_core.package_identification:_identify(src) by extension 'ignore_ament_install'
[0.934s] Level 1:colcon.colcon_core.package_identification:_identify(src) by extensions ['colcon_pkg']
[0.934s] Level 1:colcon.colcon_core.package_identification:_identify(src) by extension 'colcon_pkg'
[0.934s] Level 1:colcon.colcon_core.package_identification:_identify(src) by extensions ['colcon_meta']
[0.935s] Level 1:colcon.colcon_core.package_identification:_identify(src) by extension 'colcon_meta'
[0.935s] Level 1:colcon.colcon_core.package_identification:_identify(src) by extensions ['ros']
[0.935s] Level 1:colcon.colcon_core.package_identification:_identify(src) by extension 'ros'
[0.935s] Level 1:colcon.colcon_core.package_identification:_identify(src) by extensions ['cmake', 'python']
[0.935s] Level 1:colcon.colcon_core.package_identification:_identify(src) by extension 'cmake'
[0.935s] Level 1:colcon.colcon_core.package_identification:_identify(src) by extension 'python'
[0.935s] Level 1:colcon.colcon_core.package_identification:_identify(src) by extensions ['python_setup_py']
[0.935s] Level 1:colcon.colcon_core.package_identification:_identify(src) by extension 'python_setup_py'
[0.935s] Level 1:colcon.colcon_core.package_identification:_identify(src/build) by extensions ['ignore', 'ignore_ament_install']
[0.935s] Level 1:colcon.colcon_core.package_identification:_identify(src/build) by extension 'ignore'
[0.935s] Level 1:colcon.colcon_core.package_identification:_identify(src/build) ignored
[0.935s] Level 1:colcon.colcon_core.package_identification:_identify(src/camera_node) by extensions ['ignore', 'ignore_ament_install']
[0.935s] Level 1:colcon.colcon_core.package_identification:_identify(src/camera_node) by extension 'ignore'
[0.935s] Level 1:colcon.colcon_core.package_identification:_identify(src/camera_node) by extension 'ignore_ament_install'
[0.935s] Level 1:colcon.colcon_core.package_identification:_identify(src/camera_node) by extensions ['colcon_pkg']
[0.936s] Level 1:colcon.colcon_core.package_identification:_identify(src/camera_node) by extension 'colcon_pkg'
[0.936s] Level 1:colcon.colcon_core.package_identification:_identify(src/camera_node) by extensions ['colcon_meta']
[0.936s] Level 1:colcon.colcon_core.package_identification:_identify(src/camera_node) by extension 'colcon_meta'
[0.936s] Level 1:colcon.colcon_core.package_identification:_identify(src/camera_node) by extensions ['ros']
[0.936s] Level 1:colcon.colcon_core.package_identification:_identify(src/camera_node) by extension 'ros'
[0.938s] DEBUG:colcon.colcon_core.package_identification:Package 'src/camera_node' with type 'ros.ament_python' and name 'camera_node'
[0.938s] Level 1:colcon.colcon_core.package_identification:_identify(src/install) by extensions ['ignore', 'ignore_ament_install']
[0.938s] Level 1:colcon.colcon_core.package_identification:_identify(src/install) by extension 'ignore'
[0.938s] Level 1:colcon.colcon_core.package_identification:_identify(src/install) ignored
[0.938s] Level 1:colcon.colcon_core.package_identification:_identify(src/interfaces) by extensions ['ignore', 'ignore_ament_install']
[0.938s] Level 1:colcon.colcon_core.package_identification:_identify(src/interfaces) by extension 'ignore'
[0.938s] Level 1:colcon.colcon_core.package_identification:_identify(src/interfaces) by extension 'ignore_ament_install'
[0.938s] Level 1:colcon.colcon_core.package_identification:_identify(src/interfaces) by extensions ['colcon_pkg']
[0.938s] Level 1:colcon.colcon_core.package_identification:_identify(src/interfaces) by extension 'colcon_pkg'
[0.938s] Level 1:colcon.colcon_core.package_identification:_identify(src/interfaces) by extensions ['colcon_meta']
[0.938s] Level 1:colcon.colcon_core.package_identification:_identify(src/interfaces) by extension 'colcon_meta'
[0.938s] Level 1:colcon.colcon_core.package_identification:_identify(src/interfaces) by extensions ['ros']
[0.938s] Level 1:colcon.colcon_core.package_identification:_identify(src/interfaces) by extension 'ros'
[0.939s] DEBUG:colcon.colcon_core.package_identification:Package 'src/interfaces' with type 'ros.ament_cmake' and name 'interfaces'
[0.939s] Level 1:colcon.colcon_core.package_identification:_identify(src/log) by extensions ['ignore', 'ignore_ament_install']
[0.939s] Level 1:colcon.colcon_core.package_identification:_identify(src/log) by extension 'ignore'
[0.939s] Level 1:colcon.colcon_core.package_identification:_identify(src/log) ignored
[0.939s] Level 1:colcon.colcon_core.package_identification:_identify(src/main_node) by extensions ['ignore', 'ignore_ament_install']
[0.939s] Level 1:colcon.colcon_core.package_identification:_identify(src/main_node) by extension 'ignore'
[0.939s] Level 1:colcon.colcon_core.package_identification:_identify(src/main_node) by extension 'ignore_ament_install'
[0.939s] Level 1:colcon.colcon_core.package_identification:_identify(src/main_node) by extensions ['colcon_pkg']
[0.939s] Level 1:colcon.colcon_core.package_identification:_identify(src/main_node) by extension 'colcon_pkg'
[0.939s] Level 1:colcon.colcon_core.package_identification:_identify(src/main_node) by extensions ['colcon_meta']
[0.939s] Level 1:colcon.colcon_core.package_identification:_identify(src/main_node) by extension 'colcon_meta'
[0.939s] Level 1:colcon.colcon_core.package_identification:_identify(src/main_node) by extensions ['ros']
[0.939s] Level 1:colcon.colcon_core.package_identification:_identify(src/main_node) by extension 'ros'
[0.940s] DEBUG:colcon.colcon_core.package_identification:Package 'src/main_node' with type 'ros.ament_python' and name 'main_node'
[0.940s] Level 1:colcon.colcon_core.package_identification:_identify(src/motor_node) by extensions ['ignore', 'ignore_ament_install']
[0.940s] Level 1:colcon.colcon_core.package_identification:_identify(src/motor_node) by extension 'ignore'
[0.940s] Level 1:colcon.colcon_core.package_identification:_identify(src/motor_node) by extension 'ignore_ament_install'
[0.940s] Level 1:colcon.colcon_core.package_identification:_identify(src/motor_node) by extensions ['colcon_pkg']
[0.940s] Level 1:colcon.colcon_core.package_identification:_identify(src/motor_node) by extension 'colcon_pkg'
[0.940s] Level 1:colcon.colcon_core.package_identification:_identify(src/motor_node) by extensions ['colcon_meta']
[0.940s] Level 1:colcon.colcon_core.package_identification:_identify(src/motor_node) by extension 'colcon_meta'
[0.940s] Level 1:colcon.colcon_core.package_identification:_identify(src/motor_node) by extensions ['ros']
[0.940s] Level 1:colcon.colcon_core.package_identification:_identify(src/motor_node) by extension 'ros'
[0.941s] DEBUG:colcon.colcon_core.package_identification:Package 'src/motor_node' with type 'ros.ament_python' and name 'motor_node'
[0.941s] Level 1:colcon.colcon_core.package_identification:_identify(src/sensor_node) by extensions ['ignore', 'ignore_ament_install']
[0.941s] Level 1:colcon.colcon_core.package_identification:_identify(src/sensor_node) by extension 'ignore'
[0.941s] Level 1:colcon.colcon_core.package_identification:_identify(src/sensor_node) by extension 'ignore_ament_install'
[0.941s] Level 1:colcon.colcon_core.package_identification:_identify(src/sensor_node) by extensions ['colcon_pkg']
[0.941s] Level 1:colcon.colcon_core.package_identification:_identify(src/sensor_node) by extension 'colcon_pkg'
[0.941s] Level 1:colcon.colcon_core.package_identification:_identify(src/sensor_node) by extensions ['colcon_meta']
[0.941s] Level 1:colcon.colcon_core.package_identification:_identify(src/sensor_node) by extension 'colcon_meta'
[0.941s] Level 1:colcon.colcon_core.package_identification:_identify(src/sensor_node) by extensions ['ros']
[0.941s] Level 1:colcon.colcon_core.package_identification:_identify(src/sensor_node) by extension 'ros'
[0.942s] DEBUG:colcon.colcon_core.package_identification:Package 'src/sensor_node' with type 'ros.ament_python' and name 'sensor_node'
[0.942s] Level 1:colcon.colcon_core.package_discovery:discover_packages(recursive) using defaults
[0.942s] Level 1:colcon.colcon_core.package_discovery:discover_packages(ignore) discover
[0.942s] Level 1:colcon.colcon_core.package_discovery:discover_packages(ignore) using defaults
[0.942s] Level 1:colcon.colcon_core.package_discovery:discover_packages(path) discover
[0.942s] Level 1:colcon.colcon_core.package_discovery:discover_packages(path) using defaults
[1.012s] Level 1:colcon.colcon_core.package_discovery:discover_packages(prefix_path) check parameters
[1.012s] Level 1:colcon.colcon_core.package_discovery:discover_packages(prefix_path) discover
[1.036s] DEBUG:colcon.colcon_installed_package_information.package_discovery:Found 271 installed packages in /opt/ros/humble
[1.037s] Level 1:colcon.colcon_core.package_discovery:discover_packages(prefix_path) using defaults
[1.107s] Level 5:colcon.colcon_core.verb:set package 'interfaces' build argument 'cmake_args' from command line to 'None'
[1.107s] Level 5:colcon.colcon_core.verb:set package 'interfaces' build argument 'cmake_target' from command line to 'None'
[1.107s] Level 5:colcon.colcon_core.verb:set package 'interfaces' build argument 'cmake_target_skip_unavailable' from command line to 'False'
[1.107s] Level 5:colcon.colcon_core.verb:set package 'interfaces' build argument 'cmake_clean_cache' from command line to 'False'
[1.107s] Level 5:colcon.colcon_core.verb:set package 'interfaces' build argument 'cmake_clean_first' from command line to 'False'
[1.107s] Level 5:colcon.colcon_core.verb:set package 'interfaces' build argument 'cmake_force_configure' from command line to 'False'
[1.107s] Level 5:colcon.colcon_core.verb:set package 'interfaces' build argument 'ament_cmake_args' from command line to 'None'
[1.107s] Level 5:colcon.colcon_core.verb:set package 'interfaces' build argument 'catkin_cmake_args' from command line to 'None'
[1.108s] Level 5:colcon.colcon_core.verb:set package 'interfaces' build argument 'catkin_skip_building_tests' from command line to 'False'
[1.108s] DEBUG:colcon.colcon_core.verb:Building package 'interfaces' with the following arguments: {'ament_cmake_args': None, 'build_base': '/home/cannotflypig/robokonn/build/interfaces', 'catkin_cmake_args': None, 'catkin_skip_building_tests': False, 'cmake_args': None, 'cmake_clean_cache': False, 'cmake_clean_first': False, 'cmake_force_configure': False, 'cmake_target': None, 'cmake_target_skip_unavailable': False, 'install_base': '/home/cannotflypig/robokonn/install/interfaces', 'merge_install': False, 'path': '/home/cannotflypig/robokonn/src/interfaces', 'symlink_install': False, 'test_result_base': None}
[1.119s] Level 5:colcon.colcon_core.verb:set package 'main_node' build argument 'cmake_args' from command line to 'None'
[1.120s] Level 5:colcon.colcon_core.verb:set package 'main_node' build argument 'cmake_target' from command line to 'None'
[1.120s] Level 5:colcon.colcon_core.verb:set package 'main_node' build argument 'cmake_target_skip_unavailable' from command line to 'False'
[1.120s] Level 5:colcon.colcon_core.verb:set package 'main_node' build argument 'cmake_clean_cache' from command line to 'False'
[1.120s] Level 5:colcon.colcon_core.verb:set package 'main_node' build argument 'cmake_clean_first' from command line to 'False'
[1.120s] Level 5:colcon.colcon_core.verb:set package 'main_node' build argument 'cmake_force_configure' from command line to 'False'
[1.120s] Level 5:colcon.colcon_core.verb:set package 'main_node' build argument 'ament_cmake_args' from command line to 'None'
[1.120s] Level 5:colcon.colcon_core.verb:set package 'main_node' build argument 'catkin_cmake_args' from command line to 'None'
[1.120s] Level 5:colcon.colcon_core.verb:set package 'main_node' build argument 'catkin_skip_building_tests' from command line to 'False'
[1.120s] DEBUG:colcon.colcon_core.verb:Building package 'main_node' with the following arguments: {'ament_cmake_args': None, 'build_base': '/home/cannotflypig/robokonn/build/main_node', 'catkin_cmake_args': None, 'catkin_skip_building_tests': False, 'cmake_args': None, 'cmake_clean_cache': False, 'cmake_clean_first': False, 'cmake_force_configure': False, 'cmake_target': None, 'cmake_target_skip_unavailable': False, 'install_base': '/home/cannotflypig/robokonn/install/main_node', 'merge_install': False, 'path': '/home/cannotflypig/robokonn/src/main_node', 'symlink_install': False, 'test_result_base': None}
[1.133s] Level 5:colcon.colcon_core.verb:set package 'motor_node' build argument 'cmake_args' from command line to 'None'
[1.133s] Level 5:colcon.colcon_core.verb:set package 'motor_node' build argument 'cmake_target' from command line to 'None'
[1.133s] Level 5:colcon.colcon_core.verb:set package 'motor_node' build argument 'cmake_target_skip_unavailable' from command line to 'False'
[1.133s] Level 5:colcon.colcon_core.verb:set package 'motor_node' build argument 'cmake_clean_cache' from command line to 'False'
[1.133s] Level 5:colcon.colcon_core.verb:set package 'motor_node' build argument 'cmake_clean_first' from command line to 'False'
[1.133s] Level 5:colcon.colcon_core.verb:set package 'motor_node' build argument 'cmake_force_configure' from command line to 'False'
[1.133s] Level 5:colcon.colcon_core.verb:set package 'motor_node' build argument 'ament_cmake_args' from command line to 'None'
[1.133s] Level 5:colcon.colcon_core.verb:set package 'motor_node' build argument 'catkin_cmake_args' from command line to 'None'
[1.133s] Level 5:colcon.colcon_core.verb:set package 'motor_node' build argument 'catkin_skip_building_tests' from command line to 'False'
[1.133s] DEBUG:colcon.colcon_core.verb:Building package 'motor_node' with the following arguments: {'ament_cmake_args': None, 'build_base': '/home/cannotflypig/robokonn/build/motor_node', 'catkin_cmake_args': None, 'catkin_skip_building_tests': False, 'cmake_args': None, 'cmake_clean_cache': False, 'cmake_clean_first': False, 'cmake_force_configure': False, 'cmake_target': None, 'cmake_target_skip_unavailable': False, 'install_base': '/home/cannotflypig/robokonn/install/motor_node', 'merge_install': False, 'path': '/home/cannotflypig/robokonn/src/motor_node', 'symlink_install': False, 'test_result_base': None}
[1.145s] Level 5:colcon.colcon_core.verb:set package 'sensor_node' build argument 'cmake_args' from command line to 'None'
[1.145s] Level 5:colcon.colcon_core.verb:set package 'sensor_node' build argument 'cmake_target' from command line to 'None'
[1.145s] Level 5:colcon.colcon_core.verb:set package 'sensor_node' build argument 'cmake_target_skip_unavailable' from command line to 'False'
[1.145s] Level 5:colcon.colcon_core.verb:set package 'sensor_node' build argument 'cmake_clean_cache' from command line to 'False'
[1.145s] Level 5:colcon.colcon_core.verb:set package 'sensor_node' build argument 'cmake_clean_first' from command line to 'False'
[1.145s] Level 5:colcon.colcon_core.verb:set package 'sensor_node' build argument 'cmake_force_configure' from command line to 'False'
[1.145s] Level 5:colcon.colcon_core.verb:set package 'sensor_node' build argument 'ament_cmake_args' from command line to 'None'
[1.145s] Level 5:colcon.colcon_core.verb:set package 'sensor_node' build argument 'catkin_cmake_args' from command line to 'None'
[1.145s] Level 5:colcon.colcon_core.verb:set package 'sensor_node' build argument 'catkin_skip_building_tests' from command line to 'False'
[1.145s] DEBUG:colcon.colcon_core.verb:Building package 'sensor_node' with the following arguments: {'ament_cmake_args': None, 'build_base': '/home/cannotflypig/robokonn/build/sensor_node', 'catkin_cmake_args': None, 'catkin_skip_building_tests': False, 'cmake_args': None, 'cmake_clean_cache': False, 'cmake_clean_first': False, 'cmake_force_configure': False, 'cmake_target': None, 'cmake_target_skip_unavailable': False, 'install_base': '/home/cannotflypig/robokonn/install/sensor_node', 'merge_install': False, 'path': '/home/cannotflypig/robokonn/src/sensor_node', 'symlink_install': False, 'test_result_base': None}
[1.156s] Level 5:colcon.colcon_core.verb:set package 'camera_node' build argument 'cmake_args' from command line to 'None'
[1.156s] Level 5:colcon.colcon_core.verb:set package 'camera_node' build argument 'cmake_target' from command line to 'None'
[1.156s] Level 5:colcon.colcon_core.verb:set package 'camera_node' build argument 'cmake_target_skip_unavailable' from command line to 'False'
[1.156s] Level 5:colcon.colcon_core.verb:set package 'camera_node' build argument 'cmake_clean_cache' from command line to 'False'
[1.156s] Level 5:colcon.colcon_core.verb:set package 'camera_node' build argument 'cmake_clean_first' from command line to 'False'
[1.156s] Level 5:colcon.colcon_core.verb:set package 'camera_node' build argument 'cmake_force_configure' from command line to 'False'
[1.156s] Level 5:colcon.colcon_core.verb:set package 'camera_node' build argument 'ament_cmake_args' from command line to 'None'
[1.156s] Level 5:colcon.colcon_core.verb:set package 'camera_node' build argument 'catkin_cmake_args' from command line to 'None'
[1.156s] Level 5:colcon.colcon_core.verb:set package 'camera_node' build argument 'catkin_skip_building_tests' from command line to 'False'
[1.156s] DEBUG:colcon.colcon_core.verb:Building package 'camera_node' with the following arguments: {'ament_cmake_args': None, 'build_base': '/home/cannotflypig/robokonn/build/camera_node', 'catkin_cmake_args': None, 'catkin_skip_building_tests': False, 'cmake_args': None, 'cmake_clean_cache': False, 'cmake_clean_first': False, 'cmake_force_configure': False, 'cmake_target': None, 'cmake_target_skip_unavailable': False, 'install_base': '/home/cannotflypig/robokonn/install/camera_node', 'merge_install': False, 'path': '/home/cannotflypig/robokonn/src/camera_node', 'symlink_install': False, 'test_result_base': None}
[1.167s] INFO:colcon.colcon_core.executor:Executing jobs using 'parallel' executor
[1.179s] DEBUG:colcon.colcon_parallel_executor.executor.parallel:run_until_complete
[1.179s] INFO:colcon.colcon_ros.task.ament_cmake.build:Building ROS package in '/home/cannotflypig/robokonn/src/interfaces' with build type 'ament_cmake'
[1.179s] INFO:colcon.colcon_cmake.task.cmake.build:Building CMake package in '/home/cannotflypig/robokonn/src/interfaces'
[1.195s] INFO:colcon.colcon_core.plugin_system:Skipping extension 'colcon_core.shell.bat': Not used on non-Windows systems
[1.195s] INFO:colcon.colcon_core.shell:Skip shell extension 'powershell' for command environment: Not usable outside of PowerShell
[1.195s] DEBUG:colcon.colcon_core.shell:Skip shell extension 'dsv' for command environment
[1.223s] INFO:colcon.colcon_ros.task.ament_python.build:Building ROS package in '/home/cannotflypig/robokonn/src/main_node' with build type 'ament_python'
[1.223s] Level 1:colcon.colcon_core.shell:create_environment_hook('main_node', 'ament_prefix_path')
[1.235s] INFO:colcon.colcon_core.shell:Creating environment hook '/home/cannotflypig/robokonn/install/main_node/share/main_node/hook/ament_prefix_path.ps1'
[1.236s] INFO:colcon.colcon_core.shell:Creating environment descriptor '/home/cannotflypig/robokonn/install/main_node/share/main_node/hook/ament_prefix_path.dsv'
[1.236s] INFO:colcon.colcon_core.shell:Creating environment hook '/home/cannotflypig/robokonn/install/main_node/share/main_node/hook/ament_prefix_path.sh'
[1.248s] INFO:colcon.colcon_core.shell:Skip shell extension 'powershell' for command environment: Not usable outside of PowerShell
[1.248s] DEBUG:colcon.colcon_core.shell:Skip shell extension 'dsv' for command environment
[1.271s] INFO:colcon.colcon_ros.task.ament_python.build:Building ROS package in '/home/cannotflypig/robokonn/src/motor_node' with build type 'ament_python'
[1.272s] Level 1:colcon.colcon_core.shell:create_environment_hook('motor_node', 'ament_prefix_path')
[1.287s] INFO:colcon.colcon_core.shell:Creating environment hook '/home/cannotflypig/robokonn/install/motor_node/share/motor_node/hook/ament_prefix_path.ps1'
[1.288s] INFO:colcon.colcon_core.shell:Creating environment descriptor '/home/cannotflypig/robokonn/install/motor_node/share/motor_node/hook/ament_prefix_path.dsv'
[1.288s] INFO:colcon.colcon_core.shell:Creating environment hook '/home/cannotflypig/robokonn/install/motor_node/share/motor_node/hook/ament_prefix_path.sh'
[1.300s] INFO:colcon.colcon_core.shell:Skip shell extension 'powershell' for command environment: Not usable outside of PowerShell
[1.300s] DEBUG:colcon.colcon_core.shell:Skip shell extension 'dsv' for command environment
[1.324s] INFO:colcon.colcon_ros.task.ament_python.build:Building ROS package in '/home/cannotflypig/robokonn/src/sensor_node' with build type 'ament_python'
[1.324s] Level 1:colcon.colcon_core.shell:create_environment_hook('sensor_node', 'ament_prefix_path')
[1.336s] INFO:colcon.colcon_core.shell:Creating environment hook '/home/cannotflypig/robokonn/install/sensor_node/share/sensor_node/hook/ament_prefix_path.ps1'
[1.336s] INFO:colcon.colcon_core.shell:Creating environment descriptor '/home/cannotflypig/robokonn/install/sensor_node/share/sensor_node/hook/ament_prefix_path.dsv'
[1.337s] INFO:colcon.colcon_core.shell:Creating environment hook '/home/cannotflypig/robokonn/install/sensor_node/share/sensor_node/hook/ament_prefix_path.sh'
[1.348s] INFO:colcon.colcon_core.shell:Skip shell extension 'powershell' for command environment: Not usable outside of PowerShell
[1.348s] DEBUG:colcon.colcon_core.shell:Skip shell extension 'dsv' for command environment
[1.378s] DEBUG:colcon.colcon_core.event_handler.log_command:Invoking command in '/home/cannotflypig/robokonn/build/interfaces': CMAKE_PREFIX_PATH=/opt/ros/humble /usr/bin/cmake --build /home/cannotflypig/robokonn/build/interfaces -- -j16 -l16
[1.642s] INFO:colcon.colcon_core.task.python.build:Building Python package in '/home/cannotflypig/robokonn/src/main_node'
[1.653s] INFO:colcon.colcon_core.shell:Skip shell extension 'powershell' for command environment: Not usable outside of PowerShell
[1.653s] DEBUG:colcon.colcon_core.shell:Skip shell extension 'dsv' for command environment
[1.870s] INFO:colcon.colcon_core.task.python.build:Building Python package in '/home/cannotflypig/robokonn/src/motor_node'
[1.882s] INFO:colcon.colcon_core.shell:Skip shell extension 'powershell' for command environment: Not usable outside of PowerShell
[1.883s] DEBUG:colcon.colcon_core.shell:Skip shell extension 'dsv' for command environment
[2.098s] INFO:colcon.colcon_core.task.python.build:Building Python package in '/home/cannotflypig/robokonn/src/sensor_node'
[2.109s] INFO:colcon.colcon_core.shell:Skip shell extension 'powershell' for command environment: Not usable outside of PowerShell
[2.109s] DEBUG:colcon.colcon_core.shell:Skip shell extension 'dsv' for command environment
[2.142s] DEBUG:colcon.colcon_core.event_handler.log_command:Invoked command in '/home/cannotflypig/robokonn/build/interfaces' returned '0': CMAKE_PREFIX_PATH=/opt/ros/humble /usr/bin/cmake --build /home/cannotflypig/robokonn/build/interfaces -- -j16 -l16
[2.258s] DEBUG:colcon.colcon_core.event_handler.log_command:Invoking command in '/home/cannotflypig/robokonn/build/interfaces': CMAKE_PREFIX_PATH=/opt/ros/humble /usr/bin/cmake --install /home/cannotflypig/robokonn/build/interfaces
[2.317s] Level 1:colcon.colcon_core.environment:create_environment_scripts_only(interfaces)
[2.320s] DEBUG:colcon.colcon_core.event_handler.log_command:Invoked command in '/home/cannotflypig/robokonn/build/interfaces' returned '0': CMAKE_PREFIX_PATH=/opt/ros/humble /usr/bin/cmake --install /home/cannotflypig/robokonn/build/interfaces
[2.356s] Level 1:colcon.colcon_core.environment:checking '/home/cannotflypig/robokonn/install/interfaces' for CMake module files
[2.356s] Level 1:colcon.colcon_core.environment:checking '/home/cannotflypig/robokonn/install/interfaces' for CMake config files
[2.357s] Level 1:colcon.colcon_core.shell:create_environment_hook('interfaces', 'cmake_prefix_path')
[2.370s] INFO:colcon.colcon_core.shell:Creating environment hook '/home/cannotflypig/robokonn/install/interfaces/share/interfaces/hook/cmake_prefix_path.ps1'
[2.370s] INFO:colcon.colcon_core.shell:Creating environment descriptor '/home/cannotflypig/robokonn/install/interfaces/share/interfaces/hook/cmake_prefix_path.dsv'
[2.370s] INFO:colcon.colcon_core.shell:Creating environment hook '/home/cannotflypig/robokonn/install/interfaces/share/interfaces/hook/cmake_prefix_path.sh'
[2.371s] Level 1:colcon.colcon_core.environment:checking '/home/cannotflypig/robokonn/install/interfaces/lib'
[2.371s] Level 1:colcon.colcon_core.shell:create_environment_hook('interfaces', 'ld_library_path_lib')
[2.388s] INFO:colcon.colcon_core.shell:Creating environment hook '/home/cannotflypig/robokonn/install/interfaces/share/interfaces/hook/ld_library_path_lib.ps1'
[2.388s] INFO:colcon.colcon_core.shell:Creating environment descriptor '/home/cannotflypig/robokonn/install/interfaces/share/interfaces/hook/ld_library_path_lib.dsv'
[2.389s] INFO:colcon.colcon_core.shell:Creating environment hook '/home/cannotflypig/robokonn/install/interfaces/share/interfaces/hook/ld_library_path_lib.sh'
[2.389s] Level 1:colcon.colcon_core.environment:checking '/home/cannotflypig/robokonn/install/interfaces/bin'
[2.389s] Level 1:colcon.colcon_core.environment:checking '/home/cannotflypig/robokonn/install/interfaces/lib/pkgconfig/interfaces.pc'
[2.389s] Level 1:colcon.colcon_core.environment:checking '/home/cannotflypig/robokonn/install/interfaces/lib/python3.10/site-packages'
[2.390s] Level 1:colcon.colcon_core.environment:checking '/home/cannotflypig/robokonn/install/interfaces/bin'
[2.408s] INFO:colcon.colcon_core.shell:Creating package script '/home/cannotflypig/robokonn/install/interfaces/share/interfaces/package.ps1'
[2.409s] INFO:colcon.colcon_core.shell:Creating package descriptor '/home/cannotflypig/robokonn/install/interfaces/share/interfaces/package.dsv'
[2.410s] INFO:colcon.colcon_core.shell:Creating package script '/home/cannotflypig/robokonn/install/interfaces/share/interfaces/package.sh'
[2.411s] INFO:colcon.colcon_core.shell:Creating package script '/home/cannotflypig/robokonn/install/interfaces/share/interfaces/package.bash'
[2.412s] INFO:colcon.colcon_core.shell:Creating package script '/home/cannotflypig/robokonn/install/interfaces/share/interfaces/package.zsh'
[2.413s] Level 1:colcon.colcon_core.environment:create_file_with_runtime_dependencies(/home/cannotflypig/robokonn/install/interfaces/share/colcon-core/packages/interfaces)
[2.489s] DEBUG:colcon.colcon_core.event_handler.log_command:Invoking command in '/home/cannotflypig/robokonn/src/motor_node': PYTHONPATH=/home/cannotflypig/robokonn/build/motor_node/prefix_override:/home/cannotflypig/robokonn/install/motor_node/lib/python3.10/site-packages:${PYTHONPATH} /usr/bin/python3 setup.py egg_info --egg-base ../../build/motor_node build --build-base /home/cannotflypig/robokonn/build/motor_node/build install --record /home/cannotflypig/robokonn/build/motor_node/install.log --single-version-externally-managed
[2.496s] DEBUG:colcon.colcon_core.event_handler.log_command:Invoking command in '/home/cannotflypig/robokonn/src/main_node': PYTHONPATH=/home/cannotflypig/robokonn/build/main_node/prefix_override:/home/cannotflypig/robokonn/install/main_node/lib/python3.10/site-packages:${PYTHONPATH} /usr/bin/python3 setup.py egg_info --egg-base ../../build/main_node build --build-base /home/cannotflypig/robokonn/build/main_node/build install --record /home/cannotflypig/robokonn/build/main_node/install.log --single-version-externally-managed
[2.508s] DEBUG:colcon.colcon_core.event_handler.log_command:Invoking command in '/home/cannotflypig/robokonn/src/sensor_node': PYTHONPATH=/home/cannotflypig/robokonn/build/sensor_node/prefix_override:/home/cannotflypig/robokonn/install/sensor_node/lib/python3.10/site-packages:${PYTHONPATH} /usr/bin/python3 setup.py egg_info --egg-base ../../build/sensor_node build --build-base /home/cannotflypig/robokonn/build/sensor_node/build install --record /home/cannotflypig/robokonn/build/sensor_node/install.log --single-version-externally-managed
[2.534s] Level 1:colcon.colcon_core.environment:create_environment_scripts_only(interfaces)
[2.551s] Level 1:colcon.colcon_core.environment:checking '/home/cannotflypig/robokonn/install/interfaces' for CMake module files
[2.552s] Level 1:colcon.colcon_core.environment:checking '/home/cannotflypig/robokonn/install/interfaces' for CMake config files
[2.553s] Level 1:colcon.colcon_core.shell:create_environment_hook('interfaces', 'cmake_prefix_path')
[2.567s] INFO:colcon.colcon_core.shell:Creating environment hook '/home/cannotflypig/robokonn/install/interfaces/share/interfaces/hook/cmake_prefix_path.ps1'
[2.567s] INFO:colcon.colcon_core.shell:Creating environment descriptor '/home/cannotflypig/robokonn/install/interfaces/share/interfaces/hook/cmake_prefix_path.dsv'
[2.568s] INFO:colcon.colcon_core.shell:Creating environment hook '/home/cannotflypig/robokonn/install/interfaces/share/interfaces/hook/cmake_prefix_path.sh'
[2.568s] Level 1:colcon.colcon_core.environment:checking '/home/cannotflypig/robokonn/install/interfaces/lib'
[2.568s] Level 1:colcon.colcon_core.shell:create_environment_hook('interfaces', 'ld_library_path_lib')
[2.587s] INFO:colcon.colcon_core.shell:Creating environment hook '/home/cannotflypig/robokonn/install/interfaces/share/interfaces/hook/ld_library_path_lib.ps1'
[2.588s] INFO:colcon.colcon_core.shell:Creating environment descriptor '/home/cannotflypig/robokonn/install/interfaces/share/interfaces/hook/ld_library_path_lib.dsv'
[2.588s] INFO:colcon.colcon_core.shell:Creating environment hook '/home/cannotflypig/robokonn/install/interfaces/share/interfaces/hook/ld_library_path_lib.sh'
[2.588s] Level 1:colcon.colcon_core.environment:checking '/home/cannotflypig/robokonn/install/interfaces/bin'
[2.588s] Level 1:colcon.colcon_core.environment:checking '/home/cannotflypig/robokonn/install/interfaces/lib/pkgconfig/interfaces.pc'
[2.588s] Level 1:colcon.colcon_core.environment:checking '/home/cannotflypig/robokonn/install/interfaces/lib/python3.10/site-packages'
[2.589s] Level 1:colcon.colcon_core.environment:checking '/home/cannotflypig/robokonn/install/interfaces/bin'
[2.604s] INFO:colcon.colcon_core.shell:Creating package script '/home/cannotflypig/robokonn/install/interfaces/share/interfaces/package.ps1'
[2.605s] INFO:colcon.colcon_core.shell:Creating package descriptor '/home/cannotflypig/robokonn/install/interfaces/share/interfaces/package.dsv'
[2.606s] INFO:colcon.colcon_core.shell:Creating package script '/home/cannotflypig/robokonn/install/interfaces/share/interfaces/package.sh'
[2.606s] INFO:colcon.colcon_core.shell:Creating package script '/home/cannotflypig/robokonn/install/interfaces/share/interfaces/package.bash'
[2.607s] INFO:colcon.colcon_core.shell:Creating package script '/home/cannotflypig/robokonn/install/interfaces/share/interfaces/package.zsh'
[2.607s] Level 1:colcon.colcon_core.environment:create_file_with_runtime_dependencies(/home/cannotflypig/robokonn/install/interfaces/share/colcon-core/packages/interfaces)
[2.608s] INFO:colcon.colcon_ros.task.ament_python.build:Building ROS package in '/home/cannotflypig/robokonn/src/camera_node' with build type 'ament_python'
[2.608s] Level 1:colcon.colcon_core.shell:create_environment_hook('camera_node', 'ament_prefix_path')
[2.626s] INFO:colcon.colcon_core.shell:Creating environment hook '/home/cannotflypig/robokonn/install/camera_node/share/camera_node/hook/ament_prefix_path.ps1'
[2.627s] INFO:colcon.colcon_core.shell:Creating environment descriptor '/home/cannotflypig/robokonn/install/camera_node/share/camera_node/hook/ament_prefix_path.dsv'
[2.627s] INFO:colcon.colcon_core.shell:Creating environment hook '/home/cannotflypig/robokonn/install/camera_node/share/camera_node/hook/ament_prefix_path.sh'
[2.647s] INFO:colcon.colcon_core.shell:Skip shell extension 'powershell' for command environment: Not usable outside of PowerShell
[2.647s] DEBUG:colcon.colcon_core.shell:Skip shell extension 'dsv' for command environment
[3.002s] INFO:colcon.colcon_core.task.python.build:Building Python package in '/home/cannotflypig/robokonn/src/camera_node'
[3.017s] INFO:colcon.colcon_core.shell:Skip shell extension 'powershell' for command environment: Not usable outside of PowerShell
[3.017s] DEBUG:colcon.colcon_core.shell:Skip shell extension 'dsv' for command environment
[3.053s] DEBUG:colcon.colcon_core.event_handler.log_command:Invoked command in '/home/cannotflypig/robokonn/src/motor_node' returned '0': PYTHONPATH=/home/cannotflypig/robokonn/build/motor_node/prefix_override:/home/cannotflypig/robokonn/install/motor_node/lib/python3.10/site-packages:${PYTHONPATH} /usr/bin/python3 setup.py egg_info --egg-base ../../build/motor_node build --build-base /home/cannotflypig/robokonn/build/motor_node/build install --record /home/cannotflypig/robokonn/build/motor_node/install.log --single-version-externally-managed
[3.072s] Level 1:colcon.colcon_core.environment:checking '/home/cannotflypig/robokonn/install/motor_node' for CMake module files
[3.073s] Level 1:colcon.colcon_core.environment:checking '/home/cannotflypig/robokonn/install/motor_node' for CMake config files
[3.073s] Level 1:colcon.colcon_core.environment:checking '/home/cannotflypig/robokonn/install/motor_node/lib'
[3.074s] Level 1:colcon.colcon_core.environment:checking '/home/cannotflypig/robokonn/install/motor_node/bin'
[3.074s] Level 1:colcon.colcon_core.environment:checking '/home/cannotflypig/robokonn/install/motor_node/lib/pkgconfig/motor_node.pc'
[3.074s] Level 1:colcon.colcon_core.environment:checking '/home/cannotflypig/robokonn/install/motor_node/lib/python3.10/site-packages'
[3.074s] Level 1:colcon.colcon_core.shell:create_environment_hook('motor_node', 'pythonpath')
[3.092s] INFO:colcon.colcon_core.shell:Creating environment hook '/home/cannotflypig/robokonn/install/motor_node/share/motor_node/hook/pythonpath.ps1'
[3.093s] INFO:colcon.colcon_core.shell:Creating environment descriptor '/home/cannotflypig/robokonn/install/motor_node/share/motor_node/hook/pythonpath.dsv'
[3.093s] INFO:colcon.colcon_core.shell:Creating environment hook '/home/cannotflypig/robokonn/install/motor_node/share/motor_node/hook/pythonpath.sh'
[3.093s] Level 1:colcon.colcon_core.environment:checking '/home/cannotflypig/robokonn/install/motor_node/bin'
[3.093s] Level 1:colcon.colcon_core.environment:create_environment_scripts_only(motor_node)
[3.110s] INFO:colcon.colcon_core.shell:Creating package script '/home/cannotflypig/robokonn/install/motor_node/share/motor_node/package.ps1'
[3.111s] INFO:colcon.colcon_core.shell:Creating package descriptor '/home/cannotflypig/robokonn/install/motor_node/share/motor_node/package.dsv'
[3.112s] INFO:colcon.colcon_core.shell:Creating package script '/home/cannotflypig/robokonn/install/motor_node/share/motor_node/package.sh'
[3.112s] INFO:colcon.colcon_core.shell:Creating package script '/home/cannotflypig/robokonn/install/motor_node/share/motor_node/package.bash'
[3.113s] INFO:colcon.colcon_core.shell:Creating package script '/home/cannotflypig/robokonn/install/motor_node/share/motor_node/package.zsh'
[3.113s] Level 1:colcon.colcon_core.environment:create_file_with_runtime_dependencies(/home/cannotflypig/robokonn/install/motor_node/share/colcon-core/packages/motor_node)
[3.116s] DEBUG:colcon.colcon_core.event_handler.log_command:Invoked command in '/home/cannotflypig/robokonn/src/sensor_node' returned '0': PYTHONPATH=/home/cannotflypig/robokonn/build/sensor_node/prefix_override:/home/cannotflypig/robokonn/install/sensor_node/lib/python3.10/site-packages:${PYTHONPATH} /usr/bin/python3 setup.py egg_info --egg-base ../../build/sensor_node build --build-base /home/cannotflypig/robokonn/build/sensor_node/build install --record /home/cannotflypig/robokonn/build/sensor_node/install.log --single-version-externally-managed
[3.128s] Level 1:colcon.colcon_core.environment:checking '/home/cannotflypig/robokonn/install/sensor_node' for CMake module files
[3.128s] Level 1:colcon.colcon_core.environment:checking '/home/cannotflypig/robokonn/install/sensor_node' for CMake config files
[3.129s] Level 1:colcon.colcon_core.environment:checking '/home/cannotflypig/robokonn/install/sensor_node/lib'
[3.129s] Level 1:colcon.colcon_core.environment:checking '/home/cannotflypig/robokonn/install/sensor_node/bin'
[3.129s] Level 1:colcon.colcon_core.environment:checking '/home/cannotflypig/robokonn/install/sensor_node/lib/pkgconfig/sensor_node.pc'
[3.129s] Level 1:colcon.colcon_core.environment:checking '/home/cannotflypig/robokonn/install/sensor_node/lib/python3.10/site-packages'
[3.129s] Level 1:colcon.colcon_core.shell:create_environment_hook('sensor_node', 'pythonpath')
[3.146s] INFO:colcon.colcon_core.shell:Creating environment hook '/home/cannotflypig/robokonn/install/sensor_node/share/sensor_node/hook/pythonpath.ps1'
[3.146s] INFO:colcon.colcon_core.shell:Creating environment descriptor '/home/cannotflypig/robokonn/install/sensor_node/share/sensor_node/hook/pythonpath.dsv'
[3.147s] INFO:colcon.colcon_core.shell:Creating environment hook '/home/cannotflypig/robokonn/install/sensor_node/share/sensor_node/hook/pythonpath.sh'
[3.147s] Level 1:colcon.colcon_core.environment:checking '/home/cannotflypig/robokonn/install/sensor_node/bin'
[3.147s] Level 1:colcon.colcon_core.environment:create_environment_scripts_only(sensor_node)
[3.164s] INFO:colcon.colcon_core.shell:Creating package script '/home/cannotflypig/robokonn/install/sensor_node/share/sensor_node/package.ps1'
[3.165s] INFO:colcon.colcon_core.shell:Creating package descriptor '/home/cannotflypig/robokonn/install/sensor_node/share/sensor_node/package.dsv'
[3.165s] INFO:colcon.colcon_core.shell:Creating package script '/home/cannotflypig/robokonn/install/sensor_node/share/sensor_node/package.sh'
[3.165s] INFO:colcon.colcon_core.shell:Creating package script '/home/cannotflypig/robokonn/install/sensor_node/share/sensor_node/package.bash'
[3.166s] INFO:colcon.colcon_core.shell:Creating package script '/home/cannotflypig/robokonn/install/sensor_node/share/sensor_node/package.zsh'
[3.166s] Level 1:colcon.colcon_core.environment:create_file_with_runtime_dependencies(/home/cannotflypig/robokonn/install/sensor_node/share/colcon-core/packages/sensor_node)
[3.169s] DEBUG:colcon.colcon_core.event_handler.log_command:Invoked command in '/home/cannotflypig/robokonn/src/main_node' returned '0': PYTHONPATH=/home/cannotflypig/robokonn/build/main_node/prefix_override:/home/cannotflypig/robokonn/install/main_node/lib/python3.10/site-packages:${PYTHONPATH} /usr/bin/python3 setup.py egg_info --egg-base ../../build/main_node build --build-base /home/cannotflypig/robokonn/build/main_node/build install --record /home/cannotflypig/robokonn/build/main_node/install.log --single-version-externally-managed
[3.181s] Level 1:colcon.colcon_core.environment:checking '/home/cannotflypig/robokonn/install/main_node' for CMake module files
[3.181s] Level 1:colcon.colcon_core.environment:checking '/home/cannotflypig/robokonn/install/main_node' for CMake config files
[3.182s] Level 1:colcon.colcon_core.environment:checking '/home/cannotflypig/robokonn/install/main_node/lib'
[3.182s] Level 1:colcon.colcon_core.environment:checking '/home/cannotflypig/robokonn/install/main_node/bin'
[3.182s] Level 1:colcon.colcon_core.environment:checking '/home/cannotflypig/robokonn/install/main_node/lib/pkgconfig/main_node.pc'
[3.182s] Level 1:colcon.colcon_core.environment:checking '/home/cannotflypig/robokonn/install/main_node/lib/python3.10/site-packages'
[3.182s] Level 1:colcon.colcon_core.shell:create_environment_hook('main_node', 'pythonpath')
[3.197s] INFO:colcon.colcon_core.shell:Creating environment hook '/home/cannotflypig/robokonn/install/main_node/share/main_node/hook/pythonpath.ps1'
[3.197s] INFO:colcon.colcon_core.shell:Creating environment descriptor '/home/cannotflypig/robokonn/install/main_node/share/main_node/hook/pythonpath.dsv'
[3.197s] INFO:colcon.colcon_core.shell:Creating environment hook '/home/cannotflypig/robokonn/install/main_node/share/main_node/hook/pythonpath.sh'
[3.198s] Level 1:colcon.colcon_core.environment:checking '/home/cannotflypig/robokonn/install/main_node/bin'
[3.198s] Level 1:colcon.colcon_core.environment:create_environment_scripts_only(main_node)
[3.212s] INFO:colcon.colcon_core.shell:Creating package script '/home/cannotflypig/robokonn/install/main_node/share/main_node/package.ps1'
[3.213s] INFO:colcon.colcon_core.shell:Creating package descriptor '/home/cannotflypig/robokonn/install/main_node/share/main_node/package.dsv'
[3.213s] INFO:colcon.colcon_core.shell:Creating package script '/home/cannotflypig/robokonn/install/main_node/share/main_node/package.sh'
[3.214s] INFO:colcon.colcon_core.shell:Creating package script '/home/cannotflypig/robokonn/install/main_node/share/main_node/package.bash'
[3.214s] INFO:colcon.colcon_core.shell:Creating package script '/home/cannotflypig/robokonn/install/main_node/share/main_node/package.zsh'
[3.214s] Level 1:colcon.colcon_core.environment:create_file_with_runtime_dependencies(/home/cannotflypig/robokonn/install/main_node/share/colcon-core/packages/main_node)
[3.523s] DEBUG:colcon.colcon_core.event_handler.log_command:Invoking command in '/home/cannotflypig/robokonn/src/camera_node': AMENT_PREFIX_PATH=/home/cannotflypig/robokonn/install/interfaces:${AMENT_PREFIX_PATH} CMAKE_PREFIX_PATH=/home/cannotflypig/robokonn/install/interfaces LD_LIBRARY_PATH=/home/cannotflypig/robokonn/install/interfaces/lib:${LD_LIBRARY_PATH} PYTHONPATH=/home/cannotflypig/robokonn/build/camera_node/prefix_override:/home/cannotflypig/robokonn/install/camera_node/lib/python3.10/site-packages:/home/cannotflypig/robokonn/install/interfaces/local/lib/python3.10/dist-packages:${PYTHONPATH} /usr/bin/python3 setup.py egg_info --egg-base ../../build/camera_node build --build-base /home/cannotflypig/robokonn/build/camera_node/build install --record /home/cannotflypig/robokonn/build/camera_node/install.log --single-version-externally-managed
[3.809s] DEBUG:colcon.colcon_core.event_handler.log_command:Invoked command in '/home/cannotflypig/robokonn/src/camera_node' returned '0': AMENT_PREFIX_PATH=/home/cannotflypig/robokonn/install/interfaces:${AMENT_PREFIX_PATH} CMAKE_PREFIX_PATH=/home/cannotflypig/robokonn/install/interfaces LD_LIBRARY_PATH=/home/cannotflypig/robokonn/install/interfaces/lib:${LD_LIBRARY_PATH} PYTHONPATH=/home/cannotflypig/robokonn/build/camera_node/prefix_override:/home/cannotflypig/robokonn/install/camera_node/lib/python3.10/site-packages:/home/cannotflypig/robokonn/install/interfaces/local/lib/python3.10/dist-packages:${PYTHONPATH} /usr/bin/python3 setup.py egg_info --egg-base ../../build/camera_node build --build-base /home/cannotflypig/robokonn/build/camera_node/build install --record /home/cannotflypig/robokonn/build/camera_node/install.log --single-version-externally-managed
[3.823s] Level 1:colcon.colcon_core.environment:checking '/home/cannotflypig/robokonn/install/camera_node' for CMake module files
[3.824s] Level 1:colcon.colcon_core.environment:checking '/home/cannotflypig/robokonn/install/camera_node' for CMake config files
[3.825s] Level 1:colcon.colcon_core.environment:checking '/home/cannotflypig/robokonn/install/camera_node/lib'
[3.825s] Level 1:colcon.colcon_core.environment:checking '/home/cannotflypig/robokonn/install/camera_node/bin'
[3.825s] Level 1:colcon.colcon_core.environment:checking '/home/cannotflypig/robokonn/install/camera_node/lib/pkgconfig/camera_node.pc'
[3.825s] Level 1:colcon.colcon_core.environment:checking '/home/cannotflypig/robokonn/install/camera_node/lib/python3.10/site-packages'
[3.825s] Level 1:colcon.colcon_core.shell:create_environment_hook('camera_node', 'pythonpath')
[3.841s] INFO:colcon.colcon_core.shell:Creating environment hook '/home/cannotflypig/robokonn/install/camera_node/share/camera_node/hook/pythonpath.ps1'
[3.842s] INFO:colcon.colcon_core.shell:Creating environment descriptor '/home/cannotflypig/robokonn/install/camera_node/share/camera_node/hook/pythonpath.dsv'
[3.842s] INFO:colcon.colcon_core.shell:Creating environment hook '/home/cannotflypig/robokonn/install/camera_node/share/camera_node/hook/pythonpath.sh'
[3.843s] Level 1:colcon.colcon_core.environment:checking '/home/cannotflypig/robokonn/install/camera_node/bin'
[3.843s] Level 1:colcon.colcon_core.environment:create_environment_scripts_only(camera_node)
[3.854s] INFO:colcon.colcon_core.shell:Creating package script '/home/cannotflypig/robokonn/install/camera_node/share/camera_node/package.ps1'
[3.854s] INFO:colcon.colcon_core.shell:Creating package descriptor '/home/cannotflypig/robokonn/install/camera_node/share/camera_node/package.dsv'
[3.855s] INFO:colcon.colcon_core.shell:Creating package script '/home/cannotflypig/robokonn/install/camera_node/share/camera_node/package.sh'
[3.855s] INFO:colcon.colcon_core.shell:Creating package script '/home/cannotflypig/robokonn/install/camera_node/share/camera_node/package.bash'
[3.855s] INFO:colcon.colcon_core.shell:Creating package script '/home/cannotflypig/robokonn/install/camera_node/share/camera_node/package.zsh'
[3.856s] Level 1:colcon.colcon_core.environment:create_file_with_runtime_dependencies(/home/cannotflypig/robokonn/install/camera_node/share/colcon-core/packages/camera_node)
[3.856s] DEBUG:colcon.colcon_parallel_executor.executor.parallel:closing loop
[3.856s] DEBUG:colcon.colcon_parallel_executor.executor.parallel:loop closed
[3.857s] DEBUG:colcon.colcon_parallel_executor.executor.parallel:run_until_complete finished with '0'
[3.857s] DEBUG:colcon.colcon_core.event_reactor:joining thread
[3.918s] INFO:colcon.colcon_core.plugin_system:Skipping extension 'colcon_notification.desktop_notification.notify_send': Could not find 'notify-send'
[3.918s] INFO:colcon.colcon_core.plugin_system:Skipping extension 'colcon_notification.desktop_notification.terminal_notifier': Not used on non-Darwin systems
[3.918s] INFO:colcon.colcon_core.plugin_system:Skipping extension 'colcon_notification.desktop_notification.win32': Not used on non-Windows systems
[3.918s] INFO:colcon.colcon_notification.desktop_notification:Sending desktop notification using 'notify2'
[3.918s] DEBUG:colcon.colcon_notification.desktop_notification.notify2:Failed to initialize notify2: org.freedesktop.DBus.Error.FileNotFound: Failed to connect to socket /run/user/1000/bus: No such file or directory
[3.918s] DEBUG:colcon.colcon_core.event_reactor:joined thread
[3.929s] INFO:colcon.colcon_core.shell:Creating prefix script '/home/cannotflypig/robokonn/install/local_setup.ps1'
[3.930s] INFO:colcon.colcon_core.shell:Creating prefix util module '/home/cannotflypig/robokonn/install/_local_setup_util_ps1.py'
[3.931s] INFO:colcon.colcon_core.shell:Creating prefix chain script '/home/cannotflypig/robokonn/install/setup.ps1'
[3.944s] INFO:colcon.colcon_core.shell:Creating prefix script '/home/cannotflypig/robokonn/install/local_setup.sh'
[3.945s] INFO:colcon.colcon_core.shell:Creating prefix util module '/home/cannotflypig/robokonn/install/_local_setup_util_sh.py'
[3.945s] INFO:colcon.colcon_core.shell:Creating prefix chain script '/home/cannotflypig/robokonn/install/setup.sh'
[3.961s] INFO:colcon.colcon_core.shell:Creating prefix script '/home/cannotflypig/robokonn/install/local_setup.bash'
[3.962s] INFO:colcon.colcon_core.shell:Creating prefix chain script '/home/cannotflypig/robokonn/install/setup.bash'
[3.976s] INFO:colcon.colcon_core.shell:Creating prefix script '/home/cannotflypig/robokonn/install/local_setup.zsh'
[3.976s] INFO:colcon.colcon_core.shell:Creating prefix chain script '/home/cannotflypig/robokonn/install/setup.zsh'
