[1.816s] Invoking command in '/home/cannotflypig/robokonn/src/camera_node': PYTHONPATH=/home/cannotflypig/robokonn/src/build/camera_node/prefix_override:/home/cannotflypig/robokonn/src/install/camera_node/lib/python3.10/site-packages:${PYTHONPATH} /usr/bin/python3 setup.py egg_info --egg-base ../build/camera_node build --build-base /home/cannotflypig/robokonn/src/build/camera_node/build install --record /home/cannotflypig/robokonn/src/build/camera_node/install.log --single-version-externally-managed
[2.054s] running egg_info
[2.055s] writing ../build/camera_node/camera_node.egg-info/PKG-INFO
[2.055s] writing dependency_links to ../build/camera_node/camera_node.egg-info/dependency_links.txt
[2.055s] writing entry points to ../build/camera_node/camera_node.egg-info/entry_points.txt
[2.055s] writing requirements to ../build/camera_node/camera_node.egg-info/requires.txt
[2.055s] writing top-level names to ../build/camera_node/camera_node.egg-info/top_level.txt
[2.057s] reading manifest file '../build/camera_node/camera_node.egg-info/SOURCES.txt'
[2.058s] writing manifest file '../build/camera_node/camera_node.egg-info/SOURCES.txt'
[2.059s] running build
[2.059s] running build_py
[2.059s] copying camera_node/camera_node.py -> /home/cannotflypig/robokonn/src/build/camera_node/build/lib/camera_node
[2.059s] running install
[2.059s] /usr/lib/python3/dist-packages/setuptools/command/install.py:34: SetuptoolsDeprecationWarning: setup.py install is deprecated. Use build and pip and other standards-based tools.
[2.059s]   warnings.warn(
[2.060s] running install_lib
[2.061s] copying /home/cannotflypig/robokonn/src/build/camera_node/build/lib/camera_node/camera_node.py -> /home/cannotflypig/robokonn/src/install/camera_node/lib/python3.10/site-packages/camera_node
[2.062s] byte-compiling /home/cannotflypig/robokonn/src/install/camera_node/lib/python3.10/site-packages/camera_node/camera_node.py to camera_node.cpython-310.pyc
[2.062s] running install_data
[2.063s] running install_egg_info
[2.064s] removing '/home/cannotflypig/robokonn/src/install/camera_node/lib/python3.10/site-packages/camera_node-0.0.0-py3.10.egg-info' (and everything under it)
[2.064s] Copying ../build/camera_node/camera_node.egg-info to /home/cannotflypig/robokonn/src/install/camera_node/lib/python3.10/site-packages/camera_node-0.0.0-py3.10.egg-info
[2.065s] running install_scripts
[2.085s] Installing camera_node script to /home/cannotflypig/robokonn/src/install/camera_node/lib/camera_node
[2.086s] writing list of installed files to '/home/cannotflypig/robokonn/src/build/camera_node/install.log'
[2.253s] Invoked command in '/home/cannotflypig/robokonn/src/camera_node' returned '0': PYTHONPATH=/home/cannotflypig/robokonn/src/build/camera_node/prefix_override:/home/cannotflypig/robokonn/src/install/camera_node/lib/python3.10/site-packages:${PYTHONPATH} /usr/bin/python3 setup.py egg_info --egg-base ../build/camera_node build --build-base /home/cannotflypig/robokonn/src/build/camera_node/build install --record /home/cannotflypig/robokonn/src/build/camera_node/install.log --single-version-externally-managed
