[0.873s] Invoking command in '/home/cannotflypig/robokonn/src/camera_node': AMENT_PREFIX_PATH=/home/cannotflypig/robokonn/install/interfaces:${AMENT_PREFIX_PATH} CMAKE_PREFIX_PATH=/home/cannotflypig/robokonn/install/interfaces LD_LIBRARY_PATH=/home/cannotflypig/robokonn/install/interfaces/lib:${LD_LIBRARY_PATH} PYTHONPATH=/home/cannotflypig/robokonn/build/camera_node/prefix_override:/home/cannotflypig/robokonn/install/camera_node/lib/python3.10/site-packages:/home/cannotflypig/robokonn/install/interfaces/local/lib/python3.10/dist-packages:${PYTHONPATH} /usr/bin/python3 setup.py egg_info --egg-base ../../build/camera_node build --build-base /home/cannotflypig/robokonn/build/camera_node/build install --record /home/cannotflypig/robokonn/build/camera_node/install.log --single-version-externally-managed
[1.096s] running egg_info
[1.097s] writing ../../build/camera_node/camera_node.egg-info/PKG-INFO
[1.097s] writing dependency_links to ../../build/camera_node/camera_node.egg-info/dependency_links.txt
[1.097s] writing entry points to ../../build/camera_node/camera_node.egg-info/entry_points.txt
[1.098s] writing requirements to ../../build/camera_node/camera_node.egg-info/requires.txt
[1.098s] writing top-level names to ../../build/camera_node/camera_node.egg-info/top_level.txt
[1.099s] reading manifest file '../../build/camera_node/camera_node.egg-info/SOURCES.txt'
[1.100s] writing manifest file '../../build/camera_node/camera_node.egg-info/SOURCES.txt'
[1.100s] running build
[1.101s] running build_py
[1.101s] copying camera_node/camera_v2.py -> /home/cannotflypig/robokonn/build/camera_node/build/lib/camera_node
[1.101s] running install
[1.102s] /usr/lib/python3/dist-packages/setuptools/command/install.py:34: SetuptoolsDeprecationWarning: setup.py install is deprecated. Use build and pip and other standards-based tools.
[1.102s]   warnings.warn(
[1.102s] running install_lib
[1.103s] copying /home/cannotflypig/robokonn/build/camera_node/build/lib/camera_node/camera_v2.py -> /home/cannotflypig/robokonn/install/camera_node/lib/python3.10/site-packages/camera_node
[1.103s] byte-compiling /home/cannotflypig/robokonn/install/camera_node/lib/python3.10/site-packages/camera_node/camera_v2.py to camera_v2.cpython-310.pyc
[1.106s] running install_data
[1.106s] running install_egg_info
[1.108s] removing '/home/cannotflypig/robokonn/install/camera_node/lib/python3.10/site-packages/camera_node-0.0.0-py3.10.egg-info' (and everything under it)
[1.109s] Copying ../../build/camera_node/camera_node.egg-info to /home/cannotflypig/robokonn/install/camera_node/lib/python3.10/site-packages/camera_node-0.0.0-py3.10.egg-info
[1.110s] running install_scripts
[1.129s] Installing camera_node script to /home/cannotflypig/robokonn/install/camera_node/lib/camera_node
[1.130s] writing list of installed files to '/home/cannotflypig/robokonn/build/camera_node/install.log'
[1.159s] Invoked command in '/home/cannotflypig/robokonn/src/camera_node' returned '0': AMENT_PREFIX_PATH=/home/cannotflypig/robokonn/install/interfaces:${AMENT_PREFIX_PATH} CMAKE_PREFIX_PATH=/home/cannotflypig/robokonn/install/interfaces LD_LIBRARY_PATH=/home/cannotflypig/robokonn/install/interfaces/lib:${LD_LIBRARY_PATH} PYTHONPATH=/home/cannotflypig/robokonn/build/camera_node/prefix_override:/home/cannotflypig/robokonn/install/camera_node/lib/python3.10/site-packages:/home/cannotflypig/robokonn/install/interfaces/local/lib/python3.10/dist-packages:${PYTHONPATH} /usr/bin/python3 setup.py egg_info --egg-base ../../build/camera_node build --build-base /home/cannotflypig/robokonn/build/camera_node/build install --record /home/cannotflypig/robokonn/build/camera_node/install.log --single-version-externally-managed
