[0.816s] DEBUG:colcon:Command line arguments: ['/usr/bin/colcon', 'build']
[0.816s] DEBUG:colcon:Parsed command line arguments: Namespace(log_base=None, log_level=None, verb_name='build', build_base='build', install_base='install', merge_install=False, symlink_install=False, test_result_base=None, continue_on_error=False, executor='parallel', parallel_workers=16, event_handlers=None, ignore_user_meta=False, metas=['./colcon.meta'], base_paths=['.'], packages_ignore=None, packages_ignore_regex=None, paths=None, packages_up_to=None, packages_up_to_regex=None, packages_above=None, packages_above_and_dependencies=None, packages_above_depth=None, packages_select_by_dep=None, packages_skip_by_dep=None, packages_skip_up_to=None, packages_select_build_failed=False, packages_skip_build_finished=False, packages_select_test_failures=False, packages_skip_test_passed=False, packages_select=None, packages_skip=None, packages_select_regex=None, packages_skip_regex=None, packages_start=None, packages_end=None, allow_overriding=[], cmake_args=None, cmake_target=None, cmake_target_skip_unavailable=False, cmake_clean_cache=False, cmake_clean_first=False, cmake_force_configure=False, ament_cmake_args=None, catkin_cmake_args=None, catkin_skip_building_tests=False, verb_parser=<colcon_defaults.argument_parser.defaults.DefaultArgumentsDecorator object at 0x7fcae403d5a0>, verb_extension=<colcon_core.verb.build.BuildVerb object at 0x7fcae403f3d0>, main=<bound method BuildVerb.main of <colcon_core.verb.build.BuildVerb object at 0x7fcae403f3d0>>)
[0.853s] Level 1:colcon.colcon_core.package_discovery:discover_packages(colcon_meta) check parameters
[0.853s] Level 1:colcon.colcon_core.package_discovery:discover_packages(recursive) check parameters
[0.853s] Level 1:colcon.colcon_core.package_discovery:discover_packages(ignore) check parameters
[0.853s] Level 1:colcon.colcon_core.package_discovery:discover_packages(path) check parameters
[0.853s] Level 1:colcon.colcon_core.package_discovery:discover_packages(colcon_meta) discover
[0.853s] Level 1:colcon.colcon_core.package_discovery:discover_packages(recursive) discover
[0.853s] INFO:colcon.colcon_core.package_discovery:Crawling recursively for packages in '/home/cannotflypig/robokonn/src'
[0.853s] Level 1:colcon.colcon_core.package_identification:_identify(.) by extensions ['ignore', 'ignore_ament_install']
[0.853s] Level 1:colcon.colcon_core.package_identification:_identify(.) by extension 'ignore'
[0.853s] Level 1:colcon.colcon_core.package_identification:_identify(.) by extension 'ignore_ament_install'
[0.854s] Level 1:colcon.colcon_core.package_identification:_identify(.) by extensions ['colcon_pkg']
[0.854s] Level 1:colcon.colcon_core.package_identification:_identify(.) by extension 'colcon_pkg'
[0.854s] Level 1:colcon.colcon_core.package_identification:_identify(.) by extensions ['colcon_meta']
[0.854s] Level 1:colcon.colcon_core.package_identification:_identify(.) by extension 'colcon_meta'
[0.854s] Level 1:colcon.colcon_core.package_identification:_identify(.) by extensions ['ros']
[0.854s] Level 1:colcon.colcon_core.package_identification:_identify(.) by extension 'ros'
[0.862s] Level 1:colcon.colcon_core.package_identification:_identify(.) by extensions ['cmake', 'python']
[0.863s] Level 1:colcon.colcon_core.package_identification:_identify(.) by extension 'cmake'
[0.863s] Level 1:colcon.colcon_core.package_identification:_identify(.) by extension 'python'
[0.863s] Level 1:colcon.colcon_core.package_identification:_identify(.) by extensions ['python_setup_py']
[0.863s] Level 1:colcon.colcon_core.package_identification:_identify(.) by extension 'python_setup_py'
[0.863s] Level 1:colcon.colcon_core.package_identification:_identify(build) by extensions ['ignore', 'ignore_ament_install']
[0.863s] Level 1:colcon.colcon_core.package_identification:_identify(build) by extension 'ignore'
[0.863s] Level 1:colcon.colcon_core.package_identification:_identify(build) ignored
[0.863s] Level 1:colcon.colcon_core.package_identification:_identify(camera_node) by extensions ['ignore', 'ignore_ament_install']
[0.863s] Level 1:colcon.colcon_core.package_identification:_identify(camera_node) by extension 'ignore'
[0.863s] Level 1:colcon.colcon_core.package_identification:_identify(camera_node) by extension 'ignore_ament_install'
[0.863s] Level 1:colcon.colcon_core.package_identification:_identify(camera_node) by extensions ['colcon_pkg']
[0.863s] Level 1:colcon.colcon_core.package_identification:_identify(camera_node) by extension 'colcon_pkg'
[0.863s] Level 1:colcon.colcon_core.package_identification:_identify(camera_node) by extensions ['colcon_meta']
[0.863s] Level 1:colcon.colcon_core.package_identification:_identify(camera_node) by extension 'colcon_meta'
[0.863s] Level 1:colcon.colcon_core.package_identification:_identify(camera_node) by extensions ['ros']
[0.863s] Level 1:colcon.colcon_core.package_identification:_identify(camera_node) by extension 'ros'
[0.865s] DEBUG:colcon.colcon_core.package_identification:Package 'camera_node' with type 'ros.ament_python' and name 'camera_node'
[0.865s] Level 1:colcon.colcon_core.package_identification:_identify(install) by extensions ['ignore', 'ignore_ament_install']
[0.865s] Level 1:colcon.colcon_core.package_identification:_identify(install) by extension 'ignore'
[0.865s] Level 1:colcon.colcon_core.package_identification:_identify(install) ignored
[0.865s] Level 1:colcon.colcon_core.package_identification:_identify(interfaces) by extensions ['ignore', 'ignore_ament_install']
[0.866s] Level 1:colcon.colcon_core.package_identification:_identify(interfaces) by extension 'ignore'
[0.866s] Level 1:colcon.colcon_core.package_identification:_identify(interfaces) by extension 'ignore_ament_install'
[0.866s] Level 1:colcon.colcon_core.package_identification:_identify(interfaces) by extensions ['colcon_pkg']
[0.866s] Level 1:colcon.colcon_core.package_identification:_identify(interfaces) by extension 'colcon_pkg'
[0.866s] Level 1:colcon.colcon_core.package_identification:_identify(interfaces) by extensions ['colcon_meta']
[0.866s] Level 1:colcon.colcon_core.package_identification:_identify(interfaces) by extension 'colcon_meta'
[0.866s] Level 1:colcon.colcon_core.package_identification:_identify(interfaces) by extensions ['ros']
[0.866s] Level 1:colcon.colcon_core.package_identification:_identify(interfaces) by extension 'ros'
[0.866s] DEBUG:colcon.colcon_core.package_identification:Package 'interfaces' with type 'ros.ament_cmake' and name 'interfaces'
[0.866s] Level 1:colcon.colcon_core.package_identification:_identify(log) by extensions ['ignore', 'ignore_ament_install']
[0.866s] Level 1:colcon.colcon_core.package_identification:_identify(log) by extension 'ignore'
[0.866s] Level 1:colcon.colcon_core.package_identification:_identify(log) ignored
[0.866s] Level 1:colcon.colcon_core.package_identification:_identify(main_node) by extensions ['ignore', 'ignore_ament_install']
[0.867s] Level 1:colcon.colcon_core.package_identification:_identify(main_node) by extension 'ignore'
[0.867s] Level 1:colcon.colcon_core.package_identification:_identify(main_node) by extension 'ignore_ament_install'
[0.867s] Level 1:colcon.colcon_core.package_identification:_identify(main_node) by extensions ['colcon_pkg']
[0.867s] Level 1:colcon.colcon_core.package_identification:_identify(main_node) by extension 'colcon_pkg'
[0.867s] Level 1:colcon.colcon_core.package_identification:_identify(main_node) by extensions ['colcon_meta']
[0.867s] Level 1:colcon.colcon_core.package_identification:_identify(main_node) by extension 'colcon_meta'
[0.867s] Level 1:colcon.colcon_core.package_identification:_identify(main_node) by extensions ['ros']
[0.867s] Level 1:colcon.colcon_core.package_identification:_identify(main_node) by extension 'ros'
[0.867s] DEBUG:colcon.colcon_core.package_identification:Package 'main_node' with type 'ros.ament_python' and name 'main_node'
[0.867s] Level 1:colcon.colcon_core.package_identification:_identify(motor_node) by extensions ['ignore', 'ignore_ament_install']
[0.867s] Level 1:colcon.colcon_core.package_identification:_identify(motor_node) by extension 'ignore'
[0.867s] Level 1:colcon.colcon_core.package_identification:_identify(motor_node) by extension 'ignore_ament_install'
[0.867s] Level 1:colcon.colcon_core.package_identification:_identify(motor_node) by extensions ['colcon_pkg']
[0.867s] Level 1:colcon.colcon_core.package_identification:_identify(motor_node) by extension 'colcon_pkg'
[0.868s] Level 1:colcon.colcon_core.package_identification:_identify(motor_node) by extensions ['colcon_meta']
[0.868s] Level 1:colcon.colcon_core.package_identification:_identify(motor_node) by extension 'colcon_meta'
[0.868s] Level 1:colcon.colcon_core.package_identification:_identify(motor_node) by extensions ['ros']
[0.868s] Level 1:colcon.colcon_core.package_identification:_identify(motor_node) by extension 'ros'
[0.868s] DEBUG:colcon.colcon_core.package_identification:Package 'motor_node' with type 'ros.ament_python' and name 'motor_node'
[0.868s] Level 1:colcon.colcon_core.package_discovery:discover_packages(recursive) using defaults
[0.868s] Level 1:colcon.colcon_core.package_discovery:discover_packages(ignore) discover
[0.868s] Level 1:colcon.colcon_core.package_discovery:discover_packages(ignore) using defaults
[0.868s] Level 1:colcon.colcon_core.package_discovery:discover_packages(path) discover
[0.868s] Level 1:colcon.colcon_core.package_discovery:discover_packages(path) using defaults
[0.933s] Level 1:colcon.colcon_core.package_discovery:discover_packages(prefix_path) check parameters
[0.933s] Level 1:colcon.colcon_core.package_discovery:discover_packages(prefix_path) discover
[0.943s] WARNING:colcon.colcon_core.prefix_path.colcon:The path '/home/cannotflypig/robokonn/install' in the environment variable COLCON_PREFIX_PATH doesn't exist
[0.943s] WARNING:colcon.colcon_ros.prefix_path.ament:The path '/home/cannotflypig/robokonn/install/motor_node' in the environment variable AMENT_PREFIX_PATH doesn't exist
[0.943s] WARNING:colcon.colcon_ros.prefix_path.ament:The path '/home/cannotflypig/robokonn/install/main_node' in the environment variable AMENT_PREFIX_PATH doesn't exist
[0.954s] DEBUG:colcon.colcon_installed_package_information.package_discovery:Found 270 installed packages in /opt/ros/humble
[0.956s] Level 1:colcon.colcon_core.package_discovery:discover_packages(prefix_path) using defaults
[1.022s] Level 5:colcon.colcon_core.verb:set package 'camera_node' build argument 'cmake_args' from command line to 'None'
[1.022s] Level 5:colcon.colcon_core.verb:set package 'camera_node' build argument 'cmake_target' from command line to 'None'
[1.022s] Level 5:colcon.colcon_core.verb:set package 'camera_node' build argument 'cmake_target_skip_unavailable' from command line to 'False'
[1.022s] Level 5:colcon.colcon_core.verb:set package 'camera_node' build argument 'cmake_clean_cache' from command line to 'False'
[1.022s] Level 5:colcon.colcon_core.verb:set package 'camera_node' build argument 'cmake_clean_first' from command line to 'False'
[1.022s] Level 5:colcon.colcon_core.verb:set package 'camera_node' build argument 'cmake_force_configure' from command line to 'False'
[1.022s] Level 5:colcon.colcon_core.verb:set package 'camera_node' build argument 'ament_cmake_args' from command line to 'None'
[1.022s] Level 5:colcon.colcon_core.verb:set package 'camera_node' build argument 'catkin_cmake_args' from command line to 'None'
[1.022s] Level 5:colcon.colcon_core.verb:set package 'camera_node' build argument 'catkin_skip_building_tests' from command line to 'False'
[1.022s] DEBUG:colcon.colcon_core.verb:Building package 'camera_node' with the following arguments: {'ament_cmake_args': None, 'build_base': '/home/cannotflypig/robokonn/src/build/camera_node', 'catkin_cmake_args': None, 'catkin_skip_building_tests': False, 'cmake_args': None, 'cmake_clean_cache': False, 'cmake_clean_first': False, 'cmake_force_configure': False, 'cmake_target': None, 'cmake_target_skip_unavailable': False, 'install_base': '/home/cannotflypig/robokonn/src/install/camera_node', 'merge_install': False, 'path': '/home/cannotflypig/robokonn/src/camera_node', 'symlink_install': False, 'test_result_base': None}
[1.032s] Level 5:colcon.colcon_core.verb:set package 'interfaces' build argument 'cmake_args' from command line to 'None'
[1.032s] Level 5:colcon.colcon_core.verb:set package 'interfaces' build argument 'cmake_target' from command line to 'None'
[1.032s] Level 5:colcon.colcon_core.verb:set package 'interfaces' build argument 'cmake_target_skip_unavailable' from command line to 'False'
[1.032s] Level 5:colcon.colcon_core.verb:set package 'interfaces' build argument 'cmake_clean_cache' from command line to 'False'
[1.032s] Level 5:colcon.colcon_core.verb:set package 'interfaces' build argument 'cmake_clean_first' from command line to 'False'
[1.032s] Level 5:colcon.colcon_core.verb:set package 'interfaces' build argument 'cmake_force_configure' from command line to 'False'
[1.032s] Level 5:colcon.colcon_core.verb:set package 'interfaces' build argument 'ament_cmake_args' from command line to 'None'
[1.032s] Level 5:colcon.colcon_core.verb:set package 'interfaces' build argument 'catkin_cmake_args' from command line to 'None'
[1.033s] Level 5:colcon.colcon_core.verb:set package 'interfaces' build argument 'catkin_skip_building_tests' from command line to 'False'
[1.033s] DEBUG:colcon.colcon_core.verb:Building package 'interfaces' with the following arguments: {'ament_cmake_args': None, 'build_base': '/home/cannotflypig/robokonn/src/build/interfaces', 'catkin_cmake_args': None, 'catkin_skip_building_tests': False, 'cmake_args': None, 'cmake_clean_cache': False, 'cmake_clean_first': False, 'cmake_force_configure': False, 'cmake_target': None, 'cmake_target_skip_unavailable': False, 'install_base': '/home/cannotflypig/robokonn/src/install/interfaces', 'merge_install': False, 'path': '/home/cannotflypig/robokonn/src/interfaces', 'symlink_install': False, 'test_result_base': None}
[1.043s] Level 5:colcon.colcon_core.verb:set package 'main_node' build argument 'cmake_args' from command line to 'None'
[1.043s] Level 5:colcon.colcon_core.verb:set package 'main_node' build argument 'cmake_target' from command line to 'None'
[1.043s] Level 5:colcon.colcon_core.verb:set package 'main_node' build argument 'cmake_target_skip_unavailable' from command line to 'False'
[1.043s] Level 5:colcon.colcon_core.verb:set package 'main_node' build argument 'cmake_clean_cache' from command line to 'False'
[1.043s] Level 5:colcon.colcon_core.verb:set package 'main_node' build argument 'cmake_clean_first' from command line to 'False'
[1.043s] Level 5:colcon.colcon_core.verb:set package 'main_node' build argument 'cmake_force_configure' from command line to 'False'
[1.043s] Level 5:colcon.colcon_core.verb:set package 'main_node' build argument 'ament_cmake_args' from command line to 'None'
[1.043s] Level 5:colcon.colcon_core.verb:set package 'main_node' build argument 'catkin_cmake_args' from command line to 'None'
[1.043s] Level 5:colcon.colcon_core.verb:set package 'main_node' build argument 'catkin_skip_building_tests' from command line to 'False'
[1.044s] DEBUG:colcon.colcon_core.verb:Building package 'main_node' with the following arguments: {'ament_cmake_args': None, 'build_base': '/home/cannotflypig/robokonn/src/build/main_node', 'catkin_cmake_args': None, 'catkin_skip_building_tests': False, 'cmake_args': None, 'cmake_clean_cache': False, 'cmake_clean_first': False, 'cmake_force_configure': False, 'cmake_target': None, 'cmake_target_skip_unavailable': False, 'install_base': '/home/cannotflypig/robokonn/src/install/main_node', 'merge_install': False, 'path': '/home/cannotflypig/robokonn/src/main_node', 'symlink_install': False, 'test_result_base': None}
[1.054s] Level 5:colcon.colcon_core.verb:set package 'motor_node' build argument 'cmake_args' from command line to 'None'
[1.054s] Level 5:colcon.colcon_core.verb:set package 'motor_node' build argument 'cmake_target' from command line to 'None'
[1.054s] Level 5:colcon.colcon_core.verb:set package 'motor_node' build argument 'cmake_target_skip_unavailable' from command line to 'False'
[1.054s] Level 5:colcon.colcon_core.verb:set package 'motor_node' build argument 'cmake_clean_cache' from command line to 'False'
[1.054s] Level 5:colcon.colcon_core.verb:set package 'motor_node' build argument 'cmake_clean_first' from command line to 'False'
[1.054s] Level 5:colcon.colcon_core.verb:set package 'motor_node' build argument 'cmake_force_configure' from command line to 'False'
[1.054s] Level 5:colcon.colcon_core.verb:set package 'motor_node' build argument 'ament_cmake_args' from command line to 'None'
[1.054s] Level 5:colcon.colcon_core.verb:set package 'motor_node' build argument 'catkin_cmake_args' from command line to 'None'
[1.054s] Level 5:colcon.colcon_core.verb:set package 'motor_node' build argument 'catkin_skip_building_tests' from command line to 'False'
[1.054s] DEBUG:colcon.colcon_core.verb:Building package 'motor_node' with the following arguments: {'ament_cmake_args': None, 'build_base': '/home/cannotflypig/robokonn/src/build/motor_node', 'catkin_cmake_args': None, 'catkin_skip_building_tests': False, 'cmake_args': None, 'cmake_clean_cache': False, 'cmake_clean_first': False, 'cmake_force_configure': False, 'cmake_target': None, 'cmake_target_skip_unavailable': False, 'install_base': '/home/cannotflypig/robokonn/src/install/motor_node', 'merge_install': False, 'path': '/home/cannotflypig/robokonn/src/motor_node', 'symlink_install': False, 'test_result_base': None}
[1.065s] INFO:colcon.colcon_core.executor:Executing jobs using 'parallel' executor
[1.076s] DEBUG:colcon.colcon_parallel_executor.executor.parallel:run_until_complete
[1.076s] INFO:colcon.colcon_ros.task.ament_python.build:Building ROS package in '/home/cannotflypig/robokonn/src/camera_node' with build type 'ament_python'
[1.076s] Level 1:colcon.colcon_core.shell:create_environment_hook('camera_node', 'ament_prefix_path')
[1.089s] INFO:colcon.colcon_core.plugin_system:Skipping extension 'colcon_core.shell.bat': Not used on non-Windows systems
[1.089s] INFO:colcon.colcon_core.shell:Creating environment hook '/home/cannotflypig/robokonn/src/install/camera_node/share/camera_node/hook/ament_prefix_path.ps1'
[1.089s] INFO:colcon.colcon_core.shell:Creating environment descriptor '/home/cannotflypig/robokonn/src/install/camera_node/share/camera_node/hook/ament_prefix_path.dsv'
[1.090s] INFO:colcon.colcon_core.shell:Creating environment hook '/home/cannotflypig/robokonn/src/install/camera_node/share/camera_node/hook/ament_prefix_path.sh'
[1.100s] INFO:colcon.colcon_core.shell:Skip shell extension 'powershell' for command environment: Not usable outside of PowerShell
[1.100s] DEBUG:colcon.colcon_core.shell:Skip shell extension 'dsv' for command environment
[1.121s] INFO:colcon.colcon_ros.task.ament_cmake.build:Building ROS package in '/home/cannotflypig/robokonn/src/interfaces' with build type 'ament_cmake'
[1.122s] INFO:colcon.colcon_cmake.task.cmake.build:Building CMake package in '/home/cannotflypig/robokonn/src/interfaces'
[1.133s] INFO:colcon.colcon_core.shell:Skip shell extension 'powershell' for command environment: Not usable outside of PowerShell
[1.133s] DEBUG:colcon.colcon_core.shell:Skip shell extension 'dsv' for command environment
[1.160s] INFO:colcon.colcon_ros.task.ament_python.build:Building ROS package in '/home/cannotflypig/robokonn/src/main_node' with build type 'ament_python'
[1.160s] Level 1:colcon.colcon_core.shell:create_environment_hook('main_node', 'ament_prefix_path')
[1.171s] INFO:colcon.colcon_core.shell:Creating environment hook '/home/cannotflypig/robokonn/src/install/main_node/share/main_node/hook/ament_prefix_path.ps1'
[1.172s] INFO:colcon.colcon_core.shell:Creating environment descriptor '/home/cannotflypig/robokonn/src/install/main_node/share/main_node/hook/ament_prefix_path.dsv'
[1.172s] INFO:colcon.colcon_core.shell:Creating environment hook '/home/cannotflypig/robokonn/src/install/main_node/share/main_node/hook/ament_prefix_path.sh'
[1.183s] INFO:colcon.colcon_core.shell:Skip shell extension 'powershell' for command environment: Not usable outside of PowerShell
[1.183s] DEBUG:colcon.colcon_core.shell:Skip shell extension 'dsv' for command environment
[1.204s] INFO:colcon.colcon_ros.task.ament_python.build:Building ROS package in '/home/cannotflypig/robokonn/src/motor_node' with build type 'ament_python'
[1.205s] Level 1:colcon.colcon_core.shell:create_environment_hook('motor_node', 'ament_prefix_path')
[1.215s] INFO:colcon.colcon_core.shell:Creating environment hook '/home/cannotflypig/robokonn/src/install/motor_node/share/motor_node/hook/ament_prefix_path.ps1'
[1.216s] INFO:colcon.colcon_core.shell:Creating environment descriptor '/home/cannotflypig/robokonn/src/install/motor_node/share/motor_node/hook/ament_prefix_path.dsv'
[1.216s] INFO:colcon.colcon_core.shell:Creating environment hook '/home/cannotflypig/robokonn/src/install/motor_node/share/motor_node/hook/ament_prefix_path.sh'
[1.226s] INFO:colcon.colcon_core.shell:Skip shell extension 'powershell' for command environment: Not usable outside of PowerShell
[1.226s] DEBUG:colcon.colcon_core.shell:Skip shell extension 'dsv' for command environment
[1.433s] INFO:colcon.colcon_core.task.python.build:Building Python package in '/home/cannotflypig/robokonn/src/camera_node'
[1.448s] INFO:colcon.colcon_core.shell:Skip shell extension 'powershell' for command environment: Not usable outside of PowerShell
[1.448s] DEBUG:colcon.colcon_core.shell:Skip shell extension 'dsv' for command environment
[1.484s] DEBUG:colcon.colcon_core.event_handler.log_command:Invoking command in '/home/cannotflypig/robokonn/src/build/interfaces': CMAKE_PREFIX_PATH=/home/cannotflypig/robokonn/install/motor_node:/home/cannotflypig/robokonn/install/main_node:/opt/ros/humble /usr/bin/cmake --build /home/cannotflypig/robokonn/src/build/interfaces -- -j16 -l16
[1.715s] INFO:colcon.colcon_core.task.python.build:Building Python package in '/home/cannotflypig/robokonn/src/main_node'
[1.731s] INFO:colcon.colcon_core.shell:Skip shell extension 'powershell' for command environment: Not usable outside of PowerShell
[1.731s] DEBUG:colcon.colcon_core.shell:Skip shell extension 'dsv' for command environment
[1.961s] INFO:colcon.colcon_core.task.python.build:Building Python package in '/home/cannotflypig/robokonn/src/motor_node'
[1.972s] INFO:colcon.colcon_core.shell:Skip shell extension 'powershell' for command environment: Not usable outside of PowerShell
[1.972s] DEBUG:colcon.colcon_core.shell:Skip shell extension 'dsv' for command environment
[2.001s] DEBUG:colcon.colcon_core.event_handler.log_command:Invoked command in '/home/cannotflypig/robokonn/src/build/interfaces' returned '0': CMAKE_PREFIX_PATH=/home/cannotflypig/robokonn/install/motor_node:/home/cannotflypig/robokonn/install/main_node:/opt/ros/humble /usr/bin/cmake --build /home/cannotflypig/robokonn/src/build/interfaces -- -j16 -l16
[2.056s] DEBUG:colcon.colcon_core.event_handler.log_command:Invoking command in '/home/cannotflypig/robokonn/src/build/interfaces': CMAKE_PREFIX_PATH=/home/cannotflypig/robokonn/install/motor_node:/home/cannotflypig/robokonn/install/main_node:/opt/ros/humble /usr/bin/cmake --install /home/cannotflypig/robokonn/src/build/interfaces
[2.112s] Level 1:colcon.colcon_core.environment:create_environment_scripts_only(interfaces)
[2.115s] DEBUG:colcon.colcon_core.event_handler.log_command:Invoked command in '/home/cannotflypig/robokonn/src/build/interfaces' returned '0': CMAKE_PREFIX_PATH=/home/cannotflypig/robokonn/install/motor_node:/home/cannotflypig/robokonn/install/main_node:/opt/ros/humble /usr/bin/cmake --install /home/cannotflypig/robokonn/src/build/interfaces
[2.133s] Level 1:colcon.colcon_core.environment:checking '/home/cannotflypig/robokonn/src/install/interfaces' for CMake module files
[2.134s] Level 1:colcon.colcon_core.environment:checking '/home/cannotflypig/robokonn/src/install/interfaces' for CMake config files
[2.135s] Level 1:colcon.colcon_core.shell:create_environment_hook('interfaces', 'cmake_prefix_path')
[2.167s] INFO:colcon.colcon_core.shell:Creating environment hook '/home/cannotflypig/robokonn/src/install/interfaces/share/interfaces/hook/cmake_prefix_path.ps1'
[2.167s] INFO:colcon.colcon_core.shell:Creating environment descriptor '/home/cannotflypig/robokonn/src/install/interfaces/share/interfaces/hook/cmake_prefix_path.dsv'
[2.168s] INFO:colcon.colcon_core.shell:Creating environment hook '/home/cannotflypig/robokonn/src/install/interfaces/share/interfaces/hook/cmake_prefix_path.sh'
[2.168s] Level 1:colcon.colcon_core.environment:checking '/home/cannotflypig/robokonn/src/install/interfaces/lib'
[2.169s] Level 1:colcon.colcon_core.shell:create_environment_hook('interfaces', 'ld_library_path_lib')
[2.187s] INFO:colcon.colcon_core.shell:Creating environment hook '/home/cannotflypig/robokonn/src/install/interfaces/share/interfaces/hook/ld_library_path_lib.ps1'
[2.188s] INFO:colcon.colcon_core.shell:Creating environment descriptor '/home/cannotflypig/robokonn/src/install/interfaces/share/interfaces/hook/ld_library_path_lib.dsv'
[2.188s] INFO:colcon.colcon_core.shell:Creating environment hook '/home/cannotflypig/robokonn/src/install/interfaces/share/interfaces/hook/ld_library_path_lib.sh'
[2.188s] Level 1:colcon.colcon_core.environment:checking '/home/cannotflypig/robokonn/src/install/interfaces/bin'
[2.189s] Level 1:colcon.colcon_core.environment:checking '/home/cannotflypig/robokonn/src/install/interfaces/lib/pkgconfig/interfaces.pc'
[2.189s] Level 1:colcon.colcon_core.environment:checking '/home/cannotflypig/robokonn/src/install/interfaces/lib/python3.10/site-packages'
[2.189s] Level 1:colcon.colcon_core.environment:checking '/home/cannotflypig/robokonn/src/install/interfaces/bin'
[2.208s] INFO:colcon.colcon_core.shell:Creating package script '/home/cannotflypig/robokonn/src/install/interfaces/share/interfaces/package.ps1'
[2.209s] INFO:colcon.colcon_core.shell:Creating package descriptor '/home/cannotflypig/robokonn/src/install/interfaces/share/interfaces/package.dsv'
[2.210s] INFO:colcon.colcon_core.shell:Creating package script '/home/cannotflypig/robokonn/src/install/interfaces/share/interfaces/package.sh'
[2.211s] INFO:colcon.colcon_core.shell:Creating package script '/home/cannotflypig/robokonn/src/install/interfaces/share/interfaces/package.bash'
[2.211s] INFO:colcon.colcon_core.shell:Creating package script '/home/cannotflypig/robokonn/src/install/interfaces/share/interfaces/package.zsh'
[2.212s] Level 1:colcon.colcon_core.environment:create_file_with_runtime_dependencies(/home/cannotflypig/robokonn/src/install/interfaces/share/colcon-core/packages/interfaces)
[2.258s] Level 1:colcon.colcon_core.environment:create_environment_scripts_only(interfaces)
[2.273s] Level 1:colcon.colcon_core.environment:checking '/home/cannotflypig/robokonn/src/install/interfaces' for CMake module files
[2.273s] Level 1:colcon.colcon_core.environment:checking '/home/cannotflypig/robokonn/src/install/interfaces' for CMake config files
[2.273s] Level 1:colcon.colcon_core.shell:create_environment_hook('interfaces', 'cmake_prefix_path')
[2.286s] INFO:colcon.colcon_core.shell:Creating environment hook '/home/cannotflypig/robokonn/src/install/interfaces/share/interfaces/hook/cmake_prefix_path.ps1'
[2.287s] INFO:colcon.colcon_core.shell:Creating environment descriptor '/home/cannotflypig/robokonn/src/install/interfaces/share/interfaces/hook/cmake_prefix_path.dsv'
[2.287s] INFO:colcon.colcon_core.shell:Creating environment hook '/home/cannotflypig/robokonn/src/install/interfaces/share/interfaces/hook/cmake_prefix_path.sh'
[2.288s] Level 1:colcon.colcon_core.environment:checking '/home/cannotflypig/robokonn/src/install/interfaces/lib'
[2.288s] Level 1:colcon.colcon_core.shell:create_environment_hook('interfaces', 'ld_library_path_lib')
[2.302s] INFO:colcon.colcon_core.shell:Creating environment hook '/home/cannotflypig/robokonn/src/install/interfaces/share/interfaces/hook/ld_library_path_lib.ps1'
[2.302s] INFO:colcon.colcon_core.shell:Creating environment descriptor '/home/cannotflypig/robokonn/src/install/interfaces/share/interfaces/hook/ld_library_path_lib.dsv'
[2.303s] INFO:colcon.colcon_core.shell:Creating environment hook '/home/cannotflypig/robokonn/src/install/interfaces/share/interfaces/hook/ld_library_path_lib.sh'
[2.303s] Level 1:colcon.colcon_core.environment:checking '/home/cannotflypig/robokonn/src/install/interfaces/bin'
[2.303s] Level 1:colcon.colcon_core.environment:checking '/home/cannotflypig/robokonn/src/install/interfaces/lib/pkgconfig/interfaces.pc'
[2.304s] Level 1:colcon.colcon_core.environment:checking '/home/cannotflypig/robokonn/src/install/interfaces/lib/python3.10/site-packages'
[2.304s] Level 1:colcon.colcon_core.environment:checking '/home/cannotflypig/robokonn/src/install/interfaces/bin'
[2.319s] INFO:colcon.colcon_core.shell:Creating package script '/home/cannotflypig/robokonn/src/install/interfaces/share/interfaces/package.ps1'
[2.320s] INFO:colcon.colcon_core.shell:Creating package descriptor '/home/cannotflypig/robokonn/src/install/interfaces/share/interfaces/package.dsv'
[2.320s] INFO:colcon.colcon_core.shell:Creating package script '/home/cannotflypig/robokonn/src/install/interfaces/share/interfaces/package.sh'
[2.320s] INFO:colcon.colcon_core.shell:Creating package script '/home/cannotflypig/robokonn/src/install/interfaces/share/interfaces/package.bash'
[2.321s] INFO:colcon.colcon_core.shell:Creating package script '/home/cannotflypig/robokonn/src/install/interfaces/share/interfaces/package.zsh'
[2.321s] Level 1:colcon.colcon_core.environment:create_file_with_runtime_dependencies(/home/cannotflypig/robokonn/src/install/interfaces/share/colcon-core/packages/interfaces)
[2.328s] DEBUG:colcon.colcon_core.event_handler.log_command:Invoking command in '/home/cannotflypig/robokonn/src/motor_node': PYTHONPATH=/home/cannotflypig/robokonn/src/build/motor_node/prefix_override:/home/cannotflypig/robokonn/src/install/motor_node/lib/python3.10/site-packages:${PYTHONPATH} /usr/bin/python3 setup.py egg_info --egg-base ../build/motor_node build --build-base /home/cannotflypig/robokonn/src/build/motor_node/build install --record /home/cannotflypig/robokonn/src/build/motor_node/install.log --single-version-externally-managed
[2.331s] DEBUG:colcon.colcon_core.event_handler.log_command:Invoking command in '/home/cannotflypig/robokonn/src/camera_node': PYTHONPATH=/home/cannotflypig/robokonn/src/build/camera_node/prefix_override:/home/cannotflypig/robokonn/src/install/camera_node/lib/python3.10/site-packages:${PYTHONPATH} /usr/bin/python3 setup.py egg_info --egg-base ../build/camera_node build --build-base /home/cannotflypig/robokonn/src/build/camera_node/build install --record /home/cannotflypig/robokonn/src/build/camera_node/install.log --single-version-externally-managed
[2.340s] DEBUG:colcon.colcon_core.event_handler.log_command:Invoking command in '/home/cannotflypig/robokonn/src/main_node': PYTHONPATH=/home/cannotflypig/robokonn/src/build/main_node/prefix_override:/home/cannotflypig/robokonn/src/install/main_node/lib/python3.10/site-packages:${PYTHONPATH} /usr/bin/python3 setup.py egg_info --egg-base ../build/main_node build --build-base /home/cannotflypig/robokonn/src/build/main_node/build install --record /home/cannotflypig/robokonn/src/build/main_node/install.log --single-version-externally-managed
[2.602s] DEBUG:colcon.colcon_core.event_handler.log_command:Invoked command in '/home/cannotflypig/robokonn/src/motor_node' returned '0': PYTHONPATH=/home/cannotflypig/robokonn/src/build/motor_node/prefix_override:/home/cannotflypig/robokonn/src/install/motor_node/lib/python3.10/site-packages:${PYTHONPATH} /usr/bin/python3 setup.py egg_info --egg-base ../build/motor_node build --build-base /home/cannotflypig/robokonn/src/build/motor_node/build install --record /home/cannotflypig/robokonn/src/build/motor_node/install.log --single-version-externally-managed
[2.617s] Level 1:colcon.colcon_core.environment:checking '/home/cannotflypig/robokonn/src/install/motor_node' for CMake module files
[2.618s] Level 1:colcon.colcon_core.environment:checking '/home/cannotflypig/robokonn/src/install/motor_node' for CMake config files
[2.619s] Level 1:colcon.colcon_core.environment:checking '/home/cannotflypig/robokonn/src/install/motor_node/lib'
[2.619s] Level 1:colcon.colcon_core.environment:checking '/home/cannotflypig/robokonn/src/install/motor_node/bin'
[2.620s] Level 1:colcon.colcon_core.environment:checking '/home/cannotflypig/robokonn/src/install/motor_node/lib/pkgconfig/motor_node.pc'
[2.620s] Level 1:colcon.colcon_core.environment:checking '/home/cannotflypig/robokonn/src/install/motor_node/lib/python3.10/site-packages'
[2.620s] Level 1:colcon.colcon_core.shell:create_environment_hook('motor_node', 'pythonpath')
[2.632s] INFO:colcon.colcon_core.shell:Creating environment hook '/home/cannotflypig/robokonn/src/install/motor_node/share/motor_node/hook/pythonpath.ps1'
[2.632s] INFO:colcon.colcon_core.shell:Creating environment descriptor '/home/cannotflypig/robokonn/src/install/motor_node/share/motor_node/hook/pythonpath.dsv'
[2.633s] INFO:colcon.colcon_core.shell:Creating environment hook '/home/cannotflypig/robokonn/src/install/motor_node/share/motor_node/hook/pythonpath.sh'
[2.633s] Level 1:colcon.colcon_core.environment:checking '/home/cannotflypig/robokonn/src/install/motor_node/bin'
[2.633s] Level 1:colcon.colcon_core.environment:create_environment_scripts_only(motor_node)
[2.644s] INFO:colcon.colcon_core.shell:Creating package script '/home/cannotflypig/robokonn/src/install/motor_node/share/motor_node/package.ps1'
[2.644s] INFO:colcon.colcon_core.shell:Creating package descriptor '/home/cannotflypig/robokonn/src/install/motor_node/share/motor_node/package.dsv'
[2.645s] INFO:colcon.colcon_core.shell:Creating package script '/home/cannotflypig/robokonn/src/install/motor_node/share/motor_node/package.sh'
[2.645s] INFO:colcon.colcon_core.shell:Creating package script '/home/cannotflypig/robokonn/src/install/motor_node/share/motor_node/package.bash'
[2.645s] INFO:colcon.colcon_core.shell:Creating package script '/home/cannotflypig/robokonn/src/install/motor_node/share/motor_node/package.zsh'
[2.646s] Level 1:colcon.colcon_core.environment:create_file_with_runtime_dependencies(/home/cannotflypig/robokonn/src/install/motor_node/share/colcon-core/packages/motor_node)
[2.649s] DEBUG:colcon.colcon_core.event_handler.log_command:Invoked command in '/home/cannotflypig/robokonn/src/camera_node' returned '0': PYTHONPATH=/home/cannotflypig/robokonn/src/build/camera_node/prefix_override:/home/cannotflypig/robokonn/src/install/camera_node/lib/python3.10/site-packages:${PYTHONPATH} /usr/bin/python3 setup.py egg_info --egg-base ../build/camera_node build --build-base /home/cannotflypig/robokonn/src/build/camera_node/build install --record /home/cannotflypig/robokonn/src/build/camera_node/install.log --single-version-externally-managed
[2.659s] Level 1:colcon.colcon_core.environment:checking '/home/cannotflypig/robokonn/src/install/camera_node' for CMake module files
[2.659s] Level 1:colcon.colcon_core.environment:checking '/home/cannotflypig/robokonn/src/install/camera_node' for CMake config files
[2.660s] Level 1:colcon.colcon_core.environment:checking '/home/cannotflypig/robokonn/src/install/camera_node/lib'
[2.660s] Level 1:colcon.colcon_core.environment:checking '/home/cannotflypig/robokonn/src/install/camera_node/bin'
[2.660s] Level 1:colcon.colcon_core.environment:checking '/home/cannotflypig/robokonn/src/install/camera_node/lib/pkgconfig/camera_node.pc'
[2.660s] Level 1:colcon.colcon_core.environment:checking '/home/cannotflypig/robokonn/src/install/camera_node/lib/python3.10/site-packages'
[2.660s] Level 1:colcon.colcon_core.shell:create_environment_hook('camera_node', 'pythonpath')
[2.670s] INFO:colcon.colcon_core.shell:Creating environment hook '/home/cannotflypig/robokonn/src/install/camera_node/share/camera_node/hook/pythonpath.ps1'
[2.671s] INFO:colcon.colcon_core.shell:Creating environment descriptor '/home/cannotflypig/robokonn/src/install/camera_node/share/camera_node/hook/pythonpath.dsv'
[2.671s] INFO:colcon.colcon_core.shell:Creating environment hook '/home/cannotflypig/robokonn/src/install/camera_node/share/camera_node/hook/pythonpath.sh'
[2.672s] Level 1:colcon.colcon_core.environment:checking '/home/cannotflypig/robokonn/src/install/camera_node/bin'
[2.672s] Level 1:colcon.colcon_core.environment:create_environment_scripts_only(camera_node)
[2.682s] INFO:colcon.colcon_core.shell:Creating package script '/home/cannotflypig/robokonn/src/install/camera_node/share/camera_node/package.ps1'
[2.683s] INFO:colcon.colcon_core.shell:Creating package descriptor '/home/cannotflypig/robokonn/src/install/camera_node/share/camera_node/package.dsv'
[2.683s] INFO:colcon.colcon_core.shell:Creating package script '/home/cannotflypig/robokonn/src/install/camera_node/share/camera_node/package.sh'
[2.684s] INFO:colcon.colcon_core.shell:Creating package script '/home/cannotflypig/robokonn/src/install/camera_node/share/camera_node/package.bash'
[2.684s] INFO:colcon.colcon_core.shell:Creating package script '/home/cannotflypig/robokonn/src/install/camera_node/share/camera_node/package.zsh'
[2.684s] Level 1:colcon.colcon_core.environment:create_file_with_runtime_dependencies(/home/cannotflypig/robokonn/src/install/camera_node/share/colcon-core/packages/camera_node)
[2.687s] DEBUG:colcon.colcon_core.event_handler.log_command:Invoked command in '/home/cannotflypig/robokonn/src/main_node' returned '0': PYTHONPATH=/home/cannotflypig/robokonn/src/build/main_node/prefix_override:/home/cannotflypig/robokonn/src/install/main_node/lib/python3.10/site-packages:${PYTHONPATH} /usr/bin/python3 setup.py egg_info --egg-base ../build/main_node build --build-base /home/cannotflypig/robokonn/src/build/main_node/build install --record /home/cannotflypig/robokonn/src/build/main_node/install.log --single-version-externally-managed
[2.697s] Level 1:colcon.colcon_core.environment:checking '/home/cannotflypig/robokonn/src/install/main_node' for CMake module files
[2.697s] Level 1:colcon.colcon_core.environment:checking '/home/cannotflypig/robokonn/src/install/main_node' for CMake config files
[2.698s] Level 1:colcon.colcon_core.environment:checking '/home/cannotflypig/robokonn/src/install/main_node/lib'
[2.698s] Level 1:colcon.colcon_core.environment:checking '/home/cannotflypig/robokonn/src/install/main_node/bin'
[2.698s] Level 1:colcon.colcon_core.environment:checking '/home/cannotflypig/robokonn/src/install/main_node/lib/pkgconfig/main_node.pc'
[2.698s] Level 1:colcon.colcon_core.environment:checking '/home/cannotflypig/robokonn/src/install/main_node/lib/python3.10/site-packages'
[2.698s] Level 1:colcon.colcon_core.shell:create_environment_hook('main_node', 'pythonpath')
[2.710s] INFO:colcon.colcon_core.shell:Creating environment hook '/home/cannotflypig/robokonn/src/install/main_node/share/main_node/hook/pythonpath.ps1'
[2.711s] INFO:colcon.colcon_core.shell:Creating environment descriptor '/home/cannotflypig/robokonn/src/install/main_node/share/main_node/hook/pythonpath.dsv'
[2.711s] INFO:colcon.colcon_core.shell:Creating environment hook '/home/cannotflypig/robokonn/src/install/main_node/share/main_node/hook/pythonpath.sh'
[2.712s] Level 1:colcon.colcon_core.environment:checking '/home/cannotflypig/robokonn/src/install/main_node/bin'
[2.712s] Level 1:colcon.colcon_core.environment:create_environment_scripts_only(main_node)
[2.722s] INFO:colcon.colcon_core.shell:Creating package script '/home/cannotflypig/robokonn/src/install/main_node/share/main_node/package.ps1'
[2.723s] INFO:colcon.colcon_core.shell:Creating package descriptor '/home/cannotflypig/robokonn/src/install/main_node/share/main_node/package.dsv'
[2.723s] INFO:colcon.colcon_core.shell:Creating package script '/home/cannotflypig/robokonn/src/install/main_node/share/main_node/package.sh'
[2.723s] INFO:colcon.colcon_core.shell:Creating package script '/home/cannotflypig/robokonn/src/install/main_node/share/main_node/package.bash'
[2.724s] INFO:colcon.colcon_core.shell:Creating package script '/home/cannotflypig/robokonn/src/install/main_node/share/main_node/package.zsh'
[2.724s] Level 1:colcon.colcon_core.environment:create_file_with_runtime_dependencies(/home/cannotflypig/robokonn/src/install/main_node/share/colcon-core/packages/main_node)
[2.724s] DEBUG:colcon.colcon_parallel_executor.executor.parallel:closing loop
[2.725s] DEBUG:colcon.colcon_parallel_executor.executor.parallel:loop closed
[2.725s] DEBUG:colcon.colcon_parallel_executor.executor.parallel:run_until_complete finished with '0'
[2.725s] DEBUG:colcon.colcon_core.event_reactor:joining thread
[2.786s] INFO:colcon.colcon_core.plugin_system:Skipping extension 'colcon_notification.desktop_notification.notify_send': Could not find 'notify-send'
[2.786s] INFO:colcon.colcon_core.plugin_system:Skipping extension 'colcon_notification.desktop_notification.terminal_notifier': Not used on non-Darwin systems
[2.786s] INFO:colcon.colcon_core.plugin_system:Skipping extension 'colcon_notification.desktop_notification.win32': Not used on non-Windows systems
[2.786s] INFO:colcon.colcon_notification.desktop_notification:Sending desktop notification using 'notify2'
[2.786s] DEBUG:colcon.colcon_notification.desktop_notification.notify2:Failed to initialize notify2: org.freedesktop.DBus.Error.FileNotFound: Failed to connect to socket /run/user/1000/bus: No such file or directory
[2.787s] DEBUG:colcon.colcon_core.event_reactor:joined thread
[2.799s] INFO:colcon.colcon_core.shell:Creating prefix script '/home/cannotflypig/robokonn/src/install/local_setup.ps1'
[2.800s] INFO:colcon.colcon_core.shell:Creating prefix util module '/home/cannotflypig/robokonn/src/install/_local_setup_util_ps1.py'
[2.802s] INFO:colcon.colcon_core.shell:Creating prefix chain script '/home/cannotflypig/robokonn/src/install/setup.ps1'
[2.813s] INFO:colcon.colcon_core.shell:Creating prefix script '/home/cannotflypig/robokonn/src/install/local_setup.sh'
[2.813s] INFO:colcon.colcon_core.shell:Creating prefix util module '/home/cannotflypig/robokonn/src/install/_local_setup_util_sh.py'
[2.814s] INFO:colcon.colcon_core.shell:Creating prefix chain script '/home/cannotflypig/robokonn/src/install/setup.sh'
[2.825s] INFO:colcon.colcon_core.shell:Creating prefix script '/home/cannotflypig/robokonn/src/install/local_setup.bash'
[2.826s] INFO:colcon.colcon_core.shell:Creating prefix chain script '/home/cannotflypig/robokonn/src/install/setup.bash'
[2.837s] INFO:colcon.colcon_core.shell:Creating prefix script '/home/cannotflypig/robokonn/src/install/local_setup.zsh'
[2.838s] INFO:colcon.colcon_core.shell:Creating prefix chain script '/home/cannotflypig/robokonn/src/install/setup.zsh'
