[1.743s] Invoking command in '/home/cannotflypig/robokonn/src/motor_node': PYTHONPATH=/home/cannotflypig/robokonn/src/build/motor_node/prefix_override:/home/cannotflypig/robokonn/src/install/motor_node/lib/python3.10/site-packages:${PYTHONPATH} /usr/bin/python3 setup.py egg_info --egg-base ../build/motor_node build --build-base /home/cannotflypig/robokonn/src/build/motor_node/build install --record /home/cannotflypig/robokonn/src/build/motor_node/install.log --single-version-externally-managed
[1.972s] running egg_info
[1.972s] writing ../build/motor_node/motor_node.egg-info/PKG-INFO
[1.973s] writing dependency_links to ../build/motor_node/motor_node.egg-info/dependency_links.txt
[1.973s] writing entry points to ../build/motor_node/motor_node.egg-info/entry_points.txt
[1.973s] writing requirements to ../build/motor_node/motor_node.egg-info/requires.txt
[1.973s] writing top-level names to ../build/motor_node/motor_node.egg-info/top_level.txt
[1.975s] reading manifest file '../build/motor_node/motor_node.egg-info/SOURCES.txt'
[1.976s] writing manifest file '../build/motor_node/motor_node.egg-info/SOURCES.txt'
[1.977s] running build
[1.977s] running build_py
[1.977s] running install
[1.978s] /usr/lib/python3/dist-packages/setuptools/command/install.py:34: SetuptoolsDeprecationWarning: setup.py install is deprecated. Use build and pip and other standards-based tools.
[1.978s]   warnings.warn(
[1.978s] running install_lib
[1.979s] running install_data
[1.979s] running install_egg_info
[1.982s] removing '/home/cannotflypig/robokonn/src/install/motor_node/lib/python3.10/site-packages/motor_node-0.0.0-py3.10.egg-info' (and everything under it)
[1.982s] Copying ../build/motor_node/motor_node.egg-info to /home/cannotflypig/robokonn/src/install/motor_node/lib/python3.10/site-packages/motor_node-0.0.0-py3.10.egg-info
[1.983s] running install_scripts
[2.007s] Installing motor_node script to /home/cannotflypig/robokonn/src/install/motor_node/lib/motor_node
[2.007s] writing list of installed files to '/home/cannotflypig/robokonn/src/build/motor_node/install.log'
[2.039s] Invoked command in '/home/cannotflypig/robokonn/src/motor_node' returned '0': PYTHONPATH=/home/cannotflypig/robokonn/src/build/motor_node/prefix_override:/home/cannotflypig/robokonn/src/install/motor_node/lib/python3.10/site-packages:${PYTHONPATH} /usr/bin/python3 setup.py egg_info --egg-base ../build/motor_node build --build-base /home/cannotflypig/robokonn/src/build/motor_node/build install --record /home/cannotflypig/robokonn/src/build/motor_node/install.log --single-version-externally-managed
