running egg_info
writing ../build/main_node/main_node.egg-info/PKG-INFO
writing dependency_links to ../build/main_node/main_node.egg-info/dependency_links.txt
writing entry points to ../build/main_node/main_node.egg-info/entry_points.txt
writing requirements to ../build/main_node/main_node.egg-info/requires.txt
writing top-level names to ../build/main_node/main_node.egg-info/top_level.txt
reading manifest file '../build/main_node/main_node.egg-info/SOURCES.txt'
writing manifest file '../build/main_node/main_node.egg-info/SOURCES.txt'
running build
running build_py
copying main_node/main_node.py -> /home/cannotflypig/robokonn/src/build/main_node/build/lib/main_node
running install
/usr/lib/python3/dist-packages/setuptools/command/install.py:34: SetuptoolsDeprecationWarning: setup.py install is deprecated. Use build and pip and other standards-based tools.
  warnings.warn(
running install_lib
copying /home/cannotflypig/robokonn/src/build/main_node/build/lib/main_node/main_node.py -> /home/cannotflypig/robokonn/src/install/main_node/lib/python3.10/site-packages/main_node
byte-compiling /home/cannotflypig/robokonn/src/install/main_node/lib/python3.10/site-packages/main_node/main_node.py to main_node.cpython-310.pyc
running install_data
running install_egg_info
removing '/home/cannotflypig/robokonn/src/install/main_node/lib/python3.10/site-packages/main_node-0.0.0-py3.10.egg-info' (and everything under it)
Copying ../build/main_node/main_node.egg-info to /home/cannotflypig/robokonn/src/install/main_node/lib/python3.10/site-packages/main_node-0.0.0-py3.10.egg-info
running install_scripts
Installing main_node script to /home/cannotflypig/robokonn/src/install/main_node/lib/main_node
writing list of installed files to '/home/cannotflypig/robokonn/src/build/main_node/install.log'
