[2.194s] Invoking command in '/home/cannotflypig/robokonn/src/camera_node': PYTHONPATH=/home/cannotflypig/robokonn/src/build/camera_node/prefix_override:/home/cannotflypig/robokonn/src/install/camera_node/lib/python3.10/site-packages:${PYTHONPATH} /usr/bin/python3 setup.py egg_info --egg-base ../build/camera_node build --build-base /home/cannotflypig/robokonn/src/build/camera_node/build install --record /home/cannotflypig/robokonn/src/build/camera_node/install.log --single-version-externally-managed
[2.447s] running egg_info
[2.448s] writing ../build/camera_node/camera_node.egg-info/PKG-INFO
[2.448s] writing dependency_links to ../build/camera_node/camera_node.egg-info/dependency_links.txt
[2.448s] writing entry points to ../build/camera_node/camera_node.egg-info/entry_points.txt
[2.449s] writing requirements to ../build/camera_node/camera_node.egg-info/requires.txt
[2.449s] writing top-level names to ../build/camera_node/camera_node.egg-info/top_level.txt
[2.450s] reading manifest file '../build/camera_node/camera_node.egg-info/SOURCES.txt'
[2.451s] writing manifest file '../build/camera_node/camera_node.egg-info/SOURCES.txt'
[2.451s] running build
[2.451s] running build_py
[2.452s] running install
[2.452s] /usr/lib/python3/dist-packages/setuptools/command/install.py:34: SetuptoolsDeprecationWarning: setup.py install is deprecated. Use build and pip and other standards-based tools.
[2.452s]   warnings.warn(
[2.453s] running install_lib
[2.454s] running install_data
[2.454s] running install_egg_info
[2.456s] removing '/home/cannotflypig/robokonn/src/install/camera_node/lib/python3.10/site-packages/camera_node-0.0.0-py3.10.egg-info' (and everything under it)
[2.456s] Copying ../build/camera_node/camera_node.egg-info to /home/cannotflypig/robokonn/src/install/camera_node/lib/python3.10/site-packages/camera_node-0.0.0-py3.10.egg-info
[2.457s] running install_scripts
[2.479s] Installing camera_node script to /home/cannotflypig/robokonn/src/install/camera_node/lib/camera_node
[2.479s] writing list of installed files to '/home/cannotflypig/robokonn/src/build/camera_node/install.log'
[2.596s] Invoked command in '/home/cannotflypig/robokonn/src/camera_node' returned '0': PYTHONPATH=/home/cannotflypig/robokonn/src/build/camera_node/prefix_override:/home/cannotflypig/robokonn/src/install/camera_node/lib/python3.10/site-packages:${PYTHONPATH} /usr/bin/python3 setup.py egg_info --egg-base ../build/camera_node build --build-base /home/cannotflypig/robokonn/src/build/camera_node/build install --record /home/cannotflypig/robokonn/src/build/camera_node/install.log --single-version-externally-managed
