running egg_info
creating ../../build/camera_node/camera_node.egg-info
writing ../../build/camera_node/camera_node.egg-info/PKG-INFO
writing dependency_links to ../../build/camera_node/camera_node.egg-info/dependency_links.txt
writing entry points to ../../build/camera_node/camera_node.egg-info/entry_points.txt
writing requirements to ../../build/camera_node/camera_node.egg-info/requires.txt
writing top-level names to ../../build/camera_node/camera_node.egg-info/top_level.txt
writing manifest file '../../build/camera_node/camera_node.egg-info/SOURCES.txt'
reading manifest file '../../build/camera_node/camera_node.egg-info/SOURCES.txt'
writing manifest file '../../build/camera_node/camera_node.egg-info/SOURCES.txt'
running build
running build_py
creating /home/cannotflypig/robokonn/build/camera_node/build
creating /home/cannotflypig/robokonn/build/camera_node/build/lib
creating /home/cannotflypig/robokonn/build/camera_node/build/lib/camera_node
copying camera_node/camera_node.py -> /home/cannotflypig/robokonn/build/camera_node/build/lib/camera_node
copying camera_node/__init__.py -> /home/cannotflypig/robokonn/build/camera_node/build/lib/camera_node
running install
running install_lib
running install_data
running install_egg_info
removing '/home/cannotflypig/robokonn/install/camera_node/lib/python3.10/site-packages/camera_node-0.0.0-py3.10.egg-info' (and everything under it)
Copying ../../build/camera_node/camera_node.egg-info to /home/cannotflypig/robokonn/install/camera_node/lib/python3.10/site-packages/camera_node-0.0.0-py3.10.egg-info
running install_scripts
Installing camera_node script to /home/cannotflypig/robokonn/install/camera_node/lib/camera_node
writing list of installed files to '/home/cannotflypig/robokonn/build/camera_node/install.log'
