[1.547s] Invoking command in '/home/cannotflypig/robokonn/src/camera_node': PYTHONPATH=/home/cannotflypig/robokonn/build/camera_node/prefix_override:/home/cannotflypig/robokonn/install/camera_node/lib/python3.10/site-packages:${PYTHONPATH} /usr/bin/python3 setup.py egg_info --egg-base ../../build/camera_node build --build-base /home/cannotflypig/robokonn/build/camera_node/build install --record /home/cannotflypig/robokonn/build/camera_node/install.log --single-version-externally-managed
[1.786s] running egg_info
[1.786s] creating ../../build/camera_node/camera_node.egg-info
[1.786s] writing ../../build/camera_node/camera_node.egg-info/PKG-INFO
[1.787s] writing dependency_links to ../../build/camera_node/camera_node.egg-info/dependency_links.txt
[1.787s] writing entry points to ../../build/camera_node/camera_node.egg-info/entry_points.txt
[1.787s] writing requirements to ../../build/camera_node/camera_node.egg-info/requires.txt
[1.788s] writing top-level names to ../../build/camera_node/camera_node.egg-info/top_level.txt
[1.788s] writing manifest file '../../build/camera_node/camera_node.egg-info/SOURCES.txt'
[1.790s] reading manifest file '../../build/camera_node/camera_node.egg-info/SOURCES.txt'
[1.790s] writing manifest file '../../build/camera_node/camera_node.egg-info/SOURCES.txt'
[1.791s] running build
[1.791s] running build_py
[1.791s] creating /home/cannotflypig/robokonn/build/camera_node/build
[1.791s] creating /home/cannotflypig/robokonn/build/camera_node/build/lib
[1.791s] creating /home/cannotflypig/robokonn/build/camera_node/build/lib/camera_node
[1.792s] copying camera_node/camera_node.py -> /home/cannotflypig/robokonn/build/camera_node/build/lib/camera_node
[1.792s] copying camera_node/__init__.py -> /home/cannotflypig/robokonn/build/camera_node/build/lib/camera_node
[1.792s] running install
[1.792s] running install_lib
[1.792s] /usr/lib/python3/dist-packages/setuptools/command/install.py:34: SetuptoolsDeprecationWarning: setup.py install is deprecated. Use build and pip and other standards-based tools.
[1.792s]   warnings.warn(
[1.793s] running install_data
[1.793s] running install_egg_info
[1.794s] removing '/home/cannotflypig/robokonn/install/camera_node/lib/python3.10/site-packages/camera_node-0.0.0-py3.10.egg-info' (and everything under it)
[1.795s] Copying ../../build/camera_node/camera_node.egg-info to /home/cannotflypig/robokonn/install/camera_node/lib/python3.10/site-packages/camera_node-0.0.0-py3.10.egg-info
[1.795s] running install_scripts
[1.816s] Installing camera_node script to /home/cannotflypig/robokonn/install/camera_node/lib/camera_node
[1.816s] writing list of installed files to '/home/cannotflypig/robokonn/build/camera_node/install.log'
[1.892s] Invoked command in '/home/cannotflypig/robokonn/src/camera_node' returned '0': PYTHONPATH=/home/cannotflypig/robokonn/build/camera_node/prefix_override:/home/cannotflypig/robokonn/install/camera_node/lib/python3.10/site-packages:${PYTHONPATH} /usr/bin/python3 setup.py egg_info --egg-base ../../build/camera_node build --build-base /home/cannotflypig/robokonn/build/camera_node/build install --record /home/cannotflypig/robokonn/build/camera_node/install.log --single-version-externally-managed
