[1.717s] Invoking command in '/home/cannotflypig/robokonn/src/camera_node': PYTHONPATH=/home/cannotflypig/robokonn/build/camera_node/prefix_override:/home/cannotflypig/robokonn/install/camera_node/lib/python3.10/site-packages:${PYTHONPATH} /usr/bin/python3 setup.py egg_info --egg-base ../../build/camera_node build --build-base /home/cannotflypig/robokonn/build/camera_node/build install --record /home/cannotflypig/robokonn/build/camera_node/install.log --single-version-externally-managed
[1.963s] running egg_info
[1.964s] writing ../../build/camera_node/camera_node.egg-info/PKG-INFO
[1.965s] writing dependency_links to ../../build/camera_node/camera_node.egg-info/dependency_links.txt
[1.965s] writing entry points to ../../build/camera_node/camera_node.egg-info/entry_points.txt
[1.965s] writing requirements to ../../build/camera_node/camera_node.egg-info/requires.txt
[1.966s] writing top-level names to ../../build/camera_node/camera_node.egg-info/top_level.txt
[1.967s] reading manifest file '../../build/camera_node/camera_node.egg-info/SOURCES.txt'
[1.969s] writing manifest file '../../build/camera_node/camera_node.egg-info/SOURCES.txt'
[1.969s] running build
[1.969s] running build_py
[1.970s] /usr/lib/python3/dist-packages/setuptools/command/install.py:34: SetuptoolsDeprecationWarning: setup.py install is deprecated. Use build and pip and other standards-based tools.
[1.970s]   warnings.warn(
[1.970s] running install
[1.970s] running install_lib
[1.970s] running install_data
[1.971s] running install_egg_info
[1.972s] removing '/home/cannotflypig/robokonn/install/camera_node/lib/python3.10/site-packages/camera_node-0.0.0-py3.10.egg-info' (and everything under it)
[1.973s] Copying ../../build/camera_node/camera_node.egg-info to /home/cannotflypig/robokonn/install/camera_node/lib/python3.10/site-packages/camera_node-0.0.0-py3.10.egg-info
[1.974s] running install_scripts
[1.997s] Installing camera_node script to /home/cannotflypig/robokonn/install/camera_node/lib/camera_node
[1.997s] writing list of installed files to '/home/cannotflypig/robokonn/build/camera_node/install.log'
[2.047s] Invoked command in '/home/cannotflypig/robokonn/src/camera_node' returned '0': PYTHONPATH=/home/cannotflypig/robokonn/build/camera_node/prefix_override:/home/cannotflypig/robokonn/install/camera_node/lib/python3.10/site-packages:${PYTHONPATH} /usr/bin/python3 setup.py egg_info --egg-base ../../build/camera_node build --build-base /home/cannotflypig/robokonn/build/camera_node/build install --record /home/cannotflypig/robokonn/build/camera_node/install.log --single-version-externally-managed
