[0.826s] Invoking command in '/home/cannotflypig/robokonn/motor_node': PYTHONPATH=/home/cannotflypig/robokonn/build/motor_node/prefix_override:/home/cannotflypig/robokonn/install/motor_node/lib/python3.10/site-packages:${PYTHONPATH} /usr/bin/python3 setup.py egg_info --egg-base ../build/motor_node build --build-base /home/cannotflypig/robokonn/build/motor_node/build install --record /home/cannotflypig/robokonn/build/motor_node/install.log --single-version-externally-managed
[1.025s] running egg_info
[1.026s] writing ../build/motor_node/motor_node.egg-info/PKG-INFO
[1.026s] writing dependency_links to ../build/motor_node/motor_node.egg-info/dependency_links.txt
[1.026s] writing entry points to ../build/motor_node/motor_node.egg-info/entry_points.txt
[1.026s] writing requirements to ../build/motor_node/motor_node.egg-info/requires.txt
[1.026s] writing top-level names to ../build/motor_node/motor_node.egg-info/top_level.txt
[1.028s] reading manifest file '../build/motor_node/motor_node.egg-info/SOURCES.txt'
[1.029s] writing manifest file '../build/motor_node/motor_node.egg-info/SOURCES.txt'
[1.029s] running build
[1.029s] running build_py
[1.030s] running install
[1.030s] running install_lib
[1.030s] /usr/lib/python3/dist-packages/setuptools/command/install.py:34: SetuptoolsDeprecationWarning: setup.py install is deprecated. Use build and pip and other standards-based tools.
[1.030s]   warnings.warn(
[1.030s] running install_data
[1.030s] running install_egg_info
[1.032s] removing '/home/cannotflypig/robokonn/install/motor_node/lib/python3.10/site-packages/motor_node-0.0.0-py3.10.egg-info' (and everything under it)
[1.032s] Copying ../build/motor_node/motor_node.egg-info to /home/cannotflypig/robokonn/install/motor_node/lib/python3.10/site-packages/motor_node-0.0.0-py3.10.egg-info
[1.033s] running install_scripts
[1.048s] Installing motor_node script to /home/cannotflypig/robokonn/install/motor_node/lib/motor_node
[1.048s] writing list of installed files to '/home/cannotflypig/robokonn/build/motor_node/install.log'
[1.069s] Invoked command in '/home/cannotflypig/robokonn/motor_node' returned '0': PYTHONPATH=/home/cannotflypig/robokonn/build/motor_node/prefix_override:/home/cannotflypig/robokonn/install/motor_node/lib/python3.10/site-packages:${PYTHONPATH} /usr/bin/python3 setup.py egg_info --egg-base ../build/motor_node build --build-base /home/cannotflypig/robokonn/build/motor_node/build install --record /home/cannotflypig/robokonn/build/motor_node/install.log --single-version-externally-managed
