[1.563s] Invoking command in '/home/cannotflypig/robokonn/src/main_node': PYTHONPATH=/home/cannotflypig/robokonn/src/build/main_node/prefix_override:/home/cannotflypig/robokonn/src/install/main_node/lib/python3.10/site-packages:${PYTHONPATH} /usr/bin/python3 setup.py egg_info --egg-base ../build/main_node build --build-base /home/cannotflypig/robokonn/src/build/main_node/build install --record /home/cannotflypig/robokonn/src/build/main_node/install.log --single-version-externally-managed
[1.773s] running egg_info
[1.774s] creating ../build/main_node/main_node.egg-info
[1.775s] writing ../build/main_node/main_node.egg-info/PKG-INFO
[1.775s] writing dependency_links to ../build/main_node/main_node.egg-info/dependency_links.txt
[1.775s] writing entry points to ../build/main_node/main_node.egg-info/entry_points.txt
[1.775s] writing requirements to ../build/main_node/main_node.egg-info/requires.txt
[1.775s] writing top-level names to ../build/main_node/main_node.egg-info/top_level.txt
[1.775s] writing manifest file '../build/main_node/main_node.egg-info/SOURCES.txt'
[1.776s] reading manifest file '../build/main_node/main_node.egg-info/SOURCES.txt'
[1.777s] writing manifest file '../build/main_node/main_node.egg-info/SOURCES.txt'
[1.777s] running build
[1.778s] running build_py
[1.778s] creating /home/cannotflypig/robokonn/src/build/main_node/build
[1.778s] creating /home/cannotflypig/robokonn/src/build/main_node/build/lib
[1.778s] creating /home/cannotflypig/robokonn/src/build/main_node/build/lib/main_node
[1.779s] copying main_node/main_node.py -> /home/cannotflypig/robokonn/src/build/main_node/build/lib/main_node
[1.780s] /usr/lib/python3/dist-packages/setuptools/command/install.py:34: SetuptoolsDeprecationWarning: setup.py install is deprecated. Use build and pip and other standards-based tools.
[1.780s]   warnings.warn(
[1.780s] copying main_node/__init__.py -> /home/cannotflypig/robokonn/src/build/main_node/build/lib/main_node
[1.780s] running install
[1.781s] running install_lib
[1.781s] creating /home/cannotflypig/robokonn/src/install/main_node/lib/python3.10/site-packages/main_node
[1.781s] copying /home/cannotflypig/robokonn/src/build/main_node/build/lib/main_node/main_node.py -> /home/cannotflypig/robokonn/src/install/main_node/lib/python3.10/site-packages/main_node
[1.781s] copying /home/cannotflypig/robokonn/src/build/main_node/build/lib/main_node/__init__.py -> /home/cannotflypig/robokonn/src/install/main_node/lib/python3.10/site-packages/main_node
[1.782s] byte-compiling /home/cannotflypig/robokonn/src/install/main_node/lib/python3.10/site-packages/main_node/main_node.py to main_node.cpython-310.pyc
[1.782s] byte-compiling /home/cannotflypig/robokonn/src/install/main_node/lib/python3.10/site-packages/main_node/__init__.py to __init__.cpython-310.pyc
[1.782s] running install_data
[1.782s] creating /home/cannotflypig/robokonn/src/install/main_node/share/ament_index
[1.782s] creating /home/cannotflypig/robokonn/src/install/main_node/share/ament_index/resource_index
[1.782s] creating /home/cannotflypig/robokonn/src/install/main_node/share/ament_index/resource_index/packages
[1.783s] copying resource/main_node -> /home/cannotflypig/robokonn/src/install/main_node/share/ament_index/resource_index/packages
[1.783s] copying package.xml -> /home/cannotflypig/robokonn/src/install/main_node/share/main_node
[1.783s] running install_egg_info
[1.784s] Copying ../build/main_node/main_node.egg-info to /home/cannotflypig/robokonn/src/install/main_node/lib/python3.10/site-packages/main_node-0.0.0-py3.10.egg-info
[1.785s] running install_scripts
[1.808s] Installing main_node script to /home/cannotflypig/robokonn/src/install/main_node/lib/main_node
[1.808s] writing list of installed files to '/home/cannotflypig/robokonn/src/build/main_node/install.log'
[1.841s] Invoked command in '/home/cannotflypig/robokonn/src/main_node' returned '0': PYTHONPATH=/home/cannotflypig/robokonn/src/build/main_node/prefix_override:/home/cannotflypig/robokonn/src/install/main_node/lib/python3.10/site-packages:${PYTHONPATH} /usr/bin/python3 setup.py egg_info --egg-base ../build/main_node build --build-base /home/cannotflypig/robokonn/src/build/main_node/build install --record /home/cannotflypig/robokonn/src/build/main_node/install.log --single-version-externally-managed
