[1.659s] Invoking command in '/home/cannotflypig/robokonn/src/camera_node': PYTHONPATH=/home/cannotflypig/robokonn/src/build/camera_node/prefix_override:/home/cannotflypig/robokonn/src/install/camera_node/lib/python3.10/site-packages:${PYTHONPATH} /usr/bin/python3 setup.py egg_info --egg-base ../build/camera_node build --build-base /home/cannotflypig/robokonn/src/build/camera_node/build install --record /home/cannotflypig/robokonn/src/build/camera_node/install.log --single-version-externally-managed
[1.878s] running egg_info
[1.878s] creating ../build/camera_node/camera_node.egg-info
[1.879s] writing ../build/camera_node/camera_node.egg-info/PKG-INFO
[1.879s] writing dependency_links to ../build/camera_node/camera_node.egg-info/dependency_links.txt
[1.879s] writing entry points to ../build/camera_node/camera_node.egg-info/entry_points.txt
[1.880s] writing requirements to ../build/camera_node/camera_node.egg-info/requires.txt
[1.880s] writing top-level names to ../build/camera_node/camera_node.egg-info/top_level.txt
[1.880s] writing manifest file '../build/camera_node/camera_node.egg-info/SOURCES.txt'
[1.882s] reading manifest file '../build/camera_node/camera_node.egg-info/SOURCES.txt'
[1.883s] writing manifest file '../build/camera_node/camera_node.egg-info/SOURCES.txt'
[1.883s] running build
[1.883s] running build_py
[1.884s] creating /home/cannotflypig/robokonn/src/build/camera_node/build
[1.884s] creating /home/cannotflypig/robokonn/src/build/camera_node/build/lib
[1.884s] creating /home/cannotflypig/robokonn/src/build/camera_node/build/lib/camera_node
[1.884s] copying camera_node/camera_node.py -> /home/cannotflypig/robokonn/src/build/camera_node/build/lib/camera_node
[1.885s] copying camera_node/__init__.py -> /home/cannotflypig/robokonn/src/build/camera_node/build/lib/camera_node
[1.885s] running install
[1.885s] /usr/lib/python3/dist-packages/setuptools/command/install.py:34: SetuptoolsDeprecationWarning: setup.py install is deprecated. Use build and pip and other standards-based tools.
[1.885s]   warnings.warn(
[1.886s] running install_lib
[1.886s] creating /home/cannotflypig/robokonn/src/install/camera_node/lib/python3.10/site-packages/camera_node
[1.887s] copying /home/cannotflypig/robokonn/src/build/camera_node/build/lib/camera_node/camera_node.py -> /home/cannotflypig/robokonn/src/install/camera_node/lib/python3.10/site-packages/camera_node
[1.887s] copying /home/cannotflypig/robokonn/src/build/camera_node/build/lib/camera_node/__init__.py -> /home/cannotflypig/robokonn/src/install/camera_node/lib/python3.10/site-packages/camera_node
[1.888s] byte-compiling /home/cannotflypig/robokonn/src/install/camera_node/lib/python3.10/site-packages/camera_node/camera_node.py to camera_node.cpython-310.pyc
[1.888s]   File "/home/cannotflypig/robokonn/src/install/camera_node/lib/python3.10/site-packages/camera_node/camera_node.py", line 27
[1.888s]     def readCameraValue
[1.888s]                        ^
[1.888s] SyntaxError: invalid syntax
[1.889s] 
[1.889s] byte-compiling /home/cannotflypig/robokonn/src/install/camera_node/lib/python3.10/site-packages/camera_node/__init__.py to __init__.cpython-310.pyc
[1.889s] running install_data
[1.889s] creating /home/cannotflypig/robokonn/src/install/camera_node/share/ament_index
[1.890s] creating /home/cannotflypig/robokonn/src/install/camera_node/share/ament_index/resource_index
[1.890s] creating /home/cannotflypig/robokonn/src/install/camera_node/share/ament_index/resource_index/packages
[1.890s] copying resource/camera_node -> /home/cannotflypig/robokonn/src/install/camera_node/share/ament_index/resource_index/packages
[1.890s] copying package.xml -> /home/cannotflypig/robokonn/src/install/camera_node/share/camera_node
[1.890s] running install_egg_info
[1.892s] Copying ../build/camera_node/camera_node.egg-info to /home/cannotflypig/robokonn/src/install/camera_node/lib/python3.10/site-packages/camera_node-0.0.0-py3.10.egg-info
[1.893s] running install_scripts
[1.915s] Installing camera_node script to /home/cannotflypig/robokonn/src/install/camera_node/lib/camera_node
[1.915s] writing list of installed files to '/home/cannotflypig/robokonn/src/build/camera_node/install.log'
[2.023s] Invoked command in '/home/cannotflypig/robokonn/src/camera_node' returned '0': PYTHONPATH=/home/cannotflypig/robokonn/src/build/camera_node/prefix_override:/home/cannotflypig/robokonn/src/install/camera_node/lib/python3.10/site-packages:${PYTHONPATH} /usr/bin/python3 setup.py egg_info --egg-base ../build/camera_node build --build-base /home/cannotflypig/robokonn/src/build/camera_node/build install --record /home/cannotflypig/robokonn/src/build/camera_node/install.log --single-version-externally-managed
