running develop
Removing /home/cannotflypig/robokonn/install/motor_node/lib/python3.10/site-packages/motor-node.egg-link (link to .)
running egg_info
writing ../build/motor_node/motor_node.egg-info/PKG-INFO
writing dependency_links to ../build/motor_node/motor_node.egg-info/dependency_links.txt
writing entry points to ../build/motor_node/motor_node.egg-info/entry_points.txt
writing requirements to ../build/motor_node/motor_node.egg-info/requires.txt
writing top-level names to ../build/motor_node/motor_node.egg-info/top_level.txt
reading manifest file '../build/motor_node/motor_node.egg-info/SOURCES.txt'
writing manifest file '../build/motor_node/motor_node.egg-info/SOURCES.txt'
running build
running build_py
creating /home/cannotflypig/robokonn/build/motor_node/build
creating /home/cannotflypig/robokonn/build/motor_node/build/lib
creating /home/cannotflypig/robokonn/build/motor_node/build/lib/motor_node
copying motor_node/motor_node.py -> /home/cannotflypig/robokonn/build/motor_node/build/lib/motor_node
copying motor_node/__init__.py -> /home/cannotflypig/robokonn/build/motor_node/build/lib/motor_node
running install
running install_lib
creating /home/cannotflypig/robokonn/install/motor_node/lib/python3.10/site-packages/motor_node
copying /home/cannotflypig/robokonn/build/motor_node/build/lib/motor_node/motor_node.py -> /home/cannotflypig/robokonn/install/motor_node/lib/python3.10/site-packages/motor_node
copying /home/cannotflypig/robokonn/build/motor_node/build/lib/motor_node/__init__.py -> /home/cannotflypig/robokonn/install/motor_node/lib/python3.10/site-packages/motor_node
byte-compiling /home/cannotflypig/robokonn/install/motor_node/lib/python3.10/site-packages/motor_node/motor_node.py to motor_node.cpython-310.pyc
byte-compiling /home/cannotflypig/robokonn/install/motor_node/lib/python3.10/site-packages/motor_node/__init__.py to __init__.cpython-310.pyc
running install_data
running install_egg_info
Copying ../build/motor_node/motor_node.egg-info to /home/cannotflypig/robokonn/install/motor_node/lib/python3.10/site-packages/motor_node-0.0.0-py3.10.egg-info
running install_scripts
Installing motor_node script to /home/cannotflypig/robokonn/install/motor_node/lib/motor_node
writing list of installed files to '/home/cannotflypig/robokonn/build/motor_node/install.log'
