[0.827s] Invoking command in '/home/cannotflypig/robokonn/build/motor_node': PYTHONPATH=/home/cannotflypig/robokonn/build/motor_node/prefix_override:/home/cannotflypig/robokonn/install/motor_node/lib/python3.10/site-packages:${PYTHONPATH} /usr/bin/python3 setup.py develop --uninstall --editable --build-directory /home/cannotflypig/robokonn/build/motor_node/build
[1.030s] running develop
[1.030s] /usr/lib/python3/dist-packages/setuptools/command/easy_install.py:158: EasyInstallDeprecationWarning: easy_install command is deprecated. Use build and pip and other standards-based tools.
[1.030s]   warnings.warn(
[1.032s] /usr/lib/python3/dist-packages/setuptools/command/install.py:34: SetuptoolsDeprecationWarning: setup.py install is deprecated. Use build and pip and other standards-based tools.
[1.032s]   warnings.warn(
[1.150s] Removing /home/cannotflypig/robokonn/install/motor_node/lib/python3.10/site-packages/motor-node.egg-link (link to .)
[1.182s] Invoked command in '/home/cannotflypig/robokonn/build/motor_node' returned '0': PYTHONPATH=/home/cannotflypig/robokonn/build/motor_node/prefix_override:/home/cannotflypig/robokonn/install/motor_node/lib/python3.10/site-packages:${PYTHONPATH} /usr/bin/python3 setup.py develop --uninstall --editable --build-directory /home/cannotflypig/robokonn/build/motor_node/build
[1.184s] Invoking command in '/home/cannotflypig/robokonn/motor_node': PYTHONPATH=/home/cannotflypig/robokonn/build/motor_node/prefix_override:/home/cannotflypig/robokonn/install/motor_node/lib/python3.10/site-packages:${PYTHONPATH} /usr/bin/python3 setup.py egg_info --egg-base ../build/motor_node build --build-base /home/cannotflypig/robokonn/build/motor_node/build install --record /home/cannotflypig/robokonn/build/motor_node/install.log --single-version-externally-managed
[1.379s] running egg_info
[1.380s] writing ../build/motor_node/motor_node.egg-info/PKG-INFO
[1.381s] writing dependency_links to ../build/motor_node/motor_node.egg-info/dependency_links.txt
[1.381s] writing entry points to ../build/motor_node/motor_node.egg-info/entry_points.txt
[1.381s] writing requirements to ../build/motor_node/motor_node.egg-info/requires.txt
[1.381s] writing top-level names to ../build/motor_node/motor_node.egg-info/top_level.txt
[1.384s] reading manifest file '../build/motor_node/motor_node.egg-info/SOURCES.txt'
[1.385s] writing manifest file '../build/motor_node/motor_node.egg-info/SOURCES.txt'
[1.386s] running build
[1.386s] running build_py
[1.386s] creating /home/cannotflypig/robokonn/build/motor_node/build
[1.386s] creating /home/cannotflypig/robokonn/build/motor_node/build/lib
[1.387s] creating /home/cannotflypig/robokonn/build/motor_node/build/lib/motor_node
[1.387s] copying motor_node/motor_node.py -> /home/cannotflypig/robokonn/build/motor_node/build/lib/motor_node
[1.387s] copying motor_node/__init__.py -> /home/cannotflypig/robokonn/build/motor_node/build/lib/motor_node
[1.387s] running install
[1.387s] /usr/lib/python3/dist-packages/setuptools/command/install.py:34: SetuptoolsDeprecationWarning: setup.py install is deprecated. Use build and pip and other standards-based tools.
[1.387s]   warnings.warn(
[1.387s] running install_lib
[1.388s] creating /home/cannotflypig/robokonn/install/motor_node/lib/python3.10/site-packages/motor_node
[1.389s] copying /home/cannotflypig/robokonn/build/motor_node/build/lib/motor_node/motor_node.py -> /home/cannotflypig/robokonn/install/motor_node/lib/python3.10/site-packages/motor_node
[1.389s] copying /home/cannotflypig/robokonn/build/motor_node/build/lib/motor_node/__init__.py -> /home/cannotflypig/robokonn/install/motor_node/lib/python3.10/site-packages/motor_node
[1.389s] byte-compiling /home/cannotflypig/robokonn/install/motor_node/lib/python3.10/site-packages/motor_node/motor_node.py to motor_node.cpython-310.pyc
[1.389s] byte-compiling /home/cannotflypig/robokonn/install/motor_node/lib/python3.10/site-packages/motor_node/__init__.py to __init__.cpython-310.pyc
[1.390s] running install_data
[1.390s] running install_egg_info
[1.391s] Copying ../build/motor_node/motor_node.egg-info to /home/cannotflypig/robokonn/install/motor_node/lib/python3.10/site-packages/motor_node-0.0.0-py3.10.egg-info
[1.392s] running install_scripts
[1.414s] Installing motor_node script to /home/cannotflypig/robokonn/install/motor_node/lib/motor_node
[1.415s] writing list of installed files to '/home/cannotflypig/robokonn/build/motor_node/install.log'
[1.487s] Invoked command in '/home/cannotflypig/robokonn/motor_node' returned '0': PYTHONPATH=/home/cannotflypig/robokonn/build/motor_node/prefix_override:/home/cannotflypig/robokonn/install/motor_node/lib/python3.10/site-packages:${PYTHONPATH} /usr/bin/python3 setup.py egg_info --egg-base ../build/motor_node build --build-base /home/cannotflypig/robokonn/build/motor_node/build install --record /home/cannotflypig/robokonn/build/motor_node/install.log --single-version-externally-managed
