[0.854s] DEBUG:colcon:Command line arguments: ['/usr/bin/colcon', 'build']
[0.854s] DEBUG:colcon:Parsed command line arguments: Namespace(log_base=None, log_level=None, verb_name='build', build_base='build', install_base='install', merge_install=False, symlink_install=False, test_result_base=None, continue_on_error=False, executor='parallel', parallel_workers=16, event_handlers=None, ignore_user_meta=False, metas=['./colcon.meta'], base_paths=['.'], packages_ignore=None, packages_ignore_regex=None, paths=None, packages_up_to=None, packages_up_to_regex=None, packages_above=None, packages_above_and_dependencies=None, packages_above_depth=None, packages_select_by_dep=None, packages_skip_by_dep=None, packages_skip_up_to=None, packages_select_build_failed=False, packages_skip_build_finished=False, packages_select_test_failures=False, packages_skip_test_passed=False, packages_select=None, packages_skip=None, packages_select_regex=None, packages_skip_regex=None, packages_start=None, packages_end=None, allow_overriding=[], cmake_args=None, cmake_target=None, cmake_target_skip_unavailable=False, cmake_clean_cache=False, cmake_clean_first=False, cmake_force_configure=False, ament_cmake_args=None, catkin_cmake_args=None, catkin_skip_building_tests=False, verb_parser=<colcon_defaults.argument_parser.defaults.DefaultArgumentsDecorator object at 0x7f376fab6e60>, verb_extension=<colcon_core.verb.build.BuildVerb object at 0x7f376fab5450>, main=<bound method BuildVerb.main of <colcon_core.verb.build.BuildVerb object at 0x7f376fab5450>>)
[0.890s] Level 1:colcon.colcon_core.package_discovery:discover_packages(colcon_meta) check parameters
[0.890s] Level 1:colcon.colcon_core.package_discovery:discover_packages(recursive) check parameters
[0.890s] Level 1:colcon.colcon_core.package_discovery:discover_packages(ignore) check parameters
[0.890s] Level 1:colcon.colcon_core.package_discovery:discover_packages(path) check parameters
[0.890s] Level 1:colcon.colcon_core.package_discovery:discover_packages(colcon_meta) discover
[0.890s] Level 1:colcon.colcon_core.package_discovery:discover_packages(recursive) discover
[0.890s] INFO:colcon.colcon_core.package_discovery:Crawling recursively for packages in '/home/cannotflypig/robokonn'
[0.890s] Level 1:colcon.colcon_core.package_identification:_identify(.) by extensions ['ignore', 'ignore_ament_install']
[0.890s] Level 1:colcon.colcon_core.package_identification:_identify(.) by extension 'ignore'
[0.890s] Level 1:colcon.colcon_core.package_identification:_identify(.) by extension 'ignore_ament_install'
[0.890s] Level 1:colcon.colcon_core.package_identification:_identify(.) by extensions ['colcon_pkg']
[0.890s] Level 1:colcon.colcon_core.package_identification:_identify(.) by extension 'colcon_pkg'
[0.891s] Level 1:colcon.colcon_core.package_identification:_identify(.) by extensions ['colcon_meta']
[0.891s] Level 1:colcon.colcon_core.package_identification:_identify(.) by extension 'colcon_meta'
[0.891s] Level 1:colcon.colcon_core.package_identification:_identify(.) by extensions ['ros']
[0.891s] Level 1:colcon.colcon_core.package_identification:_identify(.) by extension 'ros'
[0.899s] Level 1:colcon.colcon_core.package_identification:_identify(.) by extensions ['cmake', 'python']
[0.899s] Level 1:colcon.colcon_core.package_identification:_identify(.) by extension 'cmake'
[0.899s] Level 1:colcon.colcon_core.package_identification:_identify(.) by extension 'python'
[0.899s] Level 1:colcon.colcon_core.package_identification:_identify(.) by extensions ['python_setup_py']
[0.899s] Level 1:colcon.colcon_core.package_identification:_identify(.) by extension 'python_setup_py'
[0.899s] Level 1:colcon.colcon_core.package_identification:_identify(build) by extensions ['ignore', 'ignore_ament_install']
[0.899s] Level 1:colcon.colcon_core.package_identification:_identify(build) by extension 'ignore'
[0.899s] Level 1:colcon.colcon_core.package_identification:_identify(build) ignored
[0.900s] Level 1:colcon.colcon_core.package_identification:_identify(install) by extensions ['ignore', 'ignore_ament_install']
[0.900s] Level 1:colcon.colcon_core.package_identification:_identify(install) by extension 'ignore'
[0.900s] Level 1:colcon.colcon_core.package_identification:_identify(install) ignored
[0.900s] Level 1:colcon.colcon_core.package_identification:_identify(log) by extensions ['ignore', 'ignore_ament_install']
[0.900s] Level 1:colcon.colcon_core.package_identification:_identify(log) by extension 'ignore'
[0.900s] Level 1:colcon.colcon_core.package_identification:_identify(log) ignored
[0.900s] Level 1:colcon.colcon_core.package_identification:_identify(src) by extensions ['ignore', 'ignore_ament_install']
[0.900s] Level 1:colcon.colcon_core.package_identification:_identify(src) by extension 'ignore'
[0.900s] Level 1:colcon.colcon_core.package_identification:_identify(src) by extension 'ignore_ament_install'
[0.900s] Level 1:colcon.colcon_core.package_identification:_identify(src) by extensions ['colcon_pkg']
[0.900s] Level 1:colcon.colcon_core.package_identification:_identify(src) by extension 'colcon_pkg'
[0.900s] Level 1:colcon.colcon_core.package_identification:_identify(src) by extensions ['colcon_meta']
[0.901s] Level 1:colcon.colcon_core.package_identification:_identify(src) by extension 'colcon_meta'
[0.901s] Level 1:colcon.colcon_core.package_identification:_identify(src) by extensions ['ros']
[0.901s] Level 1:colcon.colcon_core.package_identification:_identify(src) by extension 'ros'
[0.901s] Level 1:colcon.colcon_core.package_identification:_identify(src) by extensions ['cmake', 'python']
[0.901s] Level 1:colcon.colcon_core.package_identification:_identify(src) by extension 'cmake'
[0.901s] Level 1:colcon.colcon_core.package_identification:_identify(src) by extension 'python'
[0.901s] Level 1:colcon.colcon_core.package_identification:_identify(src) by extensions ['python_setup_py']
[0.901s] Level 1:colcon.colcon_core.package_identification:_identify(src) by extension 'python_setup_py'
[0.901s] Level 1:colcon.colcon_core.package_identification:_identify(src/build) by extensions ['ignore', 'ignore_ament_install']
[0.901s] Level 1:colcon.colcon_core.package_identification:_identify(src/build) by extension 'ignore'
[0.901s] Level 1:colcon.colcon_core.package_identification:_identify(src/build) ignored
[0.901s] Level 1:colcon.colcon_core.package_identification:_identify(src/camera_node) by extensions ['ignore', 'ignore_ament_install']
[0.901s] Level 1:colcon.colcon_core.package_identification:_identify(src/camera_node) by extension 'ignore'
[0.901s] Level 1:colcon.colcon_core.package_identification:_identify(src/camera_node) by extension 'ignore_ament_install'
[0.902s] Level 1:colcon.colcon_core.package_identification:_identify(src/camera_node) by extensions ['colcon_pkg']
[0.902s] Level 1:colcon.colcon_core.package_identification:_identify(src/camera_node) by extension 'colcon_pkg'
[0.902s] Level 1:colcon.colcon_core.package_identification:_identify(src/camera_node) by extensions ['colcon_meta']
[0.902s] Level 1:colcon.colcon_core.package_identification:_identify(src/camera_node) by extension 'colcon_meta'
[0.902s] Level 1:colcon.colcon_core.package_identification:_identify(src/camera_node) by extensions ['ros']
[0.902s] Level 1:colcon.colcon_core.package_identification:_identify(src/camera_node) by extension 'ros'
[0.904s] DEBUG:colcon.colcon_core.package_identification:Package 'src/camera_node' with type 'ros.ament_python' and name 'camera_node'
[0.904s] Level 1:colcon.colcon_core.package_identification:_identify(src/install) by extensions ['ignore', 'ignore_ament_install']
[0.904s] Level 1:colcon.colcon_core.package_identification:_identify(src/install) by extension 'ignore'
[0.904s] Level 1:colcon.colcon_core.package_identification:_identify(src/install) ignored
[0.904s] Level 1:colcon.colcon_core.package_identification:_identify(src/interfaces) by extensions ['ignore', 'ignore_ament_install']
[0.904s] Level 1:colcon.colcon_core.package_identification:_identify(src/interfaces) by extension 'ignore'
[0.904s] Level 1:colcon.colcon_core.package_identification:_identify(src/interfaces) by extension 'ignore_ament_install'
[0.904s] Level 1:colcon.colcon_core.package_identification:_identify(src/interfaces) by extensions ['colcon_pkg']
[0.904s] Level 1:colcon.colcon_core.package_identification:_identify(src/interfaces) by extension 'colcon_pkg'
[0.904s] Level 1:colcon.colcon_core.package_identification:_identify(src/interfaces) by extensions ['colcon_meta']
[0.904s] Level 1:colcon.colcon_core.package_identification:_identify(src/interfaces) by extension 'colcon_meta'
[0.905s] Level 1:colcon.colcon_core.package_identification:_identify(src/interfaces) by extensions ['ros']
[0.905s] Level 1:colcon.colcon_core.package_identification:_identify(src/interfaces) by extension 'ros'
[0.905s] DEBUG:colcon.colcon_core.package_identification:Package 'src/interfaces' with type 'ros.ament_cmake' and name 'interfaces'
[0.905s] Level 1:colcon.colcon_core.package_identification:_identify(src/log) by extensions ['ignore', 'ignore_ament_install']
[0.905s] Level 1:colcon.colcon_core.package_identification:_identify(src/log) by extension 'ignore'
[0.905s] Level 1:colcon.colcon_core.package_identification:_identify(src/log) ignored
[0.906s] Level 1:colcon.colcon_core.package_identification:_identify(src/main_node) by extensions ['ignore', 'ignore_ament_install']
[0.906s] Level 1:colcon.colcon_core.package_identification:_identify(src/main_node) by extension 'ignore'
[0.906s] Level 1:colcon.colcon_core.package_identification:_identify(src/main_node) by extension 'ignore_ament_install'
[0.906s] Level 1:colcon.colcon_core.package_identification:_identify(src/main_node) by extensions ['colcon_pkg']
[0.906s] Level 1:colcon.colcon_core.package_identification:_identify(src/main_node) by extension 'colcon_pkg'
[0.906s] Level 1:colcon.colcon_core.package_identification:_identify(src/main_node) by extensions ['colcon_meta']
[0.906s] Level 1:colcon.colcon_core.package_identification:_identify(src/main_node) by extension 'colcon_meta'
[0.906s] Level 1:colcon.colcon_core.package_identification:_identify(src/main_node) by extensions ['ros']
[0.906s] Level 1:colcon.colcon_core.package_identification:_identify(src/main_node) by extension 'ros'
[0.906s] DEBUG:colcon.colcon_core.package_identification:Package 'src/main_node' with type 'ros.ament_python' and name 'main_node'
[0.907s] Level 1:colcon.colcon_core.package_identification:_identify(src/motor_node) by extensions ['ignore', 'ignore_ament_install']
[0.907s] Level 1:colcon.colcon_core.package_identification:_identify(src/motor_node) by extension 'ignore'
[0.907s] Level 1:colcon.colcon_core.package_identification:_identify(src/motor_node) by extension 'ignore_ament_install'
[0.907s] Level 1:colcon.colcon_core.package_identification:_identify(src/motor_node) by extensions ['colcon_pkg']
[0.907s] Level 1:colcon.colcon_core.package_identification:_identify(src/motor_node) by extension 'colcon_pkg'
[0.907s] Level 1:colcon.colcon_core.package_identification:_identify(src/motor_node) by extensions ['colcon_meta']
[0.907s] Level 1:colcon.colcon_core.package_identification:_identify(src/motor_node) by extension 'colcon_meta'
[0.907s] Level 1:colcon.colcon_core.package_identification:_identify(src/motor_node) by extensions ['ros']
[0.907s] Level 1:colcon.colcon_core.package_identification:_identify(src/motor_node) by extension 'ros'
[0.908s] DEBUG:colcon.colcon_core.package_identification:Package 'src/motor_node' with type 'ros.ament_python' and name 'motor_node'
[0.908s] Level 1:colcon.colcon_core.package_identification:_identify(src/sensor_node) by extensions ['ignore', 'ignore_ament_install']
[0.908s] Level 1:colcon.colcon_core.package_identification:_identify(src/sensor_node) by extension 'ignore'
[0.908s] Level 1:colcon.colcon_core.package_identification:_identify(src/sensor_node) by extension 'ignore_ament_install'
[0.908s] Level 1:colcon.colcon_core.package_identification:_identify(src/sensor_node) by extensions ['colcon_pkg']
[0.908s] Level 1:colcon.colcon_core.package_identification:_identify(src/sensor_node) by extension 'colcon_pkg'
[0.908s] Level 1:colcon.colcon_core.package_identification:_identify(src/sensor_node) by extensions ['colcon_meta']
[0.908s] Level 1:colcon.colcon_core.package_identification:_identify(src/sensor_node) by extension 'colcon_meta'
[0.908s] Level 1:colcon.colcon_core.package_identification:_identify(src/sensor_node) by extensions ['ros']
[0.908s] Level 1:colcon.colcon_core.package_identification:_identify(src/sensor_node) by extension 'ros'
[0.908s] DEBUG:colcon.colcon_core.package_identification:Package 'src/sensor_node' with type 'ros.ament_python' and name 'sensor_node'
[0.909s] Level 1:colcon.colcon_core.package_discovery:discover_packages(recursive) using defaults
[0.909s] Level 1:colcon.colcon_core.package_discovery:discover_packages(ignore) discover
[0.909s] Level 1:colcon.colcon_core.package_discovery:discover_packages(ignore) using defaults
[0.909s] Level 1:colcon.colcon_core.package_discovery:discover_packages(path) discover
[0.909s] Level 1:colcon.colcon_core.package_discovery:discover_packages(path) using defaults
[0.983s] Level 1:colcon.colcon_core.package_discovery:discover_packages(prefix_path) check parameters
[0.983s] Level 1:colcon.colcon_core.package_discovery:discover_packages(prefix_path) discover
[1.008s] DEBUG:colcon.colcon_installed_package_information.package_discovery:Found 271 installed packages in /opt/ros/humble
[1.010s] Level 1:colcon.colcon_core.package_discovery:discover_packages(prefix_path) using defaults
[1.082s] Level 5:colcon.colcon_core.verb:set package 'camera_node' build argument 'cmake_args' from command line to 'None'
[1.082s] Level 5:colcon.colcon_core.verb:set package 'camera_node' build argument 'cmake_target' from command line to 'None'
[1.082s] Level 5:colcon.colcon_core.verb:set package 'camera_node' build argument 'cmake_target_skip_unavailable' from command line to 'False'
[1.082s] Level 5:colcon.colcon_core.verb:set package 'camera_node' build argument 'cmake_clean_cache' from command line to 'False'
[1.082s] Level 5:colcon.colcon_core.verb:set package 'camera_node' build argument 'cmake_clean_first' from command line to 'False'
[1.082s] Level 5:colcon.colcon_core.verb:set package 'camera_node' build argument 'cmake_force_configure' from command line to 'False'
[1.082s] Level 5:colcon.colcon_core.verb:set package 'camera_node' build argument 'ament_cmake_args' from command line to 'None'
[1.082s] Level 5:colcon.colcon_core.verb:set package 'camera_node' build argument 'catkin_cmake_args' from command line to 'None'
[1.082s] Level 5:colcon.colcon_core.verb:set package 'camera_node' build argument 'catkin_skip_building_tests' from command line to 'False'
[1.082s] DEBUG:colcon.colcon_core.verb:Building package 'camera_node' with the following arguments: {'ament_cmake_args': None, 'build_base': '/home/cannotflypig/robokonn/build/camera_node', 'catkin_cmake_args': None, 'catkin_skip_building_tests': False, 'cmake_args': None, 'cmake_clean_cache': False, 'cmake_clean_first': False, 'cmake_force_configure': False, 'cmake_target': None, 'cmake_target_skip_unavailable': False, 'install_base': '/home/cannotflypig/robokonn/install/camera_node', 'merge_install': False, 'path': '/home/cannotflypig/robokonn/src/camera_node', 'symlink_install': False, 'test_result_base': None}
[1.093s] Level 5:colcon.colcon_core.verb:set package 'interfaces' build argument 'cmake_args' from command line to 'None'
[1.093s] Level 5:colcon.colcon_core.verb:set package 'interfaces' build argument 'cmake_target' from command line to 'None'
[1.093s] Level 5:colcon.colcon_core.verb:set package 'interfaces' build argument 'cmake_target_skip_unavailable' from command line to 'False'
[1.093s] Level 5:colcon.colcon_core.verb:set package 'interfaces' build argument 'cmake_clean_cache' from command line to 'False'
[1.093s] Level 5:colcon.colcon_core.verb:set package 'interfaces' build argument 'cmake_clean_first' from command line to 'False'
[1.093s] Level 5:colcon.colcon_core.verb:set package 'interfaces' build argument 'cmake_force_configure' from command line to 'False'
[1.093s] Level 5:colcon.colcon_core.verb:set package 'interfaces' build argument 'ament_cmake_args' from command line to 'None'
[1.093s] Level 5:colcon.colcon_core.verb:set package 'interfaces' build argument 'catkin_cmake_args' from command line to 'None'
[1.093s] Level 5:colcon.colcon_core.verb:set package 'interfaces' build argument 'catkin_skip_building_tests' from command line to 'False'
[1.093s] DEBUG:colcon.colcon_core.verb:Building package 'interfaces' with the following arguments: {'ament_cmake_args': None, 'build_base': '/home/cannotflypig/robokonn/build/interfaces', 'catkin_cmake_args': None, 'catkin_skip_building_tests': False, 'cmake_args': None, 'cmake_clean_cache': False, 'cmake_clean_first': False, 'cmake_force_configure': False, 'cmake_target': None, 'cmake_target_skip_unavailable': False, 'install_base': '/home/cannotflypig/robokonn/install/interfaces', 'merge_install': False, 'path': '/home/cannotflypig/robokonn/src/interfaces', 'symlink_install': False, 'test_result_base': None}
[1.104s] Level 5:colcon.colcon_core.verb:set package 'main_node' build argument 'cmake_args' from command line to 'None'
[1.104s] Level 5:colcon.colcon_core.verb:set package 'main_node' build argument 'cmake_target' from command line to 'None'
[1.104s] Level 5:colcon.colcon_core.verb:set package 'main_node' build argument 'cmake_target_skip_unavailable' from command line to 'False'
[1.104s] Level 5:colcon.colcon_core.verb:set package 'main_node' build argument 'cmake_clean_cache' from command line to 'False'
[1.104s] Level 5:colcon.colcon_core.verb:set package 'main_node' build argument 'cmake_clean_first' from command line to 'False'
[1.104s] Level 5:colcon.colcon_core.verb:set package 'main_node' build argument 'cmake_force_configure' from command line to 'False'
[1.104s] Level 5:colcon.colcon_core.verb:set package 'main_node' build argument 'ament_cmake_args' from command line to 'None'
[1.104s] Level 5:colcon.colcon_core.verb:set package 'main_node' build argument 'catkin_cmake_args' from command line to 'None'
[1.104s] Level 5:colcon.colcon_core.verb:set package 'main_node' build argument 'catkin_skip_building_tests' from command line to 'False'
[1.104s] DEBUG:colcon.colcon_core.verb:Building package 'main_node' with the following arguments: {'ament_cmake_args': None, 'build_base': '/home/cannotflypig/robokonn/build/main_node', 'catkin_cmake_args': None, 'catkin_skip_building_tests': False, 'cmake_args': None, 'cmake_clean_cache': False, 'cmake_clean_first': False, 'cmake_force_configure': False, 'cmake_target': None, 'cmake_target_skip_unavailable': False, 'install_base': '/home/cannotflypig/robokonn/install/main_node', 'merge_install': False, 'path': '/home/cannotflypig/robokonn/src/main_node', 'symlink_install': False, 'test_result_base': None}
[1.115s] Level 5:colcon.colcon_core.verb:set package 'motor_node' build argument 'cmake_args' from command line to 'None'
[1.115s] Level 5:colcon.colcon_core.verb:set package 'motor_node' build argument 'cmake_target' from command line to 'None'
[1.115s] Level 5:colcon.colcon_core.verb:set package 'motor_node' build argument 'cmake_target_skip_unavailable' from command line to 'False'
[1.115s] Level 5:colcon.colcon_core.verb:set package 'motor_node' build argument 'cmake_clean_cache' from command line to 'False'
[1.115s] Level 5:colcon.colcon_core.verb:set package 'motor_node' build argument 'cmake_clean_first' from command line to 'False'
[1.115s] Level 5:colcon.colcon_core.verb:set package 'motor_node' build argument 'cmake_force_configure' from command line to 'False'
[1.115s] Level 5:colcon.colcon_core.verb:set package 'motor_node' build argument 'ament_cmake_args' from command line to 'None'
[1.115s] Level 5:colcon.colcon_core.verb:set package 'motor_node' build argument 'catkin_cmake_args' from command line to 'None'
[1.115s] Level 5:colcon.colcon_core.verb:set package 'motor_node' build argument 'catkin_skip_building_tests' from command line to 'False'
[1.115s] DEBUG:colcon.colcon_core.verb:Building package 'motor_node' with the following arguments: {'ament_cmake_args': None, 'build_base': '/home/cannotflypig/robokonn/build/motor_node', 'catkin_cmake_args': None, 'catkin_skip_building_tests': False, 'cmake_args': None, 'cmake_clean_cache': False, 'cmake_clean_first': False, 'cmake_force_configure': False, 'cmake_target': None, 'cmake_target_skip_unavailable': False, 'install_base': '/home/cannotflypig/robokonn/install/motor_node', 'merge_install': False, 'path': '/home/cannotflypig/robokonn/src/motor_node', 'symlink_install': False, 'test_result_base': None}
[1.126s] Level 5:colcon.colcon_core.verb:set package 'sensor_node' build argument 'cmake_args' from command line to 'None'
[1.126s] Level 5:colcon.colcon_core.verb:set package 'sensor_node' build argument 'cmake_target' from command line to 'None'
[1.126s] Level 5:colcon.colcon_core.verb:set package 'sensor_node' build argument 'cmake_target_skip_unavailable' from command line to 'False'
[1.126s] Level 5:colcon.colcon_core.verb:set package 'sensor_node' build argument 'cmake_clean_cache' from command line to 'False'
[1.126s] Level 5:colcon.colcon_core.verb:set package 'sensor_node' build argument 'cmake_clean_first' from command line to 'False'
[1.126s] Level 5:colcon.colcon_core.verb:set package 'sensor_node' build argument 'cmake_force_configure' from command line to 'False'
[1.126s] Level 5:colcon.colcon_core.verb:set package 'sensor_node' build argument 'ament_cmake_args' from command line to 'None'
[1.126s] Level 5:colcon.colcon_core.verb:set package 'sensor_node' build argument 'catkin_cmake_args' from command line to 'None'
[1.126s] Level 5:colcon.colcon_core.verb:set package 'sensor_node' build argument 'catkin_skip_building_tests' from command line to 'False'
[1.126s] DEBUG:colcon.colcon_core.verb:Building package 'sensor_node' with the following arguments: {'ament_cmake_args': None, 'build_base': '/home/cannotflypig/robokonn/build/sensor_node', 'catkin_cmake_args': None, 'catkin_skip_building_tests': False, 'cmake_args': None, 'cmake_clean_cache': False, 'cmake_clean_first': False, 'cmake_force_configure': False, 'cmake_target': None, 'cmake_target_skip_unavailable': False, 'install_base': '/home/cannotflypig/robokonn/install/sensor_node', 'merge_install': False, 'path': '/home/cannotflypig/robokonn/src/sensor_node', 'symlink_install': False, 'test_result_base': None}
[1.136s] INFO:colcon.colcon_core.executor:Executing jobs using 'parallel' executor
[1.148s] DEBUG:colcon.colcon_parallel_executor.executor.parallel:run_until_complete
[1.149s] INFO:colcon.colcon_ros.task.ament_python.build:Building ROS package in '/home/cannotflypig/robokonn/src/camera_node' with build type 'ament_python'
[1.149s] Level 1:colcon.colcon_core.shell:create_environment_hook('camera_node', 'ament_prefix_path')
[1.162s] INFO:colcon.colcon_core.plugin_system:Skipping extension 'colcon_core.shell.bat': Not used on non-Windows systems
[1.162s] INFO:colcon.colcon_core.shell:Creating environment hook '/home/cannotflypig/robokonn/install/camera_node/share/camera_node/hook/ament_prefix_path.ps1'
[1.163s] INFO:colcon.colcon_core.shell:Creating environment descriptor '/home/cannotflypig/robokonn/install/camera_node/share/camera_node/hook/ament_prefix_path.dsv'
[1.163s] INFO:colcon.colcon_core.shell:Creating environment hook '/home/cannotflypig/robokonn/install/camera_node/share/camera_node/hook/ament_prefix_path.sh'
[1.175s] INFO:colcon.colcon_core.shell:Skip shell extension 'powershell' for command environment: Not usable outside of PowerShell
[1.175s] DEBUG:colcon.colcon_core.shell:Skip shell extension 'dsv' for command environment
[1.200s] INFO:colcon.colcon_ros.task.ament_cmake.build:Building ROS package in '/home/cannotflypig/robokonn/src/interfaces' with build type 'ament_cmake'
[1.201s] INFO:colcon.colcon_cmake.task.cmake.build:Building CMake package in '/home/cannotflypig/robokonn/src/interfaces'
[1.212s] INFO:colcon.colcon_core.shell:Skip shell extension 'powershell' for command environment: Not usable outside of PowerShell
[1.212s] DEBUG:colcon.colcon_core.shell:Skip shell extension 'dsv' for command environment
[1.236s] INFO:colcon.colcon_ros.task.ament_python.build:Building ROS package in '/home/cannotflypig/robokonn/src/main_node' with build type 'ament_python'
[1.237s] Level 1:colcon.colcon_core.shell:create_environment_hook('main_node', 'ament_prefix_path')
[1.248s] INFO:colcon.colcon_core.shell:Creating environment hook '/home/cannotflypig/robokonn/install/main_node/share/main_node/hook/ament_prefix_path.ps1'
[1.249s] INFO:colcon.colcon_core.shell:Creating environment descriptor '/home/cannotflypig/robokonn/install/main_node/share/main_node/hook/ament_prefix_path.dsv'
[1.249s] INFO:colcon.colcon_core.shell:Creating environment hook '/home/cannotflypig/robokonn/install/main_node/share/main_node/hook/ament_prefix_path.sh'
[1.262s] INFO:colcon.colcon_core.shell:Skip shell extension 'powershell' for command environment: Not usable outside of PowerShell
[1.262s] DEBUG:colcon.colcon_core.shell:Skip shell extension 'dsv' for command environment
[1.285s] INFO:colcon.colcon_ros.task.ament_python.build:Building ROS package in '/home/cannotflypig/robokonn/src/motor_node' with build type 'ament_python'
[1.285s] Level 1:colcon.colcon_core.shell:create_environment_hook('motor_node', 'ament_prefix_path')
[1.296s] INFO:colcon.colcon_core.shell:Creating environment hook '/home/cannotflypig/robokonn/install/motor_node/share/motor_node/hook/ament_prefix_path.ps1'
[1.296s] INFO:colcon.colcon_core.shell:Creating environment descriptor '/home/cannotflypig/robokonn/install/motor_node/share/motor_node/hook/ament_prefix_path.dsv'
[1.296s] INFO:colcon.colcon_core.shell:Creating environment hook '/home/cannotflypig/robokonn/install/motor_node/share/motor_node/hook/ament_prefix_path.sh'
[1.308s] INFO:colcon.colcon_core.shell:Skip shell extension 'powershell' for command environment: Not usable outside of PowerShell
[1.308s] DEBUG:colcon.colcon_core.shell:Skip shell extension 'dsv' for command environment
[1.331s] INFO:colcon.colcon_ros.task.ament_python.build:Building ROS package in '/home/cannotflypig/robokonn/src/sensor_node' with build type 'ament_python'
[1.332s] Level 1:colcon.colcon_core.shell:create_environment_hook('sensor_node', 'ament_prefix_path')
[1.343s] INFO:colcon.colcon_core.shell:Creating environment hook '/home/cannotflypig/robokonn/install/sensor_node/share/sensor_node/hook/ament_prefix_path.ps1'
[1.343s] INFO:colcon.colcon_core.shell:Creating environment descriptor '/home/cannotflypig/robokonn/install/sensor_node/share/sensor_node/hook/ament_prefix_path.dsv'
[1.343s] INFO:colcon.colcon_core.shell:Creating environment hook '/home/cannotflypig/robokonn/install/sensor_node/share/sensor_node/hook/ament_prefix_path.sh'
[1.356s] INFO:colcon.colcon_core.shell:Skip shell extension 'powershell' for command environment: Not usable outside of PowerShell
[1.356s] DEBUG:colcon.colcon_core.shell:Skip shell extension 'dsv' for command environment
[1.580s] INFO:colcon.colcon_core.task.python.build:Building Python package in '/home/cannotflypig/robokonn/src/camera_node'
[1.592s] INFO:colcon.colcon_core.shell:Skip shell extension 'powershell' for command environment: Not usable outside of PowerShell
[1.592s] DEBUG:colcon.colcon_core.shell:Skip shell extension 'dsv' for command environment
[1.620s] DEBUG:colcon.colcon_core.event_handler.log_command:Invoking command in '/home/cannotflypig/robokonn/build/interfaces': CMAKE_PREFIX_PATH=/opt/ros/humble /usr/bin/cmake /home/cannotflypig/robokonn/src/interfaces -DCMAKE_INSTALL_PREFIX=/home/cannotflypig/robokonn/install/interfaces
[1.808s] INFO:colcon.colcon_core.task.python.build:Building Python package in '/home/cannotflypig/robokonn/src/main_node'
[1.819s] INFO:colcon.colcon_core.shell:Skip shell extension 'powershell' for command environment: Not usable outside of PowerShell
[1.819s] DEBUG:colcon.colcon_core.shell:Skip shell extension 'dsv' for command environment
[2.070s] INFO:colcon.colcon_core.task.python.build:Building Python package in '/home/cannotflypig/robokonn/src/motor_node'
[2.082s] INFO:colcon.colcon_core.shell:Skip shell extension 'powershell' for command environment: Not usable outside of PowerShell
[2.082s] DEBUG:colcon.colcon_core.shell:Skip shell extension 'dsv' for command environment
[2.317s] INFO:colcon.colcon_core.task.python.build:Building Python package in '/home/cannotflypig/robokonn/src/sensor_node'
[2.329s] INFO:colcon.colcon_core.shell:Skip shell extension 'powershell' for command environment: Not usable outside of PowerShell
[2.329s] DEBUG:colcon.colcon_core.shell:Skip shell extension 'dsv' for command environment
[2.696s] DEBUG:colcon.colcon_core.event_handler.log_command:Invoking command in '/home/cannotflypig/robokonn/src/camera_node': PYTHONPATH=/home/cannotflypig/robokonn/build/camera_node/prefix_override:/home/cannotflypig/robokonn/install/camera_node/lib/python3.10/site-packages:${PYTHONPATH} /usr/bin/python3 setup.py egg_info --egg-base ../../build/camera_node build --build-base /home/cannotflypig/robokonn/build/camera_node/build install --record /home/cannotflypig/robokonn/build/camera_node/install.log --single-version-externally-managed
[2.704s] DEBUG:colcon.colcon_core.event_handler.log_command:Invoking command in '/home/cannotflypig/robokonn/src/main_node': PYTHONPATH=/home/cannotflypig/robokonn/build/main_node/prefix_override:/home/cannotflypig/robokonn/install/main_node/lib/python3.10/site-packages:${PYTHONPATH} /usr/bin/python3 setup.py egg_info --egg-base ../../build/main_node build --build-base /home/cannotflypig/robokonn/build/main_node/build install --record /home/cannotflypig/robokonn/build/main_node/install.log --single-version-externally-managed
[2.717s] DEBUG:colcon.colcon_core.event_handler.log_command:Invoking command in '/home/cannotflypig/robokonn/src/motor_node': PYTHONPATH=/home/cannotflypig/robokonn/build/motor_node/prefix_override:/home/cannotflypig/robokonn/install/motor_node/lib/python3.10/site-packages:${PYTHONPATH} /usr/bin/python3 setup.py egg_info --egg-base ../../build/motor_node build --build-base /home/cannotflypig/robokonn/build/motor_node/build install --record /home/cannotflypig/robokonn/build/motor_node/install.log --single-version-externally-managed
[2.720s] DEBUG:colcon.colcon_core.event_handler.log_command:Invoking command in '/home/cannotflypig/robokonn/src/sensor_node': PYTHONPATH=/home/cannotflypig/robokonn/build/sensor_node/prefix_override:/home/cannotflypig/robokonn/install/sensor_node/lib/python3.10/site-packages:${PYTHONPATH} /usr/bin/python3 setup.py egg_info --egg-base ../../build/sensor_node build --build-base /home/cannotflypig/robokonn/build/sensor_node/build install --record /home/cannotflypig/robokonn/build/sensor_node/install.log --single-version-externally-managed
[2.988s] DEBUG:colcon.colcon_core.event_handler.log_command:Invoked command in '/home/cannotflypig/robokonn/src/main_node' returned '0': PYTHONPATH=/home/cannotflypig/robokonn/build/main_node/prefix_override:/home/cannotflypig/robokonn/install/main_node/lib/python3.10/site-packages:${PYTHONPATH} /usr/bin/python3 setup.py egg_info --egg-base ../../build/main_node build --build-base /home/cannotflypig/robokonn/build/main_node/build install --record /home/cannotflypig/robokonn/build/main_node/install.log --single-version-externally-managed
[3.004s] Level 1:colcon.colcon_core.environment:checking '/home/cannotflypig/robokonn/install/main_node' for CMake module files
[3.004s] Level 1:colcon.colcon_core.environment:checking '/home/cannotflypig/robokonn/install/main_node' for CMake config files
[3.005s] Level 1:colcon.colcon_core.environment:checking '/home/cannotflypig/robokonn/install/main_node/lib'
[3.005s] Level 1:colcon.colcon_core.environment:checking '/home/cannotflypig/robokonn/install/main_node/bin'
[3.005s] Level 1:colcon.colcon_core.environment:checking '/home/cannotflypig/robokonn/install/main_node/lib/pkgconfig/main_node.pc'
[3.005s] Level 1:colcon.colcon_core.environment:checking '/home/cannotflypig/robokonn/install/main_node/lib/python3.10/site-packages'
[3.005s] Level 1:colcon.colcon_core.shell:create_environment_hook('main_node', 'pythonpath')
[3.018s] INFO:colcon.colcon_core.shell:Creating environment hook '/home/cannotflypig/robokonn/install/main_node/share/main_node/hook/pythonpath.ps1'
[3.018s] INFO:colcon.colcon_core.shell:Creating environment descriptor '/home/cannotflypig/robokonn/install/main_node/share/main_node/hook/pythonpath.dsv'
[3.018s] INFO:colcon.colcon_core.shell:Creating environment hook '/home/cannotflypig/robokonn/install/main_node/share/main_node/hook/pythonpath.sh'
[3.019s] Level 1:colcon.colcon_core.environment:checking '/home/cannotflypig/robokonn/install/main_node/bin'
[3.019s] Level 1:colcon.colcon_core.environment:create_environment_scripts_only(main_node)
[3.033s] INFO:colcon.colcon_core.shell:Creating package script '/home/cannotflypig/robokonn/install/main_node/share/main_node/package.ps1'
[3.034s] INFO:colcon.colcon_core.shell:Creating package descriptor '/home/cannotflypig/robokonn/install/main_node/share/main_node/package.dsv'
[3.034s] INFO:colcon.colcon_core.shell:Creating package script '/home/cannotflypig/robokonn/install/main_node/share/main_node/package.sh'
[3.035s] INFO:colcon.colcon_core.shell:Creating package script '/home/cannotflypig/robokonn/install/main_node/share/main_node/package.bash'
[3.036s] INFO:colcon.colcon_core.shell:Creating package script '/home/cannotflypig/robokonn/install/main_node/share/main_node/package.zsh'
[3.036s] Level 1:colcon.colcon_core.environment:create_file_with_runtime_dependencies(/home/cannotflypig/robokonn/install/main_node/share/colcon-core/packages/main_node)
[3.041s] DEBUG:colcon.colcon_core.event_handler.log_command:Invoked command in '/home/cannotflypig/robokonn/src/camera_node' returned '0': PYTHONPATH=/home/cannotflypig/robokonn/build/camera_node/prefix_override:/home/cannotflypig/robokonn/install/camera_node/lib/python3.10/site-packages:${PYTHONPATH} /usr/bin/python3 setup.py egg_info --egg-base ../../build/camera_node build --build-base /home/cannotflypig/robokonn/build/camera_node/build install --record /home/cannotflypig/robokonn/build/camera_node/install.log --single-version-externally-managed
[3.055s] Level 1:colcon.colcon_core.environment:checking '/home/cannotflypig/robokonn/install/camera_node' for CMake module files
[3.056s] Level 1:colcon.colcon_core.environment:checking '/home/cannotflypig/robokonn/install/camera_node' for CMake config files
[3.057s] Level 1:colcon.colcon_core.environment:checking '/home/cannotflypig/robokonn/install/camera_node/lib'
[3.057s] Level 1:colcon.colcon_core.environment:checking '/home/cannotflypig/robokonn/install/camera_node/bin'
[3.057s] Level 1:colcon.colcon_core.environment:checking '/home/cannotflypig/robokonn/install/camera_node/lib/pkgconfig/camera_node.pc'
[3.057s] Level 1:colcon.colcon_core.environment:checking '/home/cannotflypig/robokonn/install/camera_node/lib/python3.10/site-packages'
[3.057s] Level 1:colcon.colcon_core.shell:create_environment_hook('camera_node', 'pythonpath')
[3.068s] INFO:colcon.colcon_core.shell:Creating environment hook '/home/cannotflypig/robokonn/install/camera_node/share/camera_node/hook/pythonpath.ps1'
[3.068s] INFO:colcon.colcon_core.shell:Creating environment descriptor '/home/cannotflypig/robokonn/install/camera_node/share/camera_node/hook/pythonpath.dsv'
[3.069s] INFO:colcon.colcon_core.shell:Creating environment hook '/home/cannotflypig/robokonn/install/camera_node/share/camera_node/hook/pythonpath.sh'
[3.069s] Level 1:colcon.colcon_core.environment:checking '/home/cannotflypig/robokonn/install/camera_node/bin'
[3.069s] Level 1:colcon.colcon_core.environment:create_environment_scripts_only(camera_node)
[3.080s] INFO:colcon.colcon_core.shell:Creating package script '/home/cannotflypig/robokonn/install/camera_node/share/camera_node/package.ps1'
[3.081s] INFO:colcon.colcon_core.shell:Creating package descriptor '/home/cannotflypig/robokonn/install/camera_node/share/camera_node/package.dsv'
[3.081s] INFO:colcon.colcon_core.shell:Creating package script '/home/cannotflypig/robokonn/install/camera_node/share/camera_node/package.sh'
[3.082s] INFO:colcon.colcon_core.shell:Creating package script '/home/cannotflypig/robokonn/install/camera_node/share/camera_node/package.bash'
[3.082s] INFO:colcon.colcon_core.shell:Creating package script '/home/cannotflypig/robokonn/install/camera_node/share/camera_node/package.zsh'
[3.082s] Level 1:colcon.colcon_core.environment:create_file_with_runtime_dependencies(/home/cannotflypig/robokonn/install/camera_node/share/colcon-core/packages/camera_node)
[3.084s] DEBUG:colcon.colcon_core.event_handler.log_command:Invoked command in '/home/cannotflypig/robokonn/src/motor_node' returned '0': PYTHONPATH=/home/cannotflypig/robokonn/build/motor_node/prefix_override:/home/cannotflypig/robokonn/install/motor_node/lib/python3.10/site-packages:${PYTHONPATH} /usr/bin/python3 setup.py egg_info --egg-base ../../build/motor_node build --build-base /home/cannotflypig/robokonn/build/motor_node/build install --record /home/cannotflypig/robokonn/build/motor_node/install.log --single-version-externally-managed
[3.097s] Level 1:colcon.colcon_core.environment:checking '/home/cannotflypig/robokonn/install/motor_node' for CMake module files
[3.097s] Level 1:colcon.colcon_core.environment:checking '/home/cannotflypig/robokonn/install/motor_node' for CMake config files
[3.097s] Level 1:colcon.colcon_core.environment:checking '/home/cannotflypig/robokonn/install/motor_node/lib'
[3.097s] Level 1:colcon.colcon_core.environment:checking '/home/cannotflypig/robokonn/install/motor_node/bin'
[3.097s] Level 1:colcon.colcon_core.environment:checking '/home/cannotflypig/robokonn/install/motor_node/lib/pkgconfig/motor_node.pc'
[3.098s] Level 1:colcon.colcon_core.environment:checking '/home/cannotflypig/robokonn/install/motor_node/lib/python3.10/site-packages'
[3.098s] Level 1:colcon.colcon_core.shell:create_environment_hook('motor_node', 'pythonpath')
[3.108s] INFO:colcon.colcon_core.shell:Creating environment hook '/home/cannotflypig/robokonn/install/motor_node/share/motor_node/hook/pythonpath.ps1'
[3.109s] INFO:colcon.colcon_core.shell:Creating environment descriptor '/home/cannotflypig/robokonn/install/motor_node/share/motor_node/hook/pythonpath.dsv'
[3.109s] INFO:colcon.colcon_core.shell:Creating environment hook '/home/cannotflypig/robokonn/install/motor_node/share/motor_node/hook/pythonpath.sh'
[3.109s] Level 1:colcon.colcon_core.environment:checking '/home/cannotflypig/robokonn/install/motor_node/bin'
[3.109s] Level 1:colcon.colcon_core.environment:create_environment_scripts_only(motor_node)
[3.120s] INFO:colcon.colcon_core.shell:Creating package script '/home/cannotflypig/robokonn/install/motor_node/share/motor_node/package.ps1'
[3.120s] INFO:colcon.colcon_core.shell:Creating package descriptor '/home/cannotflypig/robokonn/install/motor_node/share/motor_node/package.dsv'
[3.121s] INFO:colcon.colcon_core.shell:Creating package script '/home/cannotflypig/robokonn/install/motor_node/share/motor_node/package.sh'
[3.121s] INFO:colcon.colcon_core.shell:Creating package script '/home/cannotflypig/robokonn/install/motor_node/share/motor_node/package.bash'
[3.121s] INFO:colcon.colcon_core.shell:Creating package script '/home/cannotflypig/robokonn/install/motor_node/share/motor_node/package.zsh'
[3.122s] Level 1:colcon.colcon_core.environment:create_file_with_runtime_dependencies(/home/cannotflypig/robokonn/install/motor_node/share/colcon-core/packages/motor_node)
[3.124s] DEBUG:colcon.colcon_core.event_handler.log_command:Invoked command in '/home/cannotflypig/robokonn/src/sensor_node' returned '0': PYTHONPATH=/home/cannotflypig/robokonn/build/sensor_node/prefix_override:/home/cannotflypig/robokonn/install/sensor_node/lib/python3.10/site-packages:${PYTHONPATH} /usr/bin/python3 setup.py egg_info --egg-base ../../build/sensor_node build --build-base /home/cannotflypig/robokonn/build/sensor_node/build install --record /home/cannotflypig/robokonn/build/sensor_node/install.log --single-version-externally-managed
[3.136s] Level 1:colcon.colcon_core.environment:checking '/home/cannotflypig/robokonn/install/sensor_node' for CMake module files
[3.136s] Level 1:colcon.colcon_core.environment:checking '/home/cannotflypig/robokonn/install/sensor_node' for CMake config files
[3.137s] Level 1:colcon.colcon_core.environment:checking '/home/cannotflypig/robokonn/install/sensor_node/lib'
[3.137s] Level 1:colcon.colcon_core.environment:checking '/home/cannotflypig/robokonn/install/sensor_node/bin'
[3.137s] Level 1:colcon.colcon_core.environment:checking '/home/cannotflypig/robokonn/install/sensor_node/lib/pkgconfig/sensor_node.pc'
[3.137s] Level 1:colcon.colcon_core.environment:checking '/home/cannotflypig/robokonn/install/sensor_node/lib/python3.10/site-packages'
[3.137s] Level 1:colcon.colcon_core.shell:create_environment_hook('sensor_node', 'pythonpath')
[3.152s] INFO:colcon.colcon_core.shell:Creating environment hook '/home/cannotflypig/robokonn/install/sensor_node/share/sensor_node/hook/pythonpath.ps1'
[3.153s] INFO:colcon.colcon_core.shell:Creating environment descriptor '/home/cannotflypig/robokonn/install/sensor_node/share/sensor_node/hook/pythonpath.dsv'
[3.153s] INFO:colcon.colcon_core.shell:Creating environment hook '/home/cannotflypig/robokonn/install/sensor_node/share/sensor_node/hook/pythonpath.sh'
[3.153s] Level 1:colcon.colcon_core.environment:checking '/home/cannotflypig/robokonn/install/sensor_node/bin'
[3.153s] Level 1:colcon.colcon_core.environment:create_environment_scripts_only(sensor_node)
[3.169s] INFO:colcon.colcon_core.shell:Creating package script '/home/cannotflypig/robokonn/install/sensor_node/share/sensor_node/package.ps1'
[3.169s] INFO:colcon.colcon_core.shell:Creating package descriptor '/home/cannotflypig/robokonn/install/sensor_node/share/sensor_node/package.dsv'
[3.170s] INFO:colcon.colcon_core.shell:Creating package script '/home/cannotflypig/robokonn/install/sensor_node/share/sensor_node/package.sh'
[3.171s] INFO:colcon.colcon_core.shell:Creating package script '/home/cannotflypig/robokonn/install/sensor_node/share/sensor_node/package.bash'
[3.171s] INFO:colcon.colcon_core.shell:Creating package script '/home/cannotflypig/robokonn/install/sensor_node/share/sensor_node/package.zsh'
[3.172s] Level 1:colcon.colcon_core.environment:create_file_with_runtime_dependencies(/home/cannotflypig/robokonn/install/sensor_node/share/colcon-core/packages/sensor_node)
[4.569s] DEBUG:colcon.colcon_core.event_handler.log_command:Invoked command in '/home/cannotflypig/robokonn/build/interfaces' returned '0': CMAKE_PREFIX_PATH=/opt/ros/humble /usr/bin/cmake /home/cannotflypig/robokonn/src/interfaces -DCMAKE_INSTALL_PREFIX=/home/cannotflypig/robokonn/install/interfaces
[4.570s] DEBUG:colcon.colcon_core.event_handler.log_command:Invoking command in '/home/cannotflypig/robokonn/build/interfaces': CMAKE_PREFIX_PATH=/opt/ros/humble /usr/bin/cmake --build /home/cannotflypig/robokonn/build/interfaces -- -j16 -l16
[7.257s] DEBUG:colcon.colcon_core.event_handler.log_command:Invoked command in '/home/cannotflypig/robokonn/build/interfaces' returned '0': CMAKE_PREFIX_PATH=/opt/ros/humble /usr/bin/cmake --build /home/cannotflypig/robokonn/build/interfaces -- -j16 -l16
[7.321s] DEBUG:colcon.colcon_core.event_handler.log_command:Invoking command in '/home/cannotflypig/robokonn/build/interfaces': CMAKE_PREFIX_PATH=/opt/ros/humble /usr/bin/cmake --install /home/cannotflypig/robokonn/build/interfaces
[7.386s] Level 1:colcon.colcon_core.environment:create_environment_scripts_only(interfaces)
[7.387s] DEBUG:colcon.colcon_core.event_handler.log_command:Invoked command in '/home/cannotflypig/robokonn/build/interfaces' returned '0': CMAKE_PREFIX_PATH=/opt/ros/humble /usr/bin/cmake --install /home/cannotflypig/robokonn/build/interfaces
[7.399s] Level 1:colcon.colcon_core.environment:checking '/home/cannotflypig/robokonn/install/interfaces' for CMake module files
[7.400s] Level 1:colcon.colcon_core.environment:checking '/home/cannotflypig/robokonn/install/interfaces' for CMake config files
[7.400s] Level 1:colcon.colcon_core.shell:create_environment_hook('interfaces', 'cmake_prefix_path')
[7.412s] INFO:colcon.colcon_core.shell:Creating environment hook '/home/cannotflypig/robokonn/install/interfaces/share/interfaces/hook/cmake_prefix_path.ps1'
[7.413s] INFO:colcon.colcon_core.shell:Creating environment descriptor '/home/cannotflypig/robokonn/install/interfaces/share/interfaces/hook/cmake_prefix_path.dsv'
[7.413s] INFO:colcon.colcon_core.shell:Creating environment hook '/home/cannotflypig/robokonn/install/interfaces/share/interfaces/hook/cmake_prefix_path.sh'
[7.413s] Level 1:colcon.colcon_core.environment:checking '/home/cannotflypig/robokonn/install/interfaces/lib'
[7.414s] Level 1:colcon.colcon_core.shell:create_environment_hook('interfaces', 'ld_library_path_lib')
[7.426s] INFO:colcon.colcon_core.shell:Creating environment hook '/home/cannotflypig/robokonn/install/interfaces/share/interfaces/hook/ld_library_path_lib.ps1'
[7.426s] INFO:colcon.colcon_core.shell:Creating environment descriptor '/home/cannotflypig/robokonn/install/interfaces/share/interfaces/hook/ld_library_path_lib.dsv'
[7.427s] INFO:colcon.colcon_core.shell:Creating environment hook '/home/cannotflypig/robokonn/install/interfaces/share/interfaces/hook/ld_library_path_lib.sh'
[7.427s] Level 1:colcon.colcon_core.environment:checking '/home/cannotflypig/robokonn/install/interfaces/bin'
[7.427s] Level 1:colcon.colcon_core.environment:checking '/home/cannotflypig/robokonn/install/interfaces/lib/pkgconfig/interfaces.pc'
[7.427s] Level 1:colcon.colcon_core.environment:checking '/home/cannotflypig/robokonn/install/interfaces/lib/python3.10/site-packages'
[7.427s] Level 1:colcon.colcon_core.environment:checking '/home/cannotflypig/robokonn/install/interfaces/bin'
[7.440s] INFO:colcon.colcon_core.shell:Creating package script '/home/cannotflypig/robokonn/install/interfaces/share/interfaces/package.ps1'
[7.441s] INFO:colcon.colcon_core.shell:Creating package descriptor '/home/cannotflypig/robokonn/install/interfaces/share/interfaces/package.dsv'
[7.441s] INFO:colcon.colcon_core.shell:Creating package script '/home/cannotflypig/robokonn/install/interfaces/share/interfaces/package.sh'
[7.442s] INFO:colcon.colcon_core.shell:Creating package script '/home/cannotflypig/robokonn/install/interfaces/share/interfaces/package.bash'
[7.442s] INFO:colcon.colcon_core.shell:Creating package script '/home/cannotflypig/robokonn/install/interfaces/share/interfaces/package.zsh'
[7.443s] Level 1:colcon.colcon_core.environment:create_file_with_runtime_dependencies(/home/cannotflypig/robokonn/install/interfaces/share/colcon-core/packages/interfaces)
[7.516s] Level 1:colcon.colcon_core.environment:create_environment_scripts_only(interfaces)
[7.527s] Level 1:colcon.colcon_core.environment:checking '/home/cannotflypig/robokonn/install/interfaces' for CMake module files
[7.528s] Level 1:colcon.colcon_core.environment:checking '/home/cannotflypig/robokonn/install/interfaces' for CMake config files
[7.528s] Level 1:colcon.colcon_core.shell:create_environment_hook('interfaces', 'cmake_prefix_path')
[7.541s] INFO:colcon.colcon_core.shell:Creating environment hook '/home/cannotflypig/robokonn/install/interfaces/share/interfaces/hook/cmake_prefix_path.ps1'
[7.541s] INFO:colcon.colcon_core.shell:Creating environment descriptor '/home/cannotflypig/robokonn/install/interfaces/share/interfaces/hook/cmake_prefix_path.dsv'
[7.541s] INFO:colcon.colcon_core.shell:Creating environment hook '/home/cannotflypig/robokonn/install/interfaces/share/interfaces/hook/cmake_prefix_path.sh'
[7.542s] Level 1:colcon.colcon_core.environment:checking '/home/cannotflypig/robokonn/install/interfaces/lib'
[7.542s] Level 1:colcon.colcon_core.shell:create_environment_hook('interfaces', 'ld_library_path_lib')
[7.556s] INFO:colcon.colcon_core.shell:Creating environment hook '/home/cannotflypig/robokonn/install/interfaces/share/interfaces/hook/ld_library_path_lib.ps1'
[7.556s] INFO:colcon.colcon_core.shell:Creating environment descriptor '/home/cannotflypig/robokonn/install/interfaces/share/interfaces/hook/ld_library_path_lib.dsv'
[7.557s] INFO:colcon.colcon_core.shell:Creating environment hook '/home/cannotflypig/robokonn/install/interfaces/share/interfaces/hook/ld_library_path_lib.sh'
[7.557s] Level 1:colcon.colcon_core.environment:checking '/home/cannotflypig/robokonn/install/interfaces/bin'
[7.557s] Level 1:colcon.colcon_core.environment:checking '/home/cannotflypig/robokonn/install/interfaces/lib/pkgconfig/interfaces.pc'
[7.557s] Level 1:colcon.colcon_core.environment:checking '/home/cannotflypig/robokonn/install/interfaces/lib/python3.10/site-packages'
[7.558s] Level 1:colcon.colcon_core.environment:checking '/home/cannotflypig/robokonn/install/interfaces/bin'
[7.573s] INFO:colcon.colcon_core.shell:Creating package script '/home/cannotflypig/robokonn/install/interfaces/share/interfaces/package.ps1'
[7.573s] INFO:colcon.colcon_core.shell:Creating package descriptor '/home/cannotflypig/robokonn/install/interfaces/share/interfaces/package.dsv'
[7.574s] INFO:colcon.colcon_core.shell:Creating package script '/home/cannotflypig/robokonn/install/interfaces/share/interfaces/package.sh'
[7.574s] INFO:colcon.colcon_core.shell:Creating package script '/home/cannotflypig/robokonn/install/interfaces/share/interfaces/package.bash'
[7.575s] INFO:colcon.colcon_core.shell:Creating package script '/home/cannotflypig/robokonn/install/interfaces/share/interfaces/package.zsh'
[7.575s] Level 1:colcon.colcon_core.environment:create_file_with_runtime_dependencies(/home/cannotflypig/robokonn/install/interfaces/share/colcon-core/packages/interfaces)
[7.576s] DEBUG:colcon.colcon_parallel_executor.executor.parallel:closing loop
[7.576s] DEBUG:colcon.colcon_parallel_executor.executor.parallel:loop closed
[7.577s] DEBUG:colcon.colcon_parallel_executor.executor.parallel:run_until_complete finished with '0'
[7.577s] DEBUG:colcon.colcon_core.event_reactor:joining thread
[7.637s] INFO:colcon.colcon_core.plugin_system:Skipping extension 'colcon_notification.desktop_notification.notify_send': Could not find 'notify-send'
[7.637s] INFO:colcon.colcon_core.plugin_system:Skipping extension 'colcon_notification.desktop_notification.terminal_notifier': Not used on non-Darwin systems
[7.637s] INFO:colcon.colcon_core.plugin_system:Skipping extension 'colcon_notification.desktop_notification.win32': Not used on non-Windows systems
[7.637s] INFO:colcon.colcon_notification.desktop_notification:Sending desktop notification using 'notify2'
[7.638s] DEBUG:colcon.colcon_notification.desktop_notification.notify2:Failed to initialize notify2: org.freedesktop.DBus.Error.FileNotFound: Failed to connect to socket /run/user/1000/bus: No such file or directory
[7.638s] DEBUG:colcon.colcon_core.event_reactor:joined thread
[7.651s] INFO:colcon.colcon_core.shell:Creating prefix script '/home/cannotflypig/robokonn/install/local_setup.ps1'
[7.652s] INFO:colcon.colcon_core.shell:Creating prefix util module '/home/cannotflypig/robokonn/install/_local_setup_util_ps1.py'
[7.653s] INFO:colcon.colcon_core.shell:Creating prefix chain script '/home/cannotflypig/robokonn/install/setup.ps1'
[7.665s] INFO:colcon.colcon_core.shell:Creating prefix script '/home/cannotflypig/robokonn/install/local_setup.sh'
[7.665s] INFO:colcon.colcon_core.shell:Creating prefix util module '/home/cannotflypig/robokonn/install/_local_setup_util_sh.py'
[7.666s] INFO:colcon.colcon_core.shell:Creating prefix chain script '/home/cannotflypig/robokonn/install/setup.sh'
[7.683s] INFO:colcon.colcon_core.shell:Creating prefix script '/home/cannotflypig/robokonn/install/local_setup.bash'
[7.683s] INFO:colcon.colcon_core.shell:Creating prefix chain script '/home/cannotflypig/robokonn/install/setup.bash'
[7.696s] INFO:colcon.colcon_core.shell:Creating prefix script '/home/cannotflypig/robokonn/install/local_setup.zsh'
[7.696s] INFO:colcon.colcon_core.shell:Creating prefix chain script '/home/cannotflypig/robokonn/install/setup.zsh'
