[1.301s] Invoking command in '/home/cannotflypig/robokonn/src/camera_node': PYTHONPATH=/home/cannotflypig/robokonn/src/build/camera_node/prefix_override:/home/cannotflypig/robokonn/src/install/camera_node/lib/python3.10/site-packages:${PYTHONPATH} /usr/bin/python3 setup.py egg_info --egg-base ../build/camera_node build --build-base /home/cannotflypig/robokonn/src/build/camera_node/build install --record /home/cannotflypig/robokonn/src/build/camera_node/install.log --single-version-externally-managed
[1.512s] running egg_info
[1.513s] writing ../build/camera_node/camera_node.egg-info/PKG-INFO
[1.513s] writing dependency_links to ../build/camera_node/camera_node.egg-info/dependency_links.txt
[1.514s] writing entry points to ../build/camera_node/camera_node.egg-info/entry_points.txt
[1.514s] writing requirements to ../build/camera_node/camera_node.egg-info/requires.txt
[1.514s] writing top-level names to ../build/camera_node/camera_node.egg-info/top_level.txt
[1.516s] reading manifest file '../build/camera_node/camera_node.egg-info/SOURCES.txt'
[1.516s] writing manifest file '../build/camera_node/camera_node.egg-info/SOURCES.txt'
[1.516s] running build
[1.517s] running build_py
[1.517s] copying camera_node/camera_node.py -> /home/cannotflypig/robokonn/src/build/camera_node/build/lib/camera_node
[1.517s] running install
[1.517s] /usr/lib/python3/dist-packages/setuptools/command/install.py:34: SetuptoolsDeprecationWarning: setup.py install is deprecated. Use build and pip and other standards-based tools.
[1.517s]   warnings.warn(
[1.517s] running install_lib
[1.518s] copying /home/cannotflypig/robokonn/src/build/camera_node/build/lib/camera_node/camera_node.py -> /home/cannotflypig/robokonn/src/install/camera_node/lib/python3.10/site-packages/camera_node
[1.519s] byte-compiling /home/cannotflypig/robokonn/src/install/camera_node/lib/python3.10/site-packages/camera_node/camera_node.py to camera_node.cpython-310.pyc
[1.519s] running install_data
[1.520s] running install_egg_info
[1.521s] removing '/home/cannotflypig/robokonn/src/install/camera_node/lib/python3.10/site-packages/camera_node-0.0.0-py3.10.egg-info' (and everything under it)
[1.521s] Copying ../build/camera_node/camera_node.egg-info to /home/cannotflypig/robokonn/src/install/camera_node/lib/python3.10/site-packages/camera_node-0.0.0-py3.10.egg-info
[1.522s] running install_scripts
[1.543s] Installing camera_node script to /home/cannotflypig/robokonn/src/install/camera_node/lib/camera_node
[1.545s] writing list of installed files to '/home/cannotflypig/robokonn/src/build/camera_node/install.log'
[1.627s] Invoked command in '/home/cannotflypig/robokonn/src/camera_node' returned '0': PYTHONPATH=/home/cannotflypig/robokonn/src/build/camera_node/prefix_override:/home/cannotflypig/robokonn/src/install/camera_node/lib/python3.10/site-packages:${PYTHONPATH} /usr/bin/python3 setup.py egg_info --egg-base ../build/camera_node build --build-base /home/cannotflypig/robokonn/src/build/camera_node/build install --record /home/cannotflypig/robokonn/src/build/camera_node/install.log --single-version-externally-managed
