[0.845s] DEBUG:colcon:Command line arguments: ['/usr/bin/colcon', 'build']
[0.846s] DEBUG:colcon:Parsed command line arguments: Namespace(log_base=None, log_level=None, verb_name='build', build_base='build', install_base='install', merge_install=False, symlink_install=False, test_result_base=None, continue_on_error=False, executor='parallel', parallel_workers=16, event_handlers=None, ignore_user_meta=False, metas=['./colcon.meta'], base_paths=['.'], packages_ignore=None, packages_ignore_regex=None, paths=None, packages_up_to=None, packages_up_to_regex=None, packages_above=None, packages_above_and_dependencies=None, packages_above_depth=None, packages_select_by_dep=None, packages_skip_by_dep=None, packages_skip_up_to=None, packages_select_build_failed=False, packages_skip_build_finished=False, packages_select_test_failures=False, packages_skip_test_passed=False, packages_select=None, packages_skip=None, packages_select_regex=None, packages_skip_regex=None, packages_start=None, packages_end=None, allow_overriding=[], cmake_args=None, cmake_target=None, cmake_target_skip_unavailable=False, cmake_clean_cache=False, cmake_clean_first=False, cmake_force_configure=False, ament_cmake_args=None, catkin_cmake_args=None, catkin_skip_building_tests=False, verb_parser=<colcon_defaults.argument_parser.defaults.DefaultArgumentsDecorator object at 0x7f54a01fd630>, verb_extension=<colcon_core.verb.build.BuildVerb object at 0x7f54a01fec80>, main=<bound method BuildVerb.main of <colcon_core.verb.build.BuildVerb object at 0x7f54a01fec80>>)
[0.882s] Level 1:colcon.colcon_core.package_discovery:discover_packages(colcon_meta) check parameters
[0.882s] Level 1:colcon.colcon_core.package_discovery:discover_packages(recursive) check parameters
[0.882s] Level 1:colcon.colcon_core.package_discovery:discover_packages(ignore) check parameters
[0.882s] Level 1:colcon.colcon_core.package_discovery:discover_packages(path) check parameters
[0.882s] Level 1:colcon.colcon_core.package_discovery:discover_packages(colcon_meta) discover
[0.882s] Level 1:colcon.colcon_core.package_discovery:discover_packages(recursive) discover
[0.882s] INFO:colcon.colcon_core.package_discovery:Crawling recursively for packages in '/home/cannotflypig/robokonn/src'
[0.882s] Level 1:colcon.colcon_core.package_identification:_identify(.) by extensions ['ignore', 'ignore_ament_install']
[0.882s] Level 1:colcon.colcon_core.package_identification:_identify(.) by extension 'ignore'
[0.882s] Level 1:colcon.colcon_core.package_identification:_identify(.) by extension 'ignore_ament_install'
[0.883s] Level 1:colcon.colcon_core.package_identification:_identify(.) by extensions ['colcon_pkg']
[0.883s] Level 1:colcon.colcon_core.package_identification:_identify(.) by extension 'colcon_pkg'
[0.883s] Level 1:colcon.colcon_core.package_identification:_identify(.) by extensions ['colcon_meta']
[0.883s] Level 1:colcon.colcon_core.package_identification:_identify(.) by extension 'colcon_meta'
[0.883s] Level 1:colcon.colcon_core.package_identification:_identify(.) by extensions ['ros']
[0.883s] Level 1:colcon.colcon_core.package_identification:_identify(.) by extension 'ros'
[0.891s] Level 1:colcon.colcon_core.package_identification:_identify(.) by extensions ['cmake', 'python']
[0.891s] Level 1:colcon.colcon_core.package_identification:_identify(.) by extension 'cmake'
[0.892s] Level 1:colcon.colcon_core.package_identification:_identify(.) by extension 'python'
[0.892s] Level 1:colcon.colcon_core.package_identification:_identify(.) by extensions ['python_setup_py']
[0.892s] Level 1:colcon.colcon_core.package_identification:_identify(.) by extension 'python_setup_py'
[0.892s] Level 1:colcon.colcon_core.package_identification:_identify(build) by extensions ['ignore', 'ignore_ament_install']
[0.892s] Level 1:colcon.colcon_core.package_identification:_identify(build) by extension 'ignore'
[0.892s] Level 1:colcon.colcon_core.package_identification:_identify(build) ignored
[0.892s] Level 1:colcon.colcon_core.package_identification:_identify(camera_node) by extensions ['ignore', 'ignore_ament_install']
[0.892s] Level 1:colcon.colcon_core.package_identification:_identify(camera_node) by extension 'ignore'
[0.892s] Level 1:colcon.colcon_core.package_identification:_identify(camera_node) by extension 'ignore_ament_install'
[0.892s] Level 1:colcon.colcon_core.package_identification:_identify(camera_node) by extensions ['colcon_pkg']
[0.892s] Level 1:colcon.colcon_core.package_identification:_identify(camera_node) by extension 'colcon_pkg'
[0.892s] Level 1:colcon.colcon_core.package_identification:_identify(camera_node) by extensions ['colcon_meta']
[0.892s] Level 1:colcon.colcon_core.package_identification:_identify(camera_node) by extension 'colcon_meta'
[0.892s] Level 1:colcon.colcon_core.package_identification:_identify(camera_node) by extensions ['ros']
[0.892s] Level 1:colcon.colcon_core.package_identification:_identify(camera_node) by extension 'ros'
[0.894s] DEBUG:colcon.colcon_core.package_identification:Package 'camera_node' with type 'ros.ament_python' and name 'camera_node'
[0.894s] Level 1:colcon.colcon_core.package_identification:_identify(install) by extensions ['ignore', 'ignore_ament_install']
[0.894s] Level 1:colcon.colcon_core.package_identification:_identify(install) by extension 'ignore'
[0.894s] Level 1:colcon.colcon_core.package_identification:_identify(install) ignored
[0.895s] Level 1:colcon.colcon_core.package_identification:_identify(interfaces) by extensions ['ignore', 'ignore_ament_install']
[0.895s] Level 1:colcon.colcon_core.package_identification:_identify(interfaces) by extension 'ignore'
[0.895s] Level 1:colcon.colcon_core.package_identification:_identify(interfaces) by extension 'ignore_ament_install'
[0.895s] Level 1:colcon.colcon_core.package_identification:_identify(interfaces) by extensions ['colcon_pkg']
[0.895s] Level 1:colcon.colcon_core.package_identification:_identify(interfaces) by extension 'colcon_pkg'
[0.895s] Level 1:colcon.colcon_core.package_identification:_identify(interfaces) by extensions ['colcon_meta']
[0.895s] Level 1:colcon.colcon_core.package_identification:_identify(interfaces) by extension 'colcon_meta'
[0.895s] Level 1:colcon.colcon_core.package_identification:_identify(interfaces) by extensions ['ros']
[0.895s] Level 1:colcon.colcon_core.package_identification:_identify(interfaces) by extension 'ros'
[0.895s] DEBUG:colcon.colcon_core.package_identification:Package 'interfaces' with type 'ros.ament_cmake' and name 'interfaces'
[0.895s] Level 1:colcon.colcon_core.package_identification:_identify(log) by extensions ['ignore', 'ignore_ament_install']
[0.895s] Level 1:colcon.colcon_core.package_identification:_identify(log) by extension 'ignore'
[0.896s] Level 1:colcon.colcon_core.package_identification:_identify(log) ignored
[0.896s] Level 1:colcon.colcon_core.package_identification:_identify(main_node) by extensions ['ignore', 'ignore_ament_install']
[0.896s] Level 1:colcon.colcon_core.package_identification:_identify(main_node) by extension 'ignore'
[0.896s] Level 1:colcon.colcon_core.package_identification:_identify(main_node) by extension 'ignore_ament_install'
[0.896s] Level 1:colcon.colcon_core.package_identification:_identify(main_node) by extensions ['colcon_pkg']
[0.896s] Level 1:colcon.colcon_core.package_identification:_identify(main_node) by extension 'colcon_pkg'
[0.896s] Level 1:colcon.colcon_core.package_identification:_identify(main_node) by extensions ['colcon_meta']
[0.896s] Level 1:colcon.colcon_core.package_identification:_identify(main_node) by extension 'colcon_meta'
[0.896s] Level 1:colcon.colcon_core.package_identification:_identify(main_node) by extensions ['ros']
[0.896s] Level 1:colcon.colcon_core.package_identification:_identify(main_node) by extension 'ros'
[0.896s] DEBUG:colcon.colcon_core.package_identification:Package 'main_node' with type 'ros.ament_python' and name 'main_node'
[0.896s] Level 1:colcon.colcon_core.package_identification:_identify(motor_node) by extensions ['ignore', 'ignore_ament_install']
[0.896s] Level 1:colcon.colcon_core.package_identification:_identify(motor_node) by extension 'ignore'
[0.897s] Level 1:colcon.colcon_core.package_identification:_identify(motor_node) by extension 'ignore_ament_install'
[0.897s] Level 1:colcon.colcon_core.package_identification:_identify(motor_node) by extensions ['colcon_pkg']
[0.897s] Level 1:colcon.colcon_core.package_identification:_identify(motor_node) by extension 'colcon_pkg'
[0.897s] Level 1:colcon.colcon_core.package_identification:_identify(motor_node) by extensions ['colcon_meta']
[0.897s] Level 1:colcon.colcon_core.package_identification:_identify(motor_node) by extension 'colcon_meta'
[0.897s] Level 1:colcon.colcon_core.package_identification:_identify(motor_node) by extensions ['ros']
[0.897s] Level 1:colcon.colcon_core.package_identification:_identify(motor_node) by extension 'ros'
[0.897s] DEBUG:colcon.colcon_core.package_identification:Package 'motor_node' with type 'ros.ament_python' and name 'motor_node'
[0.897s] Level 1:colcon.colcon_core.package_identification:_identify(sensor_node) by extensions ['ignore', 'ignore_ament_install']
[0.897s] Level 1:colcon.colcon_core.package_identification:_identify(sensor_node) by extension 'ignore'
[0.897s] Level 1:colcon.colcon_core.package_identification:_identify(sensor_node) by extension 'ignore_ament_install'
[0.897s] Level 1:colcon.colcon_core.package_identification:_identify(sensor_node) by extensions ['colcon_pkg']
[0.897s] Level 1:colcon.colcon_core.package_identification:_identify(sensor_node) by extension 'colcon_pkg'
[0.897s] Level 1:colcon.colcon_core.package_identification:_identify(sensor_node) by extensions ['colcon_meta']
[0.897s] Level 1:colcon.colcon_core.package_identification:_identify(sensor_node) by extension 'colcon_meta'
[0.897s] Level 1:colcon.colcon_core.package_identification:_identify(sensor_node) by extensions ['ros']
[0.898s] Level 1:colcon.colcon_core.package_identification:_identify(sensor_node) by extension 'ros'
[0.898s] DEBUG:colcon.colcon_core.package_identification:Package 'sensor_node' with type 'ros.ament_python' and name 'sensor_node'
[0.898s] Level 1:colcon.colcon_core.package_discovery:discover_packages(recursive) using defaults
[0.898s] Level 1:colcon.colcon_core.package_discovery:discover_packages(ignore) discover
[0.898s] Level 1:colcon.colcon_core.package_discovery:discover_packages(ignore) using defaults
[0.898s] Level 1:colcon.colcon_core.package_discovery:discover_packages(path) discover
[0.898s] Level 1:colcon.colcon_core.package_discovery:discover_packages(path) using defaults
[0.968s] Level 1:colcon.colcon_core.package_discovery:discover_packages(prefix_path) check parameters
[0.968s] Level 1:colcon.colcon_core.package_discovery:discover_packages(prefix_path) discover
[0.990s] DEBUG:colcon.colcon_installed_package_information.package_discovery:Found 5 installed packages in /home/cannotflypig/robokonn/src/install
[1.001s] DEBUG:colcon.colcon_installed_package_information.package_discovery:Found 270 installed packages in /opt/ros/humble
[1.003s] Level 1:colcon.colcon_core.package_discovery:discover_packages(prefix_path) using defaults
[1.070s] Level 5:colcon.colcon_core.verb:set package 'camera_node' build argument 'cmake_args' from command line to 'None'
[1.070s] Level 5:colcon.colcon_core.verb:set package 'camera_node' build argument 'cmake_target' from command line to 'None'
[1.070s] Level 5:colcon.colcon_core.verb:set package 'camera_node' build argument 'cmake_target_skip_unavailable' from command line to 'False'
[1.070s] Level 5:colcon.colcon_core.verb:set package 'camera_node' build argument 'cmake_clean_cache' from command line to 'False'
[1.070s] Level 5:colcon.colcon_core.verb:set package 'camera_node' build argument 'cmake_clean_first' from command line to 'False'
[1.070s] Level 5:colcon.colcon_core.verb:set package 'camera_node' build argument 'cmake_force_configure' from command line to 'False'
[1.070s] Level 5:colcon.colcon_core.verb:set package 'camera_node' build argument 'ament_cmake_args' from command line to 'None'
[1.070s] Level 5:colcon.colcon_core.verb:set package 'camera_node' build argument 'catkin_cmake_args' from command line to 'None'
[1.070s] Level 5:colcon.colcon_core.verb:set package 'camera_node' build argument 'catkin_skip_building_tests' from command line to 'False'
[1.070s] DEBUG:colcon.colcon_core.verb:Building package 'camera_node' with the following arguments: {'ament_cmake_args': None, 'build_base': '/home/cannotflypig/robokonn/src/build/camera_node', 'catkin_cmake_args': None, 'catkin_skip_building_tests': False, 'cmake_args': None, 'cmake_clean_cache': False, 'cmake_clean_first': False, 'cmake_force_configure': False, 'cmake_target': None, 'cmake_target_skip_unavailable': False, 'install_base': '/home/cannotflypig/robokonn/src/install/camera_node', 'merge_install': False, 'path': '/home/cannotflypig/robokonn/src/camera_node', 'symlink_install': False, 'test_result_base': None}
[1.085s] Level 5:colcon.colcon_core.verb:set package 'interfaces' build argument 'cmake_args' from command line to 'None'
[1.085s] Level 5:colcon.colcon_core.verb:set package 'interfaces' build argument 'cmake_target' from command line to 'None'
[1.085s] Level 5:colcon.colcon_core.verb:set package 'interfaces' build argument 'cmake_target_skip_unavailable' from command line to 'False'
[1.085s] Level 5:colcon.colcon_core.verb:set package 'interfaces' build argument 'cmake_clean_cache' from command line to 'False'
[1.085s] Level 5:colcon.colcon_core.verb:set package 'interfaces' build argument 'cmake_clean_first' from command line to 'False'
[1.085s] Level 5:colcon.colcon_core.verb:set package 'interfaces' build argument 'cmake_force_configure' from command line to 'False'
[1.085s] Level 5:colcon.colcon_core.verb:set package 'interfaces' build argument 'ament_cmake_args' from command line to 'None'
[1.085s] Level 5:colcon.colcon_core.verb:set package 'interfaces' build argument 'catkin_cmake_args' from command line to 'None'
[1.085s] Level 5:colcon.colcon_core.verb:set package 'interfaces' build argument 'catkin_skip_building_tests' from command line to 'False'
[1.085s] DEBUG:colcon.colcon_core.verb:Building package 'interfaces' with the following arguments: {'ament_cmake_args': None, 'build_base': '/home/cannotflypig/robokonn/src/build/interfaces', 'catkin_cmake_args': None, 'catkin_skip_building_tests': False, 'cmake_args': None, 'cmake_clean_cache': False, 'cmake_clean_first': False, 'cmake_force_configure': False, 'cmake_target': None, 'cmake_target_skip_unavailable': False, 'install_base': '/home/cannotflypig/robokonn/src/install/interfaces', 'merge_install': False, 'path': '/home/cannotflypig/robokonn/src/interfaces', 'symlink_install': False, 'test_result_base': None}
[1.097s] Level 5:colcon.colcon_core.verb:set package 'main_node' build argument 'cmake_args' from command line to 'None'
[1.097s] Level 5:colcon.colcon_core.verb:set package 'main_node' build argument 'cmake_target' from command line to 'None'
[1.097s] Level 5:colcon.colcon_core.verb:set package 'main_node' build argument 'cmake_target_skip_unavailable' from command line to 'False'
[1.097s] Level 5:colcon.colcon_core.verb:set package 'main_node' build argument 'cmake_clean_cache' from command line to 'False'
[1.097s] Level 5:colcon.colcon_core.verb:set package 'main_node' build argument 'cmake_clean_first' from command line to 'False'
[1.097s] Level 5:colcon.colcon_core.verb:set package 'main_node' build argument 'cmake_force_configure' from command line to 'False'
[1.097s] Level 5:colcon.colcon_core.verb:set package 'main_node' build argument 'ament_cmake_args' from command line to 'None'
[1.097s] Level 5:colcon.colcon_core.verb:set package 'main_node' build argument 'catkin_cmake_args' from command line to 'None'
[1.097s] Level 5:colcon.colcon_core.verb:set package 'main_node' build argument 'catkin_skip_building_tests' from command line to 'False'
[1.097s] DEBUG:colcon.colcon_core.verb:Building package 'main_node' with the following arguments: {'ament_cmake_args': None, 'build_base': '/home/cannotflypig/robokonn/src/build/main_node', 'catkin_cmake_args': None, 'catkin_skip_building_tests': False, 'cmake_args': None, 'cmake_clean_cache': False, 'cmake_clean_first': False, 'cmake_force_configure': False, 'cmake_target': None, 'cmake_target_skip_unavailable': False, 'install_base': '/home/cannotflypig/robokonn/src/install/main_node', 'merge_install': False, 'path': '/home/cannotflypig/robokonn/src/main_node', 'symlink_install': False, 'test_result_base': None}
[1.107s] Level 5:colcon.colcon_core.verb:set package 'motor_node' build argument 'cmake_args' from command line to 'None'
[1.108s] Level 5:colcon.colcon_core.verb:set package 'motor_node' build argument 'cmake_target' from command line to 'None'
[1.108s] Level 5:colcon.colcon_core.verb:set package 'motor_node' build argument 'cmake_target_skip_unavailable' from command line to 'False'
[1.108s] Level 5:colcon.colcon_core.verb:set package 'motor_node' build argument 'cmake_clean_cache' from command line to 'False'
[1.108s] Level 5:colcon.colcon_core.verb:set package 'motor_node' build argument 'cmake_clean_first' from command line to 'False'
[1.108s] Level 5:colcon.colcon_core.verb:set package 'motor_node' build argument 'cmake_force_configure' from command line to 'False'
[1.108s] Level 5:colcon.colcon_core.verb:set package 'motor_node' build argument 'ament_cmake_args' from command line to 'None'
[1.108s] Level 5:colcon.colcon_core.verb:set package 'motor_node' build argument 'catkin_cmake_args' from command line to 'None'
[1.108s] Level 5:colcon.colcon_core.verb:set package 'motor_node' build argument 'catkin_skip_building_tests' from command line to 'False'
[1.108s] DEBUG:colcon.colcon_core.verb:Building package 'motor_node' with the following arguments: {'ament_cmake_args': None, 'build_base': '/home/cannotflypig/robokonn/src/build/motor_node', 'catkin_cmake_args': None, 'catkin_skip_building_tests': False, 'cmake_args': None, 'cmake_clean_cache': False, 'cmake_clean_first': False, 'cmake_force_configure': False, 'cmake_target': None, 'cmake_target_skip_unavailable': False, 'install_base': '/home/cannotflypig/robokonn/src/install/motor_node', 'merge_install': False, 'path': '/home/cannotflypig/robokonn/src/motor_node', 'symlink_install': False, 'test_result_base': None}
[1.120s] Level 5:colcon.colcon_core.verb:set package 'sensor_node' build argument 'cmake_args' from command line to 'None'
[1.120s] Level 5:colcon.colcon_core.verb:set package 'sensor_node' build argument 'cmake_target' from command line to 'None'
[1.120s] Level 5:colcon.colcon_core.verb:set package 'sensor_node' build argument 'cmake_target_skip_unavailable' from command line to 'False'
[1.120s] Level 5:colcon.colcon_core.verb:set package 'sensor_node' build argument 'cmake_clean_cache' from command line to 'False'
[1.120s] Level 5:colcon.colcon_core.verb:set package 'sensor_node' build argument 'cmake_clean_first' from command line to 'False'
[1.120s] Level 5:colcon.colcon_core.verb:set package 'sensor_node' build argument 'cmake_force_configure' from command line to 'False'
[1.120s] Level 5:colcon.colcon_core.verb:set package 'sensor_node' build argument 'ament_cmake_args' from command line to 'None'
[1.120s] Level 5:colcon.colcon_core.verb:set package 'sensor_node' build argument 'catkin_cmake_args' from command line to 'None'
[1.120s] Level 5:colcon.colcon_core.verb:set package 'sensor_node' build argument 'catkin_skip_building_tests' from command line to 'False'
[1.120s] DEBUG:colcon.colcon_core.verb:Building package 'sensor_node' with the following arguments: {'ament_cmake_args': None, 'build_base': '/home/cannotflypig/robokonn/src/build/sensor_node', 'catkin_cmake_args': None, 'catkin_skip_building_tests': False, 'cmake_args': None, 'cmake_clean_cache': False, 'cmake_clean_first': False, 'cmake_force_configure': False, 'cmake_target': None, 'cmake_target_skip_unavailable': False, 'install_base': '/home/cannotflypig/robokonn/src/install/sensor_node', 'merge_install': False, 'path': '/home/cannotflypig/robokonn/src/sensor_node', 'symlink_install': False, 'test_result_base': None}
[1.135s] INFO:colcon.colcon_core.executor:Executing jobs using 'parallel' executor
[1.147s] DEBUG:colcon.colcon_parallel_executor.executor.parallel:run_until_complete
[1.148s] INFO:colcon.colcon_ros.task.ament_python.build:Building ROS package in '/home/cannotflypig/robokonn/src/camera_node' with build type 'ament_python'
[1.148s] Level 1:colcon.colcon_core.shell:create_environment_hook('camera_node', 'ament_prefix_path')
[1.165s] INFO:colcon.colcon_core.plugin_system:Skipping extension 'colcon_core.shell.bat': Not used on non-Windows systems
[1.165s] INFO:colcon.colcon_core.shell:Creating environment hook '/home/cannotflypig/robokonn/src/install/camera_node/share/camera_node/hook/ament_prefix_path.ps1'
[1.166s] INFO:colcon.colcon_core.shell:Creating environment descriptor '/home/cannotflypig/robokonn/src/install/camera_node/share/camera_node/hook/ament_prefix_path.dsv'
[1.166s] INFO:colcon.colcon_core.shell:Creating environment hook '/home/cannotflypig/robokonn/src/install/camera_node/share/camera_node/hook/ament_prefix_path.sh'
[1.177s] INFO:colcon.colcon_core.shell:Skip shell extension 'powershell' for command environment: Not usable outside of PowerShell
[1.177s] DEBUG:colcon.colcon_core.shell:Skip shell extension 'dsv' for command environment
[1.217s] INFO:colcon.colcon_ros.task.ament_cmake.build:Building ROS package in '/home/cannotflypig/robokonn/src/interfaces' with build type 'ament_cmake'
[1.218s] INFO:colcon.colcon_cmake.task.cmake.build:Building CMake package in '/home/cannotflypig/robokonn/src/interfaces'
[1.229s] INFO:colcon.colcon_core.shell:Skip shell extension 'powershell' for command environment: Not usable outside of PowerShell
[1.229s] DEBUG:colcon.colcon_core.shell:Skip shell extension 'dsv' for command environment
[1.264s] INFO:colcon.colcon_ros.task.ament_python.build:Building ROS package in '/home/cannotflypig/robokonn/src/main_node' with build type 'ament_python'
[1.264s] Level 1:colcon.colcon_core.shell:create_environment_hook('main_node', 'ament_prefix_path')
[1.275s] INFO:colcon.colcon_core.shell:Creating environment hook '/home/cannotflypig/robokonn/src/install/main_node/share/main_node/hook/ament_prefix_path.ps1'
[1.275s] INFO:colcon.colcon_core.shell:Creating environment descriptor '/home/cannotflypig/robokonn/src/install/main_node/share/main_node/hook/ament_prefix_path.dsv'
[1.275s] INFO:colcon.colcon_core.shell:Creating environment hook '/home/cannotflypig/robokonn/src/install/main_node/share/main_node/hook/ament_prefix_path.sh'
[1.287s] INFO:colcon.colcon_core.shell:Skip shell extension 'powershell' for command environment: Not usable outside of PowerShell
[1.287s] DEBUG:colcon.colcon_core.shell:Skip shell extension 'dsv' for command environment
[1.324s] INFO:colcon.colcon_ros.task.ament_python.build:Building ROS package in '/home/cannotflypig/robokonn/src/motor_node' with build type 'ament_python'
[1.325s] Level 1:colcon.colcon_core.shell:create_environment_hook('motor_node', 'ament_prefix_path')
[1.337s] INFO:colcon.colcon_core.shell:Creating environment hook '/home/cannotflypig/robokonn/src/install/motor_node/share/motor_node/hook/ament_prefix_path.ps1'
[1.338s] INFO:colcon.colcon_core.shell:Creating environment descriptor '/home/cannotflypig/robokonn/src/install/motor_node/share/motor_node/hook/ament_prefix_path.dsv'
[1.338s] INFO:colcon.colcon_core.shell:Creating environment hook '/home/cannotflypig/robokonn/src/install/motor_node/share/motor_node/hook/ament_prefix_path.sh'
[1.350s] INFO:colcon.colcon_core.shell:Skip shell extension 'powershell' for command environment: Not usable outside of PowerShell
[1.350s] DEBUG:colcon.colcon_core.shell:Skip shell extension 'dsv' for command environment
[1.390s] INFO:colcon.colcon_ros.task.ament_python.build:Building ROS package in '/home/cannotflypig/robokonn/src/sensor_node' with build type 'ament_python'
[1.390s] Level 1:colcon.colcon_core.shell:create_environment_hook('sensor_node', 'ament_prefix_path')
[1.403s] INFO:colcon.colcon_core.shell:Creating environment hook '/home/cannotflypig/robokonn/src/install/sensor_node/share/sensor_node/hook/ament_prefix_path.ps1'
[1.404s] INFO:colcon.colcon_core.shell:Creating environment descriptor '/home/cannotflypig/robokonn/src/install/sensor_node/share/sensor_node/hook/ament_prefix_path.dsv'
[1.404s] INFO:colcon.colcon_core.shell:Creating environment hook '/home/cannotflypig/robokonn/src/install/sensor_node/share/sensor_node/hook/ament_prefix_path.sh'
[1.415s] INFO:colcon.colcon_core.shell:Skip shell extension 'powershell' for command environment: Not usable outside of PowerShell
[1.415s] DEBUG:colcon.colcon_core.shell:Skip shell extension 'dsv' for command environment
[1.662s] INFO:colcon.colcon_core.task.python.build:Building Python package in '/home/cannotflypig/robokonn/src/camera_node'
[1.675s] INFO:colcon.colcon_core.shell:Skip shell extension 'powershell' for command environment: Not usable outside of PowerShell
[1.675s] DEBUG:colcon.colcon_core.shell:Skip shell extension 'dsv' for command environment
[1.723s] DEBUG:colcon.colcon_core.event_handler.log_command:Invoking command in '/home/cannotflypig/robokonn/src/build/interfaces': CMAKE_PREFIX_PATH=${CMAKE_PREFIX_PATH}:/home/cannotflypig/robokonn/src/install/sensor_node:/home/cannotflypig/robokonn/src/install/motor_node:/home/cannotflypig/robokonn/src/install/main_node:/home/cannotflypig/robokonn/src/install/camera_node:/opt/ros/humble /usr/bin/cmake --build /home/cannotflypig/robokonn/src/build/interfaces -- -j16 -l16
[1.938s] INFO:colcon.colcon_core.task.python.build:Building Python package in '/home/cannotflypig/robokonn/src/main_node'
[1.957s] INFO:colcon.colcon_core.shell:Skip shell extension 'powershell' for command environment: Not usable outside of PowerShell
[1.957s] DEBUG:colcon.colcon_core.shell:Skip shell extension 'dsv' for command environment
[2.189s] INFO:colcon.colcon_core.task.python.build:Building Python package in '/home/cannotflypig/robokonn/src/motor_node'
[2.201s] INFO:colcon.colcon_core.shell:Skip shell extension 'powershell' for command environment: Not usable outside of PowerShell
[2.201s] DEBUG:colcon.colcon_core.shell:Skip shell extension 'dsv' for command environment
[2.426s] INFO:colcon.colcon_core.task.python.build:Building Python package in '/home/cannotflypig/robokonn/src/sensor_node'
[2.437s] INFO:colcon.colcon_core.shell:Skip shell extension 'powershell' for command environment: Not usable outside of PowerShell
[2.438s] DEBUG:colcon.colcon_core.shell:Skip shell extension 'dsv' for command environment
[2.522s] DEBUG:colcon.colcon_core.event_handler.log_command:Invoked command in '/home/cannotflypig/robokonn/src/build/interfaces' returned '0': CMAKE_PREFIX_PATH=${CMAKE_PREFIX_PATH}:/home/cannotflypig/robokonn/src/install/sensor_node:/home/cannotflypig/robokonn/src/install/motor_node:/home/cannotflypig/robokonn/src/install/main_node:/home/cannotflypig/robokonn/src/install/camera_node:/opt/ros/humble /usr/bin/cmake --build /home/cannotflypig/robokonn/src/build/interfaces -- -j16 -l16
[2.614s] DEBUG:colcon.colcon_core.event_handler.log_command:Invoking command in '/home/cannotflypig/robokonn/src/build/interfaces': CMAKE_PREFIX_PATH=${CMAKE_PREFIX_PATH}:/home/cannotflypig/robokonn/src/install/sensor_node:/home/cannotflypig/robokonn/src/install/motor_node:/home/cannotflypig/robokonn/src/install/main_node:/home/cannotflypig/robokonn/src/install/camera_node:/opt/ros/humble /usr/bin/cmake --install /home/cannotflypig/robokonn/src/build/interfaces
[2.673s] Level 1:colcon.colcon_core.environment:create_environment_scripts_only(interfaces)
[2.684s] DEBUG:colcon.colcon_core.event_handler.log_command:Invoked command in '/home/cannotflypig/robokonn/src/build/interfaces' returned '0': CMAKE_PREFIX_PATH=${CMAKE_PREFIX_PATH}:/home/cannotflypig/robokonn/src/install/sensor_node:/home/cannotflypig/robokonn/src/install/motor_node:/home/cannotflypig/robokonn/src/install/main_node:/home/cannotflypig/robokonn/src/install/camera_node:/opt/ros/humble /usr/bin/cmake --install /home/cannotflypig/robokonn/src/build/interfaces
[2.698s] Level 1:colcon.colcon_core.environment:checking '/home/cannotflypig/robokonn/src/install/interfaces' for CMake module files
[2.699s] Level 1:colcon.colcon_core.environment:checking '/home/cannotflypig/robokonn/src/install/interfaces' for CMake config files
[2.700s] Level 1:colcon.colcon_core.shell:create_environment_hook('interfaces', 'cmake_prefix_path')
[2.712s] INFO:colcon.colcon_core.shell:Creating environment hook '/home/cannotflypig/robokonn/src/install/interfaces/share/interfaces/hook/cmake_prefix_path.ps1'
[2.713s] INFO:colcon.colcon_core.shell:Creating environment descriptor '/home/cannotflypig/robokonn/src/install/interfaces/share/interfaces/hook/cmake_prefix_path.dsv'
[2.713s] INFO:colcon.colcon_core.shell:Creating environment hook '/home/cannotflypig/robokonn/src/install/interfaces/share/interfaces/hook/cmake_prefix_path.sh'
[2.714s] Level 1:colcon.colcon_core.environment:checking '/home/cannotflypig/robokonn/src/install/interfaces/lib'
[2.714s] Level 1:colcon.colcon_core.shell:create_environment_hook('interfaces', 'ld_library_path_lib')
[2.724s] INFO:colcon.colcon_core.shell:Creating environment hook '/home/cannotflypig/robokonn/src/install/interfaces/share/interfaces/hook/ld_library_path_lib.ps1'
[2.725s] INFO:colcon.colcon_core.shell:Creating environment descriptor '/home/cannotflypig/robokonn/src/install/interfaces/share/interfaces/hook/ld_library_path_lib.dsv'
[2.725s] INFO:colcon.colcon_core.shell:Creating environment hook '/home/cannotflypig/robokonn/src/install/interfaces/share/interfaces/hook/ld_library_path_lib.sh'
[2.725s] Level 1:colcon.colcon_core.environment:checking '/home/cannotflypig/robokonn/src/install/interfaces/bin'
[2.725s] Level 1:colcon.colcon_core.environment:checking '/home/cannotflypig/robokonn/src/install/interfaces/lib/pkgconfig/interfaces.pc'
[2.725s] Level 1:colcon.colcon_core.environment:checking '/home/cannotflypig/robokonn/src/install/interfaces/lib/python3.10/site-packages'
[2.726s] Level 1:colcon.colcon_core.environment:checking '/home/cannotflypig/robokonn/src/install/interfaces/bin'
[2.741s] INFO:colcon.colcon_core.shell:Creating package script '/home/cannotflypig/robokonn/src/install/interfaces/share/interfaces/package.ps1'
[2.742s] INFO:colcon.colcon_core.shell:Creating package descriptor '/home/cannotflypig/robokonn/src/install/interfaces/share/interfaces/package.dsv'
[2.743s] INFO:colcon.colcon_core.shell:Creating package script '/home/cannotflypig/robokonn/src/install/interfaces/share/interfaces/package.sh'
[2.743s] INFO:colcon.colcon_core.shell:Creating package script '/home/cannotflypig/robokonn/src/install/interfaces/share/interfaces/package.bash'
[2.744s] INFO:colcon.colcon_core.shell:Creating package script '/home/cannotflypig/robokonn/src/install/interfaces/share/interfaces/package.zsh'
[2.744s] Level 1:colcon.colcon_core.environment:create_file_with_runtime_dependencies(/home/cannotflypig/robokonn/src/install/interfaces/share/colcon-core/packages/interfaces)
[2.811s] Level 1:colcon.colcon_core.environment:create_environment_scripts_only(interfaces)
[2.826s] Level 1:colcon.colcon_core.environment:checking '/home/cannotflypig/robokonn/src/install/interfaces' for CMake module files
[2.827s] Level 1:colcon.colcon_core.environment:checking '/home/cannotflypig/robokonn/src/install/interfaces' for CMake config files
[2.827s] Level 1:colcon.colcon_core.shell:create_environment_hook('interfaces', 'cmake_prefix_path')
[2.843s] INFO:colcon.colcon_core.shell:Creating environment hook '/home/cannotflypig/robokonn/src/install/interfaces/share/interfaces/hook/cmake_prefix_path.ps1'
[2.844s] INFO:colcon.colcon_core.shell:Creating environment descriptor '/home/cannotflypig/robokonn/src/install/interfaces/share/interfaces/hook/cmake_prefix_path.dsv'
[2.844s] INFO:colcon.colcon_core.shell:Creating environment hook '/home/cannotflypig/robokonn/src/install/interfaces/share/interfaces/hook/cmake_prefix_path.sh'
[2.845s] Level 1:colcon.colcon_core.environment:checking '/home/cannotflypig/robokonn/src/install/interfaces/lib'
[2.845s] Level 1:colcon.colcon_core.shell:create_environment_hook('interfaces', 'ld_library_path_lib')
[2.857s] INFO:colcon.colcon_core.shell:Creating environment hook '/home/cannotflypig/robokonn/src/install/interfaces/share/interfaces/hook/ld_library_path_lib.ps1'
[2.857s] INFO:colcon.colcon_core.shell:Creating environment descriptor '/home/cannotflypig/robokonn/src/install/interfaces/share/interfaces/hook/ld_library_path_lib.dsv'
[2.858s] INFO:colcon.colcon_core.shell:Creating environment hook '/home/cannotflypig/robokonn/src/install/interfaces/share/interfaces/hook/ld_library_path_lib.sh'
[2.858s] Level 1:colcon.colcon_core.environment:checking '/home/cannotflypig/robokonn/src/install/interfaces/bin'
[2.858s] Level 1:colcon.colcon_core.environment:checking '/home/cannotflypig/robokonn/src/install/interfaces/lib/pkgconfig/interfaces.pc'
[2.858s] Level 1:colcon.colcon_core.environment:checking '/home/cannotflypig/robokonn/src/install/interfaces/lib/python3.10/site-packages'
[2.859s] Level 1:colcon.colcon_core.environment:checking '/home/cannotflypig/robokonn/src/install/interfaces/bin'
[2.870s] INFO:colcon.colcon_core.shell:Creating package script '/home/cannotflypig/robokonn/src/install/interfaces/share/interfaces/package.ps1'
[2.870s] INFO:colcon.colcon_core.shell:Creating package descriptor '/home/cannotflypig/robokonn/src/install/interfaces/share/interfaces/package.dsv'
[2.871s] INFO:colcon.colcon_core.shell:Creating package script '/home/cannotflypig/robokonn/src/install/interfaces/share/interfaces/package.sh'
[2.871s] INFO:colcon.colcon_core.shell:Creating package script '/home/cannotflypig/robokonn/src/install/interfaces/share/interfaces/package.bash'
[2.871s] INFO:colcon.colcon_core.shell:Creating package script '/home/cannotflypig/robokonn/src/install/interfaces/share/interfaces/package.zsh'
[2.872s] Level 1:colcon.colcon_core.environment:create_file_with_runtime_dependencies(/home/cannotflypig/robokonn/src/install/interfaces/share/colcon-core/packages/interfaces)
[2.880s] DEBUG:colcon.colcon_core.event_handler.log_command:Invoking command in '/home/cannotflypig/robokonn/src/main_node': PYTHONPATH=/home/cannotflypig/robokonn/src/build/main_node/prefix_override:/home/cannotflypig/robokonn/src/install/main_node/lib/python3.10/site-packages:${PYTHONPATH} /usr/bin/python3 setup.py egg_info --egg-base ../build/main_node build --build-base /home/cannotflypig/robokonn/src/build/main_node/build install --record /home/cannotflypig/robokonn/src/build/main_node/install.log --single-version-externally-managed
[2.886s] DEBUG:colcon.colcon_core.event_handler.log_command:Invoking command in '/home/cannotflypig/robokonn/src/sensor_node': PYTHONPATH=/home/cannotflypig/robokonn/src/build/sensor_node/prefix_override:/home/cannotflypig/robokonn/src/install/sensor_node/lib/python3.10/site-packages:${PYTHONPATH} /usr/bin/python3 setup.py egg_info --egg-base ../build/sensor_node build --build-base /home/cannotflypig/robokonn/src/build/sensor_node/build install --record /home/cannotflypig/robokonn/src/build/sensor_node/install.log --single-version-externally-managed
[2.886s] DEBUG:colcon.colcon_core.event_handler.log_command:Invoking command in '/home/cannotflypig/robokonn/src/motor_node': PYTHONPATH=/home/cannotflypig/robokonn/src/build/motor_node/prefix_override:/home/cannotflypig/robokonn/src/install/motor_node/lib/python3.10/site-packages:${PYTHONPATH} /usr/bin/python3 setup.py egg_info --egg-base ../build/motor_node build --build-base /home/cannotflypig/robokonn/src/build/motor_node/build install --record /home/cannotflypig/robokonn/src/build/motor_node/install.log --single-version-externally-managed
[2.887s] DEBUG:colcon.colcon_core.event_handler.log_command:Invoking command in '/home/cannotflypig/robokonn/src/camera_node': PYTHONPATH=/home/cannotflypig/robokonn/src/build/camera_node/prefix_override:/home/cannotflypig/robokonn/src/install/camera_node/lib/python3.10/site-packages:${PYTHONPATH} /usr/bin/python3 setup.py egg_info --egg-base ../build/camera_node build --build-base /home/cannotflypig/robokonn/src/build/camera_node/build install --record /home/cannotflypig/robokonn/src/build/camera_node/install.log --single-version-externally-managed
[3.155s] DEBUG:colcon.colcon_core.event_handler.log_command:Invoked command in '/home/cannotflypig/robokonn/src/main_node' returned '0': PYTHONPATH=/home/cannotflypig/robokonn/src/build/main_node/prefix_override:/home/cannotflypig/robokonn/src/install/main_node/lib/python3.10/site-packages:${PYTHONPATH} /usr/bin/python3 setup.py egg_info --egg-base ../build/main_node build --build-base /home/cannotflypig/robokonn/src/build/main_node/build install --record /home/cannotflypig/robokonn/src/build/main_node/install.log --single-version-externally-managed
[3.170s] Level 1:colcon.colcon_core.environment:checking '/home/cannotflypig/robokonn/src/install/main_node' for CMake module files
[3.171s] Level 1:colcon.colcon_core.environment:checking '/home/cannotflypig/robokonn/src/install/main_node' for CMake config files
[3.171s] Level 1:colcon.colcon_core.environment:checking '/home/cannotflypig/robokonn/src/install/main_node/lib'
[3.171s] Level 1:colcon.colcon_core.environment:checking '/home/cannotflypig/robokonn/src/install/main_node/bin'
[3.171s] Level 1:colcon.colcon_core.environment:checking '/home/cannotflypig/robokonn/src/install/main_node/lib/pkgconfig/main_node.pc'
[3.171s] Level 1:colcon.colcon_core.environment:checking '/home/cannotflypig/robokonn/src/install/main_node/lib/python3.10/site-packages'
[3.171s] Level 1:colcon.colcon_core.shell:create_environment_hook('main_node', 'pythonpath')
[3.184s] INFO:colcon.colcon_core.shell:Creating environment hook '/home/cannotflypig/robokonn/src/install/main_node/share/main_node/hook/pythonpath.ps1'
[3.184s] INFO:colcon.colcon_core.shell:Creating environment descriptor '/home/cannotflypig/robokonn/src/install/main_node/share/main_node/hook/pythonpath.dsv'
[3.185s] INFO:colcon.colcon_core.shell:Creating environment hook '/home/cannotflypig/robokonn/src/install/main_node/share/main_node/hook/pythonpath.sh'
[3.185s] Level 1:colcon.colcon_core.environment:checking '/home/cannotflypig/robokonn/src/install/main_node/bin'
[3.185s] Level 1:colcon.colcon_core.environment:create_environment_scripts_only(main_node)
[3.199s] INFO:colcon.colcon_core.shell:Creating package script '/home/cannotflypig/robokonn/src/install/main_node/share/main_node/package.ps1'
[3.200s] INFO:colcon.colcon_core.shell:Creating package descriptor '/home/cannotflypig/robokonn/src/install/main_node/share/main_node/package.dsv'
[3.200s] INFO:colcon.colcon_core.shell:Creating package script '/home/cannotflypig/robokonn/src/install/main_node/share/main_node/package.sh'
[3.201s] INFO:colcon.colcon_core.shell:Creating package script '/home/cannotflypig/robokonn/src/install/main_node/share/main_node/package.bash'
[3.201s] INFO:colcon.colcon_core.shell:Creating package script '/home/cannotflypig/robokonn/src/install/main_node/share/main_node/package.zsh'
[3.201s] Level 1:colcon.colcon_core.environment:create_file_with_runtime_dependencies(/home/cannotflypig/robokonn/src/install/main_node/share/colcon-core/packages/main_node)
[3.204s] DEBUG:colcon.colcon_core.event_handler.log_command:Invoked command in '/home/cannotflypig/robokonn/src/camera_node' returned '0': PYTHONPATH=/home/cannotflypig/robokonn/src/build/camera_node/prefix_override:/home/cannotflypig/robokonn/src/install/camera_node/lib/python3.10/site-packages:${PYTHONPATH} /usr/bin/python3 setup.py egg_info --egg-base ../build/camera_node build --build-base /home/cannotflypig/robokonn/src/build/camera_node/build install --record /home/cannotflypig/robokonn/src/build/camera_node/install.log --single-version-externally-managed
[3.216s] Level 1:colcon.colcon_core.environment:checking '/home/cannotflypig/robokonn/src/install/camera_node' for CMake module files
[3.216s] Level 1:colcon.colcon_core.environment:checking '/home/cannotflypig/robokonn/src/install/camera_node' for CMake config files
[3.216s] Level 1:colcon.colcon_core.environment:checking '/home/cannotflypig/robokonn/src/install/camera_node/lib'
[3.216s] Level 1:colcon.colcon_core.environment:checking '/home/cannotflypig/robokonn/src/install/camera_node/bin'
[3.217s] Level 1:colcon.colcon_core.environment:checking '/home/cannotflypig/robokonn/src/install/camera_node/lib/pkgconfig/camera_node.pc'
[3.217s] Level 1:colcon.colcon_core.environment:checking '/home/cannotflypig/robokonn/src/install/camera_node/lib/python3.10/site-packages'
[3.217s] Level 1:colcon.colcon_core.shell:create_environment_hook('camera_node', 'pythonpath')
[3.229s] INFO:colcon.colcon_core.shell:Creating environment hook '/home/cannotflypig/robokonn/src/install/camera_node/share/camera_node/hook/pythonpath.ps1'
[3.229s] INFO:colcon.colcon_core.shell:Creating environment descriptor '/home/cannotflypig/robokonn/src/install/camera_node/share/camera_node/hook/pythonpath.dsv'
[3.230s] INFO:colcon.colcon_core.shell:Creating environment hook '/home/cannotflypig/robokonn/src/install/camera_node/share/camera_node/hook/pythonpath.sh'
[3.230s] Level 1:colcon.colcon_core.environment:checking '/home/cannotflypig/robokonn/src/install/camera_node/bin'
[3.231s] Level 1:colcon.colcon_core.environment:create_environment_scripts_only(camera_node)
[3.244s] INFO:colcon.colcon_core.shell:Creating package script '/home/cannotflypig/robokonn/src/install/camera_node/share/camera_node/package.ps1'
[3.244s] INFO:colcon.colcon_core.shell:Creating package descriptor '/home/cannotflypig/robokonn/src/install/camera_node/share/camera_node/package.dsv'
[3.245s] INFO:colcon.colcon_core.shell:Creating package script '/home/cannotflypig/robokonn/src/install/camera_node/share/camera_node/package.sh'
[3.245s] INFO:colcon.colcon_core.shell:Creating package script '/home/cannotflypig/robokonn/src/install/camera_node/share/camera_node/package.bash'
[3.245s] INFO:colcon.colcon_core.shell:Creating package script '/home/cannotflypig/robokonn/src/install/camera_node/share/camera_node/package.zsh'
[3.246s] Level 1:colcon.colcon_core.environment:create_file_with_runtime_dependencies(/home/cannotflypig/robokonn/src/install/camera_node/share/colcon-core/packages/camera_node)
[3.248s] DEBUG:colcon.colcon_core.event_handler.log_command:Invoked command in '/home/cannotflypig/robokonn/src/motor_node' returned '0': PYTHONPATH=/home/cannotflypig/robokonn/src/build/motor_node/prefix_override:/home/cannotflypig/robokonn/src/install/motor_node/lib/python3.10/site-packages:${PYTHONPATH} /usr/bin/python3 setup.py egg_info --egg-base ../build/motor_node build --build-base /home/cannotflypig/robokonn/src/build/motor_node/build install --record /home/cannotflypig/robokonn/src/build/motor_node/install.log --single-version-externally-managed
[3.260s] Level 1:colcon.colcon_core.environment:checking '/home/cannotflypig/robokonn/src/install/motor_node' for CMake module files
[3.261s] Level 1:colcon.colcon_core.environment:checking '/home/cannotflypig/robokonn/src/install/motor_node' for CMake config files
[3.261s] Level 1:colcon.colcon_core.environment:checking '/home/cannotflypig/robokonn/src/install/motor_node/lib'
[3.262s] Level 1:colcon.colcon_core.environment:checking '/home/cannotflypig/robokonn/src/install/motor_node/bin'
[3.262s] Level 1:colcon.colcon_core.environment:checking '/home/cannotflypig/robokonn/src/install/motor_node/lib/pkgconfig/motor_node.pc'
[3.262s] Level 1:colcon.colcon_core.environment:checking '/home/cannotflypig/robokonn/src/install/motor_node/lib/python3.10/site-packages'
[3.262s] Level 1:colcon.colcon_core.shell:create_environment_hook('motor_node', 'pythonpath')
[3.277s] INFO:colcon.colcon_core.shell:Creating environment hook '/home/cannotflypig/robokonn/src/install/motor_node/share/motor_node/hook/pythonpath.ps1'
[3.277s] INFO:colcon.colcon_core.shell:Creating environment descriptor '/home/cannotflypig/robokonn/src/install/motor_node/share/motor_node/hook/pythonpath.dsv'
[3.278s] INFO:colcon.colcon_core.shell:Creating environment hook '/home/cannotflypig/robokonn/src/install/motor_node/share/motor_node/hook/pythonpath.sh'
[3.278s] Level 1:colcon.colcon_core.environment:checking '/home/cannotflypig/robokonn/src/install/motor_node/bin'
[3.278s] Level 1:colcon.colcon_core.environment:create_environment_scripts_only(motor_node)
[3.293s] INFO:colcon.colcon_core.shell:Creating package script '/home/cannotflypig/robokonn/src/install/motor_node/share/motor_node/package.ps1'
[3.294s] INFO:colcon.colcon_core.shell:Creating package descriptor '/home/cannotflypig/robokonn/src/install/motor_node/share/motor_node/package.dsv'
[3.294s] INFO:colcon.colcon_core.shell:Creating package script '/home/cannotflypig/robokonn/src/install/motor_node/share/motor_node/package.sh'
[3.294s] INFO:colcon.colcon_core.shell:Creating package script '/home/cannotflypig/robokonn/src/install/motor_node/share/motor_node/package.bash'
[3.295s] INFO:colcon.colcon_core.shell:Creating package script '/home/cannotflypig/robokonn/src/install/motor_node/share/motor_node/package.zsh'
[3.295s] Level 1:colcon.colcon_core.environment:create_file_with_runtime_dependencies(/home/cannotflypig/robokonn/src/install/motor_node/share/colcon-core/packages/motor_node)
[3.299s] DEBUG:colcon.colcon_core.event_handler.log_command:Invoked command in '/home/cannotflypig/robokonn/src/sensor_node' returned '0': PYTHONPATH=/home/cannotflypig/robokonn/src/build/sensor_node/prefix_override:/home/cannotflypig/robokonn/src/install/sensor_node/lib/python3.10/site-packages:${PYTHONPATH} /usr/bin/python3 setup.py egg_info --egg-base ../build/sensor_node build --build-base /home/cannotflypig/robokonn/src/build/sensor_node/build install --record /home/cannotflypig/robokonn/src/build/sensor_node/install.log --single-version-externally-managed
[3.314s] Level 1:colcon.colcon_core.environment:checking '/home/cannotflypig/robokonn/src/install/sensor_node' for CMake module files
[3.315s] Level 1:colcon.colcon_core.environment:checking '/home/cannotflypig/robokonn/src/install/sensor_node' for CMake config files
[3.316s] Level 1:colcon.colcon_core.environment:checking '/home/cannotflypig/robokonn/src/install/sensor_node/lib'
[3.316s] Level 1:colcon.colcon_core.environment:checking '/home/cannotflypig/robokonn/src/install/sensor_node/bin'
[3.316s] Level 1:colcon.colcon_core.environment:checking '/home/cannotflypig/robokonn/src/install/sensor_node/lib/pkgconfig/sensor_node.pc'
[3.316s] Level 1:colcon.colcon_core.environment:checking '/home/cannotflypig/robokonn/src/install/sensor_node/lib/python3.10/site-packages'
[3.316s] Level 1:colcon.colcon_core.shell:create_environment_hook('sensor_node', 'pythonpath')
[3.329s] INFO:colcon.colcon_core.shell:Creating environment hook '/home/cannotflypig/robokonn/src/install/sensor_node/share/sensor_node/hook/pythonpath.ps1'
[3.330s] INFO:colcon.colcon_core.shell:Creating environment descriptor '/home/cannotflypig/robokonn/src/install/sensor_node/share/sensor_node/hook/pythonpath.dsv'
[3.330s] INFO:colcon.colcon_core.shell:Creating environment hook '/home/cannotflypig/robokonn/src/install/sensor_node/share/sensor_node/hook/pythonpath.sh'
[3.331s] Level 1:colcon.colcon_core.environment:checking '/home/cannotflypig/robokonn/src/install/sensor_node/bin'
[3.331s] Level 1:colcon.colcon_core.environment:create_environment_scripts_only(sensor_node)
[3.344s] INFO:colcon.colcon_core.shell:Creating package script '/home/cannotflypig/robokonn/src/install/sensor_node/share/sensor_node/package.ps1'
[3.345s] INFO:colcon.colcon_core.shell:Creating package descriptor '/home/cannotflypig/robokonn/src/install/sensor_node/share/sensor_node/package.dsv'
[3.345s] INFO:colcon.colcon_core.shell:Creating package script '/home/cannotflypig/robokonn/src/install/sensor_node/share/sensor_node/package.sh'
[3.346s] INFO:colcon.colcon_core.shell:Creating package script '/home/cannotflypig/robokonn/src/install/sensor_node/share/sensor_node/package.bash'
[3.346s] INFO:colcon.colcon_core.shell:Creating package script '/home/cannotflypig/robokonn/src/install/sensor_node/share/sensor_node/package.zsh'
[3.347s] Level 1:colcon.colcon_core.environment:create_file_with_runtime_dependencies(/home/cannotflypig/robokonn/src/install/sensor_node/share/colcon-core/packages/sensor_node)
[3.347s] DEBUG:colcon.colcon_parallel_executor.executor.parallel:closing loop
[3.347s] DEBUG:colcon.colcon_parallel_executor.executor.parallel:loop closed
[3.348s] DEBUG:colcon.colcon_parallel_executor.executor.parallel:run_until_complete finished with '0'
[3.348s] DEBUG:colcon.colcon_core.event_reactor:joining thread
[3.400s] INFO:colcon.colcon_core.plugin_system:Skipping extension 'colcon_notification.desktop_notification.notify_send': Could not find 'notify-send'
[3.401s] INFO:colcon.colcon_core.plugin_system:Skipping extension 'colcon_notification.desktop_notification.terminal_notifier': Not used on non-Darwin systems
[3.401s] INFO:colcon.colcon_core.plugin_system:Skipping extension 'colcon_notification.desktop_notification.win32': Not used on non-Windows systems
[3.401s] INFO:colcon.colcon_notification.desktop_notification:Sending desktop notification using 'notify2'
[3.401s] DEBUG:colcon.colcon_notification.desktop_notification.notify2:Failed to initialize notify2: org.freedesktop.DBus.Error.FileNotFound: Failed to connect to socket /run/user/1000/bus: No such file or directory
[3.401s] DEBUG:colcon.colcon_core.event_reactor:joined thread
[3.412s] INFO:colcon.colcon_core.shell:Creating prefix script '/home/cannotflypig/robokonn/src/install/local_setup.ps1'
[3.413s] INFO:colcon.colcon_core.shell:Creating prefix util module '/home/cannotflypig/robokonn/src/install/_local_setup_util_ps1.py'
[3.414s] INFO:colcon.colcon_core.shell:Creating prefix chain script '/home/cannotflypig/robokonn/src/install/setup.ps1'
[3.429s] INFO:colcon.colcon_core.shell:Creating prefix script '/home/cannotflypig/robokonn/src/install/local_setup.sh'
[3.430s] INFO:colcon.colcon_core.shell:Creating prefix util module '/home/cannotflypig/robokonn/src/install/_local_setup_util_sh.py'
[3.430s] INFO:colcon.colcon_core.shell:Creating prefix chain script '/home/cannotflypig/robokonn/src/install/setup.sh'
[3.445s] INFO:colcon.colcon_core.shell:Creating prefix script '/home/cannotflypig/robokonn/src/install/local_setup.bash'
[3.445s] INFO:colcon.colcon_core.shell:Creating prefix chain script '/home/cannotflypig/robokonn/src/install/setup.bash'
[3.456s] INFO:colcon.colcon_core.shell:Creating prefix script '/home/cannotflypig/robokonn/src/install/local_setup.zsh'
[3.457s] INFO:colcon.colcon_core.shell:Creating prefix chain script '/home/cannotflypig/robokonn/src/install/setup.zsh'
