[0.787s] Invoking command in '/home/cannotflypig/robokonn/motor_node': PYTHONPATH=/home/cannotflypig/robokonn/build/motor_node/prefix_override:/home/cannotflypig/robokonn/install/motor_node/lib/python3.10/site-packages:${PYTHONPATH} /usr/bin/python3 setup.py egg_info --egg-base ../build/motor_node build --build-base /home/cannotflypig/robokonn/build/motor_node/build install --record /home/cannotflypig/robokonn/build/motor_node/install.log --single-version-externally-managed
[0.972s] running egg_info
[0.973s] writing ../build/motor_node/motor_node.egg-info/PKG-INFO
[0.973s] writing dependency_links to ../build/motor_node/motor_node.egg-info/dependency_links.txt
[0.973s] writing entry points to ../build/motor_node/motor_node.egg-info/entry_points.txt
[0.973s] writing requirements to ../build/motor_node/motor_node.egg-info/requires.txt
[0.973s] writing top-level names to ../build/motor_node/motor_node.egg-info/top_level.txt
[0.974s] reading manifest file '../build/motor_node/motor_node.egg-info/SOURCES.txt'
[0.976s] writing manifest file '../build/motor_node/motor_node.egg-info/SOURCES.txt'
[0.976s] running build
[0.976s] running build_py
[0.976s] running install
[0.977s] /usr/lib/python3/dist-packages/setuptools/command/install.py:34: SetuptoolsDeprecationWarning: setup.py install is deprecated. Use build and pip and other standards-based tools.
[0.977s]   warnings.warn(
[0.977s] running install_lib
[0.978s] running install_data
[0.978s] running install_egg_info
[0.980s] removing '/home/cannotflypig/robokonn/install/motor_node/lib/python3.10/site-packages/motor_node-0.0.0-py3.10.egg-info' (and everything under it)
[0.980s] Copying ../build/motor_node/motor_node.egg-info to /home/cannotflypig/robokonn/install/motor_node/lib/python3.10/site-packages/motor_node-0.0.0-py3.10.egg-info
[0.981s] running install_scripts
[1.001s] Installing motor_node script to /home/cannotflypig/robokonn/install/motor_node/lib/motor_node
[1.001s] writing list of installed files to '/home/cannotflypig/robokonn/build/motor_node/install.log'
[1.072s] Invoked command in '/home/cannotflypig/robokonn/motor_node' returned '0': PYTHONPATH=/home/cannotflypig/robokonn/build/motor_node/prefix_override:/home/cannotflypig/robokonn/install/motor_node/lib/python3.10/site-packages:${PYTHONPATH} /usr/bin/python3 setup.py egg_info --egg-base ../build/motor_node build --build-base /home/cannotflypig/robokonn/build/motor_node/build install --record /home/cannotflypig/robokonn/build/motor_node/install.log --single-version-externally-managed
