[1.933s] Invoking command in '/home/cannotflypig/robokonn/src/motor_node': PYTHONPATH=/home/cannotflypig/robokonn/src/build/motor_node/prefix_override:/home/cannotflypig/robokonn/src/install/motor_node/lib/python3.10/site-packages:${PYTHONPATH} /usr/bin/python3 setup.py egg_info --egg-base ../build/motor_node build --build-base /home/cannotflypig/robokonn/src/build/motor_node/build install --record /home/cannotflypig/robokonn/src/build/motor_node/install.log --single-version-externally-managed
[2.184s] running egg_info
[2.185s] writing ../build/motor_node/motor_node.egg-info/PKG-INFO
[2.185s] writing dependency_links to ../build/motor_node/motor_node.egg-info/dependency_links.txt
[2.186s] writing entry points to ../build/motor_node/motor_node.egg-info/entry_points.txt
[2.186s] writing requirements to ../build/motor_node/motor_node.egg-info/requires.txt
[2.186s] writing top-level names to ../build/motor_node/motor_node.egg-info/top_level.txt
[2.188s] reading manifest file '../build/motor_node/motor_node.egg-info/SOURCES.txt'
[2.189s] writing manifest file '../build/motor_node/motor_node.egg-info/SOURCES.txt'
[2.190s] running build
[2.191s] running build_py
[2.191s] /usr/lib/python3/dist-packages/setuptools/command/install.py:34: SetuptoolsDeprecationWarning: setup.py install is deprecated. Use build and pip and other standards-based tools.
[2.192s]   warnings.warn(
[2.192s] running install
[2.193s] running install_lib
[2.193s] running install_data
[2.194s] running install_egg_info
[2.197s] removing '/home/cannotflypig/robokonn/src/install/motor_node/lib/python3.10/site-packages/motor_node-0.0.0-py3.10.egg-info' (and everything under it)
[2.197s] Copying ../build/motor_node/motor_node.egg-info to /home/cannotflypig/robokonn/src/install/motor_node/lib/python3.10/site-packages/motor_node-0.0.0-py3.10.egg-info
[2.198s] running install_scripts
[2.220s] Installing motor_node script to /home/cannotflypig/robokonn/src/install/motor_node/lib/motor_node
[2.220s] writing list of installed files to '/home/cannotflypig/robokonn/src/build/motor_node/install.log'
[2.382s] Invoked command in '/home/cannotflypig/robokonn/src/motor_node' returned '0': PYTHONPATH=/home/cannotflypig/robokonn/src/build/motor_node/prefix_override:/home/cannotflypig/robokonn/src/install/motor_node/lib/python3.10/site-packages:${PYTHONPATH} /usr/bin/python3 setup.py egg_info --egg-base ../build/motor_node build --build-base /home/cannotflypig/robokonn/src/build/motor_node/build install --record /home/cannotflypig/robokonn/src/build/motor_node/install.log --single-version-externally-managed
