[1.663s] Invoking command in '/home/cannotflypig/robokonn/src/camera_node': PYTHONPATH=/home/cannotflypig/robokonn/src/build/camera_node/prefix_override:/home/cannotflypig/robokonn/src/install/camera_node/lib/python3.10/site-packages:${PYTHONPATH} /usr/bin/python3 setup.py egg_info --egg-base ../build/camera_node build --build-base /home/cannotflypig/robokonn/src/build/camera_node/build install --record /home/cannotflypig/robokonn/src/build/camera_node/install.log --single-version-externally-managed
[1.876s] running egg_info
[1.877s] writing ../build/camera_node/camera_node.egg-info/PKG-INFO
[1.877s] writing dependency_links to ../build/camera_node/camera_node.egg-info/dependency_links.txt
[1.877s] writing entry points to ../build/camera_node/camera_node.egg-info/entry_points.txt
[1.877s] writing requirements to ../build/camera_node/camera_node.egg-info/requires.txt
[1.878s] writing top-level names to ../build/camera_node/camera_node.egg-info/top_level.txt
[1.879s] reading manifest file '../build/camera_node/camera_node.egg-info/SOURCES.txt'
[1.879s] writing manifest file '../build/camera_node/camera_node.egg-info/SOURCES.txt'
[1.880s] running build
[1.880s] running build_py
[1.880s] running install
[1.880s] /usr/lib/python3/dist-packages/setuptools/command/install.py:34: SetuptoolsDeprecationWarning: setup.py install is deprecated. Use build and pip and other standards-based tools.
[1.880s]   warnings.warn(
[1.880s] running install_lib
[1.881s] running install_data
[1.882s] running install_egg_info
[1.883s] removing '/home/cannotflypig/robokonn/src/install/camera_node/lib/python3.10/site-packages/camera_node-0.0.0-py3.10.egg-info' (and everything under it)
[1.884s] Copying ../build/camera_node/camera_node.egg-info to /home/cannotflypig/robokonn/src/install/camera_node/lib/python3.10/site-packages/camera_node-0.0.0-py3.10.egg-info
[1.884s] running install_scripts
[1.906s] Installing camera_node script to /home/cannotflypig/robokonn/src/install/camera_node/lib/camera_node
[1.907s] writing list of installed files to '/home/cannotflypig/robokonn/src/build/camera_node/install.log'
[1.932s] Invoked command in '/home/cannotflypig/robokonn/src/camera_node' returned '0': PYTHONPATH=/home/cannotflypig/robokonn/src/build/camera_node/prefix_override:/home/cannotflypig/robokonn/src/install/camera_node/lib/python3.10/site-packages:${PYTHONPATH} /usr/bin/python3 setup.py egg_info --egg-base ../build/camera_node build --build-base /home/cannotflypig/robokonn/src/build/camera_node/build install --record /home/cannotflypig/robokonn/src/build/camera_node/install.log --single-version-externally-managed
