[2.067s] Invoking command in '/home/cannotflypig/robokonn/src/main_node': PYTHONPATH=/home/cannotflypig/robokonn/src/build/main_node/prefix_override:/home/cannotflypig/robokonn/src/install/main_node/lib/python3.10/site-packages:${PYTHONPATH} /usr/bin/python3 setup.py egg_info --egg-base ../build/main_node build --build-base /home/cannotflypig/robokonn/src/build/main_node/build install --record /home/cannotflypig/robokonn/src/build/main_node/install.log --single-version-externally-managed
[2.306s] running egg_info
[2.307s] writing ../build/main_node/main_node.egg-info/PKG-INFO
[2.307s] writing dependency_links to ../build/main_node/main_node.egg-info/dependency_links.txt
[2.308s] writing entry points to ../build/main_node/main_node.egg-info/entry_points.txt
[2.308s] writing requirements to ../build/main_node/main_node.egg-info/requires.txt
[2.308s] writing top-level names to ../build/main_node/main_node.egg-info/top_level.txt
[2.309s] reading manifest file '../build/main_node/main_node.egg-info/SOURCES.txt'
[2.311s] writing manifest file '../build/main_node/main_node.egg-info/SOURCES.txt'
[2.311s] running build
[2.311s] running build_py
[2.311s] running install
[2.311s] /usr/lib/python3/dist-packages/setuptools/command/install.py:34: SetuptoolsDeprecationWarning: setup.py install is deprecated. Use build and pip and other standards-based tools.
[2.312s]   warnings.warn(
[2.312s] running install_lib
[2.313s] running install_data
[2.314s] running install_egg_info
[2.316s] removing '/home/cannotflypig/robokonn/src/install/main_node/lib/python3.10/site-packages/main_node-0.0.0-py3.10.egg-info' (and everything under it)
[2.317s] Copying ../build/main_node/main_node.egg-info to /home/cannotflypig/robokonn/src/install/main_node/lib/python3.10/site-packages/main_node-0.0.0-py3.10.egg-info
[2.319s] running install_scripts
[2.341s] Installing main_node script to /home/cannotflypig/robokonn/src/install/main_node/lib/main_node
[2.342s] writing list of installed files to '/home/cannotflypig/robokonn/src/build/main_node/install.log'
[2.419s] Invoked command in '/home/cannotflypig/robokonn/src/main_node' returned '0': PYTHONPATH=/home/cannotflypig/robokonn/src/build/main_node/prefix_override:/home/cannotflypig/robokonn/src/install/main_node/lib/python3.10/site-packages:${PYTHONPATH} /usr/bin/python3 setup.py egg_info --egg-base ../build/main_node build --build-base /home/cannotflypig/robokonn/src/build/main_node/build install --record /home/cannotflypig/robokonn/src/build/main_node/install.log --single-version-externally-managed
