[0.878s] Invoking command in '/home/cannotflypig/robokonn/main_node': PYTHONPATH=/home/cannotflypig/robokonn/build/main_node/prefix_override:/home/cannotflypig/robokonn/install/main_node/lib/python3.10/site-packages:${PYTHONPATH} /usr/bin/python3 setup.py egg_info --egg-base ../build/main_node build --build-base /home/cannotflypig/robokonn/build/main_node/build install --record /home/cannotflypig/robokonn/build/main_node/install.log --single-version-externally-managed
[1.063s] running egg_info
[1.063s] writing ../build/main_node/main_node.egg-info/PKG-INFO
[1.064s] writing dependency_links to ../build/main_node/main_node.egg-info/dependency_links.txt
[1.064s] writing entry points to ../build/main_node/main_node.egg-info/entry_points.txt
[1.064s] writing requirements to ../build/main_node/main_node.egg-info/requires.txt
[1.065s] writing top-level names to ../build/main_node/main_node.egg-info/top_level.txt
[1.066s] reading manifest file '../build/main_node/main_node.egg-info/SOURCES.txt'
[1.067s] writing manifest file '../build/main_node/main_node.egg-info/SOURCES.txt'
[1.067s] running build
[1.068s] running build_py
[1.068s] copying main_node/main_node.py -> /home/cannotflypig/robokonn/build/main_node/build/lib/main_node
[1.068s] /usr/lib/python3/dist-packages/setuptools/command/install.py:34: SetuptoolsDeprecationWarning: setup.py install is deprecated. Use build and pip and other standards-based tools.
[1.068s]   warnings.warn(
[1.069s] running install
[1.069s] running install_lib
[1.069s] copying /home/cannotflypig/robokonn/build/main_node/build/lib/main_node/main_node.py -> /home/cannotflypig/robokonn/install/main_node/lib/python3.10/site-packages/main_node
[1.070s] byte-compiling /home/cannotflypig/robokonn/install/main_node/lib/python3.10/site-packages/main_node/main_node.py to main_node.cpython-310.pyc
[1.070s] running install_data
[1.071s] running install_egg_info
[1.073s] removing '/home/cannotflypig/robokonn/install/main_node/lib/python3.10/site-packages/main_node-0.0.0-py3.10.egg-info' (and everything under it)
[1.073s] Copying ../build/main_node/main_node.egg-info to /home/cannotflypig/robokonn/install/main_node/lib/python3.10/site-packages/main_node-0.0.0-py3.10.egg-info
[1.074s] running install_scripts
[1.091s] Installing main_node script to /home/cannotflypig/robokonn/install/main_node/lib/main_node
[1.091s] writing list of installed files to '/home/cannotflypig/robokonn/build/main_node/install.log'
[1.148s] Invoked command in '/home/cannotflypig/robokonn/main_node' returned '0': PYTHONPATH=/home/cannotflypig/robokonn/build/main_node/prefix_override:/home/cannotflypig/robokonn/install/main_node/lib/python3.10/site-packages:${PYTHONPATH} /usr/bin/python3 setup.py egg_info --egg-base ../build/main_node build --build-base /home/cannotflypig/robokonn/build/main_node/build install --record /home/cannotflypig/robokonn/build/main_node/install.log --single-version-externally-managed
