[0.816s] DEBUG:colcon:Command line arguments: ['/usr/bin/colcon', 'build']
[0.816s] DEBUG:colcon:Parsed command line arguments: Namespace(log_base=None, log_level=None, verb_name='build', build_base='build', install_base='install', merge_install=False, symlink_install=False, test_result_base=None, continue_on_error=False, executor='parallel', parallel_workers=16, event_handlers=None, ignore_user_meta=False, metas=['./colcon.meta'], base_paths=['.'], packages_ignore=None, packages_ignore_regex=None, paths=None, packages_up_to=None, packages_up_to_regex=None, packages_above=None, packages_above_and_dependencies=None, packages_above_depth=None, packages_select_by_dep=None, packages_skip_by_dep=None, packages_skip_up_to=None, packages_select_build_failed=False, packages_skip_build_finished=False, packages_select_test_failures=False, packages_skip_test_passed=False, packages_select=None, packages_skip=None, packages_select_regex=None, packages_skip_regex=None, packages_start=None, packages_end=None, allow_overriding=[], cmake_args=None, cmake_target=None, cmake_target_skip_unavailable=False, cmake_clean_cache=False, cmake_clean_first=False, cmake_force_configure=False, ament_cmake_args=None, catkin_cmake_args=None, catkin_skip_building_tests=False, verb_parser=<colcon_defaults.argument_parser.defaults.DefaultArgumentsDecorator object at 0x7fa6c834ae30>, verb_extension=<colcon_core.verb.build.BuildVerb object at 0x7fa6c8348280>, main=<bound method BuildVerb.main of <colcon_core.verb.build.BuildVerb object at 0x7fa6c8348280>>)
[0.852s] Level 1:colcon.colcon_core.package_discovery:discover_packages(colcon_meta) check parameters
[0.852s] Level 1:colcon.colcon_core.package_discovery:discover_packages(recursive) check parameters
[0.852s] Level 1:colcon.colcon_core.package_discovery:discover_packages(ignore) check parameters
[0.852s] Level 1:colcon.colcon_core.package_discovery:discover_packages(path) check parameters
[0.852s] Level 1:colcon.colcon_core.package_discovery:discover_packages(colcon_meta) discover
[0.852s] Level 1:colcon.colcon_core.package_discovery:discover_packages(recursive) discover
[0.852s] INFO:colcon.colcon_core.package_discovery:Crawling recursively for packages in '/home/cannotflypig/robokonn/src'
[0.852s] Level 1:colcon.colcon_core.package_identification:_identify(.) by extensions ['ignore', 'ignore_ament_install']
[0.852s] Level 1:colcon.colcon_core.package_identification:_identify(.) by extension 'ignore'
[0.852s] Level 1:colcon.colcon_core.package_identification:_identify(.) by extension 'ignore_ament_install'
[0.852s] Level 1:colcon.colcon_core.package_identification:_identify(.) by extensions ['colcon_pkg']
[0.852s] Level 1:colcon.colcon_core.package_identification:_identify(.) by extension 'colcon_pkg'
[0.853s] Level 1:colcon.colcon_core.package_identification:_identify(.) by extensions ['colcon_meta']
[0.853s] Level 1:colcon.colcon_core.package_identification:_identify(.) by extension 'colcon_meta'
[0.853s] Level 1:colcon.colcon_core.package_identification:_identify(.) by extensions ['ros']
[0.853s] Level 1:colcon.colcon_core.package_identification:_identify(.) by extension 'ros'
[0.862s] Level 1:colcon.colcon_core.package_identification:_identify(.) by extensions ['cmake', 'python']
[0.862s] Level 1:colcon.colcon_core.package_identification:_identify(.) by extension 'cmake'
[0.862s] Level 1:colcon.colcon_core.package_identification:_identify(.) by extension 'python'
[0.862s] Level 1:colcon.colcon_core.package_identification:_identify(.) by extensions ['python_setup_py']
[0.862s] Level 1:colcon.colcon_core.package_identification:_identify(.) by extension 'python_setup_py'
[0.862s] Level 1:colcon.colcon_core.package_identification:_identify(build) by extensions ['ignore', 'ignore_ament_install']
[0.862s] Level 1:colcon.colcon_core.package_identification:_identify(build) by extension 'ignore'
[0.862s] Level 1:colcon.colcon_core.package_identification:_identify(build) ignored
[0.863s] Level 1:colcon.colcon_core.package_identification:_identify(camera_node) by extensions ['ignore', 'ignore_ament_install']
[0.863s] Level 1:colcon.colcon_core.package_identification:_identify(camera_node) by extension 'ignore'
[0.863s] Level 1:colcon.colcon_core.package_identification:_identify(camera_node) by extension 'ignore_ament_install'
[0.863s] Level 1:colcon.colcon_core.package_identification:_identify(camera_node) by extensions ['colcon_pkg']
[0.863s] Level 1:colcon.colcon_core.package_identification:_identify(camera_node) by extension 'colcon_pkg'
[0.863s] Level 1:colcon.colcon_core.package_identification:_identify(camera_node) by extensions ['colcon_meta']
[0.863s] Level 1:colcon.colcon_core.package_identification:_identify(camera_node) by extension 'colcon_meta'
[0.863s] Level 1:colcon.colcon_core.package_identification:_identify(camera_node) by extensions ['ros']
[0.863s] Level 1:colcon.colcon_core.package_identification:_identify(camera_node) by extension 'ros'
[0.865s] DEBUG:colcon.colcon_core.package_identification:Package 'camera_node' with type 'ros.ament_python' and name 'camera_node'
[0.865s] Level 1:colcon.colcon_core.package_identification:_identify(install) by extensions ['ignore', 'ignore_ament_install']
[0.865s] Level 1:colcon.colcon_core.package_identification:_identify(install) by extension 'ignore'
[0.865s] Level 1:colcon.colcon_core.package_identification:_identify(install) ignored
[0.865s] Level 1:colcon.colcon_core.package_identification:_identify(interfaces) by extensions ['ignore', 'ignore_ament_install']
[0.865s] Level 1:colcon.colcon_core.package_identification:_identify(interfaces) by extension 'ignore'
[0.865s] Level 1:colcon.colcon_core.package_identification:_identify(interfaces) by extension 'ignore_ament_install'
[0.865s] Level 1:colcon.colcon_core.package_identification:_identify(interfaces) by extensions ['colcon_pkg']
[0.865s] Level 1:colcon.colcon_core.package_identification:_identify(interfaces) by extension 'colcon_pkg'
[0.865s] Level 1:colcon.colcon_core.package_identification:_identify(interfaces) by extensions ['colcon_meta']
[0.865s] Level 1:colcon.colcon_core.package_identification:_identify(interfaces) by extension 'colcon_meta'
[0.865s] Level 1:colcon.colcon_core.package_identification:_identify(interfaces) by extensions ['ros']
[0.865s] Level 1:colcon.colcon_core.package_identification:_identify(interfaces) by extension 'ros'
[0.866s] DEBUG:colcon.colcon_core.package_identification:Package 'interfaces' with type 'ros.ament_cmake' and name 'interfaces'
[0.866s] Level 1:colcon.colcon_core.package_identification:_identify(log) by extensions ['ignore', 'ignore_ament_install']
[0.866s] Level 1:colcon.colcon_core.package_identification:_identify(log) by extension 'ignore'
[0.866s] Level 1:colcon.colcon_core.package_identification:_identify(log) ignored
[0.866s] Level 1:colcon.colcon_core.package_identification:_identify(main_node) by extensions ['ignore', 'ignore_ament_install']
[0.866s] Level 1:colcon.colcon_core.package_identification:_identify(main_node) by extension 'ignore'
[0.866s] Level 1:colcon.colcon_core.package_identification:_identify(main_node) by extension 'ignore_ament_install'
[0.866s] Level 1:colcon.colcon_core.package_identification:_identify(main_node) by extensions ['colcon_pkg']
[0.866s] Level 1:colcon.colcon_core.package_identification:_identify(main_node) by extension 'colcon_pkg'
[0.866s] Level 1:colcon.colcon_core.package_identification:_identify(main_node) by extensions ['colcon_meta']
[0.866s] Level 1:colcon.colcon_core.package_identification:_identify(main_node) by extension 'colcon_meta'
[0.866s] Level 1:colcon.colcon_core.package_identification:_identify(main_node) by extensions ['ros']
[0.866s] Level 1:colcon.colcon_core.package_identification:_identify(main_node) by extension 'ros'
[0.867s] DEBUG:colcon.colcon_core.package_identification:Package 'main_node' with type 'ros.ament_python' and name 'main_node'
[0.867s] Level 1:colcon.colcon_core.package_identification:_identify(motor_node) by extensions ['ignore', 'ignore_ament_install']
[0.867s] Level 1:colcon.colcon_core.package_identification:_identify(motor_node) by extension 'ignore'
[0.867s] Level 1:colcon.colcon_core.package_identification:_identify(motor_node) by extension 'ignore_ament_install'
[0.867s] Level 1:colcon.colcon_core.package_identification:_identify(motor_node) by extensions ['colcon_pkg']
[0.868s] Level 1:colcon.colcon_core.package_identification:_identify(motor_node) by extension 'colcon_pkg'
[0.868s] Level 1:colcon.colcon_core.package_identification:_identify(motor_node) by extensions ['colcon_meta']
[0.868s] Level 1:colcon.colcon_core.package_identification:_identify(motor_node) by extension 'colcon_meta'
[0.868s] Level 1:colcon.colcon_core.package_identification:_identify(motor_node) by extensions ['ros']
[0.868s] Level 1:colcon.colcon_core.package_identification:_identify(motor_node) by extension 'ros'
[0.868s] DEBUG:colcon.colcon_core.package_identification:Package 'motor_node' with type 'ros.ament_python' and name 'motor_node'
[0.868s] Level 1:colcon.colcon_core.package_discovery:discover_packages(recursive) using defaults
[0.868s] Level 1:colcon.colcon_core.package_discovery:discover_packages(ignore) discover
[0.868s] Level 1:colcon.colcon_core.package_discovery:discover_packages(ignore) using defaults
[0.868s] Level 1:colcon.colcon_core.package_discovery:discover_packages(path) discover
[0.868s] Level 1:colcon.colcon_core.package_discovery:discover_packages(path) using defaults
[0.938s] Level 1:colcon.colcon_core.package_discovery:discover_packages(prefix_path) check parameters
[0.938s] Level 1:colcon.colcon_core.package_discovery:discover_packages(prefix_path) discover
[0.949s] WARNING:colcon.colcon_core.prefix_path.colcon:The path '/home/cannotflypig/robokonn/install' in the environment variable COLCON_PREFIX_PATH doesn't exist
[0.949s] WARNING:colcon.colcon_ros.prefix_path.ament:The path '/home/cannotflypig/robokonn/install/motor_node' in the environment variable AMENT_PREFIX_PATH doesn't exist
[0.950s] WARNING:colcon.colcon_ros.prefix_path.ament:The path '/home/cannotflypig/robokonn/install/main_node' in the environment variable AMENT_PREFIX_PATH doesn't exist
[0.962s] DEBUG:colcon.colcon_installed_package_information.package_discovery:Found 270 installed packages in /opt/ros/humble
[0.965s] Level 1:colcon.colcon_core.package_discovery:discover_packages(prefix_path) using defaults
[1.037s] Level 5:colcon.colcon_core.verb:set package 'camera_node' build argument 'cmake_args' from command line to 'None'
[1.037s] Level 5:colcon.colcon_core.verb:set package 'camera_node' build argument 'cmake_target' from command line to 'None'
[1.037s] Level 5:colcon.colcon_core.verb:set package 'camera_node' build argument 'cmake_target_skip_unavailable' from command line to 'False'
[1.037s] Level 5:colcon.colcon_core.verb:set package 'camera_node' build argument 'cmake_clean_cache' from command line to 'False'
[1.037s] Level 5:colcon.colcon_core.verb:set package 'camera_node' build argument 'cmake_clean_first' from command line to 'False'
[1.037s] Level 5:colcon.colcon_core.verb:set package 'camera_node' build argument 'cmake_force_configure' from command line to 'False'
[1.037s] Level 5:colcon.colcon_core.verb:set package 'camera_node' build argument 'ament_cmake_args' from command line to 'None'
[1.037s] Level 5:colcon.colcon_core.verb:set package 'camera_node' build argument 'catkin_cmake_args' from command line to 'None'
[1.037s] Level 5:colcon.colcon_core.verb:set package 'camera_node' build argument 'catkin_skip_building_tests' from command line to 'False'
[1.037s] DEBUG:colcon.colcon_core.verb:Building package 'camera_node' with the following arguments: {'ament_cmake_args': None, 'build_base': '/home/cannotflypig/robokonn/src/build/camera_node', 'catkin_cmake_args': None, 'catkin_skip_building_tests': False, 'cmake_args': None, 'cmake_clean_cache': False, 'cmake_clean_first': False, 'cmake_force_configure': False, 'cmake_target': None, 'cmake_target_skip_unavailable': False, 'install_base': '/home/cannotflypig/robokonn/src/install/camera_node', 'merge_install': False, 'path': '/home/cannotflypig/robokonn/src/camera_node', 'symlink_install': False, 'test_result_base': None}
[1.049s] Level 5:colcon.colcon_core.verb:set package 'interfaces' build argument 'cmake_args' from command line to 'None'
[1.049s] Level 5:colcon.colcon_core.verb:set package 'interfaces' build argument 'cmake_target' from command line to 'None'
[1.049s] Level 5:colcon.colcon_core.verb:set package 'interfaces' build argument 'cmake_target_skip_unavailable' from command line to 'False'
[1.049s] Level 5:colcon.colcon_core.verb:set package 'interfaces' build argument 'cmake_clean_cache' from command line to 'False'
[1.049s] Level 5:colcon.colcon_core.verb:set package 'interfaces' build argument 'cmake_clean_first' from command line to 'False'
[1.049s] Level 5:colcon.colcon_core.verb:set package 'interfaces' build argument 'cmake_force_configure' from command line to 'False'
[1.049s] Level 5:colcon.colcon_core.verb:set package 'interfaces' build argument 'ament_cmake_args' from command line to 'None'
[1.049s] Level 5:colcon.colcon_core.verb:set package 'interfaces' build argument 'catkin_cmake_args' from command line to 'None'
[1.049s] Level 5:colcon.colcon_core.verb:set package 'interfaces' build argument 'catkin_skip_building_tests' from command line to 'False'
[1.049s] DEBUG:colcon.colcon_core.verb:Building package 'interfaces' with the following arguments: {'ament_cmake_args': None, 'build_base': '/home/cannotflypig/robokonn/src/build/interfaces', 'catkin_cmake_args': None, 'catkin_skip_building_tests': False, 'cmake_args': None, 'cmake_clean_cache': False, 'cmake_clean_first': False, 'cmake_force_configure': False, 'cmake_target': None, 'cmake_target_skip_unavailable': False, 'install_base': '/home/cannotflypig/robokonn/src/install/interfaces', 'merge_install': False, 'path': '/home/cannotflypig/robokonn/src/interfaces', 'symlink_install': False, 'test_result_base': None}
[1.061s] Level 5:colcon.colcon_core.verb:set package 'main_node' build argument 'cmake_args' from command line to 'None'
[1.061s] Level 5:colcon.colcon_core.verb:set package 'main_node' build argument 'cmake_target' from command line to 'None'
[1.061s] Level 5:colcon.colcon_core.verb:set package 'main_node' build argument 'cmake_target_skip_unavailable' from command line to 'False'
[1.061s] Level 5:colcon.colcon_core.verb:set package 'main_node' build argument 'cmake_clean_cache' from command line to 'False'
[1.061s] Level 5:colcon.colcon_core.verb:set package 'main_node' build argument 'cmake_clean_first' from command line to 'False'
[1.061s] Level 5:colcon.colcon_core.verb:set package 'main_node' build argument 'cmake_force_configure' from command line to 'False'
[1.061s] Level 5:colcon.colcon_core.verb:set package 'main_node' build argument 'ament_cmake_args' from command line to 'None'
[1.061s] Level 5:colcon.colcon_core.verb:set package 'main_node' build argument 'catkin_cmake_args' from command line to 'None'
[1.061s] Level 5:colcon.colcon_core.verb:set package 'main_node' build argument 'catkin_skip_building_tests' from command line to 'False'
[1.061s] DEBUG:colcon.colcon_core.verb:Building package 'main_node' with the following arguments: {'ament_cmake_args': None, 'build_base': '/home/cannotflypig/robokonn/src/build/main_node', 'catkin_cmake_args': None, 'catkin_skip_building_tests': False, 'cmake_args': None, 'cmake_clean_cache': False, 'cmake_clean_first': False, 'cmake_force_configure': False, 'cmake_target': None, 'cmake_target_skip_unavailable': False, 'install_base': '/home/cannotflypig/robokonn/src/install/main_node', 'merge_install': False, 'path': '/home/cannotflypig/robokonn/src/main_node', 'symlink_install': False, 'test_result_base': None}
[1.071s] Level 5:colcon.colcon_core.verb:set package 'motor_node' build argument 'cmake_args' from command line to 'None'
[1.071s] Level 5:colcon.colcon_core.verb:set package 'motor_node' build argument 'cmake_target' from command line to 'None'
[1.071s] Level 5:colcon.colcon_core.verb:set package 'motor_node' build argument 'cmake_target_skip_unavailable' from command line to 'False'
[1.072s] Level 5:colcon.colcon_core.verb:set package 'motor_node' build argument 'cmake_clean_cache' from command line to 'False'
[1.072s] Level 5:colcon.colcon_core.verb:set package 'motor_node' build argument 'cmake_clean_first' from command line to 'False'
[1.072s] Level 5:colcon.colcon_core.verb:set package 'motor_node' build argument 'cmake_force_configure' from command line to 'False'
[1.072s] Level 5:colcon.colcon_core.verb:set package 'motor_node' build argument 'ament_cmake_args' from command line to 'None'
[1.072s] Level 5:colcon.colcon_core.verb:set package 'motor_node' build argument 'catkin_cmake_args' from command line to 'None'
[1.072s] Level 5:colcon.colcon_core.verb:set package 'motor_node' build argument 'catkin_skip_building_tests' from command line to 'False'
[1.072s] DEBUG:colcon.colcon_core.verb:Building package 'motor_node' with the following arguments: {'ament_cmake_args': None, 'build_base': '/home/cannotflypig/robokonn/src/build/motor_node', 'catkin_cmake_args': None, 'catkin_skip_building_tests': False, 'cmake_args': None, 'cmake_clean_cache': False, 'cmake_clean_first': False, 'cmake_force_configure': False, 'cmake_target': None, 'cmake_target_skip_unavailable': False, 'install_base': '/home/cannotflypig/robokonn/src/install/motor_node', 'merge_install': False, 'path': '/home/cannotflypig/robokonn/src/motor_node', 'symlink_install': False, 'test_result_base': None}
[1.081s] INFO:colcon.colcon_core.executor:Executing jobs using 'parallel' executor
[1.092s] DEBUG:colcon.colcon_parallel_executor.executor.parallel:run_until_complete
[1.092s] INFO:colcon.colcon_ros.task.ament_python.build:Building ROS package in '/home/cannotflypig/robokonn/src/camera_node' with build type 'ament_python'
[1.092s] Level 1:colcon.colcon_core.shell:create_environment_hook('camera_node', 'ament_prefix_path')
[1.105s] INFO:colcon.colcon_core.plugin_system:Skipping extension 'colcon_core.shell.bat': Not used on non-Windows systems
[1.105s] INFO:colcon.colcon_core.shell:Creating environment hook '/home/cannotflypig/robokonn/src/install/camera_node/share/camera_node/hook/ament_prefix_path.ps1'
[1.105s] INFO:colcon.colcon_core.shell:Creating environment descriptor '/home/cannotflypig/robokonn/src/install/camera_node/share/camera_node/hook/ament_prefix_path.dsv'
[1.106s] INFO:colcon.colcon_core.shell:Creating environment hook '/home/cannotflypig/robokonn/src/install/camera_node/share/camera_node/hook/ament_prefix_path.sh'
[1.116s] INFO:colcon.colcon_core.shell:Skip shell extension 'powershell' for command environment: Not usable outside of PowerShell
[1.116s] DEBUG:colcon.colcon_core.shell:Skip shell extension 'dsv' for command environment
[1.138s] INFO:colcon.colcon_ros.task.ament_cmake.build:Building ROS package in '/home/cannotflypig/robokonn/src/interfaces' with build type 'ament_cmake'
[1.138s] INFO:colcon.colcon_cmake.task.cmake.build:Building CMake package in '/home/cannotflypig/robokonn/src/interfaces'
[1.149s] INFO:colcon.colcon_core.shell:Skip shell extension 'powershell' for command environment: Not usable outside of PowerShell
[1.149s] DEBUG:colcon.colcon_core.shell:Skip shell extension 'dsv' for command environment
[1.171s] INFO:colcon.colcon_ros.task.ament_python.build:Building ROS package in '/home/cannotflypig/robokonn/src/main_node' with build type 'ament_python'
[1.171s] Level 1:colcon.colcon_core.shell:create_environment_hook('main_node', 'ament_prefix_path')
[1.183s] INFO:colcon.colcon_core.shell:Creating environment hook '/home/cannotflypig/robokonn/src/install/main_node/share/main_node/hook/ament_prefix_path.ps1'
[1.183s] INFO:colcon.colcon_core.shell:Creating environment descriptor '/home/cannotflypig/robokonn/src/install/main_node/share/main_node/hook/ament_prefix_path.dsv'
[1.184s] INFO:colcon.colcon_core.shell:Creating environment hook '/home/cannotflypig/robokonn/src/install/main_node/share/main_node/hook/ament_prefix_path.sh'
[1.197s] INFO:colcon.colcon_core.shell:Skip shell extension 'powershell' for command environment: Not usable outside of PowerShell
[1.197s] DEBUG:colcon.colcon_core.shell:Skip shell extension 'dsv' for command environment
[1.222s] INFO:colcon.colcon_ros.task.ament_python.build:Building ROS package in '/home/cannotflypig/robokonn/src/motor_node' with build type 'ament_python'
[1.222s] Level 1:colcon.colcon_core.shell:create_environment_hook('motor_node', 'ament_prefix_path')
[1.235s] INFO:colcon.colcon_core.shell:Creating environment hook '/home/cannotflypig/robokonn/src/install/motor_node/share/motor_node/hook/ament_prefix_path.ps1'
[1.235s] INFO:colcon.colcon_core.shell:Creating environment descriptor '/home/cannotflypig/robokonn/src/install/motor_node/share/motor_node/hook/ament_prefix_path.dsv'
[1.235s] INFO:colcon.colcon_core.shell:Creating environment hook '/home/cannotflypig/robokonn/src/install/motor_node/share/motor_node/hook/ament_prefix_path.sh'
[1.247s] INFO:colcon.colcon_core.shell:Skip shell extension 'powershell' for command environment: Not usable outside of PowerShell
[1.247s] DEBUG:colcon.colcon_core.shell:Skip shell extension 'dsv' for command environment
[1.495s] INFO:colcon.colcon_core.task.python.build:Building Python package in '/home/cannotflypig/robokonn/src/camera_node'
[1.507s] INFO:colcon.colcon_core.shell:Skip shell extension 'powershell' for command environment: Not usable outside of PowerShell
[1.508s] DEBUG:colcon.colcon_core.shell:Skip shell extension 'dsv' for command environment
[1.539s] DEBUG:colcon.colcon_core.event_handler.log_command:Invoking command in '/home/cannotflypig/robokonn/src/build/interfaces': CMAKE_PREFIX_PATH=/home/cannotflypig/robokonn/install/motor_node:/home/cannotflypig/robokonn/install/main_node:/opt/ros/humble /usr/bin/cmake --build /home/cannotflypig/robokonn/src/build/interfaces -- -j16 -l16
[1.786s] INFO:colcon.colcon_core.task.python.build:Building Python package in '/home/cannotflypig/robokonn/src/main_node'
[1.806s] INFO:colcon.colcon_core.shell:Skip shell extension 'powershell' for command environment: Not usable outside of PowerShell
[1.806s] DEBUG:colcon.colcon_core.shell:Skip shell extension 'dsv' for command environment
[2.074s] INFO:colcon.colcon_core.task.python.build:Building Python package in '/home/cannotflypig/robokonn/src/motor_node'
[2.090s] INFO:colcon.colcon_core.shell:Skip shell extension 'powershell' for command environment: Not usable outside of PowerShell
[2.091s] DEBUG:colcon.colcon_core.shell:Skip shell extension 'dsv' for command environment
[2.126s] DEBUG:colcon.colcon_core.event_handler.log_command:Invoked command in '/home/cannotflypig/robokonn/src/build/interfaces' returned '0': CMAKE_PREFIX_PATH=/home/cannotflypig/robokonn/install/motor_node:/home/cannotflypig/robokonn/install/main_node:/opt/ros/humble /usr/bin/cmake --build /home/cannotflypig/robokonn/src/build/interfaces -- -j16 -l16
[2.187s] DEBUG:colcon.colcon_core.event_handler.log_command:Invoking command in '/home/cannotflypig/robokonn/src/build/interfaces': CMAKE_PREFIX_PATH=/home/cannotflypig/robokonn/install/motor_node:/home/cannotflypig/robokonn/install/main_node:/opt/ros/humble /usr/bin/cmake --install /home/cannotflypig/robokonn/src/build/interfaces
[2.287s] Level 1:colcon.colcon_core.environment:create_environment_scripts_only(interfaces)
[2.296s] DEBUG:colcon.colcon_core.event_handler.log_command:Invoked command in '/home/cannotflypig/robokonn/src/build/interfaces' returned '0': CMAKE_PREFIX_PATH=/home/cannotflypig/robokonn/install/motor_node:/home/cannotflypig/robokonn/install/main_node:/opt/ros/humble /usr/bin/cmake --install /home/cannotflypig/robokonn/src/build/interfaces
[2.327s] Level 1:colcon.colcon_core.environment:checking '/home/cannotflypig/robokonn/src/install/interfaces' for CMake module files
[2.327s] Level 1:colcon.colcon_core.environment:checking '/home/cannotflypig/robokonn/src/install/interfaces' for CMake config files
[2.328s] Level 1:colcon.colcon_core.shell:create_environment_hook('interfaces', 'cmake_prefix_path')
[2.377s] INFO:colcon.colcon_core.shell:Creating environment hook '/home/cannotflypig/robokonn/src/install/interfaces/share/interfaces/hook/cmake_prefix_path.ps1'
[2.377s] INFO:colcon.colcon_core.shell:Creating environment descriptor '/home/cannotflypig/robokonn/src/install/interfaces/share/interfaces/hook/cmake_prefix_path.dsv'
[2.378s] INFO:colcon.colcon_core.shell:Creating environment hook '/home/cannotflypig/robokonn/src/install/interfaces/share/interfaces/hook/cmake_prefix_path.sh'
[2.378s] Level 1:colcon.colcon_core.environment:checking '/home/cannotflypig/robokonn/src/install/interfaces/lib'
[2.378s] Level 1:colcon.colcon_core.shell:create_environment_hook('interfaces', 'ld_library_path_lib')
[2.394s] INFO:colcon.colcon_core.shell:Creating environment hook '/home/cannotflypig/robokonn/src/install/interfaces/share/interfaces/hook/ld_library_path_lib.ps1'
[2.394s] INFO:colcon.colcon_core.shell:Creating environment descriptor '/home/cannotflypig/robokonn/src/install/interfaces/share/interfaces/hook/ld_library_path_lib.dsv'
[2.395s] INFO:colcon.colcon_core.shell:Creating environment hook '/home/cannotflypig/robokonn/src/install/interfaces/share/interfaces/hook/ld_library_path_lib.sh'
[2.395s] Level 1:colcon.colcon_core.environment:checking '/home/cannotflypig/robokonn/src/install/interfaces/bin'
[2.395s] Level 1:colcon.colcon_core.environment:checking '/home/cannotflypig/robokonn/src/install/interfaces/lib/pkgconfig/interfaces.pc'
[2.395s] Level 1:colcon.colcon_core.environment:checking '/home/cannotflypig/robokonn/src/install/interfaces/lib/python3.10/site-packages'
[2.396s] Level 1:colcon.colcon_core.environment:checking '/home/cannotflypig/robokonn/src/install/interfaces/bin'
[2.415s] INFO:colcon.colcon_core.shell:Creating package script '/home/cannotflypig/robokonn/src/install/interfaces/share/interfaces/package.ps1'
[2.416s] INFO:colcon.colcon_core.shell:Creating package descriptor '/home/cannotflypig/robokonn/src/install/interfaces/share/interfaces/package.dsv'
[2.417s] INFO:colcon.colcon_core.shell:Creating package script '/home/cannotflypig/robokonn/src/install/interfaces/share/interfaces/package.sh'
[2.419s] INFO:colcon.colcon_core.shell:Creating package script '/home/cannotflypig/robokonn/src/install/interfaces/share/interfaces/package.bash'
[2.420s] INFO:colcon.colcon_core.shell:Creating package script '/home/cannotflypig/robokonn/src/install/interfaces/share/interfaces/package.zsh'
[2.421s] Level 1:colcon.colcon_core.environment:create_file_with_runtime_dependencies(/home/cannotflypig/robokonn/src/install/interfaces/share/colcon-core/packages/interfaces)
[2.490s] Level 1:colcon.colcon_core.environment:create_environment_scripts_only(interfaces)
[2.509s] Level 1:colcon.colcon_core.environment:checking '/home/cannotflypig/robokonn/src/install/interfaces' for CMake module files
[2.510s] Level 1:colcon.colcon_core.environment:checking '/home/cannotflypig/robokonn/src/install/interfaces' for CMake config files
[2.511s] Level 1:colcon.colcon_core.shell:create_environment_hook('interfaces', 'cmake_prefix_path')
[2.527s] INFO:colcon.colcon_core.shell:Creating environment hook '/home/cannotflypig/robokonn/src/install/interfaces/share/interfaces/hook/cmake_prefix_path.ps1'
[2.529s] INFO:colcon.colcon_core.shell:Creating environment descriptor '/home/cannotflypig/robokonn/src/install/interfaces/share/interfaces/hook/cmake_prefix_path.dsv'
[2.530s] INFO:colcon.colcon_core.shell:Creating environment hook '/home/cannotflypig/robokonn/src/install/interfaces/share/interfaces/hook/cmake_prefix_path.sh'
[2.530s] Level 1:colcon.colcon_core.environment:checking '/home/cannotflypig/robokonn/src/install/interfaces/lib'
[2.530s] Level 1:colcon.colcon_core.shell:create_environment_hook('interfaces', 'ld_library_path_lib')
[2.548s] INFO:colcon.colcon_core.shell:Creating environment hook '/home/cannotflypig/robokonn/src/install/interfaces/share/interfaces/hook/ld_library_path_lib.ps1'
[2.548s] INFO:colcon.colcon_core.shell:Creating environment descriptor '/home/cannotflypig/robokonn/src/install/interfaces/share/interfaces/hook/ld_library_path_lib.dsv'
[2.549s] INFO:colcon.colcon_core.shell:Creating environment hook '/home/cannotflypig/robokonn/src/install/interfaces/share/interfaces/hook/ld_library_path_lib.sh'
[2.549s] Level 1:colcon.colcon_core.environment:checking '/home/cannotflypig/robokonn/src/install/interfaces/bin'
[2.549s] Level 1:colcon.colcon_core.environment:checking '/home/cannotflypig/robokonn/src/install/interfaces/lib/pkgconfig/interfaces.pc'
[2.550s] Level 1:colcon.colcon_core.environment:checking '/home/cannotflypig/robokonn/src/install/interfaces/lib/python3.10/site-packages'
[2.550s] Level 1:colcon.colcon_core.environment:checking '/home/cannotflypig/robokonn/src/install/interfaces/bin'
[2.572s] INFO:colcon.colcon_core.shell:Creating package script '/home/cannotflypig/robokonn/src/install/interfaces/share/interfaces/package.ps1'
[2.573s] INFO:colcon.colcon_core.shell:Creating package descriptor '/home/cannotflypig/robokonn/src/install/interfaces/share/interfaces/package.dsv'
[2.573s] INFO:colcon.colcon_core.shell:Creating package script '/home/cannotflypig/robokonn/src/install/interfaces/share/interfaces/package.sh'
[2.573s] INFO:colcon.colcon_core.shell:Creating package script '/home/cannotflypig/robokonn/src/install/interfaces/share/interfaces/package.bash'
[2.574s] INFO:colcon.colcon_core.shell:Creating package script '/home/cannotflypig/robokonn/src/install/interfaces/share/interfaces/package.zsh'
[2.574s] Level 1:colcon.colcon_core.environment:create_file_with_runtime_dependencies(/home/cannotflypig/robokonn/src/install/interfaces/share/colcon-core/packages/interfaces)
[2.580s] DEBUG:colcon.colcon_core.event_handler.log_command:Invoking command in '/home/cannotflypig/robokonn/src/camera_node': PYTHONPATH=/home/cannotflypig/robokonn/src/build/camera_node/prefix_override:/home/cannotflypig/robokonn/src/install/camera_node/lib/python3.10/site-packages:${PYTHONPATH} /usr/bin/python3 setup.py egg_info --egg-base ../build/camera_node build --build-base /home/cannotflypig/robokonn/src/build/camera_node/build install --record /home/cannotflypig/robokonn/src/build/camera_node/install.log --single-version-externally-managed
[2.581s] DEBUG:colcon.colcon_core.event_handler.log_command:Invoking command in '/home/cannotflypig/robokonn/src/main_node': PYTHONPATH=/home/cannotflypig/robokonn/src/build/main_node/prefix_override:/home/cannotflypig/robokonn/src/install/main_node/lib/python3.10/site-packages:${PYTHONPATH} /usr/bin/python3 setup.py egg_info --egg-base ../build/main_node build --build-base /home/cannotflypig/robokonn/src/build/main_node/build install --record /home/cannotflypig/robokonn/src/build/main_node/install.log --single-version-externally-managed
[2.593s] DEBUG:colcon.colcon_core.event_handler.log_command:Invoking command in '/home/cannotflypig/robokonn/src/motor_node': PYTHONPATH=/home/cannotflypig/robokonn/src/build/motor_node/prefix_override:/home/cannotflypig/robokonn/src/install/motor_node/lib/python3.10/site-packages:${PYTHONPATH} /usr/bin/python3 setup.py egg_info --egg-base ../build/motor_node build --build-base /home/cannotflypig/robokonn/src/build/motor_node/build install --record /home/cannotflypig/robokonn/src/build/motor_node/install.log --single-version-externally-managed
[2.830s] DEBUG:colcon.colcon_core.event_handler.log_command:Invoked command in '/home/cannotflypig/robokonn/src/motor_node' returned '0': PYTHONPATH=/home/cannotflypig/robokonn/src/build/motor_node/prefix_override:/home/cannotflypig/robokonn/src/install/motor_node/lib/python3.10/site-packages:${PYTHONPATH} /usr/bin/python3 setup.py egg_info --egg-base ../build/motor_node build --build-base /home/cannotflypig/robokonn/src/build/motor_node/build install --record /home/cannotflypig/robokonn/src/build/motor_node/install.log --single-version-externally-managed
[2.842s] Level 1:colcon.colcon_core.environment:checking '/home/cannotflypig/robokonn/src/install/motor_node' for CMake module files
[2.842s] Level 1:colcon.colcon_core.environment:checking '/home/cannotflypig/robokonn/src/install/motor_node' for CMake config files
[2.843s] Level 1:colcon.colcon_core.environment:checking '/home/cannotflypig/robokonn/src/install/motor_node/lib'
[2.843s] Level 1:colcon.colcon_core.environment:checking '/home/cannotflypig/robokonn/src/install/motor_node/bin'
[2.843s] Level 1:colcon.colcon_core.environment:checking '/home/cannotflypig/robokonn/src/install/motor_node/lib/pkgconfig/motor_node.pc'
[2.843s] Level 1:colcon.colcon_core.environment:checking '/home/cannotflypig/robokonn/src/install/motor_node/lib/python3.10/site-packages'
[2.843s] Level 1:colcon.colcon_core.shell:create_environment_hook('motor_node', 'pythonpath')
[2.855s] INFO:colcon.colcon_core.shell:Creating environment hook '/home/cannotflypig/robokonn/src/install/motor_node/share/motor_node/hook/pythonpath.ps1'
[2.855s] INFO:colcon.colcon_core.shell:Creating environment descriptor '/home/cannotflypig/robokonn/src/install/motor_node/share/motor_node/hook/pythonpath.dsv'
[2.856s] INFO:colcon.colcon_core.shell:Creating environment hook '/home/cannotflypig/robokonn/src/install/motor_node/share/motor_node/hook/pythonpath.sh'
[2.856s] Level 1:colcon.colcon_core.environment:checking '/home/cannotflypig/robokonn/src/install/motor_node/bin'
[2.856s] Level 1:colcon.colcon_core.environment:create_environment_scripts_only(motor_node)
[2.868s] INFO:colcon.colcon_core.shell:Creating package script '/home/cannotflypig/robokonn/src/install/motor_node/share/motor_node/package.ps1'
[2.868s] INFO:colcon.colcon_core.shell:Creating package descriptor '/home/cannotflypig/robokonn/src/install/motor_node/share/motor_node/package.dsv'
[2.869s] INFO:colcon.colcon_core.shell:Creating package script '/home/cannotflypig/robokonn/src/install/motor_node/share/motor_node/package.sh'
[2.869s] INFO:colcon.colcon_core.shell:Creating package script '/home/cannotflypig/robokonn/src/install/motor_node/share/motor_node/package.bash'
[2.869s] INFO:colcon.colcon_core.shell:Creating package script '/home/cannotflypig/robokonn/src/install/motor_node/share/motor_node/package.zsh'
[2.870s] Level 1:colcon.colcon_core.environment:create_file_with_runtime_dependencies(/home/cannotflypig/robokonn/src/install/motor_node/share/colcon-core/packages/motor_node)
[2.873s] DEBUG:colcon.colcon_core.event_handler.log_command:Invoked command in '/home/cannotflypig/robokonn/src/camera_node' returned '0': PYTHONPATH=/home/cannotflypig/robokonn/src/build/camera_node/prefix_override:/home/cannotflypig/robokonn/src/install/camera_node/lib/python3.10/site-packages:${PYTHONPATH} /usr/bin/python3 setup.py egg_info --egg-base ../build/camera_node build --build-base /home/cannotflypig/robokonn/src/build/camera_node/build install --record /home/cannotflypig/robokonn/src/build/camera_node/install.log --single-version-externally-managed
[2.884s] Level 1:colcon.colcon_core.environment:checking '/home/cannotflypig/robokonn/src/install/camera_node' for CMake module files
[2.884s] Level 1:colcon.colcon_core.environment:checking '/home/cannotflypig/robokonn/src/install/camera_node' for CMake config files
[2.885s] Level 1:colcon.colcon_core.environment:checking '/home/cannotflypig/robokonn/src/install/camera_node/lib'
[2.885s] Level 1:colcon.colcon_core.environment:checking '/home/cannotflypig/robokonn/src/install/camera_node/bin'
[2.885s] Level 1:colcon.colcon_core.environment:checking '/home/cannotflypig/robokonn/src/install/camera_node/lib/pkgconfig/camera_node.pc'
[2.885s] Level 1:colcon.colcon_core.environment:checking '/home/cannotflypig/robokonn/src/install/camera_node/lib/python3.10/site-packages'
[2.886s] Level 1:colcon.colcon_core.shell:create_environment_hook('camera_node', 'pythonpath')
[2.896s] INFO:colcon.colcon_core.shell:Creating environment hook '/home/cannotflypig/robokonn/src/install/camera_node/share/camera_node/hook/pythonpath.ps1'
[2.897s] INFO:colcon.colcon_core.shell:Creating environment descriptor '/home/cannotflypig/robokonn/src/install/camera_node/share/camera_node/hook/pythonpath.dsv'
[2.897s] INFO:colcon.colcon_core.shell:Creating environment hook '/home/cannotflypig/robokonn/src/install/camera_node/share/camera_node/hook/pythonpath.sh'
[2.897s] Level 1:colcon.colcon_core.environment:checking '/home/cannotflypig/robokonn/src/install/camera_node/bin'
[2.898s] Level 1:colcon.colcon_core.environment:create_environment_scripts_only(camera_node)
[2.909s] INFO:colcon.colcon_core.shell:Creating package script '/home/cannotflypig/robokonn/src/install/camera_node/share/camera_node/package.ps1'
[2.910s] INFO:colcon.colcon_core.shell:Creating package descriptor '/home/cannotflypig/robokonn/src/install/camera_node/share/camera_node/package.dsv'
[2.910s] INFO:colcon.colcon_core.shell:Creating package script '/home/cannotflypig/robokonn/src/install/camera_node/share/camera_node/package.sh'
[2.911s] INFO:colcon.colcon_core.shell:Creating package script '/home/cannotflypig/robokonn/src/install/camera_node/share/camera_node/package.bash'
[2.911s] INFO:colcon.colcon_core.shell:Creating package script '/home/cannotflypig/robokonn/src/install/camera_node/share/camera_node/package.zsh'
[2.911s] Level 1:colcon.colcon_core.environment:create_file_with_runtime_dependencies(/home/cannotflypig/robokonn/src/install/camera_node/share/colcon-core/packages/camera_node)
[2.914s] DEBUG:colcon.colcon_core.event_handler.log_command:Invoked command in '/home/cannotflypig/robokonn/src/main_node' returned '0': PYTHONPATH=/home/cannotflypig/robokonn/src/build/main_node/prefix_override:/home/cannotflypig/robokonn/src/install/main_node/lib/python3.10/site-packages:${PYTHONPATH} /usr/bin/python3 setup.py egg_info --egg-base ../build/main_node build --build-base /home/cannotflypig/robokonn/src/build/main_node/build install --record /home/cannotflypig/robokonn/src/build/main_node/install.log --single-version-externally-managed
[2.924s] Level 1:colcon.colcon_core.environment:checking '/home/cannotflypig/robokonn/src/install/main_node' for CMake module files
[2.924s] Level 1:colcon.colcon_core.environment:checking '/home/cannotflypig/robokonn/src/install/main_node' for CMake config files
[2.925s] Level 1:colcon.colcon_core.environment:checking '/home/cannotflypig/robokonn/src/install/main_node/lib'
[2.925s] Level 1:colcon.colcon_core.environment:checking '/home/cannotflypig/robokonn/src/install/main_node/bin'
[2.925s] Level 1:colcon.colcon_core.environment:checking '/home/cannotflypig/robokonn/src/install/main_node/lib/pkgconfig/main_node.pc'
[2.925s] Level 1:colcon.colcon_core.environment:checking '/home/cannotflypig/robokonn/src/install/main_node/lib/python3.10/site-packages'
[2.925s] Level 1:colcon.colcon_core.shell:create_environment_hook('main_node', 'pythonpath')
[2.936s] INFO:colcon.colcon_core.shell:Creating environment hook '/home/cannotflypig/robokonn/src/install/main_node/share/main_node/hook/pythonpath.ps1'
[2.936s] INFO:colcon.colcon_core.shell:Creating environment descriptor '/home/cannotflypig/robokonn/src/install/main_node/share/main_node/hook/pythonpath.dsv'
[2.936s] INFO:colcon.colcon_core.shell:Creating environment hook '/home/cannotflypig/robokonn/src/install/main_node/share/main_node/hook/pythonpath.sh'
[2.937s] Level 1:colcon.colcon_core.environment:checking '/home/cannotflypig/robokonn/src/install/main_node/bin'
[2.937s] Level 1:colcon.colcon_core.environment:create_environment_scripts_only(main_node)
[2.948s] INFO:colcon.colcon_core.shell:Creating package script '/home/cannotflypig/robokonn/src/install/main_node/share/main_node/package.ps1'
[2.949s] INFO:colcon.colcon_core.shell:Creating package descriptor '/home/cannotflypig/robokonn/src/install/main_node/share/main_node/package.dsv'
[2.950s] INFO:colcon.colcon_core.shell:Creating package script '/home/cannotflypig/robokonn/src/install/main_node/share/main_node/package.sh'
[2.950s] INFO:colcon.colcon_core.shell:Creating package script '/home/cannotflypig/robokonn/src/install/main_node/share/main_node/package.bash'
[2.950s] INFO:colcon.colcon_core.shell:Creating package script '/home/cannotflypig/robokonn/src/install/main_node/share/main_node/package.zsh'
[2.951s] Level 1:colcon.colcon_core.environment:create_file_with_runtime_dependencies(/home/cannotflypig/robokonn/src/install/main_node/share/colcon-core/packages/main_node)
[2.951s] DEBUG:colcon.colcon_parallel_executor.executor.parallel:closing loop
[2.952s] DEBUG:colcon.colcon_parallel_executor.executor.parallel:loop closed
[2.952s] DEBUG:colcon.colcon_parallel_executor.executor.parallel:run_until_complete finished with '0'
[2.953s] DEBUG:colcon.colcon_core.event_reactor:joining thread
[3.012s] INFO:colcon.colcon_core.plugin_system:Skipping extension 'colcon_notification.desktop_notification.notify_send': Could not find 'notify-send'
[3.012s] INFO:colcon.colcon_core.plugin_system:Skipping extension 'colcon_notification.desktop_notification.terminal_notifier': Not used on non-Darwin systems
[3.012s] INFO:colcon.colcon_core.plugin_system:Skipping extension 'colcon_notification.desktop_notification.win32': Not used on non-Windows systems
[3.012s] INFO:colcon.colcon_notification.desktop_notification:Sending desktop notification using 'notify2'
[3.012s] DEBUG:colcon.colcon_notification.desktop_notification.notify2:Failed to initialize notify2: org.freedesktop.DBus.Error.FileNotFound: Failed to connect to socket /run/user/1000/bus: No such file or directory
[3.012s] DEBUG:colcon.colcon_core.event_reactor:joined thread
[3.023s] INFO:colcon.colcon_core.shell:Creating prefix script '/home/cannotflypig/robokonn/src/install/local_setup.ps1'
[3.024s] INFO:colcon.colcon_core.shell:Creating prefix util module '/home/cannotflypig/robokonn/src/install/_local_setup_util_ps1.py'
[3.025s] INFO:colcon.colcon_core.shell:Creating prefix chain script '/home/cannotflypig/robokonn/src/install/setup.ps1'
[3.035s] INFO:colcon.colcon_core.shell:Creating prefix script '/home/cannotflypig/robokonn/src/install/local_setup.sh'
[3.036s] INFO:colcon.colcon_core.shell:Creating prefix util module '/home/cannotflypig/robokonn/src/install/_local_setup_util_sh.py'
[3.036s] INFO:colcon.colcon_core.shell:Creating prefix chain script '/home/cannotflypig/robokonn/src/install/setup.sh'
[3.049s] INFO:colcon.colcon_core.shell:Creating prefix script '/home/cannotflypig/robokonn/src/install/local_setup.bash'
[3.049s] INFO:colcon.colcon_core.shell:Creating prefix chain script '/home/cannotflypig/robokonn/src/install/setup.bash'
[3.060s] INFO:colcon.colcon_core.shell:Creating prefix script '/home/cannotflypig/robokonn/src/install/local_setup.zsh'
[3.061s] INFO:colcon.colcon_core.shell:Creating prefix chain script '/home/cannotflypig/robokonn/src/install/setup.zsh'
