[1.388s] Invoking command in '/home/cannotflypig/robokonn/src/sensor_node': PYTHONPATH=/home/cannotflypig/robokonn/build/sensor_node/prefix_override:/home/cannotflypig/robokonn/install/sensor_node/lib/python3.10/site-packages:${PYTHONPATH} /usr/bin/python3 setup.py egg_info --egg-base ../../build/sensor_node build --build-base /home/cannotflypig/robokonn/build/sensor_node/build install --record /home/cannotflypig/robokonn/build/sensor_node/install.log --single-version-externally-managed
[1.614s] running egg_info
[1.615s] creating ../../build/sensor_node/sensor_node.egg-info
[1.616s] writing ../../build/sensor_node/sensor_node.egg-info/PKG-INFO
[1.616s] writing dependency_links to ../../build/sensor_node/sensor_node.egg-info/dependency_links.txt
[1.616s] writing entry points to ../../build/sensor_node/sensor_node.egg-info/entry_points.txt
[1.617s] writing requirements to ../../build/sensor_node/sensor_node.egg-info/requires.txt
[1.617s] writing top-level names to ../../build/sensor_node/sensor_node.egg-info/top_level.txt
[1.617s] writing manifest file '../../build/sensor_node/sensor_node.egg-info/SOURCES.txt'
[1.619s] reading manifest file '../../build/sensor_node/sensor_node.egg-info/SOURCES.txt'
[1.619s] writing manifest file '../../build/sensor_node/sensor_node.egg-info/SOURCES.txt'
[1.619s] running build
[1.619s] running build_py
[1.620s] creating /home/cannotflypig/robokonn/build/sensor_node/build
[1.620s] creating /home/cannotflypig/robokonn/build/sensor_node/build/lib
[1.620s] creating /home/cannotflypig/robokonn/build/sensor_node/build/lib/sensor_node
[1.621s] /usr/lib/python3/dist-packages/setuptools/command/install.py:34: SetuptoolsDeprecationWarning: setup.py install is deprecated. Use build and pip and other standards-based tools.
[1.621s]   warnings.warn(
[1.621s] copying sensor_node/sensor_node.py -> /home/cannotflypig/robokonn/build/sensor_node/build/lib/sensor_node
[1.621s] copying sensor_node/__init__.py -> /home/cannotflypig/robokonn/build/sensor_node/build/lib/sensor_node
[1.621s] running install
[1.621s] running install_lib
[1.622s] copying /home/cannotflypig/robokonn/build/sensor_node/build/lib/sensor_node/sensor_node.py -> /home/cannotflypig/robokonn/install/sensor_node/lib/python3.10/site-packages/sensor_node
[1.624s] byte-compiling /home/cannotflypig/robokonn/install/sensor_node/lib/python3.10/site-packages/sensor_node/sensor_node.py to sensor_node.cpython-310.pyc
[1.624s] running install_data
[1.624s] running install_egg_info
[1.625s] removing '/home/cannotflypig/robokonn/install/sensor_node/lib/python3.10/site-packages/sensor_node-0.0.0-py3.10.egg-info' (and everything under it)
[1.626s] Copying ../../build/sensor_node/sensor_node.egg-info to /home/cannotflypig/robokonn/install/sensor_node/lib/python3.10/site-packages/sensor_node-0.0.0-py3.10.egg-info
[1.627s] running install_scripts
[1.645s] Installing sensor_node script to /home/cannotflypig/robokonn/install/sensor_node/lib/sensor_node
[1.645s] writing list of installed files to '/home/cannotflypig/robokonn/build/sensor_node/install.log'
[1.792s] Invoked command in '/home/cannotflypig/robokonn/src/sensor_node' returned '0': PYTHONPATH=/home/cannotflypig/robokonn/build/sensor_node/prefix_override:/home/cannotflypig/robokonn/install/sensor_node/lib/python3.10/site-packages:${PYTHONPATH} /usr/bin/python3 setup.py egg_info --egg-base ../../build/sensor_node build --build-base /home/cannotflypig/robokonn/build/sensor_node/build install --record /home/cannotflypig/robokonn/build/sensor_node/install.log --single-version-externally-managed
