[1.644s] Invoking command in '/home/cannotflypig/robokonn/src/sensor_node': PYTHONPATH=/home/cannotflypig/robokonn/src/build/sensor_node/prefix_override:/home/cannotflypig/robokonn/src/install/sensor_node/lib/python3.10/site-packages:${PYTHONPATH} /usr/bin/python3 setup.py egg_info --egg-base ../build/sensor_node build --build-base /home/cannotflypig/robokonn/src/build/sensor_node/build install --record /home/cannotflypig/robokonn/src/build/sensor_node/install.log --single-version-externally-managed
[1.888s] running egg_info
[1.889s] writing ../build/sensor_node/sensor_node.egg-info/PKG-INFO
[1.890s] writing dependency_links to ../build/sensor_node/sensor_node.egg-info/dependency_links.txt
[1.890s] writing entry points to ../build/sensor_node/sensor_node.egg-info/entry_points.txt
[1.890s] writing requirements to ../build/sensor_node/sensor_node.egg-info/requires.txt
[1.890s] writing top-level names to ../build/sensor_node/sensor_node.egg-info/top_level.txt
[1.894s] reading manifest file '../build/sensor_node/sensor_node.egg-info/SOURCES.txt'
[1.895s] writing manifest file '../build/sensor_node/sensor_node.egg-info/SOURCES.txt'
[1.896s] running build
[1.896s] running build_py
[1.896s] running install
[1.896s] /usr/lib/python3/dist-packages/setuptools/command/install.py:34: SetuptoolsDeprecationWarning: setup.py install is deprecated. Use build and pip and other standards-based tools.
[1.896s]   warnings.warn(
[1.897s] running install_lib
[1.898s] running install_data
[1.899s] running install_egg_info
[1.901s] removing '/home/cannotflypig/robokonn/src/install/sensor_node/lib/python3.10/site-packages/sensor_node-0.0.0-py3.10.egg-info' (and everything under it)
[1.901s] Copying ../build/sensor_node/sensor_node.egg-info to /home/cannotflypig/robokonn/src/install/sensor_node/lib/python3.10/site-packages/sensor_node-0.0.0-py3.10.egg-info
[1.902s] running install_scripts
[1.923s] Installing sensor_node script to /home/cannotflypig/robokonn/src/install/sensor_node/lib/sensor_node
[1.924s] writing list of installed files to '/home/cannotflypig/robokonn/src/build/sensor_node/install.log'
[2.060s] Invoked command in '/home/cannotflypig/robokonn/src/sensor_node' returned '0': PYTHONPATH=/home/cannotflypig/robokonn/src/build/sensor_node/prefix_override:/home/cannotflypig/robokonn/src/install/sensor_node/lib/python3.10/site-packages:${PYTHONPATH} /usr/bin/python3 setup.py egg_info --egg-base ../build/sensor_node build --build-base /home/cannotflypig/robokonn/src/build/sensor_node/build install --record /home/cannotflypig/robokonn/src/build/sensor_node/install.log --single-version-externally-managed
