[0.437s] Invoking command in '/home/cannotflypig/robokonn/src/build/interfaces': CMAKE_PREFIX_PATH=${CMAKE_PREFIX_PATH}:/home/cannotflypig/robokonn/src/install/motor_node:/home/cannotflypig/robokonn/src/install/main_node:/home/cannotflypig/robokonn/src/install/camera_node:/home/cannotflypig/robokonn/install/motor_node:/home/cannotflypig/robokonn/install/main_node:/opt/ros/humble /usr/bin/cmake --build /home/cannotflypig/robokonn/src/build/interfaces -- -j16 -l16
[0.725s] [  3%] Built target interfaces__cpp
[0.726s] [ 12%] Built target interfaces__rosidl_generator_c
[0.726s] [ 12%] Built target ament_cmake_python_copy_interfaces
[0.727s] [ 22%] Built target interfaces__rosidl_typesupport_cpp
[0.727s] [ 35%] Built target interfaces__rosidl_typesupport_introspection_cpp
[0.727s] [ 41%] Built target interfaces__rosidl_typesupport_introspection_c
[0.727s] [ 51%] Built target interfaces__rosidl_typesupport_fastrtps_c
[0.728s] [ 61%] Built target interfaces__rosidl_typesupport_fastrtps_cpp
[0.728s] [ 70%] Built target interfaces__rosidl_typesupport_c
[0.728s] [ 70%] Built target interfaces
[0.728s] [ 74%] Built target interfaces__py
[0.728s] [ 80%] Built target interfaces__rosidl_generator_py
[0.728s] [ 87%] Built target interfaces__rosidl_typesupport_fastrtps_c__pyext
[0.728s] [ 96%] Built target interfaces__rosidl_typesupport_c__pyext
[0.728s] [100%] Built target interfaces__rosidl_typesupport_introspection_c__pyext
[0.728s] running egg_info
[0.728s] writing interfaces.egg-info/PKG-INFO
[0.728s] writing dependency_links to interfaces.egg-info/dependency_links.txt
[0.728s] writing top-level names to interfaces.egg-info/top_level.txt
[0.728s] reading manifest file 'interfaces.egg-info/SOURCES.txt'
[0.729s] writing manifest file 'interfaces.egg-info/SOURCES.txt'
[0.729s] [100%] Built target ament_cmake_python_build_interfaces_egg
[0.965s] Invoked command in '/home/cannotflypig/robokonn/src/build/interfaces' returned '0': CMAKE_PREFIX_PATH=${CMAKE_PREFIX_PATH}:/home/cannotflypig/robokonn/src/install/motor_node:/home/cannotflypig/robokonn/src/install/main_node:/home/cannotflypig/robokonn/src/install/camera_node:/home/cannotflypig/robokonn/install/motor_node:/home/cannotflypig/robokonn/install/main_node:/opt/ros/humble /usr/bin/cmake --build /home/cannotflypig/robokonn/src/build/interfaces -- -j16 -l16
[1.017s] Invoking command in '/home/cannotflypig/robokonn/src/build/interfaces': CMAKE_PREFIX_PATH=${CMAKE_PREFIX_PATH}:/home/cannotflypig/robokonn/src/install/motor_node:/home/cannotflypig/robokonn/src/install/main_node:/home/cannotflypig/robokonn/src/install/camera_node:/home/cannotflypig/robokonn/install/motor_node:/home/cannotflypig/robokonn/install/main_node:/opt/ros/humble /usr/bin/cmake --install /home/cannotflypig/robokonn/src/build/interfaces
[1.024s] -- Install configuration: ""
[1.025s] -- Up-to-date: /home/cannotflypig/robokonn/src/install/interfaces/share/ament_index/resource_index/rosidl_interfaces/interfaces
[1.025s] -- Up-to-date: /home/cannotflypig/robokonn/src/install/interfaces/include/interfaces/interfaces
[1.025s] -- Up-to-date: /home/cannotflypig/robokonn/src/install/interfaces/include/interfaces/interfaces/srv
[1.025s] -- Up-to-date: /home/cannotflypig/robokonn/src/install/interfaces/include/interfaces/interfaces/srv/detail
[1.025s] -- Up-to-date: /home/cannotflypig/robokonn/src/install/interfaces/include/interfaces/interfaces/srv/detail/going_camera_data__functions.c
[1.026s] -- Up-to-date: /home/cannotflypig/robokonn/src/install/interfaces/include/interfaces/interfaces/srv/detail/going_camera_data__functions.h
[1.026s] -- Up-to-date: /home/cannotflypig/robokonn/src/install/interfaces/include/interfaces/interfaces/srv/detail/going_camera_data__type_support.h
[1.026s] -- Up-to-date: /home/cannotflypig/robokonn/src/install/interfaces/include/interfaces/interfaces/srv/detail/going_camera_data__struct.h
[1.026s] -- Up-to-date: /home/cannotflypig/robokonn/src/install/interfaces/include/interfaces/interfaces/srv/going_camera_data.h
[1.026s] -- Up-to-date: /home/cannotflypig/robokonn/src/install/interfaces/include/interfaces/interfaces/msg
[1.027s] -- Up-to-date: /home/cannotflypig/robokonn/src/install/interfaces/include/interfaces/interfaces/msg/rosidl_generator_c__visibility_control.h
[1.027s] -- Up-to-date: /home/cannotflypig/robokonn/src/install/interfaces/share/interfaces/environment/library_path.sh
[1.027s] -- Up-to-date: /home/cannotflypig/robokonn/src/install/interfaces/share/interfaces/environment/library_path.dsv
[1.027s] -- Up-to-date: /home/cannotflypig/robokonn/src/install/interfaces/lib/libinterfaces__rosidl_generator_c.so
[1.027s] -- Up-to-date: /home/cannotflypig/robokonn/src/install/interfaces/include/interfaces/interfaces
[1.027s] -- Up-to-date: /home/cannotflypig/robokonn/src/install/interfaces/include/interfaces/interfaces/srv
[1.028s] -- Up-to-date: /home/cannotflypig/robokonn/src/install/interfaces/include/interfaces/interfaces/srv/detail
[1.028s] -- Up-to-date: /home/cannotflypig/robokonn/src/install/interfaces/include/interfaces/interfaces/srv/detail/going_camera_data__rosidl_typesupport_fastrtps_c.h
[1.028s] -- Up-to-date: /home/cannotflypig/robokonn/src/install/interfaces/include/interfaces/interfaces/msg
[1.028s] -- Up-to-date: /home/cannotflypig/robokonn/src/install/interfaces/include/interfaces/interfaces/msg/rosidl_typesupport_fastrtps_c__visibility_control.h
[1.028s] -- Up-to-date: /home/cannotflypig/robokonn/src/install/interfaces/lib/libinterfaces__rosidl_typesupport_fastrtps_c.so
[1.029s] -- Up-to-date: /home/cannotflypig/robokonn/src/install/interfaces/include/interfaces/interfaces
[1.029s] -- Up-to-date: /home/cannotflypig/robokonn/src/install/interfaces/include/interfaces/interfaces/srv
[1.029s] -- Up-to-date: /home/cannotflypig/robokonn/src/install/interfaces/include/interfaces/interfaces/srv/detail
[1.029s] -- Up-to-date: /home/cannotflypig/robokonn/src/install/interfaces/include/interfaces/interfaces/srv/detail/going_camera_data__rosidl_typesupport_introspection_c.h
[1.029s] -- Up-to-date: /home/cannotflypig/robokonn/src/install/interfaces/include/interfaces/interfaces/srv/detail/going_camera_data__type_support.c
[1.029s] -- Up-to-date: /home/cannotflypig/robokonn/src/install/interfaces/include/interfaces/interfaces/msg
[1.030s] -- Up-to-date: /home/cannotflypig/robokonn/src/install/interfaces/include/interfaces/interfaces/msg/rosidl_typesupport_introspection_c__visibility_control.h
[1.030s] -- Up-to-date: /home/cannotflypig/robokonn/src/install/interfaces/lib/libinterfaces__rosidl_typesupport_introspection_c.so
[1.030s] -- Up-to-date: /home/cannotflypig/robokonn/src/install/interfaces/lib/libinterfaces__rosidl_typesupport_c.so
[1.030s] -- Up-to-date: /home/cannotflypig/robokonn/src/install/interfaces/include/interfaces/interfaces
[1.030s] -- Up-to-date: /home/cannotflypig/robokonn/src/install/interfaces/include/interfaces/interfaces/srv
[1.030s] -- Up-to-date: /home/cannotflypig/robokonn/src/install/interfaces/include/interfaces/interfaces/srv/detail
[1.030s] -- Up-to-date: /home/cannotflypig/robokonn/src/install/interfaces/include/interfaces/interfaces/srv/detail/going_camera_data__traits.hpp
[1.030s] -- Up-to-date: /home/cannotflypig/robokonn/src/install/interfaces/include/interfaces/interfaces/srv/detail/going_camera_data__struct.hpp
[1.030s] -- Up-to-date: /home/cannotflypig/robokonn/src/install/interfaces/include/interfaces/interfaces/srv/detail/going_camera_data__builder.hpp
[1.030s] -- Up-to-date: /home/cannotflypig/robokonn/src/install/interfaces/include/interfaces/interfaces/srv/going_camera_data.hpp
[1.030s] -- Up-to-date: /home/cannotflypig/robokonn/src/install/interfaces/include/interfaces/interfaces
[1.030s] -- Up-to-date: /home/cannotflypig/robokonn/src/install/interfaces/include/interfaces/interfaces/srv
[1.030s] -- Up-to-date: /home/cannotflypig/robokonn/src/install/interfaces/include/interfaces/interfaces/srv/detail
[1.031s] -- Up-to-date: /home/cannotflypig/robokonn/src/install/interfaces/include/interfaces/interfaces/srv/detail/going_camera_data__rosidl_typesupport_fastrtps_cpp.hpp
[1.031s] -- Up-to-date: /home/cannotflypig/robokonn/src/install/interfaces/include/interfaces/interfaces/srv/detail/dds_fastrtps
[1.031s] -- Up-to-date: /home/cannotflypig/robokonn/src/install/interfaces/include/interfaces/interfaces/msg
[1.031s] -- Up-to-date: /home/cannotflypig/robokonn/src/install/interfaces/include/interfaces/interfaces/msg/rosidl_typesupport_fastrtps_cpp__visibility_control.h
[1.031s] -- Up-to-date: /home/cannotflypig/robokonn/src/install/interfaces/lib/libinterfaces__rosidl_typesupport_fastrtps_cpp.so
[1.031s] -- Up-to-date: /home/cannotflypig/robokonn/src/install/interfaces/include/interfaces/interfaces
[1.031s] -- Up-to-date: /home/cannotflypig/robokonn/src/install/interfaces/include/interfaces/interfaces/srv
[1.031s] -- Up-to-date: /home/cannotflypig/robokonn/src/install/interfaces/include/interfaces/interfaces/srv/detail
[1.031s] -- Up-to-date: /home/cannotflypig/robokonn/src/install/interfaces/include/interfaces/interfaces/srv/detail/going_camera_data__rosidl_typesupport_introspection_cpp.hpp
[1.031s] -- Up-to-date: /home/cannotflypig/robokonn/src/install/interfaces/include/interfaces/interfaces/srv/detail/going_camera_data__type_support.cpp
[1.031s] -- Up-to-date: /home/cannotflypig/robokonn/src/install/interfaces/lib/libinterfaces__rosidl_typesupport_introspection_cpp.so
[1.031s] -- Up-to-date: /home/cannotflypig/robokonn/src/install/interfaces/lib/libinterfaces__rosidl_typesupport_cpp.so
[1.031s] -- Up-to-date: /home/cannotflypig/robokonn/src/install/interfaces/share/interfaces/environment/pythonpath.sh
[1.032s] -- Up-to-date: /home/cannotflypig/robokonn/src/install/interfaces/share/interfaces/environment/pythonpath.dsv
[1.032s] -- Up-to-date: /home/cannotflypig/robokonn/src/install/interfaces/local/lib/python3.10/dist-packages/interfaces-0.0.0-py3.10.egg-info
[1.032s] -- Installing: /home/cannotflypig/robokonn/src/install/interfaces/local/lib/python3.10/dist-packages/interfaces-0.0.0-py3.10.egg-info/dependency_links.txt
[1.032s] -- Installing: /home/cannotflypig/robokonn/src/install/interfaces/local/lib/python3.10/dist-packages/interfaces-0.0.0-py3.10.egg-info/PKG-INFO
[1.032s] -- Installing: /home/cannotflypig/robokonn/src/install/interfaces/local/lib/python3.10/dist-packages/interfaces-0.0.0-py3.10.egg-info/SOURCES.txt
[1.032s] -- Installing: /home/cannotflypig/robokonn/src/install/interfaces/local/lib/python3.10/dist-packages/interfaces-0.0.0-py3.10.egg-info/top_level.txt
[1.032s] -- Up-to-date: /home/cannotflypig/robokonn/src/install/interfaces/local/lib/python3.10/dist-packages/interfaces
[1.032s] -- Up-to-date: /home/cannotflypig/robokonn/src/install/interfaces/local/lib/python3.10/dist-packages/interfaces/srv
[1.032s] -- Up-to-date: /home/cannotflypig/robokonn/src/install/interfaces/local/lib/python3.10/dist-packages/interfaces/srv/__init__.py
[1.032s] -- Up-to-date: /home/cannotflypig/robokonn/src/install/interfaces/local/lib/python3.10/dist-packages/interfaces/srv/_going_camera_data.py
[1.032s] -- Up-to-date: /home/cannotflypig/robokonn/src/install/interfaces/local/lib/python3.10/dist-packages/interfaces/srv/_going_camera_data_s.c
[1.032s] -- Up-to-date: /home/cannotflypig/robokonn/src/install/interfaces/local/lib/python3.10/dist-packages/interfaces/_interfaces_s.ep.rosidl_typesupport_fastrtps_c.c
[1.032s] -- Up-to-date: /home/cannotflypig/robokonn/src/install/interfaces/local/lib/python3.10/dist-packages/interfaces/libinterfaces__rosidl_generator_py.so
[1.033s] -- Up-to-date: /home/cannotflypig/robokonn/src/install/interfaces/local/lib/python3.10/dist-packages/interfaces/interfaces_s__rosidl_typesupport_fastrtps_c.cpython-310-x86_64-linux-gnu.so
[1.033s] -- Up-to-date: /home/cannotflypig/robokonn/src/install/interfaces/local/lib/python3.10/dist-packages/interfaces/_interfaces_s.ep.rosidl_typesupport_introspection_c.c
[1.033s] -- Up-to-date: /home/cannotflypig/robokonn/src/install/interfaces/local/lib/python3.10/dist-packages/interfaces/__init__.py
[1.033s] -- Up-to-date: /home/cannotflypig/robokonn/src/install/interfaces/local/lib/python3.10/dist-packages/interfaces/interfaces_s__rosidl_typesupport_c.cpython-310-x86_64-linux-gnu.so
[1.033s] -- Up-to-date: /home/cannotflypig/robokonn/src/install/interfaces/local/lib/python3.10/dist-packages/interfaces/interfaces_s__rosidl_typesupport_introspection_c.cpython-310-x86_64-linux-gnu.so
[1.033s] -- Up-to-date: /home/cannotflypig/robokonn/src/install/interfaces/local/lib/python3.10/dist-packages/interfaces/_interfaces_s.ep.rosidl_typesupport_c.c
[1.060s] Listing '/home/cannotflypig/robokonn/src/install/interfaces/local/lib/python3.10/dist-packages/interfaces'...
[1.060s] Listing '/home/cannotflypig/robokonn/src/install/interfaces/local/lib/python3.10/dist-packages/interfaces/srv'...
[1.063s] -- Up-to-date: /home/cannotflypig/robokonn/src/install/interfaces/local/lib/python3.10/dist-packages/interfaces/interfaces_s__rosidl_typesupport_fastrtps_c.cpython-310-x86_64-linux-gnu.so
[1.063s] -- Up-to-date: /home/cannotflypig/robokonn/src/install/interfaces/local/lib/python3.10/dist-packages/interfaces/interfaces_s__rosidl_typesupport_introspection_c.cpython-310-x86_64-linux-gnu.so
[1.063s] -- Up-to-date: /home/cannotflypig/robokonn/src/install/interfaces/local/lib/python3.10/dist-packages/interfaces/interfaces_s__rosidl_typesupport_c.cpython-310-x86_64-linux-gnu.so
[1.064s] -- Up-to-date: /home/cannotflypig/robokonn/src/install/interfaces/lib/libinterfaces__rosidl_generator_py.so
[1.064s] -- Up-to-date: /home/cannotflypig/robokonn/src/install/interfaces/share/interfaces/srv/GoingCameraData.idl
[1.064s] -- Up-to-date: /home/cannotflypig/robokonn/src/install/interfaces/share/interfaces/srv/GoingCameraData.srv
[1.064s] -- Up-to-date: /home/cannotflypig/robokonn/src/install/interfaces/share/interfaces/srv/GoingCameraData_Request.msg
[1.065s] -- Up-to-date: /home/cannotflypig/robokonn/src/install/interfaces/share/interfaces/srv/GoingCameraData_Response.msg
[1.065s] -- Up-to-date: /home/cannotflypig/robokonn/src/install/interfaces/share/ament_index/resource_index/package_run_dependencies/interfaces
[1.065s] -- Up-to-date: /home/cannotflypig/robokonn/src/install/interfaces/share/ament_index/resource_index/parent_prefix_path/interfaces
[1.065s] -- Up-to-date: /home/cannotflypig/robokonn/src/install/interfaces/share/interfaces/environment/ament_prefix_path.sh
[1.065s] -- Up-to-date: /home/cannotflypig/robokonn/src/install/interfaces/share/interfaces/environment/ament_prefix_path.dsv
[1.066s] -- Up-to-date: /home/cannotflypig/robokonn/src/install/interfaces/share/interfaces/environment/path.sh
[1.066s] -- Up-to-date: /home/cannotflypig/robokonn/src/install/interfaces/share/interfaces/environment/path.dsv
[1.066s] -- Up-to-date: /home/cannotflypig/robokonn/src/install/interfaces/share/interfaces/local_setup.bash
[1.066s] -- Up-to-date: /home/cannotflypig/robokonn/src/install/interfaces/share/interfaces/local_setup.sh
[1.066s] -- Up-to-date: /home/cannotflypig/robokonn/src/install/interfaces/share/interfaces/local_setup.zsh
[1.066s] -- Up-to-date: /home/cannotflypig/robokonn/src/install/interfaces/share/interfaces/local_setup.dsv
[1.067s] -- Installing: /home/cannotflypig/robokonn/src/install/interfaces/share/interfaces/package.dsv
[1.067s] -- Up-to-date: /home/cannotflypig/robokonn/src/install/interfaces/share/ament_index/resource_index/packages/interfaces
[1.067s] -- Up-to-date: /home/cannotflypig/robokonn/src/install/interfaces/share/interfaces/cmake/export_interfaces__rosidl_generator_cExport.cmake
[1.067s] -- Up-to-date: /home/cannotflypig/robokonn/src/install/interfaces/share/interfaces/cmake/export_interfaces__rosidl_generator_cExport-noconfig.cmake
[1.067s] -- Up-to-date: /home/cannotflypig/robokonn/src/install/interfaces/share/interfaces/cmake/export_interfaces__rosidl_typesupport_fastrtps_cExport.cmake
[1.067s] -- Up-to-date: /home/cannotflypig/robokonn/src/install/interfaces/share/interfaces/cmake/export_interfaces__rosidl_typesupport_fastrtps_cExport-noconfig.cmake
[1.067s] -- Up-to-date: /home/cannotflypig/robokonn/src/install/interfaces/share/interfaces/cmake/interfaces__rosidl_typesupport_introspection_cExport.cmake
[1.068s] -- Up-to-date: /home/cannotflypig/robokonn/src/install/interfaces/share/interfaces/cmake/interfaces__rosidl_typesupport_introspection_cExport-noconfig.cmake
[1.068s] -- Up-to-date: /home/cannotflypig/robokonn/src/install/interfaces/share/interfaces/cmake/interfaces__rosidl_typesupport_cExport.cmake
[1.068s] -- Up-to-date: /home/cannotflypig/robokonn/src/install/interfaces/share/interfaces/cmake/interfaces__rosidl_typesupport_cExport-noconfig.cmake
[1.068s] -- Up-to-date: /home/cannotflypig/robokonn/src/install/interfaces/share/interfaces/cmake/export_interfaces__rosidl_generator_cppExport.cmake
[1.068s] -- Up-to-date: /home/cannotflypig/robokonn/src/install/interfaces/share/interfaces/cmake/export_interfaces__rosidl_typesupport_fastrtps_cppExport.cmake
[1.068s] -- Up-to-date: /home/cannotflypig/robokonn/src/install/interfaces/share/interfaces/cmake/export_interfaces__rosidl_typesupport_fastrtps_cppExport-noconfig.cmake
[1.068s] -- Up-to-date: /home/cannotflypig/robokonn/src/install/interfaces/share/interfaces/cmake/interfaces__rosidl_typesupport_introspection_cppExport.cmake
[1.068s] -- Up-to-date: /home/cannotflypig/robokonn/src/install/interfaces/share/interfaces/cmake/interfaces__rosidl_typesupport_introspection_cppExport-noconfig.cmake
[1.068s] -- Up-to-date: /home/cannotflypig/robokonn/src/install/interfaces/share/interfaces/cmake/interfaces__rosidl_typesupport_cppExport.cmake
[1.068s] -- Up-to-date: /home/cannotflypig/robokonn/src/install/interfaces/share/interfaces/cmake/interfaces__rosidl_typesupport_cppExport-noconfig.cmake
[1.068s] -- Up-to-date: /home/cannotflypig/robokonn/src/install/interfaces/share/interfaces/cmake/export_interfaces__rosidl_generator_pyExport.cmake
[1.068s] -- Up-to-date: /home/cannotflypig/robokonn/src/install/interfaces/share/interfaces/cmake/export_interfaces__rosidl_generator_pyExport-noconfig.cmake
[1.068s] -- Up-to-date: /home/cannotflypig/robokonn/src/install/interfaces/share/interfaces/cmake/rosidl_cmake-extras.cmake
[1.068s] -- Up-to-date: /home/cannotflypig/robokonn/src/install/interfaces/share/interfaces/cmake/ament_cmake_export_include_directories-extras.cmake
[1.069s] -- Up-to-date: /home/cannotflypig/robokonn/src/install/interfaces/share/interfaces/cmake/ament_cmake_export_libraries-extras.cmake
[1.069s] -- Up-to-date: /home/cannotflypig/robokonn/src/install/interfaces/share/interfaces/cmake/ament_cmake_export_targets-extras.cmake
[1.069s] -- Up-to-date: /home/cannotflypig/robokonn/src/install/interfaces/share/interfaces/cmake/rosidl_cmake_export_typesupport_targets-extras.cmake
[1.069s] -- Up-to-date: /home/cannotflypig/robokonn/src/install/interfaces/share/interfaces/cmake/ament_cmake_export_dependencies-extras.cmake
[1.071s] -- Up-to-date: /home/cannotflypig/robokonn/src/install/interfaces/share/interfaces/cmake/rosidl_cmake_export_typesupport_libraries-extras.cmake
[1.071s] -- Up-to-date: /home/cannotflypig/robokonn/src/install/interfaces/share/interfaces/cmake/interfacesConfig.cmake
[1.071s] -- Up-to-date: /home/cannotflypig/robokonn/src/install/interfaces/share/interfaces/cmake/interfacesConfig-version.cmake
[1.071s] -- Up-to-date: /home/cannotflypig/robokonn/src/install/interfaces/share/interfaces/package.xml
[1.072s] Invoked command in '/home/cannotflypig/robokonn/src/build/interfaces' returned '0': CMAKE_PREFIX_PATH=${CMAKE_PREFIX_PATH}:/home/cannotflypig/robokonn/src/install/motor_node:/home/cannotflypig/robokonn/src/install/main_node:/home/cannotflypig/robokonn/src/install/camera_node:/home/cannotflypig/robokonn/install/motor_node:/home/cannotflypig/robokonn/install/main_node:/opt/ros/humble /usr/bin/cmake --install /home/cannotflypig/robokonn/src/build/interfaces
