[1.442s] Invoking command in '/home/cannotflypig/robokonn/src/sensor_node': PYTHONPATH=/home/cannotflypig/robokonn/build/sensor_node/prefix_override:/home/cannotflypig/robokonn/install/sensor_node/lib/python3.10/site-packages:${PYTHONPATH} /usr/bin/python3 setup.py egg_info --egg-base ../../build/sensor_node build --build-base /home/cannotflypig/robokonn/build/sensor_node/build install --record /home/cannotflypig/robokonn/build/sensor_node/install.log --single-version-externally-managed
[1.651s] running egg_info
[1.652s] creating ../../build/sensor_node/sensor_node.egg-info
[1.652s] writing ../../build/sensor_node/sensor_node.egg-info/PKG-INFO
[1.653s] writing dependency_links to ../../build/sensor_node/sensor_node.egg-info/dependency_links.txt
[1.653s] writing entry points to ../../build/sensor_node/sensor_node.egg-info/entry_points.txt
[1.653s] writing requirements to ../../build/sensor_node/sensor_node.egg-info/requires.txt
[1.653s] writing top-level names to ../../build/sensor_node/sensor_node.egg-info/top_level.txt
[1.653s] writing manifest file '../../build/sensor_node/sensor_node.egg-info/SOURCES.txt'
[1.655s] reading manifest file '../../build/sensor_node/sensor_node.egg-info/SOURCES.txt'
[1.656s] writing manifest file '../../build/sensor_node/sensor_node.egg-info/SOURCES.txt'
[1.656s] running build
[1.656s] running build_py
[1.657s] creating /home/cannotflypig/robokonn/build/sensor_node/build
[1.657s] creating /home/cannotflypig/robokonn/build/sensor_node/build/lib
[1.657s] creating /home/cannotflypig/robokonn/build/sensor_node/build/lib/sensor_node
[1.657s] copying sensor_node/sensor_node.py -> /home/cannotflypig/robokonn/build/sensor_node/build/lib/sensor_node
[1.657s] copying sensor_node/__init__.py -> /home/cannotflypig/robokonn/build/sensor_node/build/lib/sensor_node
[1.657s] /usr/lib/python3/dist-packages/setuptools/command/install.py:34: SetuptoolsDeprecationWarning: setup.py install is deprecated. Use build and pip and other standards-based tools.
[1.657s]   warnings.warn(
[1.658s] running install
[1.658s] running install_lib
[1.658s] creating /home/cannotflypig/robokonn/install/sensor_node/lib/python3.10/site-packages/sensor_node
[1.658s] copying /home/cannotflypig/robokonn/build/sensor_node/build/lib/sensor_node/sensor_node.py -> /home/cannotflypig/robokonn/install/sensor_node/lib/python3.10/site-packages/sensor_node
[1.658s] copying /home/cannotflypig/robokonn/build/sensor_node/build/lib/sensor_node/__init__.py -> /home/cannotflypig/robokonn/install/sensor_node/lib/python3.10/site-packages/sensor_node
[1.659s] byte-compiling /home/cannotflypig/robokonn/install/sensor_node/lib/python3.10/site-packages/sensor_node/sensor_node.py to sensor_node.cpython-310.pyc
[1.659s] byte-compiling /home/cannotflypig/robokonn/install/sensor_node/lib/python3.10/site-packages/sensor_node/__init__.py to __init__.cpython-310.pyc
[1.659s] running install_data
[1.660s] creating /home/cannotflypig/robokonn/install/sensor_node/share/ament_index
[1.660s] creating /home/cannotflypig/robokonn/install/sensor_node/share/ament_index/resource_index
[1.660s] creating /home/cannotflypig/robokonn/install/sensor_node/share/ament_index/resource_index/packages
[1.660s] copying resource/sensor_node -> /home/cannotflypig/robokonn/install/sensor_node/share/ament_index/resource_index/packages
[1.661s] copying package.xml -> /home/cannotflypig/robokonn/install/sensor_node/share/sensor_node
[1.661s] running install_egg_info
[1.662s] Copying ../../build/sensor_node/sensor_node.egg-info to /home/cannotflypig/robokonn/install/sensor_node/lib/python3.10/site-packages/sensor_node-0.0.0-py3.10.egg-info
[1.663s] running install_scripts
[1.685s] Installing sensor_node script to /home/cannotflypig/robokonn/install/sensor_node/lib/sensor_node
[1.685s] writing list of installed files to '/home/cannotflypig/robokonn/build/sensor_node/install.log'
[1.718s] Invoked command in '/home/cannotflypig/robokonn/src/sensor_node' returned '0': PYTHONPATH=/home/cannotflypig/robokonn/build/sensor_node/prefix_override:/home/cannotflypig/robokonn/install/sensor_node/lib/python3.10/site-packages:${PYTHONPATH} /usr/bin/python3 setup.py egg_info --egg-base ../../build/sensor_node build --build-base /home/cannotflypig/robokonn/build/sensor_node/build install --record /home/cannotflypig/robokonn/build/sensor_node/install.log --single-version-externally-managed
