[1.672s] Invoking command in '/home/cannotflypig/robokonn/src/main_node': PYTHONPATH=/home/cannotflypig/robokonn/build/main_node/prefix_override:/home/cannotflypig/robokonn/install/main_node/lib/python3.10/site-packages:${PYTHONPATH} /usr/bin/python3 setup.py egg_info --egg-base ../../build/main_node build --build-base /home/cannotflypig/robokonn/build/main_node/build install --record /home/cannotflypig/robokonn/build/main_node/install.log --single-version-externally-managed
[1.888s] running egg_info
[1.888s] writing ../../build/main_node/main_node.egg-info/PKG-INFO
[1.889s] writing dependency_links to ../../build/main_node/main_node.egg-info/dependency_links.txt
[1.889s] writing entry points to ../../build/main_node/main_node.egg-info/entry_points.txt
[1.889s] writing requirements to ../../build/main_node/main_node.egg-info/requires.txt
[1.890s] writing top-level names to ../../build/main_node/main_node.egg-info/top_level.txt
[1.892s] reading manifest file '../../build/main_node/main_node.egg-info/SOURCES.txt'
[1.893s] writing manifest file '../../build/main_node/main_node.egg-info/SOURCES.txt'
[1.894s] running build
[1.894s] running build_py
[1.894s] running install
[1.894s] /usr/lib/python3/dist-packages/setuptools/command/install.py:34: SetuptoolsDeprecationWarning: setup.py install is deprecated. Use build and pip and other standards-based tools.
[1.894s]   warnings.warn(
[1.894s] running install_lib
[1.895s] running install_data
[1.896s] running install_egg_info
[1.898s] removing '/home/cannotflypig/robokonn/install/main_node/lib/python3.10/site-packages/main_node-0.0.0-py3.10.egg-info' (and everything under it)
[1.898s] Copying ../../build/main_node/main_node.egg-info to /home/cannotflypig/robokonn/install/main_node/lib/python3.10/site-packages/main_node-0.0.0-py3.10.egg-info
[1.899s] running install_scripts
[1.921s] Installing main_node script to /home/cannotflypig/robokonn/install/main_node/lib/main_node
[1.921s] writing list of installed files to '/home/cannotflypig/robokonn/build/main_node/install.log'
[1.948s] Invoked command in '/home/cannotflypig/robokonn/src/main_node' returned '0': PYTHONPATH=/home/cannotflypig/robokonn/build/main_node/prefix_override:/home/cannotflypig/robokonn/install/main_node/lib/python3.10/site-packages:${PYTHONPATH} /usr/bin/python3 setup.py egg_info --egg-base ../../build/main_node build --build-base /home/cannotflypig/robokonn/build/main_node/build install --record /home/cannotflypig/robokonn/build/main_node/install.log --single-version-externally-managed
