-- Found ament_cmake: 1.3.5 (/opt/ros/humble/share/ament_cmake/cmake)
-- Found rosidl_default_generators: 1.2.0 (/opt/ros/humble/share/rosidl_default_generators/cmake)
-- Using all available rosidl_typesupport_c: rosidl_typesupport_fastrtps_c;rosidl_typesupport_introspection_c
-- Found rosidl_adapter: 3.1.5 (/opt/ros/humble/share/rosidl_adapter/cmake)
-- Using all available rosidl_typesupport_cpp: rosidl_typesupport_fastrtps_cpp;rosidl_typesupport_introspection_cpp
-- Found std_msgs: 4.2.3 (/opt/ros/humble/share/std_msgs/cmake)
-- Found ament_cmake_ros: 0.10.0 (/opt/ros/humble/share/ament_cmake_ros/cmake)
-- Using all available rosidl_typesupport_c: rosidl_typesupport_fastrtps_c;rosidl_typesupport_introspection_c
-- Using all available rosidl_typesupport_cpp: rosidl_typesupport_fastrtps_cpp;rosidl_typesupport_introspection_cpp
-- Found python_cmake_module: 0.10.0 (/opt/ros/humble/share/python_cmake_module/cmake)
-- Using PYTHON_EXECUTABLE: /usr/bin/python3
-- Using PYTHON_INCLUDE_DIRS: /usr/include/python3.10
-- Using PYTHON_LIBRARIES: /usr/lib/x86_64-linux-gnu/libpython3.10.so
-- Found ament_lint_auto: 0.12.8 (/opt/ros/humble/share/ament_lint_auto/cmake)
-- Added test 'lint_cmake' to check CMake code style
-- Added test 'xmllint' to check XML markup files
-- Configuring done
-- Generating done
-- Build files have been written to: /home/cannotflypig/robokonn/build/interfaces
[  1%] [34m[1mGenerating C code for ROS interfaces[0m
[  2%] [34m[1mGenerating C++ code for ROS interfaces[0m
[  2%] Built target ament_cmake_python_copy_interfaces
running egg_info
writing interfaces.egg-info/PKG-INFO
writing dependency_links to interfaces.egg-info/dependency_links.txt
writing top-level names to interfaces.egg-info/top_level.txt
reading manifest file 'interfaces.egg-info/SOURCES.txt'
writing manifest file 'interfaces.egg-info/SOURCES.txt'
[  2%] Built target ament_cmake_python_build_interfaces_egg
[  2%] Built target interfaces__cpp
[  6%] [34m[1mGenerating C++ type support dispatch for ROS interfaces[0m
[  6%] [34m[1mGenerating C++ type support for eProsima Fast-RTPS[0m
[  6%] [34m[1mGenerating C++ introspection for ROS interfaces[0m
[35m[1mConsolidate compiler generated dependencies of target interfaces__rosidl_generator_c[0m
[ 11%] [32mBuilding C object CMakeFiles/interfaces__rosidl_generator_c.dir/rosidl_generator_c/interfaces/msg/detail/direction__functions.c.o[0m
[ 11%] [32mBuilding C object CMakeFiles/interfaces__rosidl_generator_c.dir/rosidl_generator_c/interfaces/msg/detail/back__functions.c.o[0m
[ 11%] [32mBuilding C object CMakeFiles/interfaces__rosidl_generator_c.dir/rosidl_generator_c/interfaces/msg/detail/goal__functions.c.o[0m
[ 11%] [32mBuilding C object CMakeFiles/interfaces__rosidl_generator_c.dir/rosidl_generator_c/interfaces/srv/detail/going_camera_data__functions.c.o[0m
[ 12%] [32mBuilding C object CMakeFiles/interfaces__rosidl_generator_c.dir/rosidl_generator_c/interfaces/msg/detail/distance__functions.c.o[0m
[ 15%] [32mBuilding C object CMakeFiles/interfaces__rosidl_generator_c.dir/rosidl_generator_c/interfaces/srv/detail/distance_sensor_data__functions.c.o[0m
[ 15%] [32mBuilding C object CMakeFiles/interfaces__rosidl_generator_c.dir/rosidl_generator_c/interfaces/srv/detail/backing_camera_data__functions.c.o[0m
[ 16%] [32m[1mLinking C shared library libinterfaces__rosidl_generator_c.so[0m
[ 16%] Built target interfaces__rosidl_generator_c
[ 17%] [34m[1mGenerating C introspection for ROS interfaces[0m
[ 20%] [34m[1mGenerating C type support for eProsima Fast-RTPS[0m
[ 20%] [34m[1mGenerating C type support dispatch for ROS interfaces[0m
[35m[1mConsolidate compiler generated dependencies of target interfaces__rosidl_typesupport_cpp[0m
[ 25%] [32mBuilding CXX object CMakeFiles/interfaces__rosidl_typesupport_cpp.dir/rosidl_typesupport_cpp/interfaces/msg/distance__type_support.cpp.o[0m
[ 25%] [32mBuilding CXX object CMakeFiles/interfaces__rosidl_typesupport_cpp.dir/rosidl_typesupport_cpp/interfaces/msg/goal__type_support.cpp.o[0m
[ 25%] [32mBuilding CXX object CMakeFiles/interfaces__rosidl_typesupport_cpp.dir/rosidl_typesupport_cpp/interfaces/msg/direction__type_support.cpp.o[0m
[ 26%] [32mBuilding CXX object CMakeFiles/interfaces__rosidl_typesupport_cpp.dir/rosidl_typesupport_cpp/interfaces/srv/going_camera_data__type_support.cpp.o[0m
[ 25%] [32mBuilding CXX object CMakeFiles/interfaces__rosidl_typesupport_cpp.dir/rosidl_typesupport_cpp/interfaces/msg/back__type_support.cpp.o[0m
[ 29%] [32mBuilding CXX object CMakeFiles/interfaces__rosidl_typesupport_cpp.dir/rosidl_typesupport_cpp/interfaces/srv/backing_camera_data__type_support.cpp.o[0m
[ 29%] [32mBuilding CXX object CMakeFiles/interfaces__rosidl_typesupport_cpp.dir/rosidl_typesupport_cpp/interfaces/srv/distance_sensor_data__type_support.cpp.o[0m
[35m[1mConsolidate compiler generated dependencies of target interfaces__rosidl_typesupport_introspection_cpp[0m
[ 30%] [32mBuilding CXX object CMakeFiles/interfaces__rosidl_typesupport_introspection_cpp.dir/rosidl_typesupport_introspection_cpp/interfaces/msg/detail/goal__type_support.cpp.o[0m
[ 31%] [32mBuilding CXX object CMakeFiles/interfaces__rosidl_typesupport_introspection_cpp.dir/rosidl_typesupport_introspection_cpp/interfaces/msg/detail/back__type_support.cpp.o[0m
[ 32%] [32mBuilding CXX object CMakeFiles/interfaces__rosidl_typesupport_introspection_cpp.dir/rosidl_typesupport_introspection_cpp/interfaces/srv/detail/going_camera_data__type_support.cpp.o[0m
[ 34%] [32mBuilding CXX object CMakeFiles/interfaces__rosidl_typesupport_introspection_cpp.dir/rosidl_typesupport_introspection_cpp/interfaces/msg/detail/direction__type_support.cpp.o[0m
[ 35%] [32mBuilding CXX object CMakeFiles/interfaces__rosidl_typesupport_introspection_cpp.dir/rosidl_typesupport_introspection_cpp/interfaces/msg/detail/distance__type_support.cpp.o[0m
[35m[1mConsolidate compiler generated dependencies of target interfaces__rosidl_typesupport_fastrtps_cpp[0m
[ 36%] [32mBuilding CXX object CMakeFiles/interfaces__rosidl_typesupport_fastrtps_cpp.dir/rosidl_typesupport_fastrtps_cpp/interfaces/msg/detail/dds_fastrtps/goal__type_support.cpp.o[0m
[35m[1mConsolidate compiler generated dependencies of target interfaces__rosidl_typesupport_c[0m
[ 37%] [32mBuilding CXX object CMakeFiles/interfaces__rosidl_typesupport_c.dir/rosidl_typesupport_c/interfaces/msg/goal__type_support.cpp.o[0m
[ 39%] [32mBuilding CXX object CMakeFiles/interfaces__rosidl_typesupport_c.dir/rosidl_typesupport_c/interfaces/msg/back__type_support.cpp.o[0m
[ 40%] [32mBuilding CXX object CMakeFiles/interfaces__rosidl_typesupport_fastrtps_cpp.dir/rosidl_typesupport_fastrtps_cpp/interfaces/msg/detail/dds_fastrtps/back__type_support.cpp.o[0m
[ 41%] [32mBuilding CXX object CMakeFiles/interfaces__rosidl_typesupport_fastrtps_cpp.dir/rosidl_typesupport_fastrtps_cpp/interfaces/msg/detail/dds_fastrtps/direction__type_support.cpp.o[0m
[ 43%] [32mBuilding CXX object CMakeFiles/interfaces__rosidl_typesupport_introspection_cpp.dir/rosidl_typesupport_introspection_cpp/interfaces/srv/detail/backing_camera_data__type_support.cpp.o[0m
[ 44%] [32mBuilding CXX object CMakeFiles/interfaces__rosidl_typesupport_c.dir/rosidl_typesupport_c/interfaces/msg/direction__type_support.cpp.o[0m
[ 45%] [32mBuilding CXX object CMakeFiles/interfaces__rosidl_typesupport_fastrtps_cpp.dir/rosidl_typesupport_fastrtps_cpp/interfaces/msg/detail/dds_fastrtps/distance__type_support.cpp.o[0m
[ 46%] [32mBuilding CXX object CMakeFiles/interfaces__rosidl_typesupport_introspection_cpp.dir/rosidl_typesupport_introspection_cpp/interfaces/srv/detail/distance_sensor_data__type_support.cpp.o[0m
[ 48%] [32mBuilding CXX object CMakeFiles/interfaces__rosidl_typesupport_c.dir/rosidl_typesupport_c/interfaces/msg/distance__type_support.cpp.o[0m
[ 49%] [32mBuilding CXX object CMakeFiles/interfaces__rosidl_typesupport_c.dir/rosidl_typesupport_c/interfaces/srv/going_camera_data__type_support.cpp.o[0m
[ 50%] [32mBuilding CXX object CMakeFiles/interfaces__rosidl_typesupport_c.dir/rosidl_typesupport_c/interfaces/srv/backing_camera_data__type_support.cpp.o[0m
[ 51%] [32m[1mLinking CXX shared library libinterfaces__rosidl_typesupport_cpp.so[0m
[ 53%] [32mBuilding CXX object CMakeFiles/interfaces__rosidl_typesupport_c.dir/rosidl_typesupport_c/interfaces/srv/distance_sensor_data__type_support.cpp.o[0m
[ 54%] [32mBuilding CXX object CMakeFiles/interfaces__rosidl_typesupport_fastrtps_cpp.dir/rosidl_typesupport_fastrtps_cpp/interfaces/srv/detail/dds_fastrtps/going_camera_data__type_support.cpp.o[0m
[ 55%] [32m[1mLinking CXX shared library libinterfaces__rosidl_typesupport_c.so[0m
[35m[1mConsolidate compiler generated dependencies of target interfaces__rosidl_typesupport_introspection_c[0m
[ 56%] [32mBuilding C object CMakeFiles/interfaces__rosidl_typesupport_introspection_c.dir/rosidl_typesupport_introspection_c/interfaces/msg/detail/goal__type_support.c.o[0m
[ 58%] [32mBuilding C object CMakeFiles/interfaces__rosidl_typesupport_introspection_c.dir/rosidl_typesupport_introspection_c/interfaces/msg/detail/back__type_support.c.o[0m
[ 59%] [32mBuilding C object CMakeFiles/interfaces__rosidl_typesupport_introspection_c.dir/rosidl_typesupport_introspection_c/interfaces/msg/detail/direction__type_support.c.o[0m
[ 60%] [32mBuilding CXX object CMakeFiles/interfaces__rosidl_typesupport_fastrtps_cpp.dir/rosidl_typesupport_fastrtps_cpp/interfaces/srv/detail/dds_fastrtps/backing_camera_data__type_support.cpp.o[0m
[35m[1mConsolidate compiler generated dependencies of target interfaces__rosidl_typesupport_fastrtps_c[0m
[ 62%] [32mBuilding C object CMakeFiles/interfaces__rosidl_typesupport_introspection_c.dir/rosidl_typesupport_introspection_c/interfaces/msg/detail/distance__type_support.c.o[0m
[ 63%] [32mBuilding CXX object CMakeFiles/interfaces__rosidl_typesupport_fastrtps_c.dir/rosidl_typesupport_fastrtps_c/interfaces/msg/detail/goal__type_support_c.cpp.o[0m
[ 64%] [32mBuilding CXX object CMakeFiles/interfaces__rosidl_typesupport_fastrtps_cpp.dir/rosidl_typesupport_fastrtps_cpp/interfaces/srv/detail/dds_fastrtps/distance_sensor_data__type_support.cpp.o[0m
[ 65%] [32mBuilding CXX object CMakeFiles/interfaces__rosidl_typesupport_fastrtps_c.dir/rosidl_typesupport_fastrtps_c/interfaces/msg/detail/back__type_support_c.cpp.o[0m
[ 67%] [32mBuilding C object CMakeFiles/interfaces__rosidl_typesupport_introspection_c.dir/rosidl_typesupport_introspection_c/interfaces/srv/detail/going_camera_data__type_support.c.o[0m
[ 68%] [32mBuilding CXX object CMakeFiles/interfaces__rosidl_typesupport_fastrtps_c.dir/rosidl_typesupport_fastrtps_c/interfaces/msg/detail/direction__type_support_c.cpp.o[0m
[ 69%] [32mBuilding C object CMakeFiles/interfaces__rosidl_typesupport_introspection_c.dir/rosidl_typesupport_introspection_c/interfaces/srv/detail/backing_camera_data__type_support.c.o[0m
[ 69%] Built target interfaces__rosidl_typesupport_c
[ 70%] [32mBuilding C object CMakeFiles/interfaces__rosidl_typesupport_introspection_c.dir/rosidl_typesupport_introspection_c/interfaces/srv/detail/distance_sensor_data__type_support.c.o[0m
[ 72%] [32mBuilding CXX object CMakeFiles/interfaces__rosidl_typesupport_fastrtps_c.dir/rosidl_typesupport_fastrtps_c/interfaces/msg/detail/distance__type_support_c.cpp.o[0m
[ 72%] Built target interfaces__rosidl_typesupport_cpp
[ 73%] [32mBuilding CXX object CMakeFiles/interfaces__rosidl_typesupport_fastrtps_c.dir/rosidl_typesupport_fastrtps_c/interfaces/srv/detail/going_camera_data__type_support_c.cpp.o[0m
[ 74%] [32mBuilding CXX object CMakeFiles/interfaces__rosidl_typesupport_fastrtps_c.dir/rosidl_typesupport_fastrtps_c/interfaces/srv/detail/backing_camera_data__type_support_c.cpp.o[0m
[ 75%] [32m[1mLinking C shared library libinterfaces__rosidl_typesupport_introspection_c.so[0m
[ 77%] [32mBuilding CXX object CMakeFiles/interfaces__rosidl_typesupport_fastrtps_c.dir/rosidl_typesupport_fastrtps_c/interfaces/srv/detail/distance_sensor_data__type_support_c.cpp.o[0m
[ 78%] [32m[1mLinking CXX shared library libinterfaces__rosidl_typesupport_introspection_cpp.so[0m
[ 78%] Built target interfaces__rosidl_typesupport_introspection_c
[ 78%] Built target interfaces__rosidl_typesupport_introspection_cpp
[ 79%] [32m[1mLinking CXX shared library libinterfaces__rosidl_typesupport_fastrtps_cpp.so[0m
[ 81%] [32m[1mLinking CXX shared library libinterfaces__rosidl_typesupport_fastrtps_c.so[0m
[ 81%] Built target interfaces__rosidl_typesupport_fastrtps_cpp
[ 81%] Built target interfaces__rosidl_typesupport_fastrtps_c
[ 81%] Built target interfaces
[ 82%] [34m[1mGenerating Python code for ROS interfaces[0m
[ 82%] Built target interfaces__py
[35m[1mConsolidate compiler generated dependencies of target interfaces__rosidl_generator_py[0m
[ 86%] [32mBuilding C object CMakeFiles/interfaces__rosidl_generator_py.dir/rosidl_generator_py/interfaces/msg/_distance_s.c.o[0m
[ 86%] [32mBuilding C object CMakeFiles/interfaces__rosidl_generator_py.dir/rosidl_generator_py/interfaces/msg/_direction_s.c.o[0m
[ 86%] [32mBuilding C object CMakeFiles/interfaces__rosidl_generator_py.dir/rosidl_generator_py/interfaces/msg/_goal_s.c.o[0m
[ 87%] [32mBuilding C object CMakeFiles/interfaces__rosidl_generator_py.dir/rosidl_generator_py/interfaces/srv/_distance_sensor_data_s.c.o[0m
[ 88%] [32mBuilding C object CMakeFiles/interfaces__rosidl_generator_py.dir/rosidl_generator_py/interfaces/msg/_back_s.c.o[0m
[ 89%] [32mBuilding C object CMakeFiles/interfaces__rosidl_generator_py.dir/rosidl_generator_py/interfaces/srv/_backing_camera_data_s.c.o[0m
[ 91%] [32mBuilding C object CMakeFiles/interfaces__rosidl_generator_py.dir/rosidl_generator_py/interfaces/srv/_going_camera_data_s.c.o[0m
[ 92%] [32m[1mLinking C shared library rosidl_generator_py/interfaces/libinterfaces__rosidl_generator_py.so[0m
[ 92%] Built target interfaces__rosidl_generator_py
[35m[1mConsolidate compiler generated dependencies of target interfaces__rosidl_typesupport_introspection_c__pyext[0m
[35m[1mConsolidate compiler generated dependencies of target interfaces__rosidl_typesupport_c__pyext[0m
[35m[1mConsolidate compiler generated dependencies of target interfaces__rosidl_typesupport_fastrtps_c__pyext[0m
[ 93%] [32mBuilding C object CMakeFiles/interfaces__rosidl_typesupport_introspection_c__pyext.dir/rosidl_generator_py/interfaces/_interfaces_s.ep.rosidl_typesupport_introspection_c.c.o[0m
[ 94%] [32mBuilding C object CMakeFiles/interfaces__rosidl_typesupport_fastrtps_c__pyext.dir/rosidl_generator_py/interfaces/_interfaces_s.ep.rosidl_typesupport_fastrtps_c.c.o[0m
[ 96%] [32mBuilding C object CMakeFiles/interfaces__rosidl_typesupport_c__pyext.dir/rosidl_generator_py/interfaces/_interfaces_s.ep.rosidl_typesupport_c.c.o[0m
[ 98%] [32m[1mLinking C shared library rosidl_generator_py/interfaces/interfaces_s__rosidl_typesupport_c.cpython-310-x86_64-linux-gnu.so[0m
[ 98%] [32m[1mLinking C shared library rosidl_generator_py/interfaces/interfaces_s__rosidl_typesupport_introspection_c.cpython-310-x86_64-linux-gnu.so[0m
[100%] [32m[1mLinking C shared library rosidl_generator_py/interfaces/interfaces_s__rosidl_typesupport_fastrtps_c.cpython-310-x86_64-linux-gnu.so[0m
[100%] Built target interfaces__rosidl_typesupport_c__pyext
[100%] Built target interfaces__rosidl_typesupport_fastrtps_c__pyext
[100%] Built target interfaces__rosidl_typesupport_introspection_c__pyext
-- Install configuration: ""
-- Installing: /home/cannotflypig/robokonn/install/interfaces/share/ament_index/resource_index/rosidl_interfaces/interfaces
-- Up-to-date: /home/cannotflypig/robokonn/install/interfaces/include/interfaces/interfaces
-- Up-to-date: /home/cannotflypig/robokonn/install/interfaces/include/interfaces/interfaces/srv
-- Up-to-date: /home/cannotflypig/robokonn/install/interfaces/include/interfaces/interfaces/srv/detail
-- Installing: /home/cannotflypig/robokonn/install/interfaces/include/interfaces/interfaces/srv/detail/going_camera_data__functions.c
-- Installing: /home/cannotflypig/robokonn/install/interfaces/include/interfaces/interfaces/srv/detail/backing_camera_data__struct.h
-- Installing: /home/cannotflypig/robokonn/install/interfaces/include/interfaces/interfaces/srv/detail/backing_camera_data__functions.c
-- Installing: /home/cannotflypig/robokonn/install/interfaces/include/interfaces/interfaces/srv/detail/backing_camera_data__type_support.h
-- Installing: /home/cannotflypig/robokonn/install/interfaces/include/interfaces/interfaces/srv/detail/distance_sensor_data__functions.h
-- Installing: /home/cannotflypig/robokonn/install/interfaces/include/interfaces/interfaces/srv/detail/distance_sensor_data__functions.c
-- Installing: /home/cannotflypig/robokonn/install/interfaces/include/interfaces/interfaces/srv/detail/distance_sensor_data__struct.h
-- Installing: /home/cannotflypig/robokonn/install/interfaces/include/interfaces/interfaces/srv/detail/going_camera_data__functions.h
-- Installing: /home/cannotflypig/robokonn/install/interfaces/include/interfaces/interfaces/srv/detail/distance_sensor_data__type_support.h
-- Installing: /home/cannotflypig/robokonn/install/interfaces/include/interfaces/interfaces/srv/detail/going_camera_data__type_support.h
-- Installing: /home/cannotflypig/robokonn/install/interfaces/include/interfaces/interfaces/srv/detail/going_camera_data__struct.h
-- Installing: /home/cannotflypig/robokonn/install/interfaces/include/interfaces/interfaces/srv/detail/backing_camera_data__functions.h
-- Installing: /home/cannotflypig/robokonn/install/interfaces/include/interfaces/interfaces/srv/backing_camera_data.h
-- Installing: /home/cannotflypig/robokonn/install/interfaces/include/interfaces/interfaces/srv/distance_sensor_data.h
-- Installing: /home/cannotflypig/robokonn/install/interfaces/include/interfaces/interfaces/srv/going_camera_data.h
-- Up-to-date: /home/cannotflypig/robokonn/install/interfaces/include/interfaces/interfaces/msg
-- Up-to-date: /home/cannotflypig/robokonn/install/interfaces/include/interfaces/interfaces/msg/detail
-- Installing: /home/cannotflypig/robokonn/install/interfaces/include/interfaces/interfaces/msg/detail/direction__functions.c
-- Installing: /home/cannotflypig/robokonn/install/interfaces/include/interfaces/interfaces/msg/detail/distance__functions.c
-- Installing: /home/cannotflypig/robokonn/install/interfaces/include/interfaces/interfaces/msg/detail/goal__type_support.h
-- Installing: /home/cannotflypig/robokonn/install/interfaces/include/interfaces/interfaces/msg/detail/direction__struct.h
-- Installing: /home/cannotflypig/robokonn/install/interfaces/include/interfaces/interfaces/msg/detail/direction__type_support.h
-- Installing: /home/cannotflypig/robokonn/install/interfaces/include/interfaces/interfaces/msg/detail/back__type_support.h
-- Installing: /home/cannotflypig/robokonn/install/interfaces/include/interfaces/interfaces/msg/detail/goal__functions.c
-- Installing: /home/cannotflypig/robokonn/install/interfaces/include/interfaces/interfaces/msg/detail/back__struct.h
-- Installing: /home/cannotflypig/robokonn/install/interfaces/include/interfaces/interfaces/msg/detail/goal__functions.h
-- Installing: /home/cannotflypig/robokonn/install/interfaces/include/interfaces/interfaces/msg/detail/distance__type_support.h
-- Installing: /home/cannotflypig/robokonn/install/interfaces/include/interfaces/interfaces/msg/detail/goal__struct.h
-- Installing: /home/cannotflypig/robokonn/install/interfaces/include/interfaces/interfaces/msg/detail/distance__functions.h
-- Installing: /home/cannotflypig/robokonn/install/interfaces/include/interfaces/interfaces/msg/detail/back__functions.h
-- Installing: /home/cannotflypig/robokonn/install/interfaces/include/interfaces/interfaces/msg/detail/distance__struct.h
-- Installing: /home/cannotflypig/robokonn/install/interfaces/include/interfaces/interfaces/msg/detail/back__functions.c
-- Installing: /home/cannotflypig/robokonn/install/interfaces/include/interfaces/interfaces/msg/detail/direction__functions.h
-- Installing: /home/cannotflypig/robokonn/install/interfaces/include/interfaces/interfaces/msg/distance.h
-- Installing: /home/cannotflypig/robokonn/install/interfaces/include/interfaces/interfaces/msg/back.h
-- Installing: /home/cannotflypig/robokonn/install/interfaces/include/interfaces/interfaces/msg/goal.h
-- Up-to-date: /home/cannotflypig/robokonn/install/interfaces/include/interfaces/interfaces/msg/rosidl_generator_c__visibility_control.h
-- Installing: /home/cannotflypig/robokonn/install/interfaces/include/interfaces/interfaces/msg/direction.h
-- Up-to-date: /home/cannotflypig/robokonn/install/interfaces/share/interfaces/environment/library_path.sh
-- Installing: /home/cannotflypig/robokonn/install/interfaces/share/interfaces/environment/library_path.dsv
-- Installing: /home/cannotflypig/robokonn/install/interfaces/lib/libinterfaces__rosidl_generator_c.so
-- Set runtime path of "/home/cannotflypig/robokonn/install/interfaces/lib/libinterfaces__rosidl_generator_c.so" to ""
-- Up-to-date: /home/cannotflypig/robokonn/install/interfaces/include/interfaces/interfaces
-- Up-to-date: /home/cannotflypig/robokonn/install/interfaces/include/interfaces/interfaces/srv
-- Up-to-date: /home/cannotflypig/robokonn/install/interfaces/include/interfaces/interfaces/srv/detail
-- Installing: /home/cannotflypig/robokonn/install/interfaces/include/interfaces/interfaces/srv/detail/going_camera_data__rosidl_typesupport_fastrtps_c.h
-- Installing: /home/cannotflypig/robokonn/install/interfaces/include/interfaces/interfaces/srv/detail/backing_camera_data__rosidl_typesupport_fastrtps_c.h
-- Installing: /home/cannotflypig/robokonn/install/interfaces/include/interfaces/interfaces/srv/detail/distance_sensor_data__rosidl_typesupport_fastrtps_c.h
-- Up-to-date: /home/cannotflypig/robokonn/install/interfaces/include/interfaces/interfaces/msg
-- Up-to-date: /home/cannotflypig/robokonn/install/interfaces/include/interfaces/interfaces/msg/detail
-- Installing: /home/cannotflypig/robokonn/install/interfaces/include/interfaces/interfaces/msg/detail/goal__rosidl_typesupport_fastrtps_c.h
-- Installing: /home/cannotflypig/robokonn/install/interfaces/include/interfaces/interfaces/msg/detail/direction__rosidl_typesupport_fastrtps_c.h
-- Installing: /home/cannotflypig/robokonn/install/interfaces/include/interfaces/interfaces/msg/detail/distance__rosidl_typesupport_fastrtps_c.h
-- Installing: /home/cannotflypig/robokonn/install/interfaces/include/interfaces/interfaces/msg/detail/back__rosidl_typesupport_fastrtps_c.h
-- Up-to-date: /home/cannotflypig/robokonn/install/interfaces/include/interfaces/interfaces/msg/rosidl_typesupport_fastrtps_c__visibility_control.h
-- Installing: /home/cannotflypig/robokonn/install/interfaces/lib/libinterfaces__rosidl_typesupport_fastrtps_c.so
-- Set runtime path of "/home/cannotflypig/robokonn/install/interfaces/lib/libinterfaces__rosidl_typesupport_fastrtps_c.so" to ""
-- Up-to-date: /home/cannotflypig/robokonn/install/interfaces/include/interfaces/interfaces
-- Up-to-date: /home/cannotflypig/robokonn/install/interfaces/include/interfaces/interfaces/srv
-- Up-to-date: /home/cannotflypig/robokonn/install/interfaces/include/interfaces/interfaces/srv/detail
-- Installing: /home/cannotflypig/robokonn/install/interfaces/include/interfaces/interfaces/srv/detail/distance_sensor_data__type_support.c
-- Installing: /home/cannotflypig/robokonn/install/interfaces/include/interfaces/interfaces/srv/detail/going_camera_data__rosidl_typesupport_introspection_c.h
-- Installing: /home/cannotflypig/robokonn/install/interfaces/include/interfaces/interfaces/srv/detail/backing_camera_data__rosidl_typesupport_introspection_c.h
-- Installing: /home/cannotflypig/robokonn/install/interfaces/include/interfaces/interfaces/srv/detail/backing_camera_data__type_support.c
-- Installing: /home/cannotflypig/robokonn/install/interfaces/include/interfaces/interfaces/srv/detail/going_camera_data__type_support.c
-- Installing: /home/cannotflypig/robokonn/install/interfaces/include/interfaces/interfaces/srv/detail/distance_sensor_data__rosidl_typesupport_introspection_c.h
-- Up-to-date: /home/cannotflypig/robokonn/install/interfaces/include/interfaces/interfaces/msg
-- Up-to-date: /home/cannotflypig/robokonn/install/interfaces/include/interfaces/interfaces/msg/detail
-- Installing: /home/cannotflypig/robokonn/install/interfaces/include/interfaces/interfaces/msg/detail/back__rosidl_typesupport_introspection_c.h
-- Installing: /home/cannotflypig/robokonn/install/interfaces/include/interfaces/interfaces/msg/detail/distance__type_support.c
-- Installing: /home/cannotflypig/robokonn/install/interfaces/include/interfaces/interfaces/msg/detail/distance__rosidl_typesupport_introspection_c.h
-- Installing: /home/cannotflypig/robokonn/install/interfaces/include/interfaces/interfaces/msg/detail/goal__type_support.c
-- Installing: /home/cannotflypig/robokonn/install/interfaces/include/interfaces/interfaces/msg/detail/back__type_support.c
-- Installing: /home/cannotflypig/robokonn/install/interfaces/include/interfaces/interfaces/msg/detail/goal__rosidl_typesupport_introspection_c.h
-- Installing: /home/cannotflypig/robokonn/install/interfaces/include/interfaces/interfaces/msg/detail/direction__type_support.c
-- Installing: /home/cannotflypig/robokonn/install/interfaces/include/interfaces/interfaces/msg/detail/direction__rosidl_typesupport_introspection_c.h
-- Up-to-date: /home/cannotflypig/robokonn/install/interfaces/include/interfaces/interfaces/msg/rosidl_typesupport_introspection_c__visibility_control.h
-- Installing: /home/cannotflypig/robokonn/install/interfaces/lib/libinterfaces__rosidl_typesupport_introspection_c.so
-- Set runtime path of "/home/cannotflypig/robokonn/install/interfaces/lib/libinterfaces__rosidl_typesupport_introspection_c.so" to ""
-- Installing: /home/cannotflypig/robokonn/install/interfaces/lib/libinterfaces__rosidl_typesupport_c.so
-- Set runtime path of "/home/cannotflypig/robokonn/install/interfaces/lib/libinterfaces__rosidl_typesupport_c.so" to ""
-- Up-to-date: /home/cannotflypig/robokonn/install/interfaces/include/interfaces/interfaces
-- Up-to-date: /home/cannotflypig/robokonn/install/interfaces/include/interfaces/interfaces/srv
-- Up-to-date: /home/cannotflypig/robokonn/install/interfaces/include/interfaces/interfaces/srv/detail
-- Installing: /home/cannotflypig/robokonn/install/interfaces/include/interfaces/interfaces/srv/detail/backing_camera_data__traits.hpp
-- Installing: /home/cannotflypig/robokonn/install/interfaces/include/interfaces/interfaces/srv/detail/distance_sensor_data__struct.hpp
-- Installing: /home/cannotflypig/robokonn/install/interfaces/include/interfaces/interfaces/srv/detail/going_camera_data__traits.hpp
-- Installing: /home/cannotflypig/robokonn/install/interfaces/include/interfaces/interfaces/srv/detail/going_camera_data__struct.hpp
-- Installing: /home/cannotflypig/robokonn/install/interfaces/include/interfaces/interfaces/srv/detail/backing_camera_data__struct.hpp
-- Installing: /home/cannotflypig/robokonn/install/interfaces/include/interfaces/interfaces/srv/detail/going_camera_data__builder.hpp
-- Installing: /home/cannotflypig/robokonn/install/interfaces/include/interfaces/interfaces/srv/detail/distance_sensor_data__traits.hpp
-- Installing: /home/cannotflypig/robokonn/install/interfaces/include/interfaces/interfaces/srv/detail/backing_camera_data__builder.hpp
-- Installing: /home/cannotflypig/robokonn/install/interfaces/include/interfaces/interfaces/srv/detail/distance_sensor_data__builder.hpp
-- Installing: /home/cannotflypig/robokonn/install/interfaces/include/interfaces/interfaces/srv/going_camera_data.hpp
-- Installing: /home/cannotflypig/robokonn/install/interfaces/include/interfaces/interfaces/srv/backing_camera_data.hpp
-- Installing: /home/cannotflypig/robokonn/install/interfaces/include/interfaces/interfaces/srv/distance_sensor_data.hpp
-- Up-to-date: /home/cannotflypig/robokonn/install/interfaces/include/interfaces/interfaces/msg
-- Up-to-date: /home/cannotflypig/robokonn/install/interfaces/include/interfaces/interfaces/msg/detail
-- Installing: /home/cannotflypig/robokonn/install/interfaces/include/interfaces/interfaces/msg/detail/direction__struct.hpp
-- Installing: /home/cannotflypig/robokonn/install/interfaces/include/interfaces/interfaces/msg/detail/back__traits.hpp
-- Installing: /home/cannotflypig/robokonn/install/interfaces/include/interfaces/interfaces/msg/detail/distance__builder.hpp
-- Installing: /home/cannotflypig/robokonn/install/interfaces/include/interfaces/interfaces/msg/detail/direction__builder.hpp
-- Installing: /home/cannotflypig/robokonn/install/interfaces/include/interfaces/interfaces/msg/detail/direction__traits.hpp
-- Installing: /home/cannotflypig/robokonn/install/interfaces/include/interfaces/interfaces/msg/detail/goal__struct.hpp
-- Installing: /home/cannotflypig/robokonn/install/interfaces/include/interfaces/interfaces/msg/detail/back__struct.hpp
-- Installing: /home/cannotflypig/robokonn/install/interfaces/include/interfaces/interfaces/msg/detail/distance__struct.hpp
-- Installing: /home/cannotflypig/robokonn/install/interfaces/include/interfaces/interfaces/msg/detail/back__builder.hpp
-- Installing: /home/cannotflypig/robokonn/install/interfaces/include/interfaces/interfaces/msg/detail/goal__traits.hpp
-- Installing: /home/cannotflypig/robokonn/install/interfaces/include/interfaces/interfaces/msg/detail/goal__builder.hpp
-- Installing: /home/cannotflypig/robokonn/install/interfaces/include/interfaces/interfaces/msg/detail/distance__traits.hpp
-- Installing: /home/cannotflypig/robokonn/install/interfaces/include/interfaces/interfaces/msg/direction.hpp
-- Installing: /home/cannotflypig/robokonn/install/interfaces/include/interfaces/interfaces/msg/distance.hpp
-- Installing: /home/cannotflypig/robokonn/install/interfaces/include/interfaces/interfaces/msg/goal.hpp
-- Installing: /home/cannotflypig/robokonn/install/interfaces/include/interfaces/interfaces/msg/back.hpp
-- Up-to-date: /home/cannotflypig/robokonn/install/interfaces/include/interfaces/interfaces
-- Up-to-date: /home/cannotflypig/robokonn/install/interfaces/include/interfaces/interfaces/srv
-- Up-to-date: /home/cannotflypig/robokonn/install/interfaces/include/interfaces/interfaces/srv/detail
-- Installing: /home/cannotflypig/robokonn/install/interfaces/include/interfaces/interfaces/srv/detail/going_camera_data__rosidl_typesupport_fastrtps_cpp.hpp
-- Up-to-date: /home/cannotflypig/robokonn/install/interfaces/include/interfaces/interfaces/srv/detail/dds_fastrtps
-- Installing: /home/cannotflypig/robokonn/install/interfaces/include/interfaces/interfaces/srv/detail/backing_camera_data__rosidl_typesupport_fastrtps_cpp.hpp
-- Installing: /home/cannotflypig/robokonn/install/interfaces/include/interfaces/interfaces/srv/detail/distance_sensor_data__rosidl_typesupport_fastrtps_cpp.hpp
-- Up-to-date: /home/cannotflypig/robokonn/install/interfaces/include/interfaces/interfaces/msg
-- Up-to-date: /home/cannotflypig/robokonn/install/interfaces/include/interfaces/interfaces/msg/detail
-- Installing: /home/cannotflypig/robokonn/install/interfaces/include/interfaces/interfaces/msg/detail/back__rosidl_typesupport_fastrtps_cpp.hpp
-- Installing: /home/cannotflypig/robokonn/install/interfaces/include/interfaces/interfaces/msg/detail/distance__rosidl_typesupport_fastrtps_cpp.hpp
-- Installing: /home/cannotflypig/robokonn/install/interfaces/include/interfaces/interfaces/msg/detail/goal__rosidl_typesupport_fastrtps_cpp.hpp
-- Installing: /home/cannotflypig/robokonn/install/interfaces/include/interfaces/interfaces/msg/detail/direction__rosidl_typesupport_fastrtps_cpp.hpp
-- Up-to-date: /home/cannotflypig/robokonn/install/interfaces/include/interfaces/interfaces/msg/detail/dds_fastrtps
-- Up-to-date: /home/cannotflypig/robokonn/install/interfaces/include/interfaces/interfaces/msg/rosidl_typesupport_fastrtps_cpp__visibility_control.h
-- Installing: /home/cannotflypig/robokonn/install/interfaces/lib/libinterfaces__rosidl_typesupport_fastrtps_cpp.so
-- Set runtime path of "/home/cannotflypig/robokonn/install/interfaces/lib/libinterfaces__rosidl_typesupport_fastrtps_cpp.so" to ""
-- Up-to-date: /home/cannotflypig/robokonn/install/interfaces/include/interfaces/interfaces
-- Up-to-date: /home/cannotflypig/robokonn/install/interfaces/include/interfaces/interfaces/srv
-- Up-to-date: /home/cannotflypig/robokonn/install/interfaces/include/interfaces/interfaces/srv/detail
-- Installing: /home/cannotflypig/robokonn/install/interfaces/include/interfaces/interfaces/srv/detail/backing_camera_data__rosidl_typesupport_introspection_cpp.hpp
-- Installing: /home/cannotflypig/robokonn/install/interfaces/include/interfaces/interfaces/srv/detail/distance_sensor_data__rosidl_typesupport_introspection_cpp.hpp
-- Installing: /home/cannotflypig/robokonn/install/interfaces/include/interfaces/interfaces/srv/detail/going_camera_data__rosidl_typesupport_introspection_cpp.hpp
-- Installing: /home/cannotflypig/robokonn/install/interfaces/include/interfaces/interfaces/srv/detail/distance_sensor_data__type_support.cpp
-- Installing: /home/cannotflypig/robokonn/install/interfaces/include/interfaces/interfaces/srv/detail/going_camera_data__type_support.cpp
-- Installing: /home/cannotflypig/robokonn/install/interfaces/include/interfaces/interfaces/srv/detail/backing_camera_data__type_support.cpp
-- Up-to-date: /home/cannotflypig/robokonn/install/interfaces/include/interfaces/interfaces/msg
-- Up-to-date: /home/cannotflypig/robokonn/install/interfaces/include/interfaces/interfaces/msg/detail
-- Installing: /home/cannotflypig/robokonn/install/interfaces/include/interfaces/interfaces/msg/detail/direction__type_support.cpp
-- Installing: /home/cannotflypig/robokonn/install/interfaces/include/interfaces/interfaces/msg/detail/back__rosidl_typesupport_introspection_cpp.hpp
-- Installing: /home/cannotflypig/robokonn/install/interfaces/include/interfaces/interfaces/msg/detail/goal__type_support.cpp
-- Installing: /home/cannotflypig/robokonn/install/interfaces/include/interfaces/interfaces/msg/detail/direction__rosidl_typesupport_introspection_cpp.hpp
-- Installing: /home/cannotflypig/robokonn/install/interfaces/include/interfaces/interfaces/msg/detail/goal__rosidl_typesupport_introspection_cpp.hpp
-- Installing: /home/cannotflypig/robokonn/install/interfaces/include/interfaces/interfaces/msg/detail/distance__type_support.cpp
-- Installing: /home/cannotflypig/robokonn/install/interfaces/include/interfaces/interfaces/msg/detail/back__type_support.cpp
-- Installing: /home/cannotflypig/robokonn/install/interfaces/include/interfaces/interfaces/msg/detail/distance__rosidl_typesupport_introspection_cpp.hpp
-- Installing: /home/cannotflypig/robokonn/install/interfaces/lib/libinterfaces__rosidl_typesupport_introspection_cpp.so
-- Set runtime path of "/home/cannotflypig/robokonn/install/interfaces/lib/libinterfaces__rosidl_typesupport_introspection_cpp.so" to ""
-- Installing: /home/cannotflypig/robokonn/install/interfaces/lib/libinterfaces__rosidl_typesupport_cpp.so
-- Set runtime path of "/home/cannotflypig/robokonn/install/interfaces/lib/libinterfaces__rosidl_typesupport_cpp.so" to ""
-- Up-to-date: /home/cannotflypig/robokonn/install/interfaces/share/interfaces/environment/pythonpath.sh
-- Installing: /home/cannotflypig/robokonn/install/interfaces/share/interfaces/environment/pythonpath.dsv
-- Up-to-date: /home/cannotflypig/robokonn/install/interfaces/local/lib/python3.10/dist-packages/interfaces-0.0.0-py3.10.egg-info
-- Installing: /home/cannotflypig/robokonn/install/interfaces/local/lib/python3.10/dist-packages/interfaces-0.0.0-py3.10.egg-info/dependency_links.txt
-- Installing: /home/cannotflypig/robokonn/install/interfaces/local/lib/python3.10/dist-packages/interfaces-0.0.0-py3.10.egg-info/PKG-INFO
-- Installing: /home/cannotflypig/robokonn/install/interfaces/local/lib/python3.10/dist-packages/interfaces-0.0.0-py3.10.egg-info/SOURCES.txt
-- Installing: /home/cannotflypig/robokonn/install/interfaces/local/lib/python3.10/dist-packages/interfaces-0.0.0-py3.10.egg-info/top_level.txt
-- Up-to-date: /home/cannotflypig/robokonn/install/interfaces/local/lib/python3.10/dist-packages/interfaces
-- Up-to-date: /home/cannotflypig/robokonn/install/interfaces/local/lib/python3.10/dist-packages/interfaces/srv
-- Installing: /home/cannotflypig/robokonn/install/interfaces/local/lib/python3.10/dist-packages/interfaces/srv/_distance_sensor_data_s.c
-- Installing: /home/cannotflypig/robokonn/install/interfaces/local/lib/python3.10/dist-packages/interfaces/srv/_backing_camera_data.py
-- Installing: /home/cannotflypig/robokonn/install/interfaces/local/lib/python3.10/dist-packages/interfaces/srv/_backing_camera_data_s.c
-- Installing: /home/cannotflypig/robokonn/install/interfaces/local/lib/python3.10/dist-packages/interfaces/srv/_distance_sensor_data.py
-- Installing: /home/cannotflypig/robokonn/install/interfaces/local/lib/python3.10/dist-packages/interfaces/srv/__init__.py
-- Installing: /home/cannotflypig/robokonn/install/interfaces/local/lib/python3.10/dist-packages/interfaces/srv/_going_camera_data.py
-- Installing: /home/cannotflypig/robokonn/install/interfaces/local/lib/python3.10/dist-packages/interfaces/srv/_going_camera_data_s.c
-- Installing: /home/cannotflypig/robokonn/install/interfaces/local/lib/python3.10/dist-packages/interfaces/_interfaces_s.ep.rosidl_typesupport_fastrtps_c.c
-- Installing: /home/cannotflypig/robokonn/install/interfaces/local/lib/python3.10/dist-packages/interfaces/libinterfaces__rosidl_generator_py.so
-- Up-to-date: /home/cannotflypig/robokonn/install/interfaces/local/lib/python3.10/dist-packages/interfaces/msg
-- Installing: /home/cannotflypig/robokonn/install/interfaces/local/lib/python3.10/dist-packages/interfaces/msg/_direction.py
-- Installing: /home/cannotflypig/robokonn/install/interfaces/local/lib/python3.10/dist-packages/interfaces/msg/_goal_s.c
-- Installing: /home/cannotflypig/robokonn/install/interfaces/local/lib/python3.10/dist-packages/interfaces/msg/_goal.py
-- Installing: /home/cannotflypig/robokonn/install/interfaces/local/lib/python3.10/dist-packages/interfaces/msg/_distance.py
-- Installing: /home/cannotflypig/robokonn/install/interfaces/local/lib/python3.10/dist-packages/interfaces/msg/__init__.py
-- Installing: /home/cannotflypig/robokonn/install/interfaces/local/lib/python3.10/dist-packages/interfaces/msg/_distance_s.c
-- Installing: /home/cannotflypig/robokonn/install/interfaces/local/lib/python3.10/dist-packages/interfaces/msg/_back_s.c
-- Installing: /home/cannotflypig/robokonn/install/interfaces/local/lib/python3.10/dist-packages/interfaces/msg/_direction_s.c
-- Installing: /home/cannotflypig/robokonn/install/interfaces/local/lib/python3.10/dist-packages/interfaces/msg/_back.py
-- Installing: /home/cannotflypig/robokonn/install/interfaces/local/lib/python3.10/dist-packages/interfaces/interfaces_s__rosidl_typesupport_fastrtps_c.cpython-310-x86_64-linux-gnu.so
-- Installing: /home/cannotflypig/robokonn/install/interfaces/local/lib/python3.10/dist-packages/interfaces/_interfaces_s.ep.rosidl_typesupport_introspection_c.c
-- Installing: /home/cannotflypig/robokonn/install/interfaces/local/lib/python3.10/dist-packages/interfaces/__init__.py
-- Installing: /home/cannotflypig/robokonn/install/interfaces/local/lib/python3.10/dist-packages/interfaces/interfaces_s__rosidl_typesupport_c.cpython-310-x86_64-linux-gnu.so
-- Installing: /home/cannotflypig/robokonn/install/interfaces/local/lib/python3.10/dist-packages/interfaces/interfaces_s__rosidl_typesupport_introspection_c.cpython-310-x86_64-linux-gnu.so
-- Installing: /home/cannotflypig/robokonn/install/interfaces/local/lib/python3.10/dist-packages/interfaces/_interfaces_s.ep.rosidl_typesupport_c.c
Listing '/home/cannotflypig/robokonn/install/interfaces/local/lib/python3.10/dist-packages/interfaces'...
Compiling '/home/cannotflypig/robokonn/install/interfaces/local/lib/python3.10/dist-packages/interfaces/__init__.py'...
Listing '/home/cannotflypig/robokonn/install/interfaces/local/lib/python3.10/dist-packages/interfaces/msg'...
Compiling '/home/cannotflypig/robokonn/install/interfaces/local/lib/python3.10/dist-packages/interfaces/msg/__init__.py'...
Compiling '/home/cannotflypig/robokonn/install/interfaces/local/lib/python3.10/dist-packages/interfaces/msg/_back.py'...
Compiling '/home/cannotflypig/robokonn/install/interfaces/local/lib/python3.10/dist-packages/interfaces/msg/_direction.py'...
Compiling '/home/cannotflypig/robokonn/install/interfaces/local/lib/python3.10/dist-packages/interfaces/msg/_distance.py'...
Compiling '/home/cannotflypig/robokonn/install/interfaces/local/lib/python3.10/dist-packages/interfaces/msg/_goal.py'...
Listing '/home/cannotflypig/robokonn/install/interfaces/local/lib/python3.10/dist-packages/interfaces/srv'...
Compiling '/home/cannotflypig/robokonn/install/interfaces/local/lib/python3.10/dist-packages/interfaces/srv/__init__.py'...
Compiling '/home/cannotflypig/robokonn/install/interfaces/local/lib/python3.10/dist-packages/interfaces/srv/_backing_camera_data.py'...
Compiling '/home/cannotflypig/robokonn/install/interfaces/local/lib/python3.10/dist-packages/interfaces/srv/_distance_sensor_data.py'...
Compiling '/home/cannotflypig/robokonn/install/interfaces/local/lib/python3.10/dist-packages/interfaces/srv/_going_camera_data.py'...
-- Installing: /home/cannotflypig/robokonn/install/interfaces/local/lib/python3.10/dist-packages/interfaces/interfaces_s__rosidl_typesupport_fastrtps_c.cpython-310-x86_64-linux-gnu.so
-- Set runtime path of "/home/cannotflypig/robokonn/install/interfaces/local/lib/python3.10/dist-packages/interfaces/interfaces_s__rosidl_typesupport_fastrtps_c.cpython-310-x86_64-linux-gnu.so" to ""
-- Installing: /home/cannotflypig/robokonn/install/interfaces/local/lib/python3.10/dist-packages/interfaces/interfaces_s__rosidl_typesupport_introspection_c.cpython-310-x86_64-linux-gnu.so
-- Set runtime path of "/home/cannotflypig/robokonn/install/interfaces/local/lib/python3.10/dist-packages/interfaces/interfaces_s__rosidl_typesupport_introspection_c.cpython-310-x86_64-linux-gnu.so" to ""
-- Installing: /home/cannotflypig/robokonn/install/interfaces/local/lib/python3.10/dist-packages/interfaces/interfaces_s__rosidl_typesupport_c.cpython-310-x86_64-linux-gnu.so
-- Set runtime path of "/home/cannotflypig/robokonn/install/interfaces/local/lib/python3.10/dist-packages/interfaces/interfaces_s__rosidl_typesupport_c.cpython-310-x86_64-linux-gnu.so" to ""
-- Installing: /home/cannotflypig/robokonn/install/interfaces/lib/libinterfaces__rosidl_generator_py.so
-- Set runtime path of "/home/cannotflypig/robokonn/install/interfaces/lib/libinterfaces__rosidl_generator_py.so" to ""
-- Up-to-date: /home/cannotflypig/robokonn/install/interfaces/share/interfaces/msg/Goal.idl
-- Up-to-date: /home/cannotflypig/robokonn/install/interfaces/share/interfaces/msg/Back.idl
-- Up-to-date: /home/cannotflypig/robokonn/install/interfaces/share/interfaces/msg/Direction.idl
-- Installing: /home/cannotflypig/robokonn/install/interfaces/share/interfaces/msg/Distance.idl
-- Up-to-date: /home/cannotflypig/robokonn/install/interfaces/share/interfaces/srv/GoingCameraData.idl
-- Up-to-date: /home/cannotflypig/robokonn/install/interfaces/share/interfaces/srv/BackingCameraData.idl
-- Up-to-date: /home/cannotflypig/robokonn/install/interfaces/share/interfaces/srv/DistanceSensorData.idl
-- Up-to-date: /home/cannotflypig/robokonn/install/interfaces/share/interfaces/msg/Goal.msg
-- Up-to-date: /home/cannotflypig/robokonn/install/interfaces/share/interfaces/msg/Back.msg
-- Up-to-date: /home/cannotflypig/robokonn/install/interfaces/share/interfaces/msg/Direction.msg
-- Installing: /home/cannotflypig/robokonn/install/interfaces/share/interfaces/msg/Distance.msg
-- Up-to-date: /home/cannotflypig/robokonn/install/interfaces/share/interfaces/srv/GoingCameraData.srv
-- Up-to-date: /home/cannotflypig/robokonn/install/interfaces/share/interfaces/srv/GoingCameraData_Request.msg
-- Up-to-date: /home/cannotflypig/robokonn/install/interfaces/share/interfaces/srv/GoingCameraData_Response.msg
-- Up-to-date: /home/cannotflypig/robokonn/install/interfaces/share/interfaces/srv/BackingCameraData.srv
-- Up-to-date: /home/cannotflypig/robokonn/install/interfaces/share/interfaces/srv/BackingCameraData_Request.msg
-- Up-to-date: /home/cannotflypig/robokonn/install/interfaces/share/interfaces/srv/BackingCameraData_Response.msg
-- Up-to-date: /home/cannotflypig/robokonn/install/interfaces/share/interfaces/srv/DistanceSensorData.srv
-- Up-to-date: /home/cannotflypig/robokonn/install/interfaces/share/interfaces/srv/DistanceSensorData_Request.msg
-- Up-to-date: /home/cannotflypig/robokonn/install/interfaces/share/interfaces/srv/DistanceSensorData_Response.msg
-- Up-to-date: /home/cannotflypig/robokonn/install/interfaces/share/ament_index/resource_index/package_run_dependencies/interfaces
-- Up-to-date: /home/cannotflypig/robokonn/install/interfaces/share/ament_index/resource_index/parent_prefix_path/interfaces
-- Up-to-date: /home/cannotflypig/robokonn/install/interfaces/share/interfaces/environment/ament_prefix_path.sh
-- Installing: /home/cannotflypig/robokonn/install/interfaces/share/interfaces/environment/ament_prefix_path.dsv
-- Up-to-date: /home/cannotflypig/robokonn/install/interfaces/share/interfaces/environment/path.sh
-- Installing: /home/cannotflypig/robokonn/install/interfaces/share/interfaces/environment/path.dsv
-- Up-to-date: /home/cannotflypig/robokonn/install/interfaces/share/interfaces/local_setup.bash
-- Up-to-date: /home/cannotflypig/robokonn/install/interfaces/share/interfaces/local_setup.sh
-- Up-to-date: /home/cannotflypig/robokonn/install/interfaces/share/interfaces/local_setup.zsh
-- Installing: /home/cannotflypig/robokonn/install/interfaces/share/interfaces/local_setup.dsv
-- Installing: /home/cannotflypig/robokonn/install/interfaces/share/interfaces/package.dsv
-- Up-to-date: /home/cannotflypig/robokonn/install/interfaces/share/ament_index/resource_index/packages/interfaces
-- Up-to-date: /home/cannotflypig/robokonn/install/interfaces/share/interfaces/cmake/export_interfaces__rosidl_generator_cExport.cmake
-- Up-to-date: /home/cannotflypig/robokonn/install/interfaces/share/interfaces/cmake/export_interfaces__rosidl_generator_cExport-noconfig.cmake
-- Up-to-date: /home/cannotflypig/robokonn/install/interfaces/share/interfaces/cmake/export_interfaces__rosidl_typesupport_fastrtps_cExport.cmake
-- Up-to-date: /home/cannotflypig/robokonn/install/interfaces/share/interfaces/cmake/export_interfaces__rosidl_typesupport_fastrtps_cExport-noconfig.cmake
-- Up-to-date: /home/cannotflypig/robokonn/install/interfaces/share/interfaces/cmake/interfaces__rosidl_typesupport_introspection_cExport.cmake
-- Up-to-date: /home/cannotflypig/robokonn/install/interfaces/share/interfaces/cmake/interfaces__rosidl_typesupport_introspection_cExport-noconfig.cmake
-- Up-to-date: /home/cannotflypig/robokonn/install/interfaces/share/interfaces/cmake/interfaces__rosidl_typesupport_cExport.cmake
-- Up-to-date: /home/cannotflypig/robokonn/install/interfaces/share/interfaces/cmake/interfaces__rosidl_typesupport_cExport-noconfig.cmake
-- Up-to-date: /home/cannotflypig/robokonn/install/interfaces/share/interfaces/cmake/export_interfaces__rosidl_generator_cppExport.cmake
-- Up-to-date: /home/cannotflypig/robokonn/install/interfaces/share/interfaces/cmake/export_interfaces__rosidl_typesupport_fastrtps_cppExport.cmake
-- Up-to-date: /home/cannotflypig/robokonn/install/interfaces/share/interfaces/cmake/export_interfaces__rosidl_typesupport_fastrtps_cppExport-noconfig.cmake
-- Up-to-date: /home/cannotflypig/robokonn/install/interfaces/share/interfaces/cmake/interfaces__rosidl_typesupport_introspection_cppExport.cmake
-- Up-to-date: /home/cannotflypig/robokonn/install/interfaces/share/interfaces/cmake/interfaces__rosidl_typesupport_introspection_cppExport-noconfig.cmake
-- Up-to-date: /home/cannotflypig/robokonn/install/interfaces/share/interfaces/cmake/interfaces__rosidl_typesupport_cppExport.cmake
-- Up-to-date: /home/cannotflypig/robokonn/install/interfaces/share/interfaces/cmake/interfaces__rosidl_typesupport_cppExport-noconfig.cmake
-- Up-to-date: /home/cannotflypig/robokonn/install/interfaces/share/interfaces/cmake/export_interfaces__rosidl_generator_pyExport.cmake
-- Up-to-date: /home/cannotflypig/robokonn/install/interfaces/share/interfaces/cmake/export_interfaces__rosidl_generator_pyExport-noconfig.cmake
-- Installing: /home/cannotflypig/robokonn/install/interfaces/share/interfaces/cmake/rosidl_cmake-extras.cmake
-- Up-to-date: /home/cannotflypig/robokonn/install/interfaces/share/interfaces/cmake/ament_cmake_export_dependencies-extras.cmake
-- Up-to-date: /home/cannotflypig/robokonn/install/interfaces/share/interfaces/cmake/ament_cmake_export_include_directories-extras.cmake
-- Up-to-date: /home/cannotflypig/robokonn/install/interfaces/share/interfaces/cmake/ament_cmake_export_libraries-extras.cmake
-- Up-to-date: /home/cannotflypig/robokonn/install/interfaces/share/interfaces/cmake/ament_cmake_export_targets-extras.cmake
-- Up-to-date: /home/cannotflypig/robokonn/install/interfaces/share/interfaces/cmake/rosidl_cmake_export_typesupport_targets-extras.cmake
-- Up-to-date: /home/cannotflypig/robokonn/install/interfaces/share/interfaces/cmake/rosidl_cmake_export_typesupport_libraries-extras.cmake
-- Up-to-date: /home/cannotflypig/robokonn/install/interfaces/share/interfaces/cmake/interfacesConfig.cmake
-- Up-to-date: /home/cannotflypig/robokonn/install/interfaces/share/interfaces/cmake/interfacesConfig-version.cmake
-- Up-to-date: /home/cannotflypig/robokonn/install/interfaces/share/interfaces/package.xml
