[0.235s] Invoking command in '/home/cannotflypig/robokonn/build/interfaces': CMAKE_PREFIX_PATH=/opt/ros/humble /usr/bin/cmake --build /home/cannotflypig/robokonn/build/interfaces -- -j16 -l16
[0.730s] -- Found ament_cmake: 1.3.5 (/opt/ros/humble/share/ament_cmake/cmake)
[0.731s] -- Found rosidl_default_generators: 1.2.0 (/opt/ros/humble/share/rosidl_default_generators/cmake)
[0.731s] -- Using all available rosidl_typesupport_c: rosidl_typesupport_fastrtps_c;rosidl_typesupport_introspection_c
[0.731s] -- Found rosidl_adapter: 3.1.5 (/opt/ros/humble/share/rosidl_adapter/cmake)
[0.731s] -- Using all available rosidl_typesupport_cpp: rosidl_typesupport_fastrtps_cpp;rosidl_typesupport_introspection_cpp
[0.737s] -- Found std_msgs: 4.2.3 (/opt/ros/humble/share/std_msgs/cmake)
[1.056s] -- Found ament_cmake_ros: 0.10.0 (/opt/ros/humble/share/ament_cmake_ros/cmake)
[1.283s] -- Using all available rosidl_typesupport_c: rosidl_typesupport_fastrtps_c;rosidl_typesupport_introspection_c
[1.586s] -- Using all available rosidl_typesupport_cpp: rosidl_typesupport_fastrtps_cpp;rosidl_typesupport_introspection_cpp
[1.610s] -- Found python_cmake_module: 0.10.0 (/opt/ros/humble/share/python_cmake_module/cmake)
[1.630s] -- Using PYTHON_EXECUTABLE: /usr/bin/python3
[1.630s] -- Using PYTHON_INCLUDE_DIRS: /usr/include/python3.10
[1.631s] -- Using PYTHON_LIBRARIES: /usr/lib/x86_64-linux-gnu/libpython3.10.so
[1.660s] -- Found ament_lint_auto: 0.12.8 (/opt/ros/humble/share/ament_lint_auto/cmake)
[1.669s] -- Added test 'lint_cmake' to check CMake code style
[1.670s] -- Added test 'xmllint' to check XML markup files
[1.672s] -- Configuring done
[1.723s] -- Generating done
[1.728s] -- Build files have been written to: /home/cannotflypig/robokonn/build/interfaces
[1.750s] [  1%] [34m[1mGenerating C code for ROS interfaces[0m
[1.758s] [  2%] [34m[1mGenerating C++ code for ROS interfaces[0m
[1.767s] [  2%] Built target ament_cmake_python_copy_interfaces
[1.995s] running egg_info
[1.996s] writing interfaces.egg-info/PKG-INFO
[1.997s] writing dependency_links to interfaces.egg-info/dependency_links.txt
[1.997s] writing top-level names to interfaces.egg-info/top_level.txt
[1.999s] reading manifest file 'interfaces.egg-info/SOURCES.txt'
[2.000s] writing manifest file 'interfaces.egg-info/SOURCES.txt'
[2.025s] [  2%] Built target ament_cmake_python_build_interfaces_egg
[2.333s] [  2%] Built target interfaces__cpp
[2.341s] [  6%] [34m[1mGenerating C++ type support dispatch for ROS interfaces[0m
[2.342s] [  6%] [34m[1mGenerating C++ type support for eProsima Fast-RTPS[0m
[2.342s] [  6%] [34m[1mGenerating C++ introspection for ROS interfaces[0m
[2.384s] [35m[1mConsolidate compiler generated dependencies of target interfaces__rosidl_generator_c[0m
[2.396s] [ 11%] [32mBuilding C object CMakeFiles/interfaces__rosidl_generator_c.dir/rosidl_generator_c/interfaces/msg/detail/direction__functions.c.o[0m
[2.396s] [ 11%] [32mBuilding C object CMakeFiles/interfaces__rosidl_generator_c.dir/rosidl_generator_c/interfaces/msg/detail/back__functions.c.o[0m
[2.396s] [ 11%] [32mBuilding C object CMakeFiles/interfaces__rosidl_generator_c.dir/rosidl_generator_c/interfaces/msg/detail/goal__functions.c.o[0m
[2.396s] [ 11%] [32mBuilding C object CMakeFiles/interfaces__rosidl_generator_c.dir/rosidl_generator_c/interfaces/srv/detail/going_camera_data__functions.c.o[0m
[2.396s] [ 12%] [32mBuilding C object CMakeFiles/interfaces__rosidl_generator_c.dir/rosidl_generator_c/interfaces/msg/detail/distance__functions.c.o[0m
[2.399s] [ 15%] [32mBuilding C object CMakeFiles/interfaces__rosidl_generator_c.dir/rosidl_generator_c/interfaces/srv/detail/distance_sensor_data__functions.c.o[0m
[2.399s] [ 15%] [32mBuilding C object CMakeFiles/interfaces__rosidl_generator_c.dir/rosidl_generator_c/interfaces/srv/detail/backing_camera_data__functions.c.o[0m
[2.507s] [ 16%] [32m[1mLinking C shared library libinterfaces__rosidl_generator_c.so[0m
[2.614s] [ 16%] Built target interfaces__rosidl_generator_c
[2.621s] [ 17%] [34m[1mGenerating C introspection for ROS interfaces[0m
[2.622s] [ 20%] [34m[1mGenerating C type support for eProsima Fast-RTPS[0m
[2.622s] [ 20%] [34m[1mGenerating C type support dispatch for ROS interfaces[0m
[2.748s] [35m[1mConsolidate compiler generated dependencies of target interfaces__rosidl_typesupport_cpp[0m
[2.762s] [ 25%] [32mBuilding CXX object CMakeFiles/interfaces__rosidl_typesupport_cpp.dir/rosidl_typesupport_cpp/interfaces/msg/distance__type_support.cpp.o[0m
[2.762s] [ 25%] [32mBuilding CXX object CMakeFiles/interfaces__rosidl_typesupport_cpp.dir/rosidl_typesupport_cpp/interfaces/msg/goal__type_support.cpp.o[0m
[2.762s] [ 25%] [32mBuilding CXX object CMakeFiles/interfaces__rosidl_typesupport_cpp.dir/rosidl_typesupport_cpp/interfaces/msg/direction__type_support.cpp.o[0m
[2.762s] [ 26%] [32mBuilding CXX object CMakeFiles/interfaces__rosidl_typesupport_cpp.dir/rosidl_typesupport_cpp/interfaces/srv/going_camera_data__type_support.cpp.o[0m
[2.763s] [ 25%] [32mBuilding CXX object CMakeFiles/interfaces__rosidl_typesupport_cpp.dir/rosidl_typesupport_cpp/interfaces/msg/back__type_support.cpp.o[0m
[2.763s] [ 29%] [32mBuilding CXX object CMakeFiles/interfaces__rosidl_typesupport_cpp.dir/rosidl_typesupport_cpp/interfaces/srv/backing_camera_data__type_support.cpp.o[0m
[2.763s] [ 29%] [32mBuilding CXX object CMakeFiles/interfaces__rosidl_typesupport_cpp.dir/rosidl_typesupport_cpp/interfaces/srv/distance_sensor_data__type_support.cpp.o[0m
[2.853s] [35m[1mConsolidate compiler generated dependencies of target interfaces__rosidl_typesupport_introspection_cpp[0m
[2.868s] [ 30%] [32mBuilding CXX object CMakeFiles/interfaces__rosidl_typesupport_introspection_cpp.dir/rosidl_typesupport_introspection_cpp/interfaces/msg/detail/goal__type_support.cpp.o[0m
[2.869s] [ 31%] [32mBuilding CXX object CMakeFiles/interfaces__rosidl_typesupport_introspection_cpp.dir/rosidl_typesupport_introspection_cpp/interfaces/msg/detail/back__type_support.cpp.o[0m
[2.869s] [ 32%] [32mBuilding CXX object CMakeFiles/interfaces__rosidl_typesupport_introspection_cpp.dir/rosidl_typesupport_introspection_cpp/interfaces/srv/detail/going_camera_data__type_support.cpp.o[0m
[2.869s] [ 34%] [32mBuilding CXX object CMakeFiles/interfaces__rosidl_typesupport_introspection_cpp.dir/rosidl_typesupport_introspection_cpp/interfaces/msg/detail/direction__type_support.cpp.o[0m
[2.879s] [ 35%] [32mBuilding CXX object CMakeFiles/interfaces__rosidl_typesupport_introspection_cpp.dir/rosidl_typesupport_introspection_cpp/interfaces/msg/detail/distance__type_support.cpp.o[0m
[3.087s] [35m[1mConsolidate compiler generated dependencies of target interfaces__rosidl_typesupport_fastrtps_cpp[0m
[3.121s] [ 36%] [32mBuilding CXX object CMakeFiles/interfaces__rosidl_typesupport_fastrtps_cpp.dir/rosidl_typesupport_fastrtps_cpp/interfaces/msg/detail/dds_fastrtps/goal__type_support.cpp.o[0m
[3.153s] [35m[1mConsolidate compiler generated dependencies of target interfaces__rosidl_typesupport_c[0m
[3.163s] [ 37%] [32mBuilding CXX object CMakeFiles/interfaces__rosidl_typesupport_c.dir/rosidl_typesupport_c/interfaces/msg/goal__type_support.cpp.o[0m
[3.212s] [ 39%] [32mBuilding CXX object CMakeFiles/interfaces__rosidl_typesupport_c.dir/rosidl_typesupport_c/interfaces/msg/back__type_support.cpp.o[0m
[3.223s] [ 40%] [32mBuilding CXX object CMakeFiles/interfaces__rosidl_typesupport_fastrtps_cpp.dir/rosidl_typesupport_fastrtps_cpp/interfaces/msg/detail/dds_fastrtps/back__type_support.cpp.o[0m
[3.244s] [ 41%] [32mBuilding CXX object CMakeFiles/interfaces__rosidl_typesupport_fastrtps_cpp.dir/rosidl_typesupport_fastrtps_cpp/interfaces/msg/detail/dds_fastrtps/direction__type_support.cpp.o[0m
[3.246s] [ 43%] [32mBuilding CXX object CMakeFiles/interfaces__rosidl_typesupport_introspection_cpp.dir/rosidl_typesupport_introspection_cpp/interfaces/srv/detail/backing_camera_data__type_support.cpp.o[0m
[3.248s] [ 44%] [32mBuilding CXX object CMakeFiles/interfaces__rosidl_typesupport_c.dir/rosidl_typesupport_c/interfaces/msg/direction__type_support.cpp.o[0m
[3.252s] [ 45%] [32mBuilding CXX object CMakeFiles/interfaces__rosidl_typesupport_fastrtps_cpp.dir/rosidl_typesupport_fastrtps_cpp/interfaces/msg/detail/dds_fastrtps/distance__type_support.cpp.o[0m
[3.258s] [ 46%] [32mBuilding CXX object CMakeFiles/interfaces__rosidl_typesupport_introspection_cpp.dir/rosidl_typesupport_introspection_cpp/interfaces/srv/detail/distance_sensor_data__type_support.cpp.o[0m
[3.258s] [ 48%] [32mBuilding CXX object CMakeFiles/interfaces__rosidl_typesupport_c.dir/rosidl_typesupport_c/interfaces/msg/distance__type_support.cpp.o[0m
[3.277s] [ 49%] [32mBuilding CXX object CMakeFiles/interfaces__rosidl_typesupport_c.dir/rosidl_typesupport_c/interfaces/srv/going_camera_data__type_support.cpp.o[0m
[3.292s] [ 50%] [32mBuilding CXX object CMakeFiles/interfaces__rosidl_typesupport_c.dir/rosidl_typesupport_c/interfaces/srv/backing_camera_data__type_support.cpp.o[0m
[3.307s] [ 51%] [32m[1mLinking CXX shared library libinterfaces__rosidl_typesupport_cpp.so[0m
[3.310s] [ 53%] [32mBuilding CXX object CMakeFiles/interfaces__rosidl_typesupport_c.dir/rosidl_typesupport_c/interfaces/srv/distance_sensor_data__type_support.cpp.o[0m
[3.341s] [ 54%] [32mBuilding CXX object CMakeFiles/interfaces__rosidl_typesupport_fastrtps_cpp.dir/rosidl_typesupport_fastrtps_cpp/interfaces/srv/detail/dds_fastrtps/going_camera_data__type_support.cpp.o[0m
[3.356s] [ 55%] [32m[1mLinking CXX shared library libinterfaces__rosidl_typesupport_c.so[0m
[3.379s] [35m[1mConsolidate compiler generated dependencies of target interfaces__rosidl_typesupport_introspection_c[0m
[3.420s] [ 56%] [32mBuilding C object CMakeFiles/interfaces__rosidl_typesupport_introspection_c.dir/rosidl_typesupport_introspection_c/interfaces/msg/detail/goal__type_support.c.o[0m
[3.467s] [ 58%] [32mBuilding C object CMakeFiles/interfaces__rosidl_typesupport_introspection_c.dir/rosidl_typesupport_introspection_c/interfaces/msg/detail/back__type_support.c.o[0m
[3.504s] [ 59%] [32mBuilding C object CMakeFiles/interfaces__rosidl_typesupport_introspection_c.dir/rosidl_typesupport_introspection_c/interfaces/msg/detail/direction__type_support.c.o[0m
[3.520s] [ 60%] [32mBuilding CXX object CMakeFiles/interfaces__rosidl_typesupport_fastrtps_cpp.dir/rosidl_typesupport_fastrtps_cpp/interfaces/srv/detail/dds_fastrtps/backing_camera_data__type_support.cpp.o[0m
[3.530s] [35m[1mConsolidate compiler generated dependencies of target interfaces__rosidl_typesupport_fastrtps_c[0m
[3.550s] [ 62%] [32mBuilding C object CMakeFiles/interfaces__rosidl_typesupport_introspection_c.dir/rosidl_typesupport_introspection_c/interfaces/msg/detail/distance__type_support.c.o[0m
[3.562s] [ 63%] [32mBuilding CXX object CMakeFiles/interfaces__rosidl_typesupport_fastrtps_c.dir/rosidl_typesupport_fastrtps_c/interfaces/msg/detail/goal__type_support_c.cpp.o[0m
[3.570s] [ 64%] [32mBuilding CXX object CMakeFiles/interfaces__rosidl_typesupport_fastrtps_cpp.dir/rosidl_typesupport_fastrtps_cpp/interfaces/srv/detail/dds_fastrtps/distance_sensor_data__type_support.cpp.o[0m
[3.579s] [ 65%] [32mBuilding CXX object CMakeFiles/interfaces__rosidl_typesupport_fastrtps_c.dir/rosidl_typesupport_fastrtps_c/interfaces/msg/detail/back__type_support_c.cpp.o[0m
[3.590s] [ 67%] [32mBuilding C object CMakeFiles/interfaces__rosidl_typesupport_introspection_c.dir/rosidl_typesupport_introspection_c/interfaces/srv/detail/going_camera_data__type_support.c.o[0m
[3.640s] [ 68%] [32mBuilding CXX object CMakeFiles/interfaces__rosidl_typesupport_fastrtps_c.dir/rosidl_typesupport_fastrtps_c/interfaces/msg/detail/direction__type_support_c.cpp.o[0m
[3.654s] [ 69%] [32mBuilding C object CMakeFiles/interfaces__rosidl_typesupport_introspection_c.dir/rosidl_typesupport_introspection_c/interfaces/srv/detail/backing_camera_data__type_support.c.o[0m
[3.678s] [ 69%] Built target interfaces__rosidl_typesupport_c
[3.685s] [ 70%] [32mBuilding C object CMakeFiles/interfaces__rosidl_typesupport_introspection_c.dir/rosidl_typesupport_introspection_c/interfaces/srv/detail/distance_sensor_data__type_support.c.o[0m
[3.687s] [ 72%] [32mBuilding CXX object CMakeFiles/interfaces__rosidl_typesupport_fastrtps_c.dir/rosidl_typesupport_fastrtps_c/interfaces/msg/detail/distance__type_support_c.cpp.o[0m
[3.696s] [ 72%] Built target interfaces__rosidl_typesupport_cpp
[3.714s] [ 73%] [32mBuilding CXX object CMakeFiles/interfaces__rosidl_typesupport_fastrtps_c.dir/rosidl_typesupport_fastrtps_c/interfaces/srv/detail/going_camera_data__type_support_c.cpp.o[0m
[3.740s] [ 74%] [32mBuilding CXX object CMakeFiles/interfaces__rosidl_typesupport_fastrtps_c.dir/rosidl_typesupport_fastrtps_c/interfaces/srv/detail/backing_camera_data__type_support_c.cpp.o[0m
[3.744s] [ 75%] [32m[1mLinking C shared library libinterfaces__rosidl_typesupport_introspection_c.so[0m
[3.802s] [ 77%] [32mBuilding CXX object CMakeFiles/interfaces__rosidl_typesupport_fastrtps_c.dir/rosidl_typesupport_fastrtps_c/interfaces/srv/detail/distance_sensor_data__type_support_c.cpp.o[0m
[3.931s] [ 78%] [32m[1mLinking CXX shared library libinterfaces__rosidl_typesupport_introspection_cpp.so[0m
[4.096s] [ 78%] Built target interfaces__rosidl_typesupport_introspection_c
[4.278s] [ 78%] Built target interfaces__rosidl_typesupport_introspection_cpp
[4.325s] [ 79%] [32m[1mLinking CXX shared library libinterfaces__rosidl_typesupport_fastrtps_cpp.so[0m
[4.366s] [ 81%] [32m[1mLinking CXX shared library libinterfaces__rosidl_typesupport_fastrtps_c.so[0m
[4.466s] [ 81%] Built target interfaces__rosidl_typesupport_fastrtps_cpp
[4.498s] [ 81%] Built target interfaces__rosidl_typesupport_fastrtps_c
[4.509s] [ 81%] Built target interfaces
[4.521s] [ 82%] [34m[1mGenerating Python code for ROS interfaces[0m
[5.288s] [ 82%] Built target interfaces__py
[5.296s] [35m[1mConsolidate compiler generated dependencies of target interfaces__rosidl_generator_py[0m
[5.310s] [ 86%] [32mBuilding C object CMakeFiles/interfaces__rosidl_generator_py.dir/rosidl_generator_py/interfaces/msg/_distance_s.c.o[0m
[5.310s] [ 86%] [32mBuilding C object CMakeFiles/interfaces__rosidl_generator_py.dir/rosidl_generator_py/interfaces/msg/_direction_s.c.o[0m
[5.310s] [ 86%] [32mBuilding C object CMakeFiles/interfaces__rosidl_generator_py.dir/rosidl_generator_py/interfaces/msg/_goal_s.c.o[0m
[5.310s] [ 87%] [32mBuilding C object CMakeFiles/interfaces__rosidl_generator_py.dir/rosidl_generator_py/interfaces/srv/_distance_sensor_data_s.c.o[0m
[5.310s] [ 88%] [32mBuilding C object CMakeFiles/interfaces__rosidl_generator_py.dir/rosidl_generator_py/interfaces/msg/_back_s.c.o[0m
[5.310s] [ 89%] [32mBuilding C object CMakeFiles/interfaces__rosidl_generator_py.dir/rosidl_generator_py/interfaces/srv/_backing_camera_data_s.c.o[0m
[5.324s] [ 91%] [32mBuilding C object CMakeFiles/interfaces__rosidl_generator_py.dir/rosidl_generator_py/interfaces/srv/_going_camera_data_s.c.o[0m
[5.454s] [ 92%] [32m[1mLinking C shared library rosidl_generator_py/interfaces/libinterfaces__rosidl_generator_py.so[0m
[5.555s] [ 92%] Built target interfaces__rosidl_generator_py
[5.561s] [35m[1mConsolidate compiler generated dependencies of target interfaces__rosidl_typesupport_introspection_c__pyext[0m
[5.562s] [35m[1mConsolidate compiler generated dependencies of target interfaces__rosidl_typesupport_c__pyext[0m
[5.562s] [35m[1mConsolidate compiler generated dependencies of target interfaces__rosidl_typesupport_fastrtps_c__pyext[0m
[5.570s] [ 93%] [32mBuilding C object CMakeFiles/interfaces__rosidl_typesupport_introspection_c__pyext.dir/rosidl_generator_py/interfaces/_interfaces_s.ep.rosidl_typesupport_introspection_c.c.o[0m
[5.571s] [ 94%] [32mBuilding C object CMakeFiles/interfaces__rosidl_typesupport_fastrtps_c__pyext.dir/rosidl_generator_py/interfaces/_interfaces_s.ep.rosidl_typesupport_fastrtps_c.c.o[0m
[5.571s] [ 96%] [32mBuilding C object CMakeFiles/interfaces__rosidl_typesupport_c__pyext.dir/rosidl_generator_py/interfaces/_interfaces_s.ep.rosidl_typesupport_c.c.o[0m
[5.691s] [ 98%] [32m[1mLinking C shared library rosidl_generator_py/interfaces/interfaces_s__rosidl_typesupport_c.cpython-310-x86_64-linux-gnu.so[0m
[5.691s] [ 98%] [32m[1mLinking C shared library rosidl_generator_py/interfaces/interfaces_s__rosidl_typesupport_introspection_c.cpython-310-x86_64-linux-gnu.so[0m
[5.691s] [100%] [32m[1mLinking C shared library rosidl_generator_py/interfaces/interfaces_s__rosidl_typesupport_fastrtps_c.cpython-310-x86_64-linux-gnu.so[0m
[5.783s] [100%] Built target interfaces__rosidl_typesupport_c__pyext
[5.786s] [100%] Built target interfaces__rosidl_typesupport_fastrtps_c__pyext
[5.795s] [100%] Built target interfaces__rosidl_typesupport_introspection_c__pyext
[5.811s] Invoked command in '/home/cannotflypig/robokonn/build/interfaces' returned '0': CMAKE_PREFIX_PATH=/opt/ros/humble /usr/bin/cmake --build /home/cannotflypig/robokonn/build/interfaces -- -j16 -l16
[5.917s] Invoking command in '/home/cannotflypig/robokonn/build/interfaces': CMAKE_PREFIX_PATH=/opt/ros/humble /usr/bin/cmake --install /home/cannotflypig/robokonn/build/interfaces
[5.922s] -- Install configuration: ""
[5.922s] -- Installing: /home/cannotflypig/robokonn/install/interfaces/share/ament_index/resource_index/rosidl_interfaces/interfaces
[5.922s] -- Up-to-date: /home/cannotflypig/robokonn/install/interfaces/include/interfaces/interfaces
[5.923s] -- Up-to-date: /home/cannotflypig/robokonn/install/interfaces/include/interfaces/interfaces/srv
[5.923s] -- Up-to-date: /home/cannotflypig/robokonn/install/interfaces/include/interfaces/interfaces/srv/detail
[5.923s] -- Installing: /home/cannotflypig/robokonn/install/interfaces/include/interfaces/interfaces/srv/detail/going_camera_data__functions.c
[5.923s] -- Installing: /home/cannotflypig/robokonn/install/interfaces/include/interfaces/interfaces/srv/detail/backing_camera_data__struct.h
[5.923s] -- Installing: /home/cannotflypig/robokonn/install/interfaces/include/interfaces/interfaces/srv/detail/backing_camera_data__functions.c
[5.923s] -- Installing: /home/cannotflypig/robokonn/install/interfaces/include/interfaces/interfaces/srv/detail/backing_camera_data__type_support.h
[5.924s] -- Installing: /home/cannotflypig/robokonn/install/interfaces/include/interfaces/interfaces/srv/detail/distance_sensor_data__functions.h
[5.924s] -- Installing: /home/cannotflypig/robokonn/install/interfaces/include/interfaces/interfaces/srv/detail/distance_sensor_data__functions.c
[5.924s] -- Installing: /home/cannotflypig/robokonn/install/interfaces/include/interfaces/interfaces/srv/detail/distance_sensor_data__struct.h
[5.924s] -- Installing: /home/cannotflypig/robokonn/install/interfaces/include/interfaces/interfaces/srv/detail/going_camera_data__functions.h
[5.925s] -- Installing: /home/cannotflypig/robokonn/install/interfaces/include/interfaces/interfaces/srv/detail/distance_sensor_data__type_support.h
[5.925s] -- Installing: /home/cannotflypig/robokonn/install/interfaces/include/interfaces/interfaces/srv/detail/going_camera_data__type_support.h
[5.925s] -- Installing: /home/cannotflypig/robokonn/install/interfaces/include/interfaces/interfaces/srv/detail/going_camera_data__struct.h
[5.925s] -- Installing: /home/cannotflypig/robokonn/install/interfaces/include/interfaces/interfaces/srv/detail/backing_camera_data__functions.h
[5.925s] -- Installing: /home/cannotflypig/robokonn/install/interfaces/include/interfaces/interfaces/srv/backing_camera_data.h
[5.925s] -- Installing: /home/cannotflypig/robokonn/install/interfaces/include/interfaces/interfaces/srv/distance_sensor_data.h
[5.926s] -- Installing: /home/cannotflypig/robokonn/install/interfaces/include/interfaces/interfaces/srv/going_camera_data.h
[5.926s] -- Up-to-date: /home/cannotflypig/robokonn/install/interfaces/include/interfaces/interfaces/msg
[5.926s] -- Up-to-date: /home/cannotflypig/robokonn/install/interfaces/include/interfaces/interfaces/msg/detail
[5.926s] -- Installing: /home/cannotflypig/robokonn/install/interfaces/include/interfaces/interfaces/msg/detail/direction__functions.c
[5.926s] -- Installing: /home/cannotflypig/robokonn/install/interfaces/include/interfaces/interfaces/msg/detail/distance__functions.c
[5.926s] -- Installing: /home/cannotflypig/robokonn/install/interfaces/include/interfaces/interfaces/msg/detail/goal__type_support.h
[5.927s] -- Installing: /home/cannotflypig/robokonn/install/interfaces/include/interfaces/interfaces/msg/detail/direction__struct.h
[5.927s] -- Installing: /home/cannotflypig/robokonn/install/interfaces/include/interfaces/interfaces/msg/detail/direction__type_support.h
[5.927s] -- Installing: /home/cannotflypig/robokonn/install/interfaces/include/interfaces/interfaces/msg/detail/back__type_support.h
[5.927s] -- Installing: /home/cannotflypig/robokonn/install/interfaces/include/interfaces/interfaces/msg/detail/goal__functions.c
[5.927s] -- Installing: /home/cannotflypig/robokonn/install/interfaces/include/interfaces/interfaces/msg/detail/back__struct.h
[5.928s] -- Installing: /home/cannotflypig/robokonn/install/interfaces/include/interfaces/interfaces/msg/detail/goal__functions.h
[5.928s] -- Installing: /home/cannotflypig/robokonn/install/interfaces/include/interfaces/interfaces/msg/detail/distance__type_support.h
[5.928s] -- Installing: /home/cannotflypig/robokonn/install/interfaces/include/interfaces/interfaces/msg/detail/goal__struct.h
[5.928s] -- Installing: /home/cannotflypig/robokonn/install/interfaces/include/interfaces/interfaces/msg/detail/distance__functions.h
[5.928s] -- Installing: /home/cannotflypig/robokonn/install/interfaces/include/interfaces/interfaces/msg/detail/back__functions.h
[5.929s] -- Installing: /home/cannotflypig/robokonn/install/interfaces/include/interfaces/interfaces/msg/detail/distance__struct.h
[5.929s] -- Installing: /home/cannotflypig/robokonn/install/interfaces/include/interfaces/interfaces/msg/detail/back__functions.c
[5.929s] -- Installing: /home/cannotflypig/robokonn/install/interfaces/include/interfaces/interfaces/msg/detail/direction__functions.h
[5.929s] -- Installing: /home/cannotflypig/robokonn/install/interfaces/include/interfaces/interfaces/msg/distance.h
[5.929s] -- Installing: /home/cannotflypig/robokonn/install/interfaces/include/interfaces/interfaces/msg/back.h
[5.930s] -- Installing: /home/cannotflypig/robokonn/install/interfaces/include/interfaces/interfaces/msg/goal.h
[5.930s] -- Up-to-date: /home/cannotflypig/robokonn/install/interfaces/include/interfaces/interfaces/msg/rosidl_generator_c__visibility_control.h
[5.930s] -- Installing: /home/cannotflypig/robokonn/install/interfaces/include/interfaces/interfaces/msg/direction.h
[5.930s] -- Up-to-date: /home/cannotflypig/robokonn/install/interfaces/share/interfaces/environment/library_path.sh
[5.930s] -- Installing: /home/cannotflypig/robokonn/install/interfaces/share/interfaces/environment/library_path.dsv
[5.931s] -- Installing: /home/cannotflypig/robokonn/install/interfaces/lib/libinterfaces__rosidl_generator_c.so
[5.931s] -- Set runtime path of "/home/cannotflypig/robokonn/install/interfaces/lib/libinterfaces__rosidl_generator_c.so" to ""
[5.931s] -- Up-to-date: /home/cannotflypig/robokonn/install/interfaces/include/interfaces/interfaces
[5.931s] -- Up-to-date: /home/cannotflypig/robokonn/install/interfaces/include/interfaces/interfaces/srv
[5.931s] -- Up-to-date: /home/cannotflypig/robokonn/install/interfaces/include/interfaces/interfaces/srv/detail
[5.931s] -- Installing: /home/cannotflypig/robokonn/install/interfaces/include/interfaces/interfaces/srv/detail/going_camera_data__rosidl_typesupport_fastrtps_c.h
[5.931s] -- Installing: /home/cannotflypig/robokonn/install/interfaces/include/interfaces/interfaces/srv/detail/backing_camera_data__rosidl_typesupport_fastrtps_c.h
[5.931s] -- Installing: /home/cannotflypig/robokonn/install/interfaces/include/interfaces/interfaces/srv/detail/distance_sensor_data__rosidl_typesupport_fastrtps_c.h
[5.932s] -- Up-to-date: /home/cannotflypig/robokonn/install/interfaces/include/interfaces/interfaces/msg
[5.932s] -- Up-to-date: /home/cannotflypig/robokonn/install/interfaces/include/interfaces/interfaces/msg/detail
[5.932s] -- Installing: /home/cannotflypig/robokonn/install/interfaces/include/interfaces/interfaces/msg/detail/goal__rosidl_typesupport_fastrtps_c.h
[5.932s] -- Installing: /home/cannotflypig/robokonn/install/interfaces/include/interfaces/interfaces/msg/detail/direction__rosidl_typesupport_fastrtps_c.h
[5.932s] -- Installing: /home/cannotflypig/robokonn/install/interfaces/include/interfaces/interfaces/msg/detail/distance__rosidl_typesupport_fastrtps_c.h
[5.933s] -- Installing: /home/cannotflypig/robokonn/install/interfaces/include/interfaces/interfaces/msg/detail/back__rosidl_typesupport_fastrtps_c.h
[5.933s] -- Up-to-date: /home/cannotflypig/robokonn/install/interfaces/include/interfaces/interfaces/msg/rosidl_typesupport_fastrtps_c__visibility_control.h
[5.933s] -- Installing: /home/cannotflypig/robokonn/install/interfaces/lib/libinterfaces__rosidl_typesupport_fastrtps_c.so
[5.933s] -- Set runtime path of "/home/cannotflypig/robokonn/install/interfaces/lib/libinterfaces__rosidl_typesupport_fastrtps_c.so" to ""
[5.933s] -- Up-to-date: /home/cannotflypig/robokonn/install/interfaces/include/interfaces/interfaces
[5.934s] -- Up-to-date: /home/cannotflypig/robokonn/install/interfaces/include/interfaces/interfaces/srv
[5.934s] -- Up-to-date: /home/cannotflypig/robokonn/install/interfaces/include/interfaces/interfaces/srv/detail
[5.934s] -- Installing: /home/cannotflypig/robokonn/install/interfaces/include/interfaces/interfaces/srv/detail/distance_sensor_data__type_support.c
[5.934s] -- Installing: /home/cannotflypig/robokonn/install/interfaces/include/interfaces/interfaces/srv/detail/going_camera_data__rosidl_typesupport_introspection_c.h
[5.934s] -- Installing: /home/cannotflypig/robokonn/install/interfaces/include/interfaces/interfaces/srv/detail/backing_camera_data__rosidl_typesupport_introspection_c.h
[5.934s] -- Installing: /home/cannotflypig/robokonn/install/interfaces/include/interfaces/interfaces/srv/detail/backing_camera_data__type_support.c
[5.934s] -- Installing: /home/cannotflypig/robokonn/install/interfaces/include/interfaces/interfaces/srv/detail/going_camera_data__type_support.c
[5.934s] -- Installing: /home/cannotflypig/robokonn/install/interfaces/include/interfaces/interfaces/srv/detail/distance_sensor_data__rosidl_typesupport_introspection_c.h
[5.934s] -- Up-to-date: /home/cannotflypig/robokonn/install/interfaces/include/interfaces/interfaces/msg
[5.934s] -- Up-to-date: /home/cannotflypig/robokonn/install/interfaces/include/interfaces/interfaces/msg/detail
[5.934s] -- Installing: /home/cannotflypig/robokonn/install/interfaces/include/interfaces/interfaces/msg/detail/back__rosidl_typesupport_introspection_c.h
[5.934s] -- Installing: /home/cannotflypig/robokonn/install/interfaces/include/interfaces/interfaces/msg/detail/distance__type_support.c
[5.935s] -- Installing: /home/cannotflypig/robokonn/install/interfaces/include/interfaces/interfaces/msg/detail/distance__rosidl_typesupport_introspection_c.h
[5.935s] -- Installing: /home/cannotflypig/robokonn/install/interfaces/include/interfaces/interfaces/msg/detail/goal__type_support.c
[5.935s] -- Installing: /home/cannotflypig/robokonn/install/interfaces/include/interfaces/interfaces/msg/detail/back__type_support.c
[5.935s] -- Installing: /home/cannotflypig/robokonn/install/interfaces/include/interfaces/interfaces/msg/detail/goal__rosidl_typesupport_introspection_c.h
[5.935s] -- Installing: /home/cannotflypig/robokonn/install/interfaces/include/interfaces/interfaces/msg/detail/direction__type_support.c
[5.935s] -- Installing: /home/cannotflypig/robokonn/install/interfaces/include/interfaces/interfaces/msg/detail/direction__rosidl_typesupport_introspection_c.h
[5.936s] -- Up-to-date: /home/cannotflypig/robokonn/install/interfaces/include/interfaces/interfaces/msg/rosidl_typesupport_introspection_c__visibility_control.h
[5.936s] -- Installing: /home/cannotflypig/robokonn/install/interfaces/lib/libinterfaces__rosidl_typesupport_introspection_c.so
[5.936s] -- Set runtime path of "/home/cannotflypig/robokonn/install/interfaces/lib/libinterfaces__rosidl_typesupport_introspection_c.so" to ""
[5.936s] -- Installing: /home/cannotflypig/robokonn/install/interfaces/lib/libinterfaces__rosidl_typesupport_c.so
[5.936s] -- Set runtime path of "/home/cannotflypig/robokonn/install/interfaces/lib/libinterfaces__rosidl_typesupport_c.so" to ""
[5.936s] -- Up-to-date: /home/cannotflypig/robokonn/install/interfaces/include/interfaces/interfaces
[5.937s] -- Up-to-date: /home/cannotflypig/robokonn/install/interfaces/include/interfaces/interfaces/srv
[5.937s] -- Up-to-date: /home/cannotflypig/robokonn/install/interfaces/include/interfaces/interfaces/srv/detail
[5.937s] -- Installing: /home/cannotflypig/robokonn/install/interfaces/include/interfaces/interfaces/srv/detail/backing_camera_data__traits.hpp
[5.937s] -- Installing: /home/cannotflypig/robokonn/install/interfaces/include/interfaces/interfaces/srv/detail/distance_sensor_data__struct.hpp
[5.937s] -- Installing: /home/cannotflypig/robokonn/install/interfaces/include/interfaces/interfaces/srv/detail/going_camera_data__traits.hpp
[5.938s] -- Installing: /home/cannotflypig/robokonn/install/interfaces/include/interfaces/interfaces/srv/detail/going_camera_data__struct.hpp
[5.938s] -- Installing: /home/cannotflypig/robokonn/install/interfaces/include/interfaces/interfaces/srv/detail/backing_camera_data__struct.hpp
[5.938s] -- Installing: /home/cannotflypig/robokonn/install/interfaces/include/interfaces/interfaces/srv/detail/going_camera_data__builder.hpp
[5.938s] -- Installing: /home/cannotflypig/robokonn/install/interfaces/include/interfaces/interfaces/srv/detail/distance_sensor_data__traits.hpp
[5.939s] -- Installing: /home/cannotflypig/robokonn/install/interfaces/include/interfaces/interfaces/srv/detail/backing_camera_data__builder.hpp
[5.939s] -- Installing: /home/cannotflypig/robokonn/install/interfaces/include/interfaces/interfaces/srv/detail/distance_sensor_data__builder.hpp
[5.939s] -- Installing: /home/cannotflypig/robokonn/install/interfaces/include/interfaces/interfaces/srv/going_camera_data.hpp
[5.939s] -- Installing: /home/cannotflypig/robokonn/install/interfaces/include/interfaces/interfaces/srv/backing_camera_data.hpp
[5.939s] -- Installing: /home/cannotflypig/robokonn/install/interfaces/include/interfaces/interfaces/srv/distance_sensor_data.hpp
[5.940s] -- Up-to-date: /home/cannotflypig/robokonn/install/interfaces/include/interfaces/interfaces/msg
[5.940s] -- Up-to-date: /home/cannotflypig/robokonn/install/interfaces/include/interfaces/interfaces/msg/detail
[5.940s] -- Installing: /home/cannotflypig/robokonn/install/interfaces/include/interfaces/interfaces/msg/detail/direction__struct.hpp
[5.940s] -- Installing: /home/cannotflypig/robokonn/install/interfaces/include/interfaces/interfaces/msg/detail/back__traits.hpp
[5.940s] -- Installing: /home/cannotflypig/robokonn/install/interfaces/include/interfaces/interfaces/msg/detail/distance__builder.hpp
[5.941s] -- Installing: /home/cannotflypig/robokonn/install/interfaces/include/interfaces/interfaces/msg/detail/direction__builder.hpp
[5.941s] -- Installing: /home/cannotflypig/robokonn/install/interfaces/include/interfaces/interfaces/msg/detail/direction__traits.hpp
[5.941s] -- Installing: /home/cannotflypig/robokonn/install/interfaces/include/interfaces/interfaces/msg/detail/goal__struct.hpp
[5.941s] -- Installing: /home/cannotflypig/robokonn/install/interfaces/include/interfaces/interfaces/msg/detail/back__struct.hpp
[5.941s] -- Installing: /home/cannotflypig/robokonn/install/interfaces/include/interfaces/interfaces/msg/detail/distance__struct.hpp
[5.941s] -- Installing: /home/cannotflypig/robokonn/install/interfaces/include/interfaces/interfaces/msg/detail/back__builder.hpp
[5.941s] -- Installing: /home/cannotflypig/robokonn/install/interfaces/include/interfaces/interfaces/msg/detail/goal__traits.hpp
[5.942s] -- Installing: /home/cannotflypig/robokonn/install/interfaces/include/interfaces/interfaces/msg/detail/goal__builder.hpp
[5.942s] -- Installing: /home/cannotflypig/robokonn/install/interfaces/include/interfaces/interfaces/msg/detail/distance__traits.hpp
[5.942s] -- Installing: /home/cannotflypig/robokonn/install/interfaces/include/interfaces/interfaces/msg/direction.hpp
[5.942s] -- Installing: /home/cannotflypig/robokonn/install/interfaces/include/interfaces/interfaces/msg/distance.hpp
[5.942s] -- Installing: /home/cannotflypig/robokonn/install/interfaces/include/interfaces/interfaces/msg/goal.hpp
[5.942s] -- Installing: /home/cannotflypig/robokonn/install/interfaces/include/interfaces/interfaces/msg/back.hpp
[5.942s] -- Up-to-date: /home/cannotflypig/robokonn/install/interfaces/include/interfaces/interfaces
[5.942s] -- Up-to-date: /home/cannotflypig/robokonn/install/interfaces/include/interfaces/interfaces/srv
[5.942s] -- Up-to-date: /home/cannotflypig/robokonn/install/interfaces/include/interfaces/interfaces/srv/detail
[5.943s] -- Installing: /home/cannotflypig/robokonn/install/interfaces/include/interfaces/interfaces/srv/detail/going_camera_data__rosidl_typesupport_fastrtps_cpp.hpp
[5.943s] -- Up-to-date: /home/cannotflypig/robokonn/install/interfaces/include/interfaces/interfaces/srv/detail/dds_fastrtps
[5.943s] -- Installing: /home/cannotflypig/robokonn/install/interfaces/include/interfaces/interfaces/srv/detail/backing_camera_data__rosidl_typesupport_fastrtps_cpp.hpp
[5.943s] -- Installing: /home/cannotflypig/robokonn/install/interfaces/include/interfaces/interfaces/srv/detail/distance_sensor_data__rosidl_typesupport_fastrtps_cpp.hpp
[5.943s] -- Up-to-date: /home/cannotflypig/robokonn/install/interfaces/include/interfaces/interfaces/msg
[5.944s] -- Up-to-date: /home/cannotflypig/robokonn/install/interfaces/include/interfaces/interfaces/msg/detail
[5.944s] -- Installing: /home/cannotflypig/robokonn/install/interfaces/include/interfaces/interfaces/msg/detail/back__rosidl_typesupport_fastrtps_cpp.hpp
[5.944s] -- Installing: /home/cannotflypig/robokonn/install/interfaces/include/interfaces/interfaces/msg/detail/distance__rosidl_typesupport_fastrtps_cpp.hpp
[5.944s] -- Installing: /home/cannotflypig/robokonn/install/interfaces/include/interfaces/interfaces/msg/detail/goal__rosidl_typesupport_fastrtps_cpp.hpp
[5.944s] -- Installing: /home/cannotflypig/robokonn/install/interfaces/include/interfaces/interfaces/msg/detail/direction__rosidl_typesupport_fastrtps_cpp.hpp
[5.944s] -- Up-to-date: /home/cannotflypig/robokonn/install/interfaces/include/interfaces/interfaces/msg/detail/dds_fastrtps
[5.944s] -- Up-to-date: /home/cannotflypig/robokonn/install/interfaces/include/interfaces/interfaces/msg/rosidl_typesupport_fastrtps_cpp__visibility_control.h
[5.945s] -- Installing: /home/cannotflypig/robokonn/install/interfaces/lib/libinterfaces__rosidl_typesupport_fastrtps_cpp.so
[5.945s] -- Set runtime path of "/home/cannotflypig/robokonn/install/interfaces/lib/libinterfaces__rosidl_typesupport_fastrtps_cpp.so" to ""
[5.945s] -- Up-to-date: /home/cannotflypig/robokonn/install/interfaces/include/interfaces/interfaces
[5.945s] -- Up-to-date: /home/cannotflypig/robokonn/install/interfaces/include/interfaces/interfaces/srv
[5.945s] -- Up-to-date: /home/cannotflypig/robokonn/install/interfaces/include/interfaces/interfaces/srv/detail
[5.945s] -- Installing: /home/cannotflypig/robokonn/install/interfaces/include/interfaces/interfaces/srv/detail/backing_camera_data__rosidl_typesupport_introspection_cpp.hpp
[5.946s] -- Installing: /home/cannotflypig/robokonn/install/interfaces/include/interfaces/interfaces/srv/detail/distance_sensor_data__rosidl_typesupport_introspection_cpp.hpp
[5.946s] -- Installing: /home/cannotflypig/robokonn/install/interfaces/include/interfaces/interfaces/srv/detail/going_camera_data__rosidl_typesupport_introspection_cpp.hpp
[5.946s] -- Installing: /home/cannotflypig/robokonn/install/interfaces/include/interfaces/interfaces/srv/detail/distance_sensor_data__type_support.cpp
[5.946s] -- Installing: /home/cannotflypig/robokonn/install/interfaces/include/interfaces/interfaces/srv/detail/going_camera_data__type_support.cpp
[5.946s] -- Installing: /home/cannotflypig/robokonn/install/interfaces/include/interfaces/interfaces/srv/detail/backing_camera_data__type_support.cpp
[5.947s] -- Up-to-date: /home/cannotflypig/robokonn/install/interfaces/include/interfaces/interfaces/msg
[5.947s] -- Up-to-date: /home/cannotflypig/robokonn/install/interfaces/include/interfaces/interfaces/msg/detail
[5.947s] -- Installing: /home/cannotflypig/robokonn/install/interfaces/include/interfaces/interfaces/msg/detail/direction__type_support.cpp
[5.947s] -- Installing: /home/cannotflypig/robokonn/install/interfaces/include/interfaces/interfaces/msg/detail/back__rosidl_typesupport_introspection_cpp.hpp
[5.947s] -- Installing: /home/cannotflypig/robokonn/install/interfaces/include/interfaces/interfaces/msg/detail/goal__type_support.cpp
[5.947s] -- Installing: /home/cannotflypig/robokonn/install/interfaces/include/interfaces/interfaces/msg/detail/direction__rosidl_typesupport_introspection_cpp.hpp
[5.947s] -- Installing: /home/cannotflypig/robokonn/install/interfaces/include/interfaces/interfaces/msg/detail/goal__rosidl_typesupport_introspection_cpp.hpp
[5.947s] -- Installing: /home/cannotflypig/robokonn/install/interfaces/include/interfaces/interfaces/msg/detail/distance__type_support.cpp
[5.947s] -- Installing: /home/cannotflypig/robokonn/install/interfaces/include/interfaces/interfaces/msg/detail/back__type_support.cpp
[5.947s] -- Installing: /home/cannotflypig/robokonn/install/interfaces/include/interfaces/interfaces/msg/detail/distance__rosidl_typesupport_introspection_cpp.hpp
[5.948s] -- Installing: /home/cannotflypig/robokonn/install/interfaces/lib/libinterfaces__rosidl_typesupport_introspection_cpp.so
[5.948s] -- Set runtime path of "/home/cannotflypig/robokonn/install/interfaces/lib/libinterfaces__rosidl_typesupport_introspection_cpp.so" to ""
[5.948s] -- Installing: /home/cannotflypig/robokonn/install/interfaces/lib/libinterfaces__rosidl_typesupport_cpp.so
[5.948s] -- Set runtime path of "/home/cannotflypig/robokonn/install/interfaces/lib/libinterfaces__rosidl_typesupport_cpp.so" to ""
[5.948s] -- Up-to-date: /home/cannotflypig/robokonn/install/interfaces/share/interfaces/environment/pythonpath.sh
[5.948s] -- Installing: /home/cannotflypig/robokonn/install/interfaces/share/interfaces/environment/pythonpath.dsv
[5.949s] -- Up-to-date: /home/cannotflypig/robokonn/install/interfaces/local/lib/python3.10/dist-packages/interfaces-0.0.0-py3.10.egg-info
[5.949s] -- Installing: /home/cannotflypig/robokonn/install/interfaces/local/lib/python3.10/dist-packages/interfaces-0.0.0-py3.10.egg-info/dependency_links.txt
[5.949s] -- Installing: /home/cannotflypig/robokonn/install/interfaces/local/lib/python3.10/dist-packages/interfaces-0.0.0-py3.10.egg-info/PKG-INFO
[5.949s] -- Installing: /home/cannotflypig/robokonn/install/interfaces/local/lib/python3.10/dist-packages/interfaces-0.0.0-py3.10.egg-info/SOURCES.txt
[5.949s] -- Installing: /home/cannotflypig/robokonn/install/interfaces/local/lib/python3.10/dist-packages/interfaces-0.0.0-py3.10.egg-info/top_level.txt
[5.949s] -- Up-to-date: /home/cannotflypig/robokonn/install/interfaces/local/lib/python3.10/dist-packages/interfaces
[5.949s] -- Up-to-date: /home/cannotflypig/robokonn/install/interfaces/local/lib/python3.10/dist-packages/interfaces/srv
[5.950s] -- Installing: /home/cannotflypig/robokonn/install/interfaces/local/lib/python3.10/dist-packages/interfaces/srv/_distance_sensor_data_s.c
[5.950s] -- Installing: /home/cannotflypig/robokonn/install/interfaces/local/lib/python3.10/dist-packages/interfaces/srv/_backing_camera_data.py
[5.950s] -- Installing: /home/cannotflypig/robokonn/install/interfaces/local/lib/python3.10/dist-packages/interfaces/srv/_backing_camera_data_s.c
[5.950s] -- Installing: /home/cannotflypig/robokonn/install/interfaces/local/lib/python3.10/dist-packages/interfaces/srv/_distance_sensor_data.py
[5.950s] -- Installing: /home/cannotflypig/robokonn/install/interfaces/local/lib/python3.10/dist-packages/interfaces/srv/__init__.py
[5.950s] -- Installing: /home/cannotflypig/robokonn/install/interfaces/local/lib/python3.10/dist-packages/interfaces/srv/_going_camera_data.py
[5.950s] -- Installing: /home/cannotflypig/robokonn/install/interfaces/local/lib/python3.10/dist-packages/interfaces/srv/_going_camera_data_s.c
[5.950s] -- Installing: /home/cannotflypig/robokonn/install/interfaces/local/lib/python3.10/dist-packages/interfaces/_interfaces_s.ep.rosidl_typesupport_fastrtps_c.c
[5.950s] -- Installing: /home/cannotflypig/robokonn/install/interfaces/local/lib/python3.10/dist-packages/interfaces/libinterfaces__rosidl_generator_py.so
[5.950s] -- Up-to-date: /home/cannotflypig/robokonn/install/interfaces/local/lib/python3.10/dist-packages/interfaces/msg
[5.951s] -- Installing: /home/cannotflypig/robokonn/install/interfaces/local/lib/python3.10/dist-packages/interfaces/msg/_direction.py
[5.951s] -- Installing: /home/cannotflypig/robokonn/install/interfaces/local/lib/python3.10/dist-packages/interfaces/msg/_goal_s.c
[5.951s] -- Installing: /home/cannotflypig/robokonn/install/interfaces/local/lib/python3.10/dist-packages/interfaces/msg/_goal.py
[5.951s] -- Installing: /home/cannotflypig/robokonn/install/interfaces/local/lib/python3.10/dist-packages/interfaces/msg/_distance.py
[5.951s] -- Installing: /home/cannotflypig/robokonn/install/interfaces/local/lib/python3.10/dist-packages/interfaces/msg/__init__.py
[5.952s] -- Installing: /home/cannotflypig/robokonn/install/interfaces/local/lib/python3.10/dist-packages/interfaces/msg/_distance_s.c
[5.952s] -- Installing: /home/cannotflypig/robokonn/install/interfaces/local/lib/python3.10/dist-packages/interfaces/msg/_back_s.c
[5.952s] -- Installing: /home/cannotflypig/robokonn/install/interfaces/local/lib/python3.10/dist-packages/interfaces/msg/_direction_s.c
[5.952s] -- Installing: /home/cannotflypig/robokonn/install/interfaces/local/lib/python3.10/dist-packages/interfaces/msg/_back.py
[5.952s] -- Installing: /home/cannotflypig/robokonn/install/interfaces/local/lib/python3.10/dist-packages/interfaces/interfaces_s__rosidl_typesupport_fastrtps_c.cpython-310-x86_64-linux-gnu.so
[5.952s] -- Installing: /home/cannotflypig/robokonn/install/interfaces/local/lib/python3.10/dist-packages/interfaces/_interfaces_s.ep.rosidl_typesupport_introspection_c.c
[5.953s] -- Installing: /home/cannotflypig/robokonn/install/interfaces/local/lib/python3.10/dist-packages/interfaces/__init__.py
[5.953s] -- Installing: /home/cannotflypig/robokonn/install/interfaces/local/lib/python3.10/dist-packages/interfaces/interfaces_s__rosidl_typesupport_c.cpython-310-x86_64-linux-gnu.so
[5.953s] -- Installing: /home/cannotflypig/robokonn/install/interfaces/local/lib/python3.10/dist-packages/interfaces/interfaces_s__rosidl_typesupport_introspection_c.cpython-310-x86_64-linux-gnu.so
[5.954s] -- Installing: /home/cannotflypig/robokonn/install/interfaces/local/lib/python3.10/dist-packages/interfaces/_interfaces_s.ep.rosidl_typesupport_c.c
[5.987s] Listing '/home/cannotflypig/robokonn/install/interfaces/local/lib/python3.10/dist-packages/interfaces'...
[5.987s] Compiling '/home/cannotflypig/robokonn/install/interfaces/local/lib/python3.10/dist-packages/interfaces/__init__.py'...
[5.987s] Listing '/home/cannotflypig/robokonn/install/interfaces/local/lib/python3.10/dist-packages/interfaces/msg'...
[5.987s] Compiling '/home/cannotflypig/robokonn/install/interfaces/local/lib/python3.10/dist-packages/interfaces/msg/__init__.py'...
[5.987s] Compiling '/home/cannotflypig/robokonn/install/interfaces/local/lib/python3.10/dist-packages/interfaces/msg/_back.py'...
[5.987s] Compiling '/home/cannotflypig/robokonn/install/interfaces/local/lib/python3.10/dist-packages/interfaces/msg/_direction.py'...
[5.987s] Compiling '/home/cannotflypig/robokonn/install/interfaces/local/lib/python3.10/dist-packages/interfaces/msg/_distance.py'...
[5.987s] Compiling '/home/cannotflypig/robokonn/install/interfaces/local/lib/python3.10/dist-packages/interfaces/msg/_goal.py'...
[5.987s] Listing '/home/cannotflypig/robokonn/install/interfaces/local/lib/python3.10/dist-packages/interfaces/srv'...
[5.987s] Compiling '/home/cannotflypig/robokonn/install/interfaces/local/lib/python3.10/dist-packages/interfaces/srv/__init__.py'...
[5.987s] Compiling '/home/cannotflypig/robokonn/install/interfaces/local/lib/python3.10/dist-packages/interfaces/srv/_backing_camera_data.py'...
[5.987s] Compiling '/home/cannotflypig/robokonn/install/interfaces/local/lib/python3.10/dist-packages/interfaces/srv/_distance_sensor_data.py'...
[5.987s] Compiling '/home/cannotflypig/robokonn/install/interfaces/local/lib/python3.10/dist-packages/interfaces/srv/_going_camera_data.py'...
[5.992s] -- Installing: /home/cannotflypig/robokonn/install/interfaces/local/lib/python3.10/dist-packages/interfaces/interfaces_s__rosidl_typesupport_fastrtps_c.cpython-310-x86_64-linux-gnu.so
[5.992s] -- Set runtime path of "/home/cannotflypig/robokonn/install/interfaces/local/lib/python3.10/dist-packages/interfaces/interfaces_s__rosidl_typesupport_fastrtps_c.cpython-310-x86_64-linux-gnu.so" to ""
[5.992s] -- Installing: /home/cannotflypig/robokonn/install/interfaces/local/lib/python3.10/dist-packages/interfaces/interfaces_s__rosidl_typesupport_introspection_c.cpython-310-x86_64-linux-gnu.so
[5.992s] -- Set runtime path of "/home/cannotflypig/robokonn/install/interfaces/local/lib/python3.10/dist-packages/interfaces/interfaces_s__rosidl_typesupport_introspection_c.cpython-310-x86_64-linux-gnu.so" to ""
[5.992s] -- Installing: /home/cannotflypig/robokonn/install/interfaces/local/lib/python3.10/dist-packages/interfaces/interfaces_s__rosidl_typesupport_c.cpython-310-x86_64-linux-gnu.so
[5.993s] -- Set runtime path of "/home/cannotflypig/robokonn/install/interfaces/local/lib/python3.10/dist-packages/interfaces/interfaces_s__rosidl_typesupport_c.cpython-310-x86_64-linux-gnu.so" to ""
[5.993s] -- Installing: /home/cannotflypig/robokonn/install/interfaces/lib/libinterfaces__rosidl_generator_py.so
[5.994s] -- Set runtime path of "/home/cannotflypig/robokonn/install/interfaces/lib/libinterfaces__rosidl_generator_py.so" to ""
[5.994s] -- Up-to-date: /home/cannotflypig/robokonn/install/interfaces/share/interfaces/msg/Goal.idl
[5.994s] -- Up-to-date: /home/cannotflypig/robokonn/install/interfaces/share/interfaces/msg/Back.idl
[5.994s] -- Up-to-date: /home/cannotflypig/robokonn/install/interfaces/share/interfaces/msg/Direction.idl
[5.995s] -- Installing: /home/cannotflypig/robokonn/install/interfaces/share/interfaces/msg/Distance.idl
[5.995s] -- Up-to-date: /home/cannotflypig/robokonn/install/interfaces/share/interfaces/srv/GoingCameraData.idl
[5.995s] -- Up-to-date: /home/cannotflypig/robokonn/install/interfaces/share/interfaces/srv/BackingCameraData.idl
[5.995s] -- Up-to-date: /home/cannotflypig/robokonn/install/interfaces/share/interfaces/srv/DistanceSensorData.idl
[5.995s] -- Up-to-date: /home/cannotflypig/robokonn/install/interfaces/share/interfaces/msg/Goal.msg
[5.996s] -- Up-to-date: /home/cannotflypig/robokonn/install/interfaces/share/interfaces/msg/Back.msg
[5.996s] -- Up-to-date: /home/cannotflypig/robokonn/install/interfaces/share/interfaces/msg/Direction.msg
[5.996s] -- Installing: /home/cannotflypig/robokonn/install/interfaces/share/interfaces/msg/Distance.msg
[5.996s] -- Up-to-date: /home/cannotflypig/robokonn/install/interfaces/share/interfaces/srv/GoingCameraData.srv
[5.996s] -- Up-to-date: /home/cannotflypig/robokonn/install/interfaces/share/interfaces/srv/GoingCameraData_Request.msg
[5.997s] -- Up-to-date: /home/cannotflypig/robokonn/install/interfaces/share/interfaces/srv/GoingCameraData_Response.msg
[5.997s] -- Up-to-date: /home/cannotflypig/robokonn/install/interfaces/share/interfaces/srv/BackingCameraData.srv
[5.997s] -- Up-to-date: /home/cannotflypig/robokonn/install/interfaces/share/interfaces/srv/BackingCameraData_Request.msg
[5.997s] -- Up-to-date: /home/cannotflypig/robokonn/install/interfaces/share/interfaces/srv/BackingCameraData_Response.msg
[5.997s] -- Up-to-date: /home/cannotflypig/robokonn/install/interfaces/share/interfaces/srv/DistanceSensorData.srv
[5.997s] -- Up-to-date: /home/cannotflypig/robokonn/install/interfaces/share/interfaces/srv/DistanceSensorData_Request.msg
[5.998s] -- Up-to-date: /home/cannotflypig/robokonn/install/interfaces/share/interfaces/srv/DistanceSensorData_Response.msg
[5.998s] -- Up-to-date: /home/cannotflypig/robokonn/install/interfaces/share/ament_index/resource_index/package_run_dependencies/interfaces
[5.998s] -- Up-to-date: /home/cannotflypig/robokonn/install/interfaces/share/ament_index/resource_index/parent_prefix_path/interfaces
[5.998s] -- Up-to-date: /home/cannotflypig/robokonn/install/interfaces/share/interfaces/environment/ament_prefix_path.sh
[5.998s] -- Installing: /home/cannotflypig/robokonn/install/interfaces/share/interfaces/environment/ament_prefix_path.dsv
[5.998s] -- Up-to-date: /home/cannotflypig/robokonn/install/interfaces/share/interfaces/environment/path.sh
[5.999s] -- Installing: /home/cannotflypig/robokonn/install/interfaces/share/interfaces/environment/path.dsv
[5.999s] -- Up-to-date: /home/cannotflypig/robokonn/install/interfaces/share/interfaces/local_setup.bash
[5.999s] -- Up-to-date: /home/cannotflypig/robokonn/install/interfaces/share/interfaces/local_setup.sh
[5.999s] -- Up-to-date: /home/cannotflypig/robokonn/install/interfaces/share/interfaces/local_setup.zsh
[5.999s] -- Installing: /home/cannotflypig/robokonn/install/interfaces/share/interfaces/local_setup.dsv
[5.999s] -- Installing: /home/cannotflypig/robokonn/install/interfaces/share/interfaces/package.dsv
[5.999s] -- Up-to-date: /home/cannotflypig/robokonn/install/interfaces/share/ament_index/resource_index/packages/interfaces
[5.999s] -- Up-to-date: /home/cannotflypig/robokonn/install/interfaces/share/interfaces/cmake/export_interfaces__rosidl_generator_cExport.cmake
[5.999s] -- Up-to-date: /home/cannotflypig/robokonn/install/interfaces/share/interfaces/cmake/export_interfaces__rosidl_generator_cExport-noconfig.cmake
[5.999s] -- Up-to-date: /home/cannotflypig/robokonn/install/interfaces/share/interfaces/cmake/export_interfaces__rosidl_typesupport_fastrtps_cExport.cmake
[5.999s] -- Up-to-date: /home/cannotflypig/robokonn/install/interfaces/share/interfaces/cmake/export_interfaces__rosidl_typesupport_fastrtps_cExport-noconfig.cmake
[5.999s] -- Up-to-date: /home/cannotflypig/robokonn/install/interfaces/share/interfaces/cmake/interfaces__rosidl_typesupport_introspection_cExport.cmake
[5.999s] -- Up-to-date: /home/cannotflypig/robokonn/install/interfaces/share/interfaces/cmake/interfaces__rosidl_typesupport_introspection_cExport-noconfig.cmake
[5.999s] -- Up-to-date: /home/cannotflypig/robokonn/install/interfaces/share/interfaces/cmake/interfaces__rosidl_typesupport_cExport.cmake
[5.999s] -- Up-to-date: /home/cannotflypig/robokonn/install/interfaces/share/interfaces/cmake/interfaces__rosidl_typesupport_cExport-noconfig.cmake
[5.999s] -- Up-to-date: /home/cannotflypig/robokonn/install/interfaces/share/interfaces/cmake/export_interfaces__rosidl_generator_cppExport.cmake
[5.999s] -- Up-to-date: /home/cannotflypig/robokonn/install/interfaces/share/interfaces/cmake/export_interfaces__rosidl_typesupport_fastrtps_cppExport.cmake
[5.999s] -- Up-to-date: /home/cannotflypig/robokonn/install/interfaces/share/interfaces/cmake/export_interfaces__rosidl_typesupport_fastrtps_cppExport-noconfig.cmake
[5.999s] -- Up-to-date: /home/cannotflypig/robokonn/install/interfaces/share/interfaces/cmake/interfaces__rosidl_typesupport_introspection_cppExport.cmake
[5.999s] -- Up-to-date: /home/cannotflypig/robokonn/install/interfaces/share/interfaces/cmake/interfaces__rosidl_typesupport_introspection_cppExport-noconfig.cmake
[6.000s] -- Up-to-date: /home/cannotflypig/robokonn/install/interfaces/share/interfaces/cmake/interfaces__rosidl_typesupport_cppExport.cmake
[6.000s] -- Up-to-date: /home/cannotflypig/robokonn/install/interfaces/share/interfaces/cmake/interfaces__rosidl_typesupport_cppExport-noconfig.cmake
[6.000s] -- Up-to-date: /home/cannotflypig/robokonn/install/interfaces/share/interfaces/cmake/export_interfaces__rosidl_generator_pyExport.cmake
[6.001s] -- Up-to-date: /home/cannotflypig/robokonn/install/interfaces/share/interfaces/cmake/export_interfaces__rosidl_generator_pyExport-noconfig.cmake
[6.001s] -- Installing: /home/cannotflypig/robokonn/install/interfaces/share/interfaces/cmake/rosidl_cmake-extras.cmake
[6.002s] -- Up-to-date: /home/cannotflypig/robokonn/install/interfaces/share/interfaces/cmake/ament_cmake_export_dependencies-extras.cmake
[6.002s] -- Up-to-date: /home/cannotflypig/robokonn/install/interfaces/share/interfaces/cmake/ament_cmake_export_include_directories-extras.cmake
[6.003s] -- Up-to-date: /home/cannotflypig/robokonn/install/interfaces/share/interfaces/cmake/ament_cmake_export_libraries-extras.cmake
[6.003s] -- Up-to-date: /home/cannotflypig/robokonn/install/interfaces/share/interfaces/cmake/ament_cmake_export_targets-extras.cmake
[6.003s] -- Up-to-date: /home/cannotflypig/robokonn/install/interfaces/share/interfaces/cmake/rosidl_cmake_export_typesupport_targets-extras.cmake
[6.003s] -- Up-to-date: /home/cannotflypig/robokonn/install/interfaces/share/interfaces/cmake/rosidl_cmake_export_typesupport_libraries-extras.cmake
[6.003s] -- Up-to-date: /home/cannotflypig/robokonn/install/interfaces/share/interfaces/cmake/interfacesConfig.cmake
[6.004s] -- Up-to-date: /home/cannotflypig/robokonn/install/interfaces/share/interfaces/cmake/interfacesConfig-version.cmake
[6.004s] -- Up-to-date: /home/cannotflypig/robokonn/install/interfaces/share/interfaces/package.xml
[6.005s] Invoked command in '/home/cannotflypig/robokonn/build/interfaces' returned '0': CMAKE_PREFIX_PATH=/opt/ros/humble /usr/bin/cmake --install /home/cannotflypig/robokonn/build/interfaces
