[1.657s] Invoking command in '/home/cannotflypig/robokonn/src/main_node': PYTHONPATH=/home/cannotflypig/robokonn/src/build/main_node/prefix_override:/home/cannotflypig/robokonn/src/install/main_node/lib/python3.10/site-packages:${PYTHONPATH} /usr/bin/python3 setup.py egg_info --egg-base ../build/main_node build --build-base /home/cannotflypig/robokonn/src/build/main_node/build install --record /home/cannotflypig/robokonn/src/build/main_node/install.log --single-version-externally-managed
[1.898s] running egg_info
[1.899s] writing ../build/main_node/main_node.egg-info/PKG-INFO
[1.899s] writing dependency_links to ../build/main_node/main_node.egg-info/dependency_links.txt
[1.899s] writing entry points to ../build/main_node/main_node.egg-info/entry_points.txt
[1.899s] writing requirements to ../build/main_node/main_node.egg-info/requires.txt
[1.899s] writing top-level names to ../build/main_node/main_node.egg-info/top_level.txt
[1.900s] reading manifest file '../build/main_node/main_node.egg-info/SOURCES.txt'
[1.901s] writing manifest file '../build/main_node/main_node.egg-info/SOURCES.txt'
[1.901s] running build
[1.901s] running build_py
[1.901s] running install
[1.901s] /usr/lib/python3/dist-packages/setuptools/command/install.py:34: SetuptoolsDeprecationWarning: setup.py install is deprecated. Use build and pip and other standards-based tools.
[1.902s]   warnings.warn(
[1.902s] running install_lib
[1.903s] running install_data
[1.903s] running install_egg_info
[1.904s] removing '/home/cannotflypig/robokonn/src/install/main_node/lib/python3.10/site-packages/main_node-0.0.0-py3.10.egg-info' (and everything under it)
[1.905s] Copying ../build/main_node/main_node.egg-info to /home/cannotflypig/robokonn/src/install/main_node/lib/python3.10/site-packages/main_node-0.0.0-py3.10.egg-info
[1.906s] running install_scripts
[1.923s] Installing main_node script to /home/cannotflypig/robokonn/src/install/main_node/lib/main_node
[1.923s] writing list of installed files to '/home/cannotflypig/robokonn/src/build/main_node/install.log'
[2.007s] Invoked command in '/home/cannotflypig/robokonn/src/main_node' returned '0': PYTHONPATH=/home/cannotflypig/robokonn/src/build/main_node/prefix_override:/home/cannotflypig/robokonn/src/install/main_node/lib/python3.10/site-packages:${PYTHONPATH} /usr/bin/python3 setup.py egg_info --egg-base ../build/main_node build --build-base /home/cannotflypig/robokonn/src/build/main_node/build install --record /home/cannotflypig/robokonn/src/build/main_node/install.log --single-version-externally-managed
