[0.429s] Invoking command in '/home/cannotflypig/robokonn/build/interfaces': CMAKE_PREFIX_PATH=${CMAKE_PREFIX_PATH}:/home/cannotflypig/robokonn/src/install/sensor_node:/home/cannotflypig/robokonn/src/install/motor_node:/home/cannotflypig/robokonn/src/install/main_node:/home/cannotflypig/robokonn/src/install/camera_node:/opt/ros/humble /usr/bin/cmake /home/cannotflypig/robokonn/src/interfaces -DCMAKE_INSTALL_PREFIX=/home/cannotflypig/robokonn/install/interfaces
[1.210s] -- The C compiler identification is GNU 11.4.0
[1.211s] -- The CXX compiler identification is GNU 11.4.0
[1.523s] -- Detecting C compiler ABI info
[1.668s] -- Detecting C compiler ABI info - done
[1.678s] -- Check for working C compiler: /usr/bin/cc - skipped
[1.678s] -- Detecting C compile features
[1.679s] -- Detecting C compile features - done
[1.682s] -- Detecting CXX compiler ABI info
[1.836s] -- Detecting CXX compiler ABI info - done
[1.843s] -- Check for working CXX compiler: /usr/bin/c++ - skipped
[1.843s] -- Detecting CXX compile features
[1.844s] -- Detecting CXX compile features - done
[1.846s] -- Found ament_cmake: 1.3.5 (/opt/ros/humble/share/ament_cmake/cmake)
[1.982s] -- Found Python3: /usr/bin/python3.10 (found version "3.10.12") found components: Interpreter 
[2.048s] -- Found rosidl_default_generators: 1.2.0 (/opt/ros/humble/share/rosidl_default_generators/cmake)
[2.052s] -- Using all available rosidl_typesupport_c: rosidl_typesupport_fastrtps_c;rosidl_typesupport_introspection_c
[2.058s] -- Found rosidl_adapter: 3.1.5 (/opt/ros/humble/share/rosidl_adapter/cmake)
[2.213s] -- Using all available rosidl_typesupport_cpp: rosidl_typesupport_fastrtps_cpp;rosidl_typesupport_introspection_cpp
[2.440s] -- Found ament_cmake_ros: 0.10.0 (/opt/ros/humble/share/ament_cmake_ros/cmake)
[2.575s] -- Using all available rosidl_typesupport_c: rosidl_typesupport_fastrtps_c;rosidl_typesupport_introspection_c
[2.747s] -- Using all available rosidl_typesupport_cpp: rosidl_typesupport_fastrtps_cpp;rosidl_typesupport_introspection_cpp
[2.888s] -- Found PythonInterp: /usr/bin/python3 (found suitable version "3.10.12", minimum required is "3.6") 
[2.891s] -- Found python_cmake_module: 0.10.0 (/opt/ros/humble/share/python_cmake_module/cmake)
[3.335s] -- Found PythonLibs: /usr/lib/x86_64-linux-gnu/libpython3.10.so (found suitable version "3.10.12", minimum required is "3.5") 
[3.335s] -- Using PYTHON_EXECUTABLE: /usr/bin/python3
[3.335s] -- Using PYTHON_INCLUDE_DIRS: /usr/include/python3.10
[3.335s] -- Using PYTHON_LIBRARIES: /usr/lib/x86_64-linux-gnu/libpython3.10.so
[3.351s] -- Found PythonExtra: .so  
[3.421s] -- Found ament_lint_auto: 0.12.8 (/opt/ros/humble/share/ament_lint_auto/cmake)
[3.434s] -- Added test 'lint_cmake' to check CMake code style
[3.435s] -- Added test 'xmllint' to check XML markup files
[3.437s] -- Configuring done
[3.469s] -- Generating done
[3.471s] -- Build files have been written to: /home/cannotflypig/robokonn/build/interfaces
[3.477s] Invoked command in '/home/cannotflypig/robokonn/build/interfaces' returned '0': CMAKE_PREFIX_PATH=${CMAKE_PREFIX_PATH}:/home/cannotflypig/robokonn/src/install/sensor_node:/home/cannotflypig/robokonn/src/install/motor_node:/home/cannotflypig/robokonn/src/install/main_node:/home/cannotflypig/robokonn/src/install/camera_node:/opt/ros/humble /usr/bin/cmake /home/cannotflypig/robokonn/src/interfaces -DCMAKE_INSTALL_PREFIX=/home/cannotflypig/robokonn/install/interfaces
[3.479s] Invoking command in '/home/cannotflypig/robokonn/build/interfaces': CMAKE_PREFIX_PATH=${CMAKE_PREFIX_PATH}:/home/cannotflypig/robokonn/src/install/sensor_node:/home/cannotflypig/robokonn/src/install/motor_node:/home/cannotflypig/robokonn/src/install/main_node:/home/cannotflypig/robokonn/src/install/camera_node:/opt/ros/humble /usr/bin/cmake --build /home/cannotflypig/robokonn/build/interfaces -- -j16 -l16
[3.505s] [  2%] [34m[1mGenerating C code for ROS interfaces[0m
[3.513s] [  5%] [34m[1mGenerating C++ code for ROS interfaces[0m
[3.518s] [  5%] Built target ament_cmake_python_copy_interfaces
[3.755s] running egg_info
[3.755s] creating interfaces.egg-info
[3.756s] writing interfaces.egg-info/PKG-INFO
[3.756s] writing dependency_links to interfaces.egg-info/dependency_links.txt
[3.756s] writing top-level names to interfaces.egg-info/top_level.txt
[3.756s] writing manifest file 'interfaces.egg-info/SOURCES.txt'
[3.758s] reading manifest file 'interfaces.egg-info/SOURCES.txt'
[3.758s] writing manifest file 'interfaces.egg-info/SOURCES.txt'
[3.781s] [  5%] Built target ament_cmake_python_build_interfaces_egg
[3.846s] [  5%] Built target interfaces__cpp
[3.854s] [  7%] [34m[1mGenerating C++ type support dispatch for ROS interfaces[0m
[3.855s] [ 12%] [34m[1mGenerating C++ introspection for ROS interfaces[0m
[3.855s] [ 12%] [34m[1mGenerating C++ type support for eProsima Fast-RTPS[0m
[3.867s] [ 15%] [32mBuilding C object CMakeFiles/interfaces__rosidl_generator_c.dir/rosidl_generator_c/interfaces/srv/detail/going_camera_data__functions.c.o[0m
[3.868s] [ 17%] [32mBuilding C object CMakeFiles/interfaces__rosidl_generator_c.dir/rosidl_generator_c/interfaces/srv/detail/distance_sensor_data__functions.c.o[0m
[3.923s] [ 20%] [32m[1mLinking C shared library libinterfaces__rosidl_generator_c.so[0m
[4.041s] [ 20%] Built target interfaces__rosidl_generator_c
[4.049s] [ 25%] [34m[1mGenerating C introspection for ROS interfaces[0m
[4.049s] [ 25%] [34m[1mGenerating C type support dispatch for ROS interfaces[0m
[4.050s] [ 28%] [34m[1mGenerating C type support for eProsima Fast-RTPS[0m
[4.129s] [ 30%] [32mBuilding CXX object CMakeFiles/interfaces__rosidl_typesupport_cpp.dir/rosidl_typesupport_cpp/interfaces/srv/going_camera_data__type_support.cpp.o[0m
[4.131s] [ 33%] [32mBuilding CXX object CMakeFiles/interfaces__rosidl_typesupport_cpp.dir/rosidl_typesupport_cpp/interfaces/srv/distance_sensor_data__type_support.cpp.o[0m
[4.171s] [ 35%] [32mBuilding CXX object CMakeFiles/interfaces__rosidl_typesupport_introspection_cpp.dir/rosidl_typesupport_introspection_cpp/interfaces/srv/detail/distance_sensor_data__type_support.cpp.o[0m
[4.171s] [ 38%] [32mBuilding CXX object CMakeFiles/interfaces__rosidl_typesupport_introspection_cpp.dir/rosidl_typesupport_introspection_cpp/interfaces/srv/detail/going_camera_data__type_support.cpp.o[0m
[4.211s] [ 41%] [32mBuilding CXX object CMakeFiles/interfaces__rosidl_typesupport_fastrtps_cpp.dir/rosidl_typesupport_fastrtps_cpp/interfaces/srv/detail/dds_fastrtps/going_camera_data__type_support.cpp.o[0m
[4.213s] [ 43%] [32mBuilding CXX object CMakeFiles/interfaces__rosidl_typesupport_fastrtps_cpp.dir/rosidl_typesupport_fastrtps_cpp/interfaces/srv/detail/dds_fastrtps/distance_sensor_data__type_support.cpp.o[0m
[4.361s] [ 46%] [32mBuilding CXX object CMakeFiles/interfaces__rosidl_typesupport_c.dir/rosidl_typesupport_c/interfaces/srv/going_camera_data__type_support.cpp.o[0m
[4.362s] [ 48%] [32mBuilding CXX object CMakeFiles/interfaces__rosidl_typesupport_c.dir/rosidl_typesupport_c/interfaces/srv/distance_sensor_data__type_support.cpp.o[0m
[4.391s] [ 51%] [32m[1mLinking CXX shared library libinterfaces__rosidl_typesupport_c.so[0m
[4.412s] [ 56%] [32mBuilding CXX object CMakeFiles/interfaces__rosidl_typesupport_fastrtps_c.dir/rosidl_typesupport_fastrtps_c/interfaces/srv/detail/going_camera_data__type_support_c.cpp.o[0m
[4.412s] [ 56%] [32mBuilding C object CMakeFiles/interfaces__rosidl_typesupport_introspection_c.dir/rosidl_typesupport_introspection_c/interfaces/srv/detail/going_camera_data__type_support.c.o[0m
[4.413s] [ 58%] [32mBuilding C object CMakeFiles/interfaces__rosidl_typesupport_introspection_c.dir/rosidl_typesupport_introspection_c/interfaces/srv/detail/distance_sensor_data__type_support.c.o[0m
[4.416s] [ 61%] [32mBuilding CXX object CMakeFiles/interfaces__rosidl_typesupport_fastrtps_c.dir/rosidl_typesupport_fastrtps_c/interfaces/srv/detail/distance_sensor_data__type_support_c.cpp.o[0m
[4.438s] [ 64%] [32m[1mLinking CXX shared library libinterfaces__rosidl_typesupport_cpp.so[0m
[4.444s] [ 66%] [32m[1mLinking C shared library libinterfaces__rosidl_typesupport_introspection_c.so[0m
[4.509s] [ 66%] Built target interfaces__rosidl_typesupport_c
[4.530s] [ 66%] Built target interfaces__rosidl_typesupport_introspection_c
[4.540s] [ 66%] Built target interfaces__rosidl_typesupport_cpp
[4.599s] [ 69%] [32m[1mLinking CXX shared library libinterfaces__rosidl_typesupport_introspection_cpp.so[0m
[4.642s] [ 71%] [32m[1mLinking CXX shared library libinterfaces__rosidl_typesupport_fastrtps_cpp.so[0m
[4.701s] [ 71%] Built target interfaces__rosidl_typesupport_introspection_cpp
[4.756s] [ 74%] [32m[1mLinking CXX shared library libinterfaces__rosidl_typesupport_fastrtps_c.so[0m
[4.766s] [ 74%] Built target interfaces__rosidl_typesupport_fastrtps_cpp
[4.890s] [ 74%] Built target interfaces__rosidl_typesupport_fastrtps_c
[4.903s] [ 74%] Built target interfaces
[4.916s] [ 76%] [34m[1mGenerating Python code for ROS interfaces[0m
[5.299s] [ 76%] Built target interfaces__py
[5.314s] [ 82%] [32mBuilding C object CMakeFiles/interfaces__rosidl_generator_py.dir/rosidl_generator_py/interfaces/srv/_going_camera_data_s.c.o[0m
[5.314s] [ 82%] [32mBuilding C object CMakeFiles/interfaces__rosidl_generator_py.dir/rosidl_generator_py/interfaces/srv/_distance_sensor_data_s.c.o[0m
[5.400s] [ 84%] [32m[1mLinking C shared library rosidl_generator_py/interfaces/libinterfaces__rosidl_generator_py.so[0m
[5.513s] [ 84%] Built target interfaces__rosidl_generator_py
[5.528s] [ 92%] [32mBuilding C object CMakeFiles/interfaces__rosidl_typesupport_fastrtps_c__pyext.dir/rosidl_generator_py/interfaces/_interfaces_s.ep.rosidl_typesupport_fastrtps_c.c.o[0m
[5.529s] [ 92%] [32mBuilding C object CMakeFiles/interfaces__rosidl_typesupport_introspection_c__pyext.dir/rosidl_generator_py/interfaces/_interfaces_s.ep.rosidl_typesupport_introspection_c.c.o[0m
[5.529s] [ 92%] [32mBuilding C object CMakeFiles/interfaces__rosidl_typesupport_c__pyext.dir/rosidl_generator_py/interfaces/_interfaces_s.ep.rosidl_typesupport_c.c.o[0m
[5.614s] [ 94%] [32m[1mLinking C shared library rosidl_generator_py/interfaces/interfaces_s__rosidl_typesupport_fastrtps_c.cpython-310-x86_64-linux-gnu.so[0m
[5.620s] [ 97%] [32m[1mLinking C shared library rosidl_generator_py/interfaces/interfaces_s__rosidl_typesupport_c.cpython-310-x86_64-linux-gnu.so[0m
[5.620s] [100%] [32m[1mLinking C shared library rosidl_generator_py/interfaces/interfaces_s__rosidl_typesupport_introspection_c.cpython-310-x86_64-linux-gnu.so[0m
[5.705s] [100%] Built target interfaces__rosidl_typesupport_fastrtps_c__pyext
[5.705s] [100%] Built target interfaces__rosidl_typesupport_c__pyext
[5.705s] [100%] Built target interfaces__rosidl_typesupport_introspection_c__pyext
[5.714s] Invoked command in '/home/cannotflypig/robokonn/build/interfaces' returned '0': CMAKE_PREFIX_PATH=${CMAKE_PREFIX_PATH}:/home/cannotflypig/robokonn/src/install/sensor_node:/home/cannotflypig/robokonn/src/install/motor_node:/home/cannotflypig/robokonn/src/install/main_node:/home/cannotflypig/robokonn/src/install/camera_node:/opt/ros/humble /usr/bin/cmake --build /home/cannotflypig/robokonn/build/interfaces -- -j16 -l16
[5.766s] Invoking command in '/home/cannotflypig/robokonn/build/interfaces': CMAKE_PREFIX_PATH=${CMAKE_PREFIX_PATH}:/home/cannotflypig/robokonn/src/install/sensor_node:/home/cannotflypig/robokonn/src/install/motor_node:/home/cannotflypig/robokonn/src/install/main_node:/home/cannotflypig/robokonn/src/install/camera_node:/opt/ros/humble /usr/bin/cmake --install /home/cannotflypig/robokonn/build/interfaces
[5.772s] -- Install configuration: ""
[5.772s] -- Installing: /home/cannotflypig/robokonn/install/interfaces/share/ament_index/resource_index/rosidl_interfaces/interfaces
[5.772s] -- Installing: /home/cannotflypig/robokonn/install/interfaces/include/interfaces/interfaces
[5.773s] -- Installing: /home/cannotflypig/robokonn/install/interfaces/include/interfaces/interfaces/srv
[5.773s] -- Installing: /home/cannotflypig/robokonn/install/interfaces/include/interfaces/interfaces/srv/detail
[5.773s] -- Installing: /home/cannotflypig/robokonn/install/interfaces/include/interfaces/interfaces/srv/detail/going_camera_data__functions.c
[5.773s] -- Installing: /home/cannotflypig/robokonn/install/interfaces/include/interfaces/interfaces/srv/detail/distance_sensor_data__functions.h
[5.773s] -- Installing: /home/cannotflypig/robokonn/install/interfaces/include/interfaces/interfaces/srv/detail/distance_sensor_data__functions.c
[5.774s] -- Installing: /home/cannotflypig/robokonn/install/interfaces/include/interfaces/interfaces/srv/detail/distance_sensor_data__struct.h
[5.774s] -- Installing: /home/cannotflypig/robokonn/install/interfaces/include/interfaces/interfaces/srv/detail/going_camera_data__functions.h
[5.774s] -- Installing: /home/cannotflypig/robokonn/install/interfaces/include/interfaces/interfaces/srv/detail/distance_sensor_data__type_support.h
[5.774s] -- Installing: /home/cannotflypig/robokonn/install/interfaces/include/interfaces/interfaces/srv/detail/going_camera_data__type_support.h
[5.774s] -- Installing: /home/cannotflypig/robokonn/install/interfaces/include/interfaces/interfaces/srv/detail/going_camera_data__struct.h
[5.774s] -- Installing: /home/cannotflypig/robokonn/install/interfaces/include/interfaces/interfaces/srv/distance_sensor_data.h
[5.775s] -- Installing: /home/cannotflypig/robokonn/install/interfaces/include/interfaces/interfaces/srv/going_camera_data.h
[5.775s] -- Installing: /home/cannotflypig/robokonn/install/interfaces/include/interfaces/interfaces/msg
[5.775s] -- Installing: /home/cannotflypig/robokonn/install/interfaces/include/interfaces/interfaces/msg/rosidl_generator_c__visibility_control.h
[5.775s] -- Installing: /home/cannotflypig/robokonn/install/interfaces/share/interfaces/environment/library_path.sh
[5.775s] -- Installing: /home/cannotflypig/robokonn/install/interfaces/share/interfaces/environment/library_path.dsv
[5.776s] -- Installing: /home/cannotflypig/robokonn/install/interfaces/lib/libinterfaces__rosidl_generator_c.so
[5.776s] -- Set runtime path of "/home/cannotflypig/robokonn/install/interfaces/lib/libinterfaces__rosidl_generator_c.so" to ""
[5.776s] -- Up-to-date: /home/cannotflypig/robokonn/install/interfaces/include/interfaces/interfaces
[5.776s] -- Up-to-date: /home/cannotflypig/robokonn/install/interfaces/include/interfaces/interfaces/srv
[5.776s] -- Up-to-date: /home/cannotflypig/robokonn/install/interfaces/include/interfaces/interfaces/srv/detail
[5.776s] -- Installing: /home/cannotflypig/robokonn/install/interfaces/include/interfaces/interfaces/srv/detail/going_camera_data__rosidl_typesupport_fastrtps_c.h
[5.776s] -- Installing: /home/cannotflypig/robokonn/install/interfaces/include/interfaces/interfaces/srv/detail/distance_sensor_data__rosidl_typesupport_fastrtps_c.h
[5.777s] -- Up-to-date: /home/cannotflypig/robokonn/install/interfaces/include/interfaces/interfaces/msg
[5.777s] -- Installing: /home/cannotflypig/robokonn/install/interfaces/include/interfaces/interfaces/msg/rosidl_typesupport_fastrtps_c__visibility_control.h
[5.777s] -- Installing: /home/cannotflypig/robokonn/install/interfaces/lib/libinterfaces__rosidl_typesupport_fastrtps_c.so
[5.777s] -- Set runtime path of "/home/cannotflypig/robokonn/install/interfaces/lib/libinterfaces__rosidl_typesupport_fastrtps_c.so" to ""
[5.777s] -- Up-to-date: /home/cannotflypig/robokonn/install/interfaces/include/interfaces/interfaces
[5.778s] -- Up-to-date: /home/cannotflypig/robokonn/install/interfaces/include/interfaces/interfaces/srv
[5.778s] -- Up-to-date: /home/cannotflypig/robokonn/install/interfaces/include/interfaces/interfaces/srv/detail
[5.778s] -- Installing: /home/cannotflypig/robokonn/install/interfaces/include/interfaces/interfaces/srv/detail/distance_sensor_data__type_support.c
[5.778s] -- Installing: /home/cannotflypig/robokonn/install/interfaces/include/interfaces/interfaces/srv/detail/going_camera_data__rosidl_typesupport_introspection_c.h
[5.778s] -- Installing: /home/cannotflypig/robokonn/install/interfaces/include/interfaces/interfaces/srv/detail/going_camera_data__type_support.c
[5.778s] -- Installing: /home/cannotflypig/robokonn/install/interfaces/include/interfaces/interfaces/srv/detail/distance_sensor_data__rosidl_typesupport_introspection_c.h
[5.779s] -- Up-to-date: /home/cannotflypig/robokonn/install/interfaces/include/interfaces/interfaces/msg
[5.779s] -- Installing: /home/cannotflypig/robokonn/install/interfaces/include/interfaces/interfaces/msg/rosidl_typesupport_introspection_c__visibility_control.h
[5.779s] -- Installing: /home/cannotflypig/robokonn/install/interfaces/lib/libinterfaces__rosidl_typesupport_introspection_c.so
[5.779s] -- Set runtime path of "/home/cannotflypig/robokonn/install/interfaces/lib/libinterfaces__rosidl_typesupport_introspection_c.so" to ""
[5.779s] -- Installing: /home/cannotflypig/robokonn/install/interfaces/lib/libinterfaces__rosidl_typesupport_c.so
[5.780s] -- Set runtime path of "/home/cannotflypig/robokonn/install/interfaces/lib/libinterfaces__rosidl_typesupport_c.so" to ""
[5.780s] -- Up-to-date: /home/cannotflypig/robokonn/install/interfaces/include/interfaces/interfaces
[5.780s] -- Up-to-date: /home/cannotflypig/robokonn/install/interfaces/include/interfaces/interfaces/srv
[5.780s] -- Up-to-date: /home/cannotflypig/robokonn/install/interfaces/include/interfaces/interfaces/srv/detail
[5.780s] -- Installing: /home/cannotflypig/robokonn/install/interfaces/include/interfaces/interfaces/srv/detail/distance_sensor_data__struct.hpp
[5.780s] -- Installing: /home/cannotflypig/robokonn/install/interfaces/include/interfaces/interfaces/srv/detail/going_camera_data__traits.hpp
[5.781s] -- Installing: /home/cannotflypig/robokonn/install/interfaces/include/interfaces/interfaces/srv/detail/going_camera_data__struct.hpp
[5.781s] -- Installing: /home/cannotflypig/robokonn/install/interfaces/include/interfaces/interfaces/srv/detail/going_camera_data__builder.hpp
[5.781s] -- Installing: /home/cannotflypig/robokonn/install/interfaces/include/interfaces/interfaces/srv/detail/distance_sensor_data__traits.hpp
[5.781s] -- Installing: /home/cannotflypig/robokonn/install/interfaces/include/interfaces/interfaces/srv/detail/distance_sensor_data__builder.hpp
[5.781s] -- Installing: /home/cannotflypig/robokonn/install/interfaces/include/interfaces/interfaces/srv/going_camera_data.hpp
[5.781s] -- Installing: /home/cannotflypig/robokonn/install/interfaces/include/interfaces/interfaces/srv/distance_sensor_data.hpp
[5.781s] -- Up-to-date: /home/cannotflypig/robokonn/install/interfaces/include/interfaces/interfaces
[5.781s] -- Up-to-date: /home/cannotflypig/robokonn/install/interfaces/include/interfaces/interfaces/srv
[5.782s] -- Up-to-date: /home/cannotflypig/robokonn/install/interfaces/include/interfaces/interfaces/srv/detail
[5.782s] -- Installing: /home/cannotflypig/robokonn/install/interfaces/include/interfaces/interfaces/srv/detail/going_camera_data__rosidl_typesupport_fastrtps_cpp.hpp
[5.782s] -- Installing: /home/cannotflypig/robokonn/install/interfaces/include/interfaces/interfaces/srv/detail/dds_fastrtps
[5.782s] -- Installing: /home/cannotflypig/robokonn/install/interfaces/include/interfaces/interfaces/srv/detail/distance_sensor_data__rosidl_typesupport_fastrtps_cpp.hpp
[5.782s] -- Up-to-date: /home/cannotflypig/robokonn/install/interfaces/include/interfaces/interfaces/msg
[5.782s] -- Installing: /home/cannotflypig/robokonn/install/interfaces/include/interfaces/interfaces/msg/rosidl_typesupport_fastrtps_cpp__visibility_control.h
[5.782s] -- Installing: /home/cannotflypig/robokonn/install/interfaces/lib/libinterfaces__rosidl_typesupport_fastrtps_cpp.so
[5.782s] -- Set runtime path of "/home/cannotflypig/robokonn/install/interfaces/lib/libinterfaces__rosidl_typesupport_fastrtps_cpp.so" to ""
[5.782s] -- Up-to-date: /home/cannotflypig/robokonn/install/interfaces/include/interfaces/interfaces
[5.783s] -- Up-to-date: /home/cannotflypig/robokonn/install/interfaces/include/interfaces/interfaces/srv
[5.783s] -- Up-to-date: /home/cannotflypig/robokonn/install/interfaces/include/interfaces/interfaces/srv/detail
[5.783s] -- Installing: /home/cannotflypig/robokonn/install/interfaces/include/interfaces/interfaces/srv/detail/distance_sensor_data__rosidl_typesupport_introspection_cpp.hpp
[5.783s] -- Installing: /home/cannotflypig/robokonn/install/interfaces/include/interfaces/interfaces/srv/detail/going_camera_data__rosidl_typesupport_introspection_cpp.hpp
[5.784s] -- Installing: /home/cannotflypig/robokonn/install/interfaces/include/interfaces/interfaces/srv/detail/distance_sensor_data__type_support.cpp
[5.784s] -- Installing: /home/cannotflypig/robokonn/install/interfaces/include/interfaces/interfaces/srv/detail/going_camera_data__type_support.cpp
[5.784s] -- Installing: /home/cannotflypig/robokonn/install/interfaces/lib/libinterfaces__rosidl_typesupport_introspection_cpp.so
[5.784s] -- Set runtime path of "/home/cannotflypig/robokonn/install/interfaces/lib/libinterfaces__rosidl_typesupport_introspection_cpp.so" to ""
[5.784s] -- Installing: /home/cannotflypig/robokonn/install/interfaces/lib/libinterfaces__rosidl_typesupport_cpp.so
[5.784s] -- Set runtime path of "/home/cannotflypig/robokonn/install/interfaces/lib/libinterfaces__rosidl_typesupport_cpp.so" to ""
[5.784s] -- Installing: /home/cannotflypig/robokonn/install/interfaces/share/interfaces/environment/pythonpath.sh
[5.784s] -- Installing: /home/cannotflypig/robokonn/install/interfaces/share/interfaces/environment/pythonpath.dsv
[5.784s] -- Installing: /home/cannotflypig/robokonn/install/interfaces/local/lib/python3.10/dist-packages/interfaces-0.0.0-py3.10.egg-info
[5.785s] -- Installing: /home/cannotflypig/robokonn/install/interfaces/local/lib/python3.10/dist-packages/interfaces-0.0.0-py3.10.egg-info/dependency_links.txt
[5.785s] -- Installing: /home/cannotflypig/robokonn/install/interfaces/local/lib/python3.10/dist-packages/interfaces-0.0.0-py3.10.egg-info/PKG-INFO
[5.785s] -- Installing: /home/cannotflypig/robokonn/install/interfaces/local/lib/python3.10/dist-packages/interfaces-0.0.0-py3.10.egg-info/SOURCES.txt
[5.785s] -- Installing: /home/cannotflypig/robokonn/install/interfaces/local/lib/python3.10/dist-packages/interfaces-0.0.0-py3.10.egg-info/top_level.txt
[5.785s] -- Installing: /home/cannotflypig/robokonn/install/interfaces/local/lib/python3.10/dist-packages/interfaces
[5.785s] -- Installing: /home/cannotflypig/robokonn/install/interfaces/local/lib/python3.10/dist-packages/interfaces/srv
[5.785s] -- Installing: /home/cannotflypig/robokonn/install/interfaces/local/lib/python3.10/dist-packages/interfaces/srv/_distance_sensor_data_s.c
[5.785s] -- Installing: /home/cannotflypig/robokonn/install/interfaces/local/lib/python3.10/dist-packages/interfaces/srv/_distance_sensor_data.py
[5.785s] -- Installing: /home/cannotflypig/robokonn/install/interfaces/local/lib/python3.10/dist-packages/interfaces/srv/__init__.py
[5.785s] -- Installing: /home/cannotflypig/robokonn/install/interfaces/local/lib/python3.10/dist-packages/interfaces/srv/_going_camera_data.py
[5.785s] -- Installing: /home/cannotflypig/robokonn/install/interfaces/local/lib/python3.10/dist-packages/interfaces/srv/_going_camera_data_s.c
[5.785s] -- Installing: /home/cannotflypig/robokonn/install/interfaces/local/lib/python3.10/dist-packages/interfaces/_interfaces_s.ep.rosidl_typesupport_fastrtps_c.c
[5.785s] -- Installing: /home/cannotflypig/robokonn/install/interfaces/local/lib/python3.10/dist-packages/interfaces/libinterfaces__rosidl_generator_py.so
[5.785s] -- Installing: /home/cannotflypig/robokonn/install/interfaces/local/lib/python3.10/dist-packages/interfaces/interfaces_s__rosidl_typesupport_fastrtps_c.cpython-310-x86_64-linux-gnu.so
[5.785s] -- Installing: /home/cannotflypig/robokonn/install/interfaces/local/lib/python3.10/dist-packages/interfaces/_interfaces_s.ep.rosidl_typesupport_introspection_c.c
[5.785s] -- Installing: /home/cannotflypig/robokonn/install/interfaces/local/lib/python3.10/dist-packages/interfaces/__init__.py
[5.785s] -- Installing: /home/cannotflypig/robokonn/install/interfaces/local/lib/python3.10/dist-packages/interfaces/interfaces_s__rosidl_typesupport_c.cpython-310-x86_64-linux-gnu.so
[5.785s] -- Installing: /home/cannotflypig/robokonn/install/interfaces/local/lib/python3.10/dist-packages/interfaces/interfaces_s__rosidl_typesupport_introspection_c.cpython-310-x86_64-linux-gnu.so
[5.785s] -- Installing: /home/cannotflypig/robokonn/install/interfaces/local/lib/python3.10/dist-packages/interfaces/_interfaces_s.ep.rosidl_typesupport_c.c
[5.811s] Listing '/home/cannotflypig/robokonn/install/interfaces/local/lib/python3.10/dist-packages/interfaces'...
[5.812s] Compiling '/home/cannotflypig/robokonn/install/interfaces/local/lib/python3.10/dist-packages/interfaces/__init__.py'...
[5.812s] Listing '/home/cannotflypig/robokonn/install/interfaces/local/lib/python3.10/dist-packages/interfaces/srv'...
[5.812s] Compiling '/home/cannotflypig/robokonn/install/interfaces/local/lib/python3.10/dist-packages/interfaces/srv/__init__.py'...
[5.812s] Compiling '/home/cannotflypig/robokonn/install/interfaces/local/lib/python3.10/dist-packages/interfaces/srv/_distance_sensor_data.py'...
[5.812s] Compiling '/home/cannotflypig/robokonn/install/interfaces/local/lib/python3.10/dist-packages/interfaces/srv/_going_camera_data.py'...
[5.815s] -- Installing: /home/cannotflypig/robokonn/install/interfaces/local/lib/python3.10/dist-packages/interfaces/interfaces_s__rosidl_typesupport_fastrtps_c.cpython-310-x86_64-linux-gnu.so
[5.816s] -- Set runtime path of "/home/cannotflypig/robokonn/install/interfaces/local/lib/python3.10/dist-packages/interfaces/interfaces_s__rosidl_typesupport_fastrtps_c.cpython-310-x86_64-linux-gnu.so" to ""
[5.816s] -- Installing: /home/cannotflypig/robokonn/install/interfaces/local/lib/python3.10/dist-packages/interfaces/interfaces_s__rosidl_typesupport_introspection_c.cpython-310-x86_64-linux-gnu.so
[5.816s] -- Set runtime path of "/home/cannotflypig/robokonn/install/interfaces/local/lib/python3.10/dist-packages/interfaces/interfaces_s__rosidl_typesupport_introspection_c.cpython-310-x86_64-linux-gnu.so" to ""
[5.816s] -- Installing: /home/cannotflypig/robokonn/install/interfaces/local/lib/python3.10/dist-packages/interfaces/interfaces_s__rosidl_typesupport_c.cpython-310-x86_64-linux-gnu.so
[5.817s] -- Set runtime path of "/home/cannotflypig/robokonn/install/interfaces/local/lib/python3.10/dist-packages/interfaces/interfaces_s__rosidl_typesupport_c.cpython-310-x86_64-linux-gnu.so" to ""
[5.817s] -- Installing: /home/cannotflypig/robokonn/install/interfaces/lib/libinterfaces__rosidl_generator_py.so
[5.817s] -- Set runtime path of "/home/cannotflypig/robokonn/install/interfaces/lib/libinterfaces__rosidl_generator_py.so" to ""
[5.817s] -- Installing: /home/cannotflypig/robokonn/install/interfaces/share/interfaces/srv/GoingCameraData.idl
[5.817s] -- Installing: /home/cannotflypig/robokonn/install/interfaces/share/interfaces/srv/DistanceSensorData.idl
[5.817s] -- Installing: /home/cannotflypig/robokonn/install/interfaces/share/interfaces/srv/GoingCameraData.srv
[5.817s] -- Installing: /home/cannotflypig/robokonn/install/interfaces/share/interfaces/srv/GoingCameraData_Request.msg
[5.817s] -- Installing: /home/cannotflypig/robokonn/install/interfaces/share/interfaces/srv/GoingCameraData_Response.msg
[5.817s] -- Installing: /home/cannotflypig/robokonn/install/interfaces/share/interfaces/srv/DistanceSensorData.srv
[5.818s] -- Installing: /home/cannotflypig/robokonn/install/interfaces/share/interfaces/srv/DistanceSensorData_Request.msg
[5.818s] -- Installing: /home/cannotflypig/robokonn/install/interfaces/share/interfaces/srv/DistanceSensorData_Response.msg
[5.818s] -- Installing: /home/cannotflypig/robokonn/install/interfaces/share/ament_index/resource_index/package_run_dependencies/interfaces
[5.818s] -- Installing: /home/cannotflypig/robokonn/install/interfaces/share/ament_index/resource_index/parent_prefix_path/interfaces
[5.818s] -- Installing: /home/cannotflypig/robokonn/install/interfaces/share/interfaces/environment/ament_prefix_path.sh
[5.818s] -- Installing: /home/cannotflypig/robokonn/install/interfaces/share/interfaces/environment/ament_prefix_path.dsv
[5.818s] -- Installing: /home/cannotflypig/robokonn/install/interfaces/share/interfaces/environment/path.sh
[5.819s] -- Installing: /home/cannotflypig/robokonn/install/interfaces/share/interfaces/environment/path.dsv
[5.819s] -- Installing: /home/cannotflypig/robokonn/install/interfaces/share/interfaces/local_setup.bash
[5.819s] -- Installing: /home/cannotflypig/robokonn/install/interfaces/share/interfaces/local_setup.sh
[5.819s] -- Installing: /home/cannotflypig/robokonn/install/interfaces/share/interfaces/local_setup.zsh
[5.819s] -- Installing: /home/cannotflypig/robokonn/install/interfaces/share/interfaces/local_setup.dsv
[5.819s] -- Installing: /home/cannotflypig/robokonn/install/interfaces/share/interfaces/package.dsv
[5.819s] -- Installing: /home/cannotflypig/robokonn/install/interfaces/share/ament_index/resource_index/packages/interfaces
[5.819s] -- Installing: /home/cannotflypig/robokonn/install/interfaces/share/interfaces/cmake/export_interfaces__rosidl_generator_cExport.cmake
[5.820s] -- Installing: /home/cannotflypig/robokonn/install/interfaces/share/interfaces/cmake/export_interfaces__rosidl_generator_cExport-noconfig.cmake
[5.820s] -- Installing: /home/cannotflypig/robokonn/install/interfaces/share/interfaces/cmake/export_interfaces__rosidl_typesupport_fastrtps_cExport.cmake
[5.820s] -- Installing: /home/cannotflypig/robokonn/install/interfaces/share/interfaces/cmake/export_interfaces__rosidl_typesupport_fastrtps_cExport-noconfig.cmake
[5.820s] -- Installing: /home/cannotflypig/robokonn/install/interfaces/share/interfaces/cmake/interfaces__rosidl_typesupport_introspection_cExport.cmake
[5.820s] -- Installing: /home/cannotflypig/robokonn/install/interfaces/share/interfaces/cmake/interfaces__rosidl_typesupport_introspection_cExport-noconfig.cmake
[5.820s] -- Installing: /home/cannotflypig/robokonn/install/interfaces/share/interfaces/cmake/interfaces__rosidl_typesupport_cExport.cmake
[5.821s] -- Installing: /home/cannotflypig/robokonn/install/interfaces/share/interfaces/cmake/interfaces__rosidl_typesupport_cExport-noconfig.cmake
[5.821s] -- Installing: /home/cannotflypig/robokonn/install/interfaces/share/interfaces/cmake/export_interfaces__rosidl_generator_cppExport.cmake
[5.821s] -- Installing: /home/cannotflypig/robokonn/install/interfaces/share/interfaces/cmake/export_interfaces__rosidl_typesupport_fastrtps_cppExport.cmake
[5.821s] -- Installing: /home/cannotflypig/robokonn/install/interfaces/share/interfaces/cmake/export_interfaces__rosidl_typesupport_fastrtps_cppExport-noconfig.cmake
[5.821s] -- Installing: /home/cannotflypig/robokonn/install/interfaces/share/interfaces/cmake/interfaces__rosidl_typesupport_introspection_cppExport.cmake
[5.822s] -- Installing: /home/cannotflypig/robokonn/install/interfaces/share/interfaces/cmake/interfaces__rosidl_typesupport_introspection_cppExport-noconfig.cmake
[5.822s] -- Installing: /home/cannotflypig/robokonn/install/interfaces/share/interfaces/cmake/interfaces__rosidl_typesupport_cppExport.cmake
[5.822s] -- Installing: /home/cannotflypig/robokonn/install/interfaces/share/interfaces/cmake/interfaces__rosidl_typesupport_cppExport-noconfig.cmake
[5.822s] -- Installing: /home/cannotflypig/robokonn/install/interfaces/share/interfaces/cmake/export_interfaces__rosidl_generator_pyExport.cmake
[5.822s] -- Installing: /home/cannotflypig/robokonn/install/interfaces/share/interfaces/cmake/export_interfaces__rosidl_generator_pyExport-noconfig.cmake
[5.822s] -- Installing: /home/cannotflypig/robokonn/install/interfaces/share/interfaces/cmake/rosidl_cmake-extras.cmake
[5.823s] -- Installing: /home/cannotflypig/robokonn/install/interfaces/share/interfaces/cmake/ament_cmake_export_include_directories-extras.cmake
[5.823s] -- Installing: /home/cannotflypig/robokonn/install/interfaces/share/interfaces/cmake/ament_cmake_export_libraries-extras.cmake
[5.823s] -- Installing: /home/cannotflypig/robokonn/install/interfaces/share/interfaces/cmake/ament_cmake_export_targets-extras.cmake
[5.823s] -- Installing: /home/cannotflypig/robokonn/install/interfaces/share/interfaces/cmake/rosidl_cmake_export_typesupport_targets-extras.cmake
[5.823s] -- Installing: /home/cannotflypig/robokonn/install/interfaces/share/interfaces/cmake/ament_cmake_export_dependencies-extras.cmake
[5.823s] -- Installing: /home/cannotflypig/robokonn/install/interfaces/share/interfaces/cmake/rosidl_cmake_export_typesupport_libraries-extras.cmake
[5.823s] -- Installing: /home/cannotflypig/robokonn/install/interfaces/share/interfaces/cmake/interfacesConfig.cmake
[5.823s] -- Installing: /home/cannotflypig/robokonn/install/interfaces/share/interfaces/cmake/interfacesConfig-version.cmake
[5.823s] -- Installing: /home/cannotflypig/robokonn/install/interfaces/share/interfaces/package.xml
[5.825s] Invoked command in '/home/cannotflypig/robokonn/build/interfaces' returned '0': CMAKE_PREFIX_PATH=${CMAKE_PREFIX_PATH}:/home/cannotflypig/robokonn/src/install/sensor_node:/home/cannotflypig/robokonn/src/install/motor_node:/home/cannotflypig/robokonn/src/install/main_node:/home/cannotflypig/robokonn/src/install/camera_node:/opt/ros/humble /usr/bin/cmake --install /home/cannotflypig/robokonn/build/interfaces
