[0.902s] DEBUG:colcon:Command line arguments: ['/usr/bin/colcon', 'build']
[0.902s] DEBUG:colcon:Parsed command line arguments: Namespace(log_base=None, log_level=None, verb_name='build', build_base='build', install_base='install', merge_install=False, symlink_install=False, test_result_base=None, continue_on_error=False, executor='parallel', parallel_workers=16, event_handlers=None, ignore_user_meta=False, metas=['./colcon.meta'], base_paths=['.'], packages_ignore=None, packages_ignore_regex=None, paths=None, packages_up_to=None, packages_up_to_regex=None, packages_above=None, packages_above_and_dependencies=None, packages_above_depth=None, packages_select_by_dep=None, packages_skip_by_dep=None, packages_skip_up_to=None, packages_select_build_failed=False, packages_skip_build_finished=False, packages_select_test_failures=False, packages_skip_test_passed=False, packages_select=None, packages_skip=None, packages_select_regex=None, packages_skip_regex=None, packages_start=None, packages_end=None, allow_overriding=[], cmake_args=None, cmake_target=None, cmake_target_skip_unavailable=False, cmake_clean_cache=False, cmake_clean_first=False, cmake_force_configure=False, ament_cmake_args=None, catkin_cmake_args=None, catkin_skip_building_tests=False, verb_parser=<colcon_defaults.argument_parser.defaults.DefaultArgumentsDecorator object at 0x7f6b22dff010>, verb_extension=<colcon_core.verb.build.BuildVerb object at 0x7f6b22dfc970>, main=<bound method BuildVerb.main of <colcon_core.verb.build.BuildVerb object at 0x7f6b22dfc970>>)
[0.940s] Level 1:colcon.colcon_core.package_discovery:discover_packages(colcon_meta) check parameters
[0.940s] Level 1:colcon.colcon_core.package_discovery:discover_packages(recursive) check parameters
[0.940s] Level 1:colcon.colcon_core.package_discovery:discover_packages(ignore) check parameters
[0.940s] Level 1:colcon.colcon_core.package_discovery:discover_packages(path) check parameters
[0.940s] Level 1:colcon.colcon_core.package_discovery:discover_packages(colcon_meta) discover
[0.940s] Level 1:colcon.colcon_core.package_discovery:discover_packages(recursive) discover
[0.940s] INFO:colcon.colcon_core.package_discovery:Crawling recursively for packages in '/home/cannotflypig/robokonn'
[0.940s] Level 1:colcon.colcon_core.package_identification:_identify(.) by extensions ['ignore', 'ignore_ament_install']
[0.940s] Level 1:colcon.colcon_core.package_identification:_identify(.) by extension 'ignore'
[0.940s] Level 1:colcon.colcon_core.package_identification:_identify(.) by extension 'ignore_ament_install'
[0.940s] Level 1:colcon.colcon_core.package_identification:_identify(.) by extensions ['colcon_pkg']
[0.940s] Level 1:colcon.colcon_core.package_identification:_identify(.) by extension 'colcon_pkg'
[0.940s] Level 1:colcon.colcon_core.package_identification:_identify(.) by extensions ['colcon_meta']
[0.940s] Level 1:colcon.colcon_core.package_identification:_identify(.) by extension 'colcon_meta'
[0.941s] Level 1:colcon.colcon_core.package_identification:_identify(.) by extensions ['ros']
[0.941s] Level 1:colcon.colcon_core.package_identification:_identify(.) by extension 'ros'
[0.949s] Level 1:colcon.colcon_core.package_identification:_identify(.) by extensions ['cmake', 'python']
[0.949s] Level 1:colcon.colcon_core.package_identification:_identify(.) by extension 'cmake'
[0.949s] Level 1:colcon.colcon_core.package_identification:_identify(.) by extension 'python'
[0.949s] Level 1:colcon.colcon_core.package_identification:_identify(.) by extensions ['python_setup_py']
[0.949s] Level 1:colcon.colcon_core.package_identification:_identify(.) by extension 'python_setup_py'
[0.949s] Level 1:colcon.colcon_core.package_identification:_identify(build) by extensions ['ignore', 'ignore_ament_install']
[0.950s] Level 1:colcon.colcon_core.package_identification:_identify(build) by extension 'ignore'
[0.950s] Level 1:colcon.colcon_core.package_identification:_identify(build) ignored
[0.950s] Level 1:colcon.colcon_core.package_identification:_identify(install) by extensions ['ignore', 'ignore_ament_install']
[0.950s] Level 1:colcon.colcon_core.package_identification:_identify(install) by extension 'ignore'
[0.950s] Level 1:colcon.colcon_core.package_identification:_identify(install) ignored
[0.950s] Level 1:colcon.colcon_core.package_identification:_identify(log) by extensions ['ignore', 'ignore_ament_install']
[0.950s] Level 1:colcon.colcon_core.package_identification:_identify(log) by extension 'ignore'
[0.950s] Level 1:colcon.colcon_core.package_identification:_identify(log) ignored
[0.950s] Level 1:colcon.colcon_core.package_identification:_identify(src) by extensions ['ignore', 'ignore_ament_install']
[0.950s] Level 1:colcon.colcon_core.package_identification:_identify(src) by extension 'ignore'
[0.951s] Level 1:colcon.colcon_core.package_identification:_identify(src) by extension 'ignore_ament_install'
[0.951s] Level 1:colcon.colcon_core.package_identification:_identify(src) by extensions ['colcon_pkg']
[0.951s] Level 1:colcon.colcon_core.package_identification:_identify(src) by extension 'colcon_pkg'
[0.951s] Level 1:colcon.colcon_core.package_identification:_identify(src) by extensions ['colcon_meta']
[0.951s] Level 1:colcon.colcon_core.package_identification:_identify(src) by extension 'colcon_meta'
[0.951s] Level 1:colcon.colcon_core.package_identification:_identify(src) by extensions ['ros']
[0.951s] Level 1:colcon.colcon_core.package_identification:_identify(src) by extension 'ros'
[0.951s] Level 1:colcon.colcon_core.package_identification:_identify(src) by extensions ['cmake', 'python']
[0.951s] Level 1:colcon.colcon_core.package_identification:_identify(src) by extension 'cmake'
[0.951s] Level 1:colcon.colcon_core.package_identification:_identify(src) by extension 'python'
[0.951s] Level 1:colcon.colcon_core.package_identification:_identify(src) by extensions ['python_setup_py']
[0.951s] Level 1:colcon.colcon_core.package_identification:_identify(src) by extension 'python_setup_py'
[0.952s] Level 1:colcon.colcon_core.package_identification:_identify(src/camera_node) by extensions ['ignore', 'ignore_ament_install']
[0.952s] Level 1:colcon.colcon_core.package_identification:_identify(src/camera_node) by extension 'ignore'
[0.952s] Level 1:colcon.colcon_core.package_identification:_identify(src/camera_node) by extension 'ignore_ament_install'
[0.952s] Level 1:colcon.colcon_core.package_identification:_identify(src/camera_node) by extensions ['colcon_pkg']
[0.952s] Level 1:colcon.colcon_core.package_identification:_identify(src/camera_node) by extension 'colcon_pkg'
[0.952s] Level 1:colcon.colcon_core.package_identification:_identify(src/camera_node) by extensions ['colcon_meta']
[0.952s] Level 1:colcon.colcon_core.package_identification:_identify(src/camera_node) by extension 'colcon_meta'
[0.952s] Level 1:colcon.colcon_core.package_identification:_identify(src/camera_node) by extensions ['ros']
[0.952s] Level 1:colcon.colcon_core.package_identification:_identify(src/camera_node) by extension 'ros'
[0.954s] DEBUG:colcon.colcon_core.package_identification:Package 'src/camera_node' with type 'ros.ament_python' and name 'camera_node'
[0.954s] Level 1:colcon.colcon_core.package_identification:_identify(src/interfaces) by extensions ['ignore', 'ignore_ament_install']
[0.954s] Level 1:colcon.colcon_core.package_identification:_identify(src/interfaces) by extension 'ignore'
[0.954s] Level 1:colcon.colcon_core.package_identification:_identify(src/interfaces) by extension 'ignore_ament_install'
[0.954s] Level 1:colcon.colcon_core.package_identification:_identify(src/interfaces) by extensions ['colcon_pkg']
[0.954s] Level 1:colcon.colcon_core.package_identification:_identify(src/interfaces) by extension 'colcon_pkg'
[0.955s] Level 1:colcon.colcon_core.package_identification:_identify(src/interfaces) by extensions ['colcon_meta']
[0.955s] Level 1:colcon.colcon_core.package_identification:_identify(src/interfaces) by extension 'colcon_meta'
[0.955s] Level 1:colcon.colcon_core.package_identification:_identify(src/interfaces) by extensions ['ros']
[0.955s] Level 1:colcon.colcon_core.package_identification:_identify(src/interfaces) by extension 'ros'
[0.955s] DEBUG:colcon.colcon_core.package_identification:Package 'src/interfaces' with type 'ros.ament_cmake' and name 'interfaces'
[0.956s] Level 1:colcon.colcon_core.package_identification:_identify(src/log) by extensions ['ignore', 'ignore_ament_install']
[0.956s] Level 1:colcon.colcon_core.package_identification:_identify(src/log) by extension 'ignore'
[0.956s] Level 1:colcon.colcon_core.package_identification:_identify(src/log) ignored
[0.956s] Level 1:colcon.colcon_core.package_identification:_identify(src/main_node) by extensions ['ignore', 'ignore_ament_install']
[0.956s] Level 1:colcon.colcon_core.package_identification:_identify(src/main_node) by extension 'ignore'
[0.956s] Level 1:colcon.colcon_core.package_identification:_identify(src/main_node) by extension 'ignore_ament_install'
[0.956s] Level 1:colcon.colcon_core.package_identification:_identify(src/main_node) by extensions ['colcon_pkg']
[0.956s] Level 1:colcon.colcon_core.package_identification:_identify(src/main_node) by extension 'colcon_pkg'
[0.956s] Level 1:colcon.colcon_core.package_identification:_identify(src/main_node) by extensions ['colcon_meta']
[0.956s] Level 1:colcon.colcon_core.package_identification:_identify(src/main_node) by extension 'colcon_meta'
[0.956s] Level 1:colcon.colcon_core.package_identification:_identify(src/main_node) by extensions ['ros']
[0.956s] Level 1:colcon.colcon_core.package_identification:_identify(src/main_node) by extension 'ros'
[0.957s] DEBUG:colcon.colcon_core.package_identification:Package 'src/main_node' with type 'ros.ament_python' and name 'main_node'
[0.957s] Level 1:colcon.colcon_core.package_identification:_identify(src/motor_node) by extensions ['ignore', 'ignore_ament_install']
[0.957s] Level 1:colcon.colcon_core.package_identification:_identify(src/motor_node) by extension 'ignore'
[0.957s] Level 1:colcon.colcon_core.package_identification:_identify(src/motor_node) by extension 'ignore_ament_install'
[0.957s] Level 1:colcon.colcon_core.package_identification:_identify(src/motor_node) by extensions ['colcon_pkg']
[0.957s] Level 1:colcon.colcon_core.package_identification:_identify(src/motor_node) by extension 'colcon_pkg'
[0.957s] Level 1:colcon.colcon_core.package_identification:_identify(src/motor_node) by extensions ['colcon_meta']
[0.957s] Level 1:colcon.colcon_core.package_identification:_identify(src/motor_node) by extension 'colcon_meta'
[0.957s] Level 1:colcon.colcon_core.package_identification:_identify(src/motor_node) by extensions ['ros']
[0.957s] Level 1:colcon.colcon_core.package_identification:_identify(src/motor_node) by extension 'ros'
[0.958s] DEBUG:colcon.colcon_core.package_identification:Package 'src/motor_node' with type 'ros.ament_python' and name 'motor_node'
[0.958s] Level 1:colcon.colcon_core.package_identification:_identify(src/sensor_node) by extensions ['ignore', 'ignore_ament_install']
[0.958s] Level 1:colcon.colcon_core.package_identification:_identify(src/sensor_node) by extension 'ignore'
[0.958s] Level 1:colcon.colcon_core.package_identification:_identify(src/sensor_node) by extension 'ignore_ament_install'
[0.958s] Level 1:colcon.colcon_core.package_identification:_identify(src/sensor_node) by extensions ['colcon_pkg']
[0.958s] Level 1:colcon.colcon_core.package_identification:_identify(src/sensor_node) by extension 'colcon_pkg'
[0.958s] Level 1:colcon.colcon_core.package_identification:_identify(src/sensor_node) by extensions ['colcon_meta']
[0.958s] Level 1:colcon.colcon_core.package_identification:_identify(src/sensor_node) by extension 'colcon_meta'
[0.958s] Level 1:colcon.colcon_core.package_identification:_identify(src/sensor_node) by extensions ['ros']
[0.958s] Level 1:colcon.colcon_core.package_identification:_identify(src/sensor_node) by extension 'ros'
[0.959s] DEBUG:colcon.colcon_core.package_identification:Package 'src/sensor_node' with type 'ros.ament_python' and name 'sensor_node'
[0.959s] Level 1:colcon.colcon_core.package_discovery:discover_packages(recursive) using defaults
[0.959s] Level 1:colcon.colcon_core.package_discovery:discover_packages(ignore) discover
[0.959s] Level 1:colcon.colcon_core.package_discovery:discover_packages(ignore) using defaults
[0.959s] Level 1:colcon.colcon_core.package_discovery:discover_packages(path) discover
[0.959s] Level 1:colcon.colcon_core.package_discovery:discover_packages(path) using defaults
[1.030s] Level 1:colcon.colcon_core.package_discovery:discover_packages(prefix_path) check parameters
[1.030s] Level 1:colcon.colcon_core.package_discovery:discover_packages(prefix_path) discover
[1.042s] WARNING:colcon.colcon_core.prefix_path.colcon:The path '/home/cannotflypig/robokonn/src/install' in the environment variable COLCON_PREFIX_PATH doesn't exist
[1.042s] WARNING:colcon.colcon_ros.prefix_path.ament:The path '/home/cannotflypig/robokonn/src/install/test_gazebo' in the environment variable AMENT_PREFIX_PATH doesn't exist
[1.042s] WARNING:colcon.colcon_ros.prefix_path.ament:The path '/home/cannotflypig/robokonn/src/install/sensor_node' in the environment variable AMENT_PREFIX_PATH doesn't exist
[1.042s] WARNING:colcon.colcon_ros.prefix_path.ament:The path '/home/cannotflypig/robokonn/src/install/motor_node' in the environment variable AMENT_PREFIX_PATH doesn't exist
[1.042s] WARNING:colcon.colcon_ros.prefix_path.ament:The path '/home/cannotflypig/robokonn/src/install/main_node' in the environment variable AMENT_PREFIX_PATH doesn't exist
[1.042s] WARNING:colcon.colcon_ros.prefix_path.ament:The path '/home/cannotflypig/robokonn/src/install/interfaces' in the environment variable AMENT_PREFIX_PATH doesn't exist
[1.043s] WARNING:colcon.colcon_ros.prefix_path.ament:The path '/home/cannotflypig/robokonn/src/install/camera_node' in the environment variable AMENT_PREFIX_PATH doesn't exist
[1.043s] WARNING:colcon.colcon_ros.prefix_path.catkin:The path '/home/cannotflypig/robokonn/src/install/test_gazebo' in the environment variable CMAKE_PREFIX_PATH doesn't exist
[1.043s] WARNING:colcon.colcon_ros.prefix_path.catkin:The path '/home/cannotflypig/robokonn/src/install/interfaces' in the environment variable CMAKE_PREFIX_PATH doesn't exist
[1.056s] DEBUG:colcon.colcon_installed_package_information.package_discovery:Found 271 installed packages in /opt/ros/humble
[1.057s] Level 1:colcon.colcon_core.package_discovery:discover_packages(prefix_path) using defaults
[1.134s] Level 5:colcon.colcon_core.verb:set package 'camera_node' build argument 'cmake_args' from command line to 'None'
[1.134s] Level 5:colcon.colcon_core.verb:set package 'camera_node' build argument 'cmake_target' from command line to 'None'
[1.134s] Level 5:colcon.colcon_core.verb:set package 'camera_node' build argument 'cmake_target_skip_unavailable' from command line to 'False'
[1.134s] Level 5:colcon.colcon_core.verb:set package 'camera_node' build argument 'cmake_clean_cache' from command line to 'False'
[1.134s] Level 5:colcon.colcon_core.verb:set package 'camera_node' build argument 'cmake_clean_first' from command line to 'False'
[1.134s] Level 5:colcon.colcon_core.verb:set package 'camera_node' build argument 'cmake_force_configure' from command line to 'False'
[1.134s] Level 5:colcon.colcon_core.verb:set package 'camera_node' build argument 'ament_cmake_args' from command line to 'None'
[1.135s] Level 5:colcon.colcon_core.verb:set package 'camera_node' build argument 'catkin_cmake_args' from command line to 'None'
[1.135s] Level 5:colcon.colcon_core.verb:set package 'camera_node' build argument 'catkin_skip_building_tests' from command line to 'False'
[1.135s] DEBUG:colcon.colcon_core.verb:Building package 'camera_node' with the following arguments: {'ament_cmake_args': None, 'build_base': '/home/cannotflypig/robokonn/build/camera_node', 'catkin_cmake_args': None, 'catkin_skip_building_tests': False, 'cmake_args': None, 'cmake_clean_cache': False, 'cmake_clean_first': False, 'cmake_force_configure': False, 'cmake_target': None, 'cmake_target_skip_unavailable': False, 'install_base': '/home/cannotflypig/robokonn/install/camera_node', 'merge_install': False, 'path': '/home/cannotflypig/robokonn/src/camera_node', 'symlink_install': False, 'test_result_base': None}
[1.146s] Level 5:colcon.colcon_core.verb:set package 'interfaces' build argument 'cmake_args' from command line to 'None'
[1.146s] Level 5:colcon.colcon_core.verb:set package 'interfaces' build argument 'cmake_target' from command line to 'None'
[1.146s] Level 5:colcon.colcon_core.verb:set package 'interfaces' build argument 'cmake_target_skip_unavailable' from command line to 'False'
[1.146s] Level 5:colcon.colcon_core.verb:set package 'interfaces' build argument 'cmake_clean_cache' from command line to 'False'
[1.146s] Level 5:colcon.colcon_core.verb:set package 'interfaces' build argument 'cmake_clean_first' from command line to 'False'
[1.146s] Level 5:colcon.colcon_core.verb:set package 'interfaces' build argument 'cmake_force_configure' from command line to 'False'
[1.146s] Level 5:colcon.colcon_core.verb:set package 'interfaces' build argument 'ament_cmake_args' from command line to 'None'
[1.146s] Level 5:colcon.colcon_core.verb:set package 'interfaces' build argument 'catkin_cmake_args' from command line to 'None'
[1.146s] Level 5:colcon.colcon_core.verb:set package 'interfaces' build argument 'catkin_skip_building_tests' from command line to 'False'
[1.146s] DEBUG:colcon.colcon_core.verb:Building package 'interfaces' with the following arguments: {'ament_cmake_args': None, 'build_base': '/home/cannotflypig/robokonn/build/interfaces', 'catkin_cmake_args': None, 'catkin_skip_building_tests': False, 'cmake_args': None, 'cmake_clean_cache': False, 'cmake_clean_first': False, 'cmake_force_configure': False, 'cmake_target': None, 'cmake_target_skip_unavailable': False, 'install_base': '/home/cannotflypig/robokonn/install/interfaces', 'merge_install': False, 'path': '/home/cannotflypig/robokonn/src/interfaces', 'symlink_install': False, 'test_result_base': None}
[1.158s] Level 5:colcon.colcon_core.verb:set package 'main_node' build argument 'cmake_args' from command line to 'None'
[1.158s] Level 5:colcon.colcon_core.verb:set package 'main_node' build argument 'cmake_target' from command line to 'None'
[1.158s] Level 5:colcon.colcon_core.verb:set package 'main_node' build argument 'cmake_target_skip_unavailable' from command line to 'False'
[1.158s] Level 5:colcon.colcon_core.verb:set package 'main_node' build argument 'cmake_clean_cache' from command line to 'False'
[1.158s] Level 5:colcon.colcon_core.verb:set package 'main_node' build argument 'cmake_clean_first' from command line to 'False'
[1.158s] Level 5:colcon.colcon_core.verb:set package 'main_node' build argument 'cmake_force_configure' from command line to 'False'
[1.158s] Level 5:colcon.colcon_core.verb:set package 'main_node' build argument 'ament_cmake_args' from command line to 'None'
[1.158s] Level 5:colcon.colcon_core.verb:set package 'main_node' build argument 'catkin_cmake_args' from command line to 'None'
[1.158s] Level 5:colcon.colcon_core.verb:set package 'main_node' build argument 'catkin_skip_building_tests' from command line to 'False'
[1.158s] DEBUG:colcon.colcon_core.verb:Building package 'main_node' with the following arguments: {'ament_cmake_args': None, 'build_base': '/home/cannotflypig/robokonn/build/main_node', 'catkin_cmake_args': None, 'catkin_skip_building_tests': False, 'cmake_args': None, 'cmake_clean_cache': False, 'cmake_clean_first': False, 'cmake_force_configure': False, 'cmake_target': None, 'cmake_target_skip_unavailable': False, 'install_base': '/home/cannotflypig/robokonn/install/main_node', 'merge_install': False, 'path': '/home/cannotflypig/robokonn/src/main_node', 'symlink_install': False, 'test_result_base': None}
[1.170s] Level 5:colcon.colcon_core.verb:set package 'motor_node' build argument 'cmake_args' from command line to 'None'
[1.170s] Level 5:colcon.colcon_core.verb:set package 'motor_node' build argument 'cmake_target' from command line to 'None'
[1.170s] Level 5:colcon.colcon_core.verb:set package 'motor_node' build argument 'cmake_target_skip_unavailable' from command line to 'False'
[1.170s] Level 5:colcon.colcon_core.verb:set package 'motor_node' build argument 'cmake_clean_cache' from command line to 'False'
[1.170s] Level 5:colcon.colcon_core.verb:set package 'motor_node' build argument 'cmake_clean_first' from command line to 'False'
[1.170s] Level 5:colcon.colcon_core.verb:set package 'motor_node' build argument 'cmake_force_configure' from command line to 'False'
[1.170s] Level 5:colcon.colcon_core.verb:set package 'motor_node' build argument 'ament_cmake_args' from command line to 'None'
[1.170s] Level 5:colcon.colcon_core.verb:set package 'motor_node' build argument 'catkin_cmake_args' from command line to 'None'
[1.170s] Level 5:colcon.colcon_core.verb:set package 'motor_node' build argument 'catkin_skip_building_tests' from command line to 'False'
[1.170s] DEBUG:colcon.colcon_core.verb:Building package 'motor_node' with the following arguments: {'ament_cmake_args': None, 'build_base': '/home/cannotflypig/robokonn/build/motor_node', 'catkin_cmake_args': None, 'catkin_skip_building_tests': False, 'cmake_args': None, 'cmake_clean_cache': False, 'cmake_clean_first': False, 'cmake_force_configure': False, 'cmake_target': None, 'cmake_target_skip_unavailable': False, 'install_base': '/home/cannotflypig/robokonn/install/motor_node', 'merge_install': False, 'path': '/home/cannotflypig/robokonn/src/motor_node', 'symlink_install': False, 'test_result_base': None}
[1.181s] Level 5:colcon.colcon_core.verb:set package 'sensor_node' build argument 'cmake_args' from command line to 'None'
[1.181s] Level 5:colcon.colcon_core.verb:set package 'sensor_node' build argument 'cmake_target' from command line to 'None'
[1.181s] Level 5:colcon.colcon_core.verb:set package 'sensor_node' build argument 'cmake_target_skip_unavailable' from command line to 'False'
[1.181s] Level 5:colcon.colcon_core.verb:set package 'sensor_node' build argument 'cmake_clean_cache' from command line to 'False'
[1.181s] Level 5:colcon.colcon_core.verb:set package 'sensor_node' build argument 'cmake_clean_first' from command line to 'False'
[1.181s] Level 5:colcon.colcon_core.verb:set package 'sensor_node' build argument 'cmake_force_configure' from command line to 'False'
[1.181s] Level 5:colcon.colcon_core.verb:set package 'sensor_node' build argument 'ament_cmake_args' from command line to 'None'
[1.181s] Level 5:colcon.colcon_core.verb:set package 'sensor_node' build argument 'catkin_cmake_args' from command line to 'None'
[1.181s] Level 5:colcon.colcon_core.verb:set package 'sensor_node' build argument 'catkin_skip_building_tests' from command line to 'False'
[1.182s] DEBUG:colcon.colcon_core.verb:Building package 'sensor_node' with the following arguments: {'ament_cmake_args': None, 'build_base': '/home/cannotflypig/robokonn/build/sensor_node', 'catkin_cmake_args': None, 'catkin_skip_building_tests': False, 'cmake_args': None, 'cmake_clean_cache': False, 'cmake_clean_first': False, 'cmake_force_configure': False, 'cmake_target': None, 'cmake_target_skip_unavailable': False, 'install_base': '/home/cannotflypig/robokonn/install/sensor_node', 'merge_install': False, 'path': '/home/cannotflypig/robokonn/src/sensor_node', 'symlink_install': False, 'test_result_base': None}
[1.195s] INFO:colcon.colcon_core.executor:Executing jobs using 'parallel' executor
[1.207s] DEBUG:colcon.colcon_parallel_executor.executor.parallel:run_until_complete
[1.207s] INFO:colcon.colcon_ros.task.ament_python.build:Building ROS package in '/home/cannotflypig/robokonn/src/camera_node' with build type 'ament_python'
[1.208s] Level 1:colcon.colcon_core.shell:create_environment_hook('camera_node', 'ament_prefix_path')
[1.223s] INFO:colcon.colcon_core.plugin_system:Skipping extension 'colcon_core.shell.bat': Not used on non-Windows systems
[1.223s] INFO:colcon.colcon_core.shell:Creating environment hook '/home/cannotflypig/robokonn/install/camera_node/share/camera_node/hook/ament_prefix_path.ps1'
[1.224s] INFO:colcon.colcon_core.shell:Creating environment descriptor '/home/cannotflypig/robokonn/install/camera_node/share/camera_node/hook/ament_prefix_path.dsv'
[1.225s] INFO:colcon.colcon_core.shell:Creating environment hook '/home/cannotflypig/robokonn/install/camera_node/share/camera_node/hook/ament_prefix_path.sh'
[1.237s] INFO:colcon.colcon_core.shell:Skip shell extension 'powershell' for command environment: Not usable outside of PowerShell
[1.237s] DEBUG:colcon.colcon_core.shell:Skip shell extension 'dsv' for command environment
[1.267s] INFO:colcon.colcon_ros.task.ament_cmake.build:Building ROS package in '/home/cannotflypig/robokonn/src/interfaces' with build type 'ament_cmake'
[1.267s] INFO:colcon.colcon_cmake.task.cmake.build:Building CMake package in '/home/cannotflypig/robokonn/src/interfaces'
[1.280s] INFO:colcon.colcon_core.shell:Skip shell extension 'powershell' for command environment: Not usable outside of PowerShell
[1.280s] DEBUG:colcon.colcon_core.shell:Skip shell extension 'dsv' for command environment
[1.303s] INFO:colcon.colcon_ros.task.ament_python.build:Building ROS package in '/home/cannotflypig/robokonn/src/main_node' with build type 'ament_python'
[1.304s] Level 1:colcon.colcon_core.shell:create_environment_hook('main_node', 'ament_prefix_path')
[1.317s] INFO:colcon.colcon_core.shell:Creating environment hook '/home/cannotflypig/robokonn/install/main_node/share/main_node/hook/ament_prefix_path.ps1'
[1.318s] INFO:colcon.colcon_core.shell:Creating environment descriptor '/home/cannotflypig/robokonn/install/main_node/share/main_node/hook/ament_prefix_path.dsv'
[1.318s] INFO:colcon.colcon_core.shell:Creating environment hook '/home/cannotflypig/robokonn/install/main_node/share/main_node/hook/ament_prefix_path.sh'
[1.330s] INFO:colcon.colcon_core.shell:Skip shell extension 'powershell' for command environment: Not usable outside of PowerShell
[1.330s] DEBUG:colcon.colcon_core.shell:Skip shell extension 'dsv' for command environment
[1.355s] INFO:colcon.colcon_ros.task.ament_python.build:Building ROS package in '/home/cannotflypig/robokonn/src/motor_node' with build type 'ament_python'
[1.355s] Level 1:colcon.colcon_core.shell:create_environment_hook('motor_node', 'ament_prefix_path')
[1.368s] INFO:colcon.colcon_core.shell:Creating environment hook '/home/cannotflypig/robokonn/install/motor_node/share/motor_node/hook/ament_prefix_path.ps1'
[1.369s] INFO:colcon.colcon_core.shell:Creating environment descriptor '/home/cannotflypig/robokonn/install/motor_node/share/motor_node/hook/ament_prefix_path.dsv'
[1.369s] INFO:colcon.colcon_core.shell:Creating environment hook '/home/cannotflypig/robokonn/install/motor_node/share/motor_node/hook/ament_prefix_path.sh'
[1.380s] INFO:colcon.colcon_core.shell:Skip shell extension 'powershell' for command environment: Not usable outside of PowerShell
[1.380s] DEBUG:colcon.colcon_core.shell:Skip shell extension 'dsv' for command environment
[1.405s] INFO:colcon.colcon_ros.task.ament_python.build:Building ROS package in '/home/cannotflypig/robokonn/src/sensor_node' with build type 'ament_python'
[1.405s] Level 1:colcon.colcon_core.shell:create_environment_hook('sensor_node', 'ament_prefix_path')
[1.417s] INFO:colcon.colcon_core.shell:Creating environment hook '/home/cannotflypig/robokonn/install/sensor_node/share/sensor_node/hook/ament_prefix_path.ps1'
[1.417s] INFO:colcon.colcon_core.shell:Creating environment descriptor '/home/cannotflypig/robokonn/install/sensor_node/share/sensor_node/hook/ament_prefix_path.dsv'
[1.418s] INFO:colcon.colcon_core.shell:Creating environment hook '/home/cannotflypig/robokonn/install/sensor_node/share/sensor_node/hook/ament_prefix_path.sh'
[1.430s] INFO:colcon.colcon_core.shell:Skip shell extension 'powershell' for command environment: Not usable outside of PowerShell
[1.430s] DEBUG:colcon.colcon_core.shell:Skip shell extension 'dsv' for command environment
[1.657s] INFO:colcon.colcon_core.task.python.build:Building Python package in '/home/cannotflypig/robokonn/src/camera_node'
[1.668s] INFO:colcon.colcon_core.shell:Skip shell extension 'powershell' for command environment: Not usable outside of PowerShell
[1.668s] DEBUG:colcon.colcon_core.shell:Skip shell extension 'dsv' for command environment
[1.697s] DEBUG:colcon.colcon_core.event_handler.log_command:Invoking command in '/home/cannotflypig/robokonn/build/interfaces': CMAKE_PREFIX_PATH=${CMAKE_PREFIX_PATH}:/home/cannotflypig/robokonn/src/install/sensor_node:/home/cannotflypig/robokonn/src/install/motor_node:/home/cannotflypig/robokonn/src/install/main_node:/home/cannotflypig/robokonn/src/install/camera_node:/opt/ros/humble /usr/bin/cmake /home/cannotflypig/robokonn/src/interfaces -DCMAKE_INSTALL_PREFIX=/home/cannotflypig/robokonn/install/interfaces
[1.910s] INFO:colcon.colcon_core.task.python.build:Building Python package in '/home/cannotflypig/robokonn/src/main_node'
[1.924s] INFO:colcon.colcon_core.shell:Skip shell extension 'powershell' for command environment: Not usable outside of PowerShell
[1.924s] DEBUG:colcon.colcon_core.shell:Skip shell extension 'dsv' for command environment
[2.176s] INFO:colcon.colcon_core.task.python.build:Building Python package in '/home/cannotflypig/robokonn/src/motor_node'
[2.190s] INFO:colcon.colcon_core.shell:Skip shell extension 'powershell' for command environment: Not usable outside of PowerShell
[2.190s] DEBUG:colcon.colcon_core.shell:Skip shell extension 'dsv' for command environment
[2.436s] INFO:colcon.colcon_core.task.python.build:Building Python package in '/home/cannotflypig/robokonn/src/sensor_node'
[2.448s] INFO:colcon.colcon_core.shell:Skip shell extension 'powershell' for command environment: Not usable outside of PowerShell
[2.448s] DEBUG:colcon.colcon_core.shell:Skip shell extension 'dsv' for command environment
[2.821s] DEBUG:colcon.colcon_core.event_handler.log_command:Invoking command in '/home/cannotflypig/robokonn/src/main_node': PYTHONPATH=/home/cannotflypig/robokonn/build/main_node/prefix_override:/home/cannotflypig/robokonn/install/main_node/lib/python3.10/site-packages:${PYTHONPATH} /usr/bin/python3 setup.py egg_info --egg-base ../../build/main_node build --build-base /home/cannotflypig/robokonn/build/main_node/build install --record /home/cannotflypig/robokonn/build/main_node/install.log --single-version-externally-managed
[2.846s] DEBUG:colcon.colcon_core.event_handler.log_command:Invoking command in '/home/cannotflypig/robokonn/src/sensor_node': PYTHONPATH=/home/cannotflypig/robokonn/build/sensor_node/prefix_override:/home/cannotflypig/robokonn/install/sensor_node/lib/python3.10/site-packages:${PYTHONPATH} /usr/bin/python3 setup.py egg_info --egg-base ../../build/sensor_node build --build-base /home/cannotflypig/robokonn/build/sensor_node/build install --record /home/cannotflypig/robokonn/build/sensor_node/install.log --single-version-externally-managed
[2.851s] DEBUG:colcon.colcon_core.event_handler.log_command:Invoking command in '/home/cannotflypig/robokonn/src/camera_node': PYTHONPATH=/home/cannotflypig/robokonn/build/camera_node/prefix_override:/home/cannotflypig/robokonn/install/camera_node/lib/python3.10/site-packages:${PYTHONPATH} /usr/bin/python3 setup.py egg_info --egg-base ../../build/camera_node build --build-base /home/cannotflypig/robokonn/build/camera_node/build install --record /home/cannotflypig/robokonn/build/camera_node/install.log --single-version-externally-managed
[2.874s] DEBUG:colcon.colcon_core.event_handler.log_command:Invoking command in '/home/cannotflypig/robokonn/src/motor_node': PYTHONPATH=/home/cannotflypig/robokonn/build/motor_node/prefix_override:/home/cannotflypig/robokonn/install/motor_node/lib/python3.10/site-packages:${PYTHONPATH} /usr/bin/python3 setup.py egg_info --egg-base ../../build/motor_node build --build-base /home/cannotflypig/robokonn/build/motor_node/build install --record /home/cannotflypig/robokonn/build/motor_node/install.log --single-version-externally-managed
[3.123s] DEBUG:colcon.colcon_core.event_handler.log_command:Invoked command in '/home/cannotflypig/robokonn/src/sensor_node' returned '0': PYTHONPATH=/home/cannotflypig/robokonn/build/sensor_node/prefix_override:/home/cannotflypig/robokonn/install/sensor_node/lib/python3.10/site-packages:${PYTHONPATH} /usr/bin/python3 setup.py egg_info --egg-base ../../build/sensor_node build --build-base /home/cannotflypig/robokonn/build/sensor_node/build install --record /home/cannotflypig/robokonn/build/sensor_node/install.log --single-version-externally-managed
[3.140s] Level 1:colcon.colcon_core.environment:checking '/home/cannotflypig/robokonn/install/sensor_node' for CMake module files
[3.140s] Level 1:colcon.colcon_core.environment:checking '/home/cannotflypig/robokonn/install/sensor_node' for CMake config files
[3.141s] Level 1:colcon.colcon_core.environment:checking '/home/cannotflypig/robokonn/install/sensor_node/lib'
[3.141s] Level 1:colcon.colcon_core.environment:checking '/home/cannotflypig/robokonn/install/sensor_node/bin'
[3.141s] Level 1:colcon.colcon_core.environment:checking '/home/cannotflypig/robokonn/install/sensor_node/lib/pkgconfig/sensor_node.pc'
[3.141s] Level 1:colcon.colcon_core.environment:checking '/home/cannotflypig/robokonn/install/sensor_node/lib/python3.10/site-packages'
[3.141s] Level 1:colcon.colcon_core.shell:create_environment_hook('sensor_node', 'pythonpath')
[3.153s] INFO:colcon.colcon_core.shell:Creating environment hook '/home/cannotflypig/robokonn/install/sensor_node/share/sensor_node/hook/pythonpath.ps1'
[3.153s] INFO:colcon.colcon_core.shell:Creating environment descriptor '/home/cannotflypig/robokonn/install/sensor_node/share/sensor_node/hook/pythonpath.dsv'
[3.153s] INFO:colcon.colcon_core.shell:Creating environment hook '/home/cannotflypig/robokonn/install/sensor_node/share/sensor_node/hook/pythonpath.sh'
[3.154s] Level 1:colcon.colcon_core.environment:checking '/home/cannotflypig/robokonn/install/sensor_node/bin'
[3.154s] Level 1:colcon.colcon_core.environment:create_environment_scripts_only(sensor_node)
[3.164s] INFO:colcon.colcon_core.shell:Creating package script '/home/cannotflypig/robokonn/install/sensor_node/share/sensor_node/package.ps1'
[3.165s] INFO:colcon.colcon_core.shell:Creating package descriptor '/home/cannotflypig/robokonn/install/sensor_node/share/sensor_node/package.dsv'
[3.165s] INFO:colcon.colcon_core.shell:Creating package script '/home/cannotflypig/robokonn/install/sensor_node/share/sensor_node/package.sh'
[3.166s] INFO:colcon.colcon_core.shell:Creating package script '/home/cannotflypig/robokonn/install/sensor_node/share/sensor_node/package.bash'
[3.167s] INFO:colcon.colcon_core.shell:Creating package script '/home/cannotflypig/robokonn/install/sensor_node/share/sensor_node/package.zsh'
[3.167s] Level 1:colcon.colcon_core.environment:create_file_with_runtime_dependencies(/home/cannotflypig/robokonn/install/sensor_node/share/colcon-core/packages/sensor_node)
[3.171s] DEBUG:colcon.colcon_core.event_handler.log_command:Invoked command in '/home/cannotflypig/robokonn/src/camera_node' returned '0': PYTHONPATH=/home/cannotflypig/robokonn/build/camera_node/prefix_override:/home/cannotflypig/robokonn/install/camera_node/lib/python3.10/site-packages:${PYTHONPATH} /usr/bin/python3 setup.py egg_info --egg-base ../../build/camera_node build --build-base /home/cannotflypig/robokonn/build/camera_node/build install --record /home/cannotflypig/robokonn/build/camera_node/install.log --single-version-externally-managed
[3.183s] Level 1:colcon.colcon_core.environment:checking '/home/cannotflypig/robokonn/install/camera_node' for CMake module files
[3.183s] Level 1:colcon.colcon_core.environment:checking '/home/cannotflypig/robokonn/install/camera_node' for CMake config files
[3.183s] Level 1:colcon.colcon_core.environment:checking '/home/cannotflypig/robokonn/install/camera_node/lib'
[3.183s] Level 1:colcon.colcon_core.environment:checking '/home/cannotflypig/robokonn/install/camera_node/bin'
[3.184s] Level 1:colcon.colcon_core.environment:checking '/home/cannotflypig/robokonn/install/camera_node/lib/pkgconfig/camera_node.pc'
[3.184s] Level 1:colcon.colcon_core.environment:checking '/home/cannotflypig/robokonn/install/camera_node/lib/python3.10/site-packages'
[3.184s] Level 1:colcon.colcon_core.shell:create_environment_hook('camera_node', 'pythonpath')
[3.195s] INFO:colcon.colcon_core.shell:Creating environment hook '/home/cannotflypig/robokonn/install/camera_node/share/camera_node/hook/pythonpath.ps1'
[3.196s] INFO:colcon.colcon_core.shell:Creating environment descriptor '/home/cannotflypig/robokonn/install/camera_node/share/camera_node/hook/pythonpath.dsv'
[3.196s] INFO:colcon.colcon_core.shell:Creating environment hook '/home/cannotflypig/robokonn/install/camera_node/share/camera_node/hook/pythonpath.sh'
[3.196s] Level 1:colcon.colcon_core.environment:checking '/home/cannotflypig/robokonn/install/camera_node/bin'
[3.196s] Level 1:colcon.colcon_core.environment:create_environment_scripts_only(camera_node)
[3.209s] INFO:colcon.colcon_core.shell:Creating package script '/home/cannotflypig/robokonn/install/camera_node/share/camera_node/package.ps1'
[3.210s] INFO:colcon.colcon_core.shell:Creating package descriptor '/home/cannotflypig/robokonn/install/camera_node/share/camera_node/package.dsv'
[3.210s] INFO:colcon.colcon_core.shell:Creating package script '/home/cannotflypig/robokonn/install/camera_node/share/camera_node/package.sh'
[3.210s] INFO:colcon.colcon_core.shell:Creating package script '/home/cannotflypig/robokonn/install/camera_node/share/camera_node/package.bash'
[3.211s] INFO:colcon.colcon_core.shell:Creating package script '/home/cannotflypig/robokonn/install/camera_node/share/camera_node/package.zsh'
[3.211s] Level 1:colcon.colcon_core.environment:create_file_with_runtime_dependencies(/home/cannotflypig/robokonn/install/camera_node/share/colcon-core/packages/camera_node)
[3.214s] DEBUG:colcon.colcon_core.event_handler.log_command:Invoked command in '/home/cannotflypig/robokonn/src/main_node' returned '0': PYTHONPATH=/home/cannotflypig/robokonn/build/main_node/prefix_override:/home/cannotflypig/robokonn/install/main_node/lib/python3.10/site-packages:${PYTHONPATH} /usr/bin/python3 setup.py egg_info --egg-base ../../build/main_node build --build-base /home/cannotflypig/robokonn/build/main_node/build install --record /home/cannotflypig/robokonn/build/main_node/install.log --single-version-externally-managed
[3.229s] Level 1:colcon.colcon_core.environment:checking '/home/cannotflypig/robokonn/install/main_node' for CMake module files
[3.229s] Level 1:colcon.colcon_core.environment:checking '/home/cannotflypig/robokonn/install/main_node' for CMake config files
[3.230s] Level 1:colcon.colcon_core.environment:checking '/home/cannotflypig/robokonn/install/main_node/lib'
[3.230s] Level 1:colcon.colcon_core.environment:checking '/home/cannotflypig/robokonn/install/main_node/bin'
[3.230s] Level 1:colcon.colcon_core.environment:checking '/home/cannotflypig/robokonn/install/main_node/lib/pkgconfig/main_node.pc'
[3.230s] Level 1:colcon.colcon_core.environment:checking '/home/cannotflypig/robokonn/install/main_node/lib/python3.10/site-packages'
[3.230s] Level 1:colcon.colcon_core.shell:create_environment_hook('main_node', 'pythonpath')
[3.246s] INFO:colcon.colcon_core.shell:Creating environment hook '/home/cannotflypig/robokonn/install/main_node/share/main_node/hook/pythonpath.ps1'
[3.247s] INFO:colcon.colcon_core.shell:Creating environment descriptor '/home/cannotflypig/robokonn/install/main_node/share/main_node/hook/pythonpath.dsv'
[3.247s] INFO:colcon.colcon_core.shell:Creating environment hook '/home/cannotflypig/robokonn/install/main_node/share/main_node/hook/pythonpath.sh'
[3.248s] Level 1:colcon.colcon_core.environment:checking '/home/cannotflypig/robokonn/install/main_node/bin'
[3.248s] Level 1:colcon.colcon_core.environment:create_environment_scripts_only(main_node)
[3.260s] INFO:colcon.colcon_core.shell:Creating package script '/home/cannotflypig/robokonn/install/main_node/share/main_node/package.ps1'
[3.261s] INFO:colcon.colcon_core.shell:Creating package descriptor '/home/cannotflypig/robokonn/install/main_node/share/main_node/package.dsv'
[3.262s] INFO:colcon.colcon_core.shell:Creating package script '/home/cannotflypig/robokonn/install/main_node/share/main_node/package.sh'
[3.262s] INFO:colcon.colcon_core.shell:Creating package script '/home/cannotflypig/robokonn/install/main_node/share/main_node/package.bash'
[3.263s] INFO:colcon.colcon_core.shell:Creating package script '/home/cannotflypig/robokonn/install/main_node/share/main_node/package.zsh'
[3.263s] Level 1:colcon.colcon_core.environment:create_file_with_runtime_dependencies(/home/cannotflypig/robokonn/install/main_node/share/colcon-core/packages/main_node)
[3.267s] DEBUG:colcon.colcon_core.event_handler.log_command:Invoked command in '/home/cannotflypig/robokonn/src/motor_node' returned '0': PYTHONPATH=/home/cannotflypig/robokonn/build/motor_node/prefix_override:/home/cannotflypig/robokonn/install/motor_node/lib/python3.10/site-packages:${PYTHONPATH} /usr/bin/python3 setup.py egg_info --egg-base ../../build/motor_node build --build-base /home/cannotflypig/robokonn/build/motor_node/build install --record /home/cannotflypig/robokonn/build/motor_node/install.log --single-version-externally-managed
[3.278s] Level 1:colcon.colcon_core.environment:checking '/home/cannotflypig/robokonn/install/motor_node' for CMake module files
[3.278s] Level 1:colcon.colcon_core.environment:checking '/home/cannotflypig/robokonn/install/motor_node' for CMake config files
[3.278s] Level 1:colcon.colcon_core.environment:checking '/home/cannotflypig/robokonn/install/motor_node/lib'
[3.278s] Level 1:colcon.colcon_core.environment:checking '/home/cannotflypig/robokonn/install/motor_node/bin'
[3.278s] Level 1:colcon.colcon_core.environment:checking '/home/cannotflypig/robokonn/install/motor_node/lib/pkgconfig/motor_node.pc'
[3.279s] Level 1:colcon.colcon_core.environment:checking '/home/cannotflypig/robokonn/install/motor_node/lib/python3.10/site-packages'
[3.279s] Level 1:colcon.colcon_core.shell:create_environment_hook('motor_node', 'pythonpath')
[3.291s] INFO:colcon.colcon_core.shell:Creating environment hook '/home/cannotflypig/robokonn/install/motor_node/share/motor_node/hook/pythonpath.ps1'
[3.291s] INFO:colcon.colcon_core.shell:Creating environment descriptor '/home/cannotflypig/robokonn/install/motor_node/share/motor_node/hook/pythonpath.dsv'
[3.292s] INFO:colcon.colcon_core.shell:Creating environment hook '/home/cannotflypig/robokonn/install/motor_node/share/motor_node/hook/pythonpath.sh'
[3.292s] Level 1:colcon.colcon_core.environment:checking '/home/cannotflypig/robokonn/install/motor_node/bin'
[3.293s] Level 1:colcon.colcon_core.environment:create_environment_scripts_only(motor_node)
[3.304s] INFO:colcon.colcon_core.shell:Creating package script '/home/cannotflypig/robokonn/install/motor_node/share/motor_node/package.ps1'
[3.305s] INFO:colcon.colcon_core.shell:Creating package descriptor '/home/cannotflypig/robokonn/install/motor_node/share/motor_node/package.dsv'
[3.305s] INFO:colcon.colcon_core.shell:Creating package script '/home/cannotflypig/robokonn/install/motor_node/share/motor_node/package.sh'
[3.306s] INFO:colcon.colcon_core.shell:Creating package script '/home/cannotflypig/robokonn/install/motor_node/share/motor_node/package.bash'
[3.306s] INFO:colcon.colcon_core.shell:Creating package script '/home/cannotflypig/robokonn/install/motor_node/share/motor_node/package.zsh'
[3.306s] Level 1:colcon.colcon_core.environment:create_file_with_runtime_dependencies(/home/cannotflypig/robokonn/install/motor_node/share/colcon-core/packages/motor_node)
[4.744s] DEBUG:colcon.colcon_core.event_handler.log_command:Invoked command in '/home/cannotflypig/robokonn/build/interfaces' returned '0': CMAKE_PREFIX_PATH=${CMAKE_PREFIX_PATH}:/home/cannotflypig/robokonn/src/install/sensor_node:/home/cannotflypig/robokonn/src/install/motor_node:/home/cannotflypig/robokonn/src/install/main_node:/home/cannotflypig/robokonn/src/install/camera_node:/opt/ros/humble /usr/bin/cmake /home/cannotflypig/robokonn/src/interfaces -DCMAKE_INSTALL_PREFIX=/home/cannotflypig/robokonn/install/interfaces
[4.747s] DEBUG:colcon.colcon_core.event_handler.log_command:Invoking command in '/home/cannotflypig/robokonn/build/interfaces': CMAKE_PREFIX_PATH=${CMAKE_PREFIX_PATH}:/home/cannotflypig/robokonn/src/install/sensor_node:/home/cannotflypig/robokonn/src/install/motor_node:/home/cannotflypig/robokonn/src/install/main_node:/home/cannotflypig/robokonn/src/install/camera_node:/opt/ros/humble /usr/bin/cmake --build /home/cannotflypig/robokonn/build/interfaces -- -j16 -l16
[6.982s] DEBUG:colcon.colcon_core.event_handler.log_command:Invoked command in '/home/cannotflypig/robokonn/build/interfaces' returned '0': CMAKE_PREFIX_PATH=${CMAKE_PREFIX_PATH}:/home/cannotflypig/robokonn/src/install/sensor_node:/home/cannotflypig/robokonn/src/install/motor_node:/home/cannotflypig/robokonn/src/install/main_node:/home/cannotflypig/robokonn/src/install/camera_node:/opt/ros/humble /usr/bin/cmake --build /home/cannotflypig/robokonn/build/interfaces -- -j16 -l16
[7.034s] DEBUG:colcon.colcon_core.event_handler.log_command:Invoking command in '/home/cannotflypig/robokonn/build/interfaces': CMAKE_PREFIX_PATH=${CMAKE_PREFIX_PATH}:/home/cannotflypig/robokonn/src/install/sensor_node:/home/cannotflypig/robokonn/src/install/motor_node:/home/cannotflypig/robokonn/src/install/main_node:/home/cannotflypig/robokonn/src/install/camera_node:/opt/ros/humble /usr/bin/cmake --install /home/cannotflypig/robokonn/build/interfaces
[7.092s] Level 1:colcon.colcon_core.environment:create_environment_scripts_only(interfaces)
[7.093s] DEBUG:colcon.colcon_core.event_handler.log_command:Invoked command in '/home/cannotflypig/robokonn/build/interfaces' returned '0': CMAKE_PREFIX_PATH=${CMAKE_PREFIX_PATH}:/home/cannotflypig/robokonn/src/install/sensor_node:/home/cannotflypig/robokonn/src/install/motor_node:/home/cannotflypig/robokonn/src/install/main_node:/home/cannotflypig/robokonn/src/install/camera_node:/opt/ros/humble /usr/bin/cmake --install /home/cannotflypig/robokonn/build/interfaces
[7.108s] Level 1:colcon.colcon_core.environment:checking '/home/cannotflypig/robokonn/install/interfaces' for CMake module files
[7.108s] Level 1:colcon.colcon_core.environment:checking '/home/cannotflypig/robokonn/install/interfaces' for CMake config files
[7.109s] Level 1:colcon.colcon_core.shell:create_environment_hook('interfaces', 'cmake_prefix_path')
[7.120s] INFO:colcon.colcon_core.shell:Creating environment hook '/home/cannotflypig/robokonn/install/interfaces/share/interfaces/hook/cmake_prefix_path.ps1'
[7.120s] INFO:colcon.colcon_core.shell:Creating environment descriptor '/home/cannotflypig/robokonn/install/interfaces/share/interfaces/hook/cmake_prefix_path.dsv'
[7.121s] INFO:colcon.colcon_core.shell:Creating environment hook '/home/cannotflypig/robokonn/install/interfaces/share/interfaces/hook/cmake_prefix_path.sh'
[7.121s] Level 1:colcon.colcon_core.environment:checking '/home/cannotflypig/robokonn/install/interfaces/lib'
[7.122s] Level 1:colcon.colcon_core.shell:create_environment_hook('interfaces', 'ld_library_path_lib')
[7.134s] INFO:colcon.colcon_core.shell:Creating environment hook '/home/cannotflypig/robokonn/install/interfaces/share/interfaces/hook/ld_library_path_lib.ps1'
[7.134s] INFO:colcon.colcon_core.shell:Creating environment descriptor '/home/cannotflypig/robokonn/install/interfaces/share/interfaces/hook/ld_library_path_lib.dsv'
[7.135s] INFO:colcon.colcon_core.shell:Creating environment hook '/home/cannotflypig/robokonn/install/interfaces/share/interfaces/hook/ld_library_path_lib.sh'
[7.135s] Level 1:colcon.colcon_core.environment:checking '/home/cannotflypig/robokonn/install/interfaces/bin'
[7.135s] Level 1:colcon.colcon_core.environment:checking '/home/cannotflypig/robokonn/install/interfaces/lib/pkgconfig/interfaces.pc'
[7.135s] Level 1:colcon.colcon_core.environment:checking '/home/cannotflypig/robokonn/install/interfaces/lib/python3.10/site-packages'
[7.135s] Level 1:colcon.colcon_core.environment:checking '/home/cannotflypig/robokonn/install/interfaces/bin'
[7.147s] INFO:colcon.colcon_core.shell:Creating package script '/home/cannotflypig/robokonn/install/interfaces/share/interfaces/package.ps1'
[7.147s] INFO:colcon.colcon_core.shell:Creating package descriptor '/home/cannotflypig/robokonn/install/interfaces/share/interfaces/package.dsv'
[7.148s] INFO:colcon.colcon_core.shell:Creating package script '/home/cannotflypig/robokonn/install/interfaces/share/interfaces/package.sh'
[7.148s] INFO:colcon.colcon_core.shell:Creating package script '/home/cannotflypig/robokonn/install/interfaces/share/interfaces/package.bash'
[7.148s] INFO:colcon.colcon_core.shell:Creating package script '/home/cannotflypig/robokonn/install/interfaces/share/interfaces/package.zsh'
[7.149s] Level 1:colcon.colcon_core.environment:create_file_with_runtime_dependencies(/home/cannotflypig/robokonn/install/interfaces/share/colcon-core/packages/interfaces)
[7.206s] Level 1:colcon.colcon_core.environment:create_environment_scripts_only(interfaces)
[7.218s] Level 1:colcon.colcon_core.environment:checking '/home/cannotflypig/robokonn/install/interfaces' for CMake module files
[7.218s] Level 1:colcon.colcon_core.environment:checking '/home/cannotflypig/robokonn/install/interfaces' for CMake config files
[7.219s] Level 1:colcon.colcon_core.shell:create_environment_hook('interfaces', 'cmake_prefix_path')
[7.230s] INFO:colcon.colcon_core.shell:Creating environment hook '/home/cannotflypig/robokonn/install/interfaces/share/interfaces/hook/cmake_prefix_path.ps1'
[7.231s] INFO:colcon.colcon_core.shell:Creating environment descriptor '/home/cannotflypig/robokonn/install/interfaces/share/interfaces/hook/cmake_prefix_path.dsv'
[7.231s] INFO:colcon.colcon_core.shell:Creating environment hook '/home/cannotflypig/robokonn/install/interfaces/share/interfaces/hook/cmake_prefix_path.sh'
[7.232s] Level 1:colcon.colcon_core.environment:checking '/home/cannotflypig/robokonn/install/interfaces/lib'
[7.232s] Level 1:colcon.colcon_core.shell:create_environment_hook('interfaces', 'ld_library_path_lib')
[7.246s] INFO:colcon.colcon_core.shell:Creating environment hook '/home/cannotflypig/robokonn/install/interfaces/share/interfaces/hook/ld_library_path_lib.ps1'
[7.247s] INFO:colcon.colcon_core.shell:Creating environment descriptor '/home/cannotflypig/robokonn/install/interfaces/share/interfaces/hook/ld_library_path_lib.dsv'
[7.247s] INFO:colcon.colcon_core.shell:Creating environment hook '/home/cannotflypig/robokonn/install/interfaces/share/interfaces/hook/ld_library_path_lib.sh'
[7.248s] Level 1:colcon.colcon_core.environment:checking '/home/cannotflypig/robokonn/install/interfaces/bin'
[7.248s] Level 1:colcon.colcon_core.environment:checking '/home/cannotflypig/robokonn/install/interfaces/lib/pkgconfig/interfaces.pc'
[7.248s] Level 1:colcon.colcon_core.environment:checking '/home/cannotflypig/robokonn/install/interfaces/lib/python3.10/site-packages'
[7.248s] Level 1:colcon.colcon_core.environment:checking '/home/cannotflypig/robokonn/install/interfaces/bin'
[7.260s] INFO:colcon.colcon_core.shell:Creating package script '/home/cannotflypig/robokonn/install/interfaces/share/interfaces/package.ps1'
[7.261s] INFO:colcon.colcon_core.shell:Creating package descriptor '/home/cannotflypig/robokonn/install/interfaces/share/interfaces/package.dsv'
[7.261s] INFO:colcon.colcon_core.shell:Creating package script '/home/cannotflypig/robokonn/install/interfaces/share/interfaces/package.sh'
[7.262s] INFO:colcon.colcon_core.shell:Creating package script '/home/cannotflypig/robokonn/install/interfaces/share/interfaces/package.bash'
[7.262s] INFO:colcon.colcon_core.shell:Creating package script '/home/cannotflypig/robokonn/install/interfaces/share/interfaces/package.zsh'
[7.262s] Level 1:colcon.colcon_core.environment:create_file_with_runtime_dependencies(/home/cannotflypig/robokonn/install/interfaces/share/colcon-core/packages/interfaces)
[7.263s] DEBUG:colcon.colcon_parallel_executor.executor.parallel:closing loop
[7.264s] DEBUG:colcon.colcon_parallel_executor.executor.parallel:loop closed
[7.264s] DEBUG:colcon.colcon_parallel_executor.executor.parallel:run_until_complete finished with '0'
[7.264s] DEBUG:colcon.colcon_core.event_reactor:joining thread
[7.336s] INFO:colcon.colcon_core.plugin_system:Skipping extension 'colcon_notification.desktop_notification.notify_send': Could not find 'notify-send'
[7.336s] INFO:colcon.colcon_core.plugin_system:Skipping extension 'colcon_notification.desktop_notification.terminal_notifier': Not used on non-Darwin systems
[7.336s] INFO:colcon.colcon_core.plugin_system:Skipping extension 'colcon_notification.desktop_notification.win32': Not used on non-Windows systems
[7.336s] INFO:colcon.colcon_notification.desktop_notification:Sending desktop notification using 'notify2'
[7.337s] DEBUG:colcon.colcon_notification.desktop_notification.notify2:Failed to initialize notify2: org.freedesktop.DBus.Error.FileNotFound: Failed to connect to socket /run/user/1000/bus: No such file or directory
[7.337s] DEBUG:colcon.colcon_core.event_reactor:joined thread
[7.356s] INFO:colcon.colcon_core.shell:Creating prefix script '/home/cannotflypig/robokonn/install/local_setup.ps1'
[7.357s] INFO:colcon.colcon_core.shell:Creating prefix util module '/home/cannotflypig/robokonn/install/_local_setup_util_ps1.py'
[7.359s] INFO:colcon.colcon_core.shell:Creating prefix chain script '/home/cannotflypig/robokonn/install/setup.ps1'
[7.372s] INFO:colcon.colcon_core.shell:Creating prefix script '/home/cannotflypig/robokonn/install/local_setup.sh'
[7.372s] INFO:colcon.colcon_core.shell:Creating prefix util module '/home/cannotflypig/robokonn/install/_local_setup_util_sh.py'
[7.373s] INFO:colcon.colcon_core.shell:Creating prefix chain script '/home/cannotflypig/robokonn/install/setup.sh'
[7.388s] INFO:colcon.colcon_core.shell:Creating prefix script '/home/cannotflypig/robokonn/install/local_setup.bash'
[7.389s] INFO:colcon.colcon_core.shell:Creating prefix chain script '/home/cannotflypig/robokonn/install/setup.bash'
[7.406s] INFO:colcon.colcon_core.shell:Creating prefix script '/home/cannotflypig/robokonn/install/local_setup.zsh'
[7.407s] INFO:colcon.colcon_core.shell:Creating prefix chain script '/home/cannotflypig/robokonn/install/setup.zsh'
