[1.189s] Invoking command in '/home/cannotflypig/robokonn/src/main_node': PYTHONPATH=/home/cannotflypig/robokonn/src/build/main_node/prefix_override:/home/cannotflypig/robokonn/src/install/main_node/lib/python3.10/site-packages:${PYTHONPATH} /usr/bin/python3 setup.py egg_info --egg-base ../build/main_node build --build-base /home/cannotflypig/robokonn/src/build/main_node/build install --record /home/cannotflypig/robokonn/src/build/main_node/install.log --single-version-externally-managed
[1.406s] running egg_info
[1.407s] writing ../build/main_node/main_node.egg-info/PKG-INFO
[1.407s] writing dependency_links to ../build/main_node/main_node.egg-info/dependency_links.txt
[1.407s] writing entry points to ../build/main_node/main_node.egg-info/entry_points.txt
[1.408s] writing requirements to ../build/main_node/main_node.egg-info/requires.txt
[1.408s] writing top-level names to ../build/main_node/main_node.egg-info/top_level.txt
[1.409s] reading manifest file '../build/main_node/main_node.egg-info/SOURCES.txt'
[1.410s] writing manifest file '../build/main_node/main_node.egg-info/SOURCES.txt'
[1.410s] running build
[1.410s] running build_py
[1.410s] running install
[1.410s] /usr/lib/python3/dist-packages/setuptools/command/install.py:34: SetuptoolsDeprecationWarning: setup.py install is deprecated. Use build and pip and other standards-based tools.
[1.411s]   warnings.warn(
[1.411s] running install_lib
[1.412s] running install_data
[1.413s] running install_egg_info
[1.414s] removing '/home/cannotflypig/robokonn/src/install/main_node/lib/python3.10/site-packages/main_node-0.0.0-py3.10.egg-info' (and everything under it)
[1.414s] Copying ../build/main_node/main_node.egg-info to /home/cannotflypig/robokonn/src/install/main_node/lib/python3.10/site-packages/main_node-0.0.0-py3.10.egg-info
[1.415s] running install_scripts
[1.436s] Installing main_node script to /home/cannotflypig/robokonn/src/install/main_node/lib/main_node
[1.436s] writing list of installed files to '/home/cannotflypig/robokonn/src/build/main_node/install.log'
[1.526s] Invoked command in '/home/cannotflypig/robokonn/src/main_node' returned '0': PYTHONPATH=/home/cannotflypig/robokonn/src/build/main_node/prefix_override:/home/cannotflypig/robokonn/src/install/main_node/lib/python3.10/site-packages:${PYTHONPATH} /usr/bin/python3 setup.py egg_info --egg-base ../build/main_node build --build-base /home/cannotflypig/robokonn/src/build/main_node/build install --record /home/cannotflypig/robokonn/src/build/main_node/install.log --single-version-externally-managed
