[1.519s] Invoking command in '/home/cannotflypig/robokonn/src/motor_node': PYTHONPATH=/home/cannotflypig/robokonn/build/motor_node/prefix_override:/home/cannotflypig/robokonn/install/motor_node/lib/python3.10/site-packages:${PYTHONPATH} /usr/bin/python3 setup.py egg_info --egg-base ../../build/motor_node build --build-base /home/cannotflypig/robokonn/build/motor_node/build install --record /home/cannotflypig/robokonn/build/motor_node/install.log --single-version-externally-managed
[1.739s] running egg_info
[1.740s] creating ../../build/motor_node/motor_node.egg-info
[1.740s] writing ../../build/motor_node/motor_node.egg-info/PKG-INFO
[1.740s] writing dependency_links to ../../build/motor_node/motor_node.egg-info/dependency_links.txt
[1.741s] writing entry points to ../../build/motor_node/motor_node.egg-info/entry_points.txt
[1.741s] writing requirements to ../../build/motor_node/motor_node.egg-info/requires.txt
[1.741s] writing top-level names to ../../build/motor_node/motor_node.egg-info/top_level.txt
[1.741s] writing manifest file '../../build/motor_node/motor_node.egg-info/SOURCES.txt'
[1.743s] reading manifest file '../../build/motor_node/motor_node.egg-info/SOURCES.txt'
[1.744s] writing manifest file '../../build/motor_node/motor_node.egg-info/SOURCES.txt'
[1.745s] running build
[1.745s] running build_py
[1.745s] creating /home/cannotflypig/robokonn/build/motor_node/build
[1.745s] creating /home/cannotflypig/robokonn/build/motor_node/build/lib
[1.745s] creating /home/cannotflypig/robokonn/build/motor_node/build/lib/motor_node
[1.746s] copying motor_node/motor_node.py -> /home/cannotflypig/robokonn/build/motor_node/build/lib/motor_node
[1.746s] copying motor_node/__init__.py -> /home/cannotflypig/robokonn/build/motor_node/build/lib/motor_node
[1.746s] running install
[1.746s] /usr/lib/python3/dist-packages/setuptools/command/install.py:34: SetuptoolsDeprecationWarning: setup.py install is deprecated. Use build and pip and other standards-based tools.
[1.746s]   warnings.warn(
[1.746s] running install_lib
[1.747s] creating /home/cannotflypig/robokonn/install/motor_node/lib/python3.10/site-packages/motor_node
[1.747s] copying /home/cannotflypig/robokonn/build/motor_node/build/lib/motor_node/motor_node.py -> /home/cannotflypig/robokonn/install/motor_node/lib/python3.10/site-packages/motor_node
[1.748s] copying /home/cannotflypig/robokonn/build/motor_node/build/lib/motor_node/__init__.py -> /home/cannotflypig/robokonn/install/motor_node/lib/python3.10/site-packages/motor_node
[1.748s] byte-compiling /home/cannotflypig/robokonn/install/motor_node/lib/python3.10/site-packages/motor_node/motor_node.py to motor_node.cpython-310.pyc
[1.750s] byte-compiling /home/cannotflypig/robokonn/install/motor_node/lib/python3.10/site-packages/motor_node/__init__.py to __init__.cpython-310.pyc
[1.750s] running install_data
[1.750s] creating /home/cannotflypig/robokonn/install/motor_node/share/ament_index
[1.750s] creating /home/cannotflypig/robokonn/install/motor_node/share/ament_index/resource_index
[1.751s] creating /home/cannotflypig/robokonn/install/motor_node/share/ament_index/resource_index/packages
[1.751s] copying resource/motor_node -> /home/cannotflypig/robokonn/install/motor_node/share/ament_index/resource_index/packages
[1.751s] copying package.xml -> /home/cannotflypig/robokonn/install/motor_node/share/motor_node
[1.751s] running install_egg_info
[1.753s] Copying ../../build/motor_node/motor_node.egg-info to /home/cannotflypig/robokonn/install/motor_node/lib/python3.10/site-packages/motor_node-0.0.0-py3.10.egg-info
[1.754s] running install_scripts
[1.777s] Installing motor_node script to /home/cannotflypig/robokonn/install/motor_node/lib/motor_node
[1.777s] writing list of installed files to '/home/cannotflypig/robokonn/build/motor_node/install.log'
[1.912s] Invoked command in '/home/cannotflypig/robokonn/src/motor_node' returned '0': PYTHONPATH=/home/cannotflypig/robokonn/build/motor_node/prefix_override:/home/cannotflypig/robokonn/install/motor_node/lib/python3.10/site-packages:${PYTHONPATH} /usr/bin/python3 setup.py egg_info --egg-base ../../build/motor_node build --build-base /home/cannotflypig/robokonn/build/motor_node/build install --record /home/cannotflypig/robokonn/build/motor_node/install.log --single-version-externally-managed
