[1.516s] Invoking command in '/home/cannotflypig/robokonn/src/motor_node': PYTHONPATH=/home/cannotflypig/robokonn/src/build/motor_node/prefix_override:/home/cannotflypig/robokonn/src/install/motor_node/lib/python3.10/site-packages:${PYTHONPATH} /usr/bin/python3 setup.py egg_info --egg-base ../build/motor_node build --build-base /home/cannotflypig/robokonn/src/build/motor_node/build install --record /home/cannotflypig/robokonn/src/build/motor_node/install.log --single-version-externally-managed
[1.743s] running egg_info
[1.744s] creating ../build/motor_node/motor_node.egg-info
[1.744s] writing ../build/motor_node/motor_node.egg-info/PKG-INFO
[1.745s] writing dependency_links to ../build/motor_node/motor_node.egg-info/dependency_links.txt
[1.746s] writing entry points to ../build/motor_node/motor_node.egg-info/entry_points.txt
[1.746s] writing requirements to ../build/motor_node/motor_node.egg-info/requires.txt
[1.746s] writing top-level names to ../build/motor_node/motor_node.egg-info/top_level.txt
[1.746s] writing manifest file '../build/motor_node/motor_node.egg-info/SOURCES.txt'
[1.748s] reading manifest file '../build/motor_node/motor_node.egg-info/SOURCES.txt'
[1.749s] writing manifest file '../build/motor_node/motor_node.egg-info/SOURCES.txt'
[1.749s] running build
[1.749s] running build_py
[1.749s] creating /home/cannotflypig/robokonn/src/build/motor_node/build
[1.749s] creating /home/cannotflypig/robokonn/src/build/motor_node/build/lib
[1.749s] creating /home/cannotflypig/robokonn/src/build/motor_node/build/lib/motor_node
[1.750s] copying motor_node/motor_node.py -> /home/cannotflypig/robokonn/src/build/motor_node/build/lib/motor_node
[1.750s] copying motor_node/__init__.py -> /home/cannotflypig/robokonn/src/build/motor_node/build/lib/motor_node
[1.750s] running install
[1.750s] /usr/lib/python3/dist-packages/setuptools/command/install.py:34: SetuptoolsDeprecationWarning: setup.py install is deprecated. Use build and pip and other standards-based tools.
[1.750s]   warnings.warn(
[1.751s] running install_lib
[1.751s] creating /home/cannotflypig/robokonn/src/install/motor_node/lib/python3.10/site-packages/motor_node
[1.752s] copying /home/cannotflypig/robokonn/src/build/motor_node/build/lib/motor_node/motor_node.py -> /home/cannotflypig/robokonn/src/install/motor_node/lib/python3.10/site-packages/motor_node
[1.752s] copying /home/cannotflypig/robokonn/src/build/motor_node/build/lib/motor_node/__init__.py -> /home/cannotflypig/robokonn/src/install/motor_node/lib/python3.10/site-packages/motor_node
[1.752s] byte-compiling /home/cannotflypig/robokonn/src/install/motor_node/lib/python3.10/site-packages/motor_node/motor_node.py to motor_node.cpython-310.pyc
[1.754s] byte-compiling /home/cannotflypig/robokonn/src/install/motor_node/lib/python3.10/site-packages/motor_node/__init__.py to __init__.cpython-310.pyc
[1.754s] running install_data
[1.755s] creating /home/cannotflypig/robokonn/src/install/motor_node/share/ament_index
[1.755s] creating /home/cannotflypig/robokonn/src/install/motor_node/share/ament_index/resource_index
[1.756s] creating /home/cannotflypig/robokonn/src/install/motor_node/share/ament_index/resource_index/packages
[1.756s] copying resource/motor_node -> /home/cannotflypig/robokonn/src/install/motor_node/share/ament_index/resource_index/packages
[1.756s] copying package.xml -> /home/cannotflypig/robokonn/src/install/motor_node/share/motor_node
[1.756s] running install_egg_info
[1.758s] Copying ../build/motor_node/motor_node.egg-info to /home/cannotflypig/robokonn/src/install/motor_node/lib/python3.10/site-packages/motor_node-0.0.0-py3.10.egg-info
[1.760s] running install_scripts
[1.783s] Installing motor_node script to /home/cannotflypig/robokonn/src/install/motor_node/lib/motor_node
[1.784s] writing list of installed files to '/home/cannotflypig/robokonn/src/build/motor_node/install.log'
[1.921s] Invoked command in '/home/cannotflypig/robokonn/src/motor_node' returned '0': PYTHONPATH=/home/cannotflypig/robokonn/src/build/motor_node/prefix_override:/home/cannotflypig/robokonn/src/install/motor_node/lib/python3.10/site-packages:${PYTHONPATH} /usr/bin/python3 setup.py egg_info --egg-base ../build/motor_node build --build-base /home/cannotflypig/robokonn/src/build/motor_node/build install --record /home/cannotflypig/robokonn/src/build/motor_node/install.log --single-version-externally-managed
