[0.887s] Invoking command in '/home/cannotflypig/robokonn/main_node': PYTHONPATH=/home/cannotflypig/robokonn/build/main_node/prefix_override:/home/cannotflypig/robokonn/install/main_node/lib/python3.10/site-packages:${PYTHONPATH} /usr/bin/python3 setup.py egg_info --egg-base ../build/main_node build --build-base /home/cannotflypig/robokonn/build/main_node/build install --record /home/cannotflypig/robokonn/build/main_node/install.log --single-version-externally-managed
[1.085s] running egg_info
[1.085s] writing ../build/main_node/main_node.egg-info/PKG-INFO
[1.085s] writing dependency_links to ../build/main_node/main_node.egg-info/dependency_links.txt
[1.086s] writing entry points to ../build/main_node/main_node.egg-info/entry_points.txt
[1.087s] writing requirements to ../build/main_node/main_node.egg-info/requires.txt
[1.087s] writing top-level names to ../build/main_node/main_node.egg-info/top_level.txt
[1.087s] reading manifest file '../build/main_node/main_node.egg-info/SOURCES.txt'
[1.088s] writing manifest file '../build/main_node/main_node.egg-info/SOURCES.txt'
[1.088s] running build
[1.088s] running build_py
[1.088s] copying main_node/main_node.py -> /home/cannotflypig/robokonn/build/main_node/build/lib/main_node
[1.089s] /usr/lib/python3/dist-packages/setuptools/command/install.py:34: SetuptoolsDeprecationWarning: setup.py install is deprecated. Use build and pip and other standards-based tools.
[1.089s]   warnings.warn(
[1.089s] running install
[1.089s] running install_lib
[1.090s] copying /home/cannotflypig/robokonn/build/main_node/build/lib/main_node/main_node.py -> /home/cannotflypig/robokonn/install/main_node/lib/python3.10/site-packages/main_node
[1.090s] byte-compiling /home/cannotflypig/robokonn/install/main_node/lib/python3.10/site-packages/main_node/main_node.py to main_node.cpython-310.pyc
[1.091s] running install_data
[1.091s] running install_egg_info
[1.093s] removing '/home/cannotflypig/robokonn/install/main_node/lib/python3.10/site-packages/main_node-0.0.0-py3.10.egg-info' (and everything under it)
[1.093s] Copying ../build/main_node/main_node.egg-info to /home/cannotflypig/robokonn/install/main_node/lib/python3.10/site-packages/main_node-0.0.0-py3.10.egg-info
[1.094s] running install_scripts
[1.109s] Installing main_node script to /home/cannotflypig/robokonn/install/main_node/lib/main_node
[1.109s] writing list of installed files to '/home/cannotflypig/robokonn/build/main_node/install.log'
[1.170s] Invoked command in '/home/cannotflypig/robokonn/main_node' returned '0': PYTHONPATH=/home/cannotflypig/robokonn/build/main_node/prefix_override:/home/cannotflypig/robokonn/install/main_node/lib/python3.10/site-packages:${PYTHONPATH} /usr/bin/python3 setup.py egg_info --egg-base ../build/main_node build --build-base /home/cannotflypig/robokonn/build/main_node/build install --record /home/cannotflypig/robokonn/build/main_node/install.log --single-version-externally-managed
