[1.460s] Invoking command in '/home/cannotflypig/robokonn/src/sensor_node': PYTHONPATH=/home/cannotflypig/robokonn/src/build/sensor_node/prefix_override:/home/cannotflypig/robokonn/src/install/sensor_node/lib/python3.10/site-packages:${PYTHONPATH} /usr/bin/python3 setup.py egg_info --egg-base ../build/sensor_node build --build-base /home/cannotflypig/robokonn/src/build/sensor_node/build install --record /home/cannotflypig/robokonn/src/build/sensor_node/install.log --single-version-externally-managed
[1.674s] running egg_info
[1.675s] creating ../build/sensor_node/sensor_node.egg-info
[1.675s] writing ../build/sensor_node/sensor_node.egg-info/PKG-INFO
[1.675s] writing dependency_links to ../build/sensor_node/sensor_node.egg-info/dependency_links.txt
[1.676s] writing entry points to ../build/sensor_node/sensor_node.egg-info/entry_points.txt
[1.676s] writing requirements to ../build/sensor_node/sensor_node.egg-info/requires.txt
[1.677s] writing top-level names to ../build/sensor_node/sensor_node.egg-info/top_level.txt
[1.677s] writing manifest file '../build/sensor_node/sensor_node.egg-info/SOURCES.txt'
[1.678s] reading manifest file '../build/sensor_node/sensor_node.egg-info/SOURCES.txt'
[1.679s] writing manifest file '../build/sensor_node/sensor_node.egg-info/SOURCES.txt'
[1.681s] running build
[1.681s] running build_py
[1.681s] creating /home/cannotflypig/robokonn/src/build/sensor_node/build
[1.681s] creating /home/cannotflypig/robokonn/src/build/sensor_node/build/lib
[1.681s] creating /home/cannotflypig/robokonn/src/build/sensor_node/build/lib/sensor_node
[1.682s] copying sensor_node/sensor_node.py -> /home/cannotflypig/robokonn/src/build/sensor_node/build/lib/sensor_node
[1.682s] copying sensor_node/__init__.py -> /home/cannotflypig/robokonn/src/build/sensor_node/build/lib/sensor_node
[1.682s] running install
[1.682s] running install_lib
[1.682s] /usr/lib/python3/dist-packages/setuptools/command/install.py:34: SetuptoolsDeprecationWarning: setup.py install is deprecated. Use build and pip and other standards-based tools.
[1.682s]   warnings.warn(
[1.683s] creating /home/cannotflypig/robokonn/src/install/sensor_node/lib/python3.10/site-packages/sensor_node
[1.684s] copying /home/cannotflypig/robokonn/src/build/sensor_node/build/lib/sensor_node/sensor_node.py -> /home/cannotflypig/robokonn/src/install/sensor_node/lib/python3.10/site-packages/sensor_node
[1.684s] copying /home/cannotflypig/robokonn/src/build/sensor_node/build/lib/sensor_node/__init__.py -> /home/cannotflypig/robokonn/src/install/sensor_node/lib/python3.10/site-packages/sensor_node
[1.685s] byte-compiling /home/cannotflypig/robokonn/src/install/sensor_node/lib/python3.10/site-packages/sensor_node/sensor_node.py to sensor_node.cpython-310.pyc
[1.685s] byte-compiling /home/cannotflypig/robokonn/src/install/sensor_node/lib/python3.10/site-packages/sensor_node/__init__.py to __init__.cpython-310.pyc
[1.685s] running install_data
[1.685s] creating /home/cannotflypig/robokonn/src/install/sensor_node/share/ament_index
[1.686s] creating /home/cannotflypig/robokonn/src/install/sensor_node/share/ament_index/resource_index
[1.686s] creating /home/cannotflypig/robokonn/src/install/sensor_node/share/ament_index/resource_index/packages
[1.686s] copying resource/sensor_node -> /home/cannotflypig/robokonn/src/install/sensor_node/share/ament_index/resource_index/packages
[1.686s] copying package.xml -> /home/cannotflypig/robokonn/src/install/sensor_node/share/sensor_node
[1.686s] running install_egg_info
[1.686s] Copying ../build/sensor_node/sensor_node.egg-info to /home/cannotflypig/robokonn/src/install/sensor_node/lib/python3.10/site-packages/sensor_node-0.0.0-py3.10.egg-info
[1.688s] running install_scripts
[1.711s] Installing sensor_node script to /home/cannotflypig/robokonn/src/install/sensor_node/lib/sensor_node
[1.712s] writing list of installed files to '/home/cannotflypig/robokonn/src/build/sensor_node/install.log'
[1.793s] Invoked command in '/home/cannotflypig/robokonn/src/sensor_node' returned '0': PYTHONPATH=/home/cannotflypig/robokonn/src/build/sensor_node/prefix_override:/home/cannotflypig/robokonn/src/install/sensor_node/lib/python3.10/site-packages:${PYTHONPATH} /usr/bin/python3 setup.py egg_info --egg-base ../build/sensor_node build --build-base /home/cannotflypig/robokonn/src/build/sensor_node/build install --record /home/cannotflypig/robokonn/src/build/sensor_node/install.log --single-version-externally-managed
