running egg_info
writing ../../build/camera_node/camera_node.egg-info/PKG-INFO
writing dependency_links to ../../build/camera_node/camera_node.egg-info/dependency_links.txt
writing entry points to ../../build/camera_node/camera_node.egg-info/entry_points.txt
writing requirements to ../../build/camera_node/camera_node.egg-info/requires.txt
writing top-level names to ../../build/camera_node/camera_node.egg-info/top_level.txt
reading manifest file '../../build/camera_node/camera_node.egg-info/SOURCES.txt'
writing manifest file '../../build/camera_node/camera_node.egg-info/SOURCES.txt'
running build
running build_py
copying camera_node/sub_all_test.py -> /home/cannotflypig/robokonn/build/camera_node/build/lib/camera_node
copying camera_node/pub_dir_test.py -> /home/cannotflypig/robokonn/build/camera_node/build/lib/camera_node
copying camera_node/camera_v2.py -> /home/cannotflypig/robokonn/build/camera_node/build/lib/camera_node
running install
/usr/lib/python3/dist-packages/setuptools/command/install.py:34: SetuptoolsDeprecationWarning: setup.py install is deprecated. Use build and pip and other standards-based tools.
  warnings.warn(
running install_lib
copying /home/cannotflypig/robokonn/build/camera_node/build/lib/camera_node/sub_all_test.py -> /home/cannotflypig/robokonn/install/camera_node/lib/python3.10/site-packages/camera_node
copying /home/cannotflypig/robokonn/build/camera_node/build/lib/camera_node/pub_dir_test.py -> /home/cannotflypig/robokonn/install/camera_node/lib/python3.10/site-packages/camera_node
copying /home/cannotflypig/robokonn/build/camera_node/build/lib/camera_node/camera_v2.py -> /home/cannotflypig/robokonn/install/camera_node/lib/python3.10/site-packages/camera_node
byte-compiling /home/cannotflypig/robokonn/install/camera_node/lib/python3.10/site-packages/camera_node/sub_all_test.py to sub_all_test.cpython-310.pyc
byte-compiling /home/cannotflypig/robokonn/install/camera_node/lib/python3.10/site-packages/camera_node/pub_dir_test.py to pub_dir_test.cpython-310.pyc
byte-compiling /home/cannotflypig/robokonn/install/camera_node/lib/python3.10/site-packages/camera_node/camera_v2.py to camera_v2.cpython-310.pyc
running install_data
copying package.xml -> /home/cannotflypig/robokonn/install/camera_node/share/camera_node
running install_egg_info
removing '/home/cannotflypig/robokonn/install/camera_node/lib/python3.10/site-packages/camera_node-0.0.0-py3.10.egg-info' (and everything under it)
Copying ../../build/camera_node/camera_node.egg-info to /home/cannotflypig/robokonn/install/camera_node/lib/python3.10/site-packages/camera_node-0.0.0-py3.10.egg-info
running install_scripts
Installing camera_node script to /home/cannotflypig/robokonn/install/camera_node/lib/camera_node
writing list of installed files to '/home/cannotflypig/robokonn/build/camera_node/install.log'
