[0.796s] Invoking command in '/home/cannotflypig/robokonn/src/camera_node': AMENT_PREFIX_PATH=/home/cannotflypig/robokonn/install/interfaces:${AMENT_PREFIX_PATH} CMAKE_PREFIX_PATH=/home/cannotflypig/robokonn/install/interfaces LD_LIBRARY_PATH=/home/cannotflypig/robokonn/install/interfaces/lib:${LD_LIBRARY_PATH} PYTHONPATH=/home/cannotflypig/robokonn/build/camera_node/prefix_override:/home/cannotflypig/robokonn/install/camera_node/lib/python3.10/site-packages:/home/cannotflypig/robokonn/install/interfaces/local/lib/python3.10/dist-packages:${PYTHONPATH} /usr/bin/python3 setup.py egg_info --egg-base ../../build/camera_node build --build-base /home/cannotflypig/robokonn/build/camera_node/build install --record /home/cannotflypig/robokonn/build/camera_node/install.log --single-version-externally-managed
[0.963s] running egg_info
[0.963s] writing ../../build/camera_node/camera_node.egg-info/PKG-INFO
[0.964s] writing dependency_links to ../../build/camera_node/camera_node.egg-info/dependency_links.txt
[0.964s] writing entry points to ../../build/camera_node/camera_node.egg-info/entry_points.txt
[0.964s] writing requirements to ../../build/camera_node/camera_node.egg-info/requires.txt
[0.964s] writing top-level names to ../../build/camera_node/camera_node.egg-info/top_level.txt
[0.965s] reading manifest file '../../build/camera_node/camera_node.egg-info/SOURCES.txt'
[0.966s] writing manifest file '../../build/camera_node/camera_node.egg-info/SOURCES.txt'
[0.967s] running build
[0.967s] running build_py
[0.967s] copying camera_node/sub_all_test.py -> /home/cannotflypig/robokonn/build/camera_node/build/lib/camera_node
[0.967s] copying camera_node/pub_dir_test.py -> /home/cannotflypig/robokonn/build/camera_node/build/lib/camera_node
[0.967s] copying camera_node/camera_v2.py -> /home/cannotflypig/robokonn/build/camera_node/build/lib/camera_node
[0.967s] running install
[0.967s] /usr/lib/python3/dist-packages/setuptools/command/install.py:34: SetuptoolsDeprecationWarning: setup.py install is deprecated. Use build and pip and other standards-based tools.
[0.967s]   warnings.warn(
[0.968s] running install_lib
[0.968s] copying /home/cannotflypig/robokonn/build/camera_node/build/lib/camera_node/sub_all_test.py -> /home/cannotflypig/robokonn/install/camera_node/lib/python3.10/site-packages/camera_node
[0.968s] copying /home/cannotflypig/robokonn/build/camera_node/build/lib/camera_node/pub_dir_test.py -> /home/cannotflypig/robokonn/install/camera_node/lib/python3.10/site-packages/camera_node
[0.969s] copying /home/cannotflypig/robokonn/build/camera_node/build/lib/camera_node/camera_v2.py -> /home/cannotflypig/robokonn/install/camera_node/lib/python3.10/site-packages/camera_node
[0.969s] byte-compiling /home/cannotflypig/robokonn/install/camera_node/lib/python3.10/site-packages/camera_node/sub_all_test.py to sub_all_test.cpython-310.pyc
[0.970s] byte-compiling /home/cannotflypig/robokonn/install/camera_node/lib/python3.10/site-packages/camera_node/pub_dir_test.py to pub_dir_test.cpython-310.pyc
[0.970s] byte-compiling /home/cannotflypig/robokonn/install/camera_node/lib/python3.10/site-packages/camera_node/camera_v2.py to camera_v2.cpython-310.pyc
[0.971s] running install_data
[0.972s] copying package.xml -> /home/cannotflypig/robokonn/install/camera_node/share/camera_node
[0.972s] running install_egg_info
[0.973s] removing '/home/cannotflypig/robokonn/install/camera_node/lib/python3.10/site-packages/camera_node-0.0.0-py3.10.egg-info' (and everything under it)
[0.973s] Copying ../../build/camera_node/camera_node.egg-info to /home/cannotflypig/robokonn/install/camera_node/lib/python3.10/site-packages/camera_node-0.0.0-py3.10.egg-info
[0.975s] running install_scripts
[0.990s] Installing camera_node script to /home/cannotflypig/robokonn/install/camera_node/lib/camera_node
[0.990s] writing list of installed files to '/home/cannotflypig/robokonn/build/camera_node/install.log'
[1.009s] Invoked command in '/home/cannotflypig/robokonn/src/camera_node' returned '0': AMENT_PREFIX_PATH=/home/cannotflypig/robokonn/install/interfaces:${AMENT_PREFIX_PATH} CMAKE_PREFIX_PATH=/home/cannotflypig/robokonn/install/interfaces LD_LIBRARY_PATH=/home/cannotflypig/robokonn/install/interfaces/lib:${LD_LIBRARY_PATH} PYTHONPATH=/home/cannotflypig/robokonn/build/camera_node/prefix_override:/home/cannotflypig/robokonn/install/camera_node/lib/python3.10/site-packages:/home/cannotflypig/robokonn/install/interfaces/local/lib/python3.10/dist-packages:${PYTHONPATH} /usr/bin/python3 setup.py egg_info --egg-base ../../build/camera_node build --build-base /home/cannotflypig/robokonn/build/camera_node/build install --record /home/cannotflypig/robokonn/build/camera_node/install.log --single-version-externally-managed
