[1.517s] Invoking command in '/home/cannotflypig/robokonn/src/main_node': PYTHONPATH=/home/cannotflypig/robokonn/build/main_node/prefix_override:/home/cannotflypig/robokonn/install/main_node/lib/python3.10/site-packages:${PYTHONPATH} /usr/bin/python3 setup.py egg_info --egg-base ../../build/main_node build --build-base /home/cannotflypig/robokonn/build/main_node/build install --record /home/cannotflypig/robokonn/build/main_node/install.log --single-version-externally-managed
[1.747s] running egg_info
[1.747s] creating ../../build/main_node/main_node.egg-info
[1.748s] writing ../../build/main_node/main_node.egg-info/PKG-INFO
[1.748s] writing dependency_links to ../../build/main_node/main_node.egg-info/dependency_links.txt
[1.748s] writing entry points to ../../build/main_node/main_node.egg-info/entry_points.txt
[1.749s] writing requirements to ../../build/main_node/main_node.egg-info/requires.txt
[1.749s] writing top-level names to ../../build/main_node/main_node.egg-info/top_level.txt
[1.749s] writing manifest file '../../build/main_node/main_node.egg-info/SOURCES.txt'
[1.750s] reading manifest file '../../build/main_node/main_node.egg-info/SOURCES.txt'
[1.751s] writing manifest file '../../build/main_node/main_node.egg-info/SOURCES.txt'
[1.751s] running build
[1.751s] running build_py
[1.752s] creating /home/cannotflypig/robokonn/build/main_node/build
[1.752s] creating /home/cannotflypig/robokonn/build/main_node/build/lib
[1.752s] creating /home/cannotflypig/robokonn/build/main_node/build/lib/main_node
[1.753s] copying main_node/main_node.py -> /home/cannotflypig/robokonn/build/main_node/build/lib/main_node
[1.753s] copying main_node/__init__.py -> /home/cannotflypig/robokonn/build/main_node/build/lib/main_node
[1.753s] running install
[1.753s] /usr/lib/python3/dist-packages/setuptools/command/install.py:34: SetuptoolsDeprecationWarning: setup.py install is deprecated. Use build and pip and other standards-based tools.
[1.753s]   warnings.warn(
[1.754s] running install_lib
[1.754s] creating /home/cannotflypig/robokonn/install/main_node/lib/python3.10/site-packages/main_node
[1.755s] copying /home/cannotflypig/robokonn/build/main_node/build/lib/main_node/main_node.py -> /home/cannotflypig/robokonn/install/main_node/lib/python3.10/site-packages/main_node
[1.755s] copying /home/cannotflypig/robokonn/build/main_node/build/lib/main_node/__init__.py -> /home/cannotflypig/robokonn/install/main_node/lib/python3.10/site-packages/main_node
[1.755s] byte-compiling /home/cannotflypig/robokonn/install/main_node/lib/python3.10/site-packages/main_node/main_node.py to main_node.cpython-310.pyc
[1.755s] byte-compiling /home/cannotflypig/robokonn/install/main_node/lib/python3.10/site-packages/main_node/__init__.py to __init__.cpython-310.pyc
[1.755s] running install_data
[1.756s] creating /home/cannotflypig/robokonn/install/main_node/share/ament_index
[1.756s] creating /home/cannotflypig/robokonn/install/main_node/share/ament_index/resource_index
[1.756s] creating /home/cannotflypig/robokonn/install/main_node/share/ament_index/resource_index/packages
[1.756s] copying resource/main_node -> /home/cannotflypig/robokonn/install/main_node/share/ament_index/resource_index/packages
[1.758s] copying package.xml -> /home/cannotflypig/robokonn/install/main_node/share/main_node
[1.758s] running install_egg_info
[1.759s] Copying ../../build/main_node/main_node.egg-info to /home/cannotflypig/robokonn/install/main_node/lib/python3.10/site-packages/main_node-0.0.0-py3.10.egg-info
[1.759s] running install_scripts
[1.781s] Installing main_node script to /home/cannotflypig/robokonn/install/main_node/lib/main_node
[1.781s] writing list of installed files to '/home/cannotflypig/robokonn/build/main_node/install.log'
[1.911s] Invoked command in '/home/cannotflypig/robokonn/src/main_node' returned '0': PYTHONPATH=/home/cannotflypig/robokonn/build/main_node/prefix_override:/home/cannotflypig/robokonn/install/main_node/lib/python3.10/site-packages:${PYTHONPATH} /usr/bin/python3 setup.py egg_info --egg-base ../../build/main_node build --build-base /home/cannotflypig/robokonn/build/main_node/build install --record /home/cannotflypig/robokonn/build/main_node/install.log --single-version-externally-managed
