[1.661s] Invoking command in '/home/cannotflypig/robokonn/src/main_node': PYTHONPATH=/home/cannotflypig/robokonn/build/main_node/prefix_override:/home/cannotflypig/robokonn/install/main_node/lib/python3.10/site-packages:${PYTHONPATH} /usr/bin/python3 setup.py egg_info --egg-base ../../build/main_node build --build-base /home/cannotflypig/robokonn/build/main_node/build install --record /home/cannotflypig/robokonn/build/main_node/install.log --single-version-externally-managed
[1.873s] running egg_info
[1.874s] writing ../../build/main_node/main_node.egg-info/PKG-INFO
[1.874s] writing dependency_links to ../../build/main_node/main_node.egg-info/dependency_links.txt
[1.874s] writing entry points to ../../build/main_node/main_node.egg-info/entry_points.txt
[1.874s] writing requirements to ../../build/main_node/main_node.egg-info/requires.txt
[1.875s] writing top-level names to ../../build/main_node/main_node.egg-info/top_level.txt
[1.876s] reading manifest file '../../build/main_node/main_node.egg-info/SOURCES.txt'
[1.877s] writing manifest file '../../build/main_node/main_node.egg-info/SOURCES.txt'
[1.877s] running build
[1.877s] running build_py
[1.877s] copying main_node/main_node.py -> /home/cannotflypig/robokonn/build/main_node/build/lib/main_node
[1.877s] running install
[1.877s] /usr/lib/python3/dist-packages/setuptools/command/install.py:34: SetuptoolsDeprecationWarning: setup.py install is deprecated. Use build and pip and other standards-based tools.
[1.878s]   warnings.warn(
[1.878s] running install_lib
[1.878s] copying /home/cannotflypig/robokonn/build/main_node/build/lib/main_node/main_node.py -> /home/cannotflypig/robokonn/install/main_node/lib/python3.10/site-packages/main_node
[1.878s] byte-compiling /home/cannotflypig/robokonn/install/main_node/lib/python3.10/site-packages/main_node/main_node.py to main_node.cpython-310.pyc
[1.879s] running install_data
[1.879s] running install_egg_info
[1.881s] removing '/home/cannotflypig/robokonn/install/main_node/lib/python3.10/site-packages/main_node-0.0.0-py3.10.egg-info' (and everything under it)
[1.881s] Copying ../../build/main_node/main_node.egg-info to /home/cannotflypig/robokonn/install/main_node/lib/python3.10/site-packages/main_node-0.0.0-py3.10.egg-info
[1.882s] running install_scripts
[1.905s] Installing main_node script to /home/cannotflypig/robokonn/install/main_node/lib/main_node
[1.907s] writing list of installed files to '/home/cannotflypig/robokonn/build/main_node/install.log'
[1.932s] Invoked command in '/home/cannotflypig/robokonn/src/main_node' returned '0': PYTHONPATH=/home/cannotflypig/robokonn/build/main_node/prefix_override:/home/cannotflypig/robokonn/install/main_node/lib/python3.10/site-packages:${PYTHONPATH} /usr/bin/python3 setup.py egg_info --egg-base ../../build/main_node build --build-base /home/cannotflypig/robokonn/build/main_node/build install --record /home/cannotflypig/robokonn/build/main_node/install.log --single-version-externally-managed
