[0.517s] Invoking command in '/home/cannotflypig/robokonn/build/interfaces': CMAKE_PREFIX_PATH=${CMAKE_PREFIX_PATH}:/home/cannotflypig/robokonn/install/sensor_node:/home/cannotflypig/robokonn/install/motor_node:/home/cannotflypig/robokonn/install/main_node:/home/cannotflypig/robokonn/install/camera_node:/opt/ros/humble /usr/bin/cmake --build /home/cannotflypig/robokonn/build/interfaces -- -j16 -l16
[1.272s] -- Found ament_cmake: 1.3.5 (/opt/ros/humble/share/ament_cmake/cmake)
[1.272s] -- Found rosidl_default_generators: 1.2.0 (/opt/ros/humble/share/rosidl_default_generators/cmake)
[1.273s] -- Using all available rosidl_typesupport_c: rosidl_typesupport_fastrtps_c;rosidl_typesupport_introspection_c
[1.273s] -- Found rosidl_adapter: 3.1.5 (/opt/ros/humble/share/rosidl_adapter/cmake)
[1.275s] -- Using all available rosidl_typesupport_cpp: rosidl_typesupport_fastrtps_cpp;rosidl_typesupport_introspection_cpp
[1.275s] -- Found ament_cmake_ros: 0.10.0 (/opt/ros/humble/share/ament_cmake_ros/cmake)
[1.275s] -- Using all available rosidl_typesupport_c: rosidl_typesupport_fastrtps_c;rosidl_typesupport_introspection_c
[1.367s] -- Using all available rosidl_typesupport_cpp: rosidl_typesupport_fastrtps_cpp;rosidl_typesupport_introspection_cpp
[1.389s] -- Found python_cmake_module: 0.10.0 (/opt/ros/humble/share/python_cmake_module/cmake)
[1.407s] -- Using PYTHON_EXECUTABLE: /usr/bin/python3
[1.407s] -- Using PYTHON_INCLUDE_DIRS: /usr/include/python3.10
[1.407s] -- Using PYTHON_LIBRARIES: /usr/lib/x86_64-linux-gnu/libpython3.10.so
[1.421s] -- Found ament_lint_auto: 0.12.8 (/opt/ros/humble/share/ament_lint_auto/cmake)
[1.434s] -- Added test 'lint_cmake' to check CMake code style
[1.435s] -- Added test 'xmllint' to check XML markup files
[1.439s] -- Configuring done
[1.478s] -- Generating done
[1.482s] -- Build files have been written to: /home/cannotflypig/robokonn/build/interfaces
[1.502s] [  2%] [34m[1mGenerating C code for ROS interfaces[0m
[1.510s] [  4%] [34m[1mGenerating C++ code for ROS interfaces[0m
[1.518s] [  4%] Built target ament_cmake_python_copy_interfaces
[1.752s] running egg_info
[1.753s] writing interfaces.egg-info/PKG-INFO
[1.753s] writing dependency_links to interfaces.egg-info/dependency_links.txt
[1.754s] writing top-level names to interfaces.egg-info/top_level.txt
[1.757s] reading manifest file 'interfaces.egg-info/SOURCES.txt'
[1.757s] writing manifest file 'interfaces.egg-info/SOURCES.txt'
[1.786s] [  4%] Built target ament_cmake_python_build_interfaces_egg
[1.929s] [  4%] Built target interfaces__cpp
[1.939s] [ 10%] [34m[1mGenerating C++ type support for eProsima Fast-RTPS[0m
[1.939s] [ 10%] [34m[1mGenerating C++ type support dispatch for ROS interfaces[0m
[1.939s] [ 10%] [34m[1mGenerating C++ introspection for ROS interfaces[0m
[1.957s] [35m[1mConsolidate compiler generated dependencies of target interfaces__rosidl_generator_c[0m
[1.966s] [ 12%] [32mBuilding C object CMakeFiles/interfaces__rosidl_generator_c.dir/rosidl_generator_c/interfaces/srv/detail/backing_camera_data__functions.c.o[0m
[1.967s] [ 17%] [32mBuilding C object CMakeFiles/interfaces__rosidl_generator_c.dir/rosidl_generator_c/interfaces/srv/detail/going_camera_data__functions.c.o[0m
[1.967s] [ 17%] [32mBuilding C object CMakeFiles/interfaces__rosidl_generator_c.dir/rosidl_generator_c/interfaces/srv/detail/distance_sensor_data__functions.c.o[0m
[2.018s] [ 19%] [32m[1mLinking C shared library libinterfaces__rosidl_generator_c.so[0m
[2.124s] [ 19%] Built target interfaces__rosidl_generator_c
[2.131s] [ 21%] [34m[1mGenerating C introspection for ROS interfaces[0m
[2.131s] [ 23%] [34m[1mGenerating C type support dispatch for ROS interfaces[0m
[2.132s] [ 25%] [34m[1mGenerating C type support for eProsima Fast-RTPS[0m
[2.275s] [35m[1mConsolidate compiler generated dependencies of target interfaces__rosidl_typesupport_cpp[0m
[2.286s] [ 27%] [32mBuilding CXX object CMakeFiles/interfaces__rosidl_typesupport_cpp.dir/rosidl_typesupport_cpp/interfaces/srv/distance_sensor_data__type_support.cpp.o[0m
[2.286s] [ 29%] [32mBuilding CXX object CMakeFiles/interfaces__rosidl_typesupport_cpp.dir/rosidl_typesupport_cpp/interfaces/srv/going_camera_data__type_support.cpp.o[0m
[2.287s] [ 31%] [32mBuilding CXX object CMakeFiles/interfaces__rosidl_typesupport_cpp.dir/rosidl_typesupport_cpp/interfaces/srv/backing_camera_data__type_support.cpp.o[0m
[2.326s] [35m[1mConsolidate compiler generated dependencies of target interfaces__rosidl_typesupport_introspection_cpp[0m
[2.339s] [ 36%] [32mBuilding CXX object CMakeFiles/interfaces__rosidl_typesupport_introspection_cpp.dir/rosidl_typesupport_introspection_cpp/interfaces/srv/detail/backing_camera_data__type_support.cpp.o[0m
[2.339s] [ 36%] [32mBuilding CXX object CMakeFiles/interfaces__rosidl_typesupport_introspection_cpp.dir/rosidl_typesupport_introspection_cpp/interfaces/srv/detail/distance_sensor_data__type_support.cpp.o[0m
[2.343s] [ 38%] [32mBuilding CXX object CMakeFiles/interfaces__rosidl_typesupport_introspection_cpp.dir/rosidl_typesupport_introspection_cpp/interfaces/srv/detail/going_camera_data__type_support.cpp.o[0m
[2.376s] [35m[1mConsolidate compiler generated dependencies of target interfaces__rosidl_typesupport_fastrtps_cpp[0m
[2.390s] [ 44%] [32mBuilding CXX object CMakeFiles/interfaces__rosidl_typesupport_fastrtps_cpp.dir/rosidl_typesupport_fastrtps_cpp/interfaces/srv/detail/dds_fastrtps/backing_camera_data__type_support.cpp.o[0m
[2.390s] [ 44%] [32mBuilding CXX object CMakeFiles/interfaces__rosidl_typesupport_fastrtps_cpp.dir/rosidl_typesupport_fastrtps_cpp/interfaces/srv/detail/dds_fastrtps/distance_sensor_data__type_support.cpp.o[0m
[2.390s] [ 44%] [32mBuilding CXX object CMakeFiles/interfaces__rosidl_typesupport_fastrtps_cpp.dir/rosidl_typesupport_fastrtps_cpp/interfaces/srv/detail/dds_fastrtps/going_camera_data__type_support.cpp.o[0m
[2.484s] [35m[1mConsolidate compiler generated dependencies of target interfaces__rosidl_typesupport_c[0m
[2.496s] [ 46%] [32mBuilding CXX object CMakeFiles/interfaces__rosidl_typesupport_c.dir/rosidl_typesupport_c/interfaces/srv/backing_camera_data__type_support.cpp.o[0m
[2.497s] [ 51%] [32mBuilding CXX object CMakeFiles/interfaces__rosidl_typesupport_c.dir/rosidl_typesupport_c/interfaces/srv/going_camera_data__type_support.cpp.o[0m
[2.497s] [ 51%] [32mBuilding CXX object CMakeFiles/interfaces__rosidl_typesupport_c.dir/rosidl_typesupport_c/interfaces/srv/distance_sensor_data__type_support.cpp.o[0m
[2.532s] [ 53%] [32m[1mLinking CXX shared library libinterfaces__rosidl_typesupport_c.so[0m
[2.582s] [35m[1mConsolidate compiler generated dependencies of target interfaces__rosidl_typesupport_fastrtps_c[0m
[2.595s] [35m[1mConsolidate compiler generated dependencies of target interfaces__rosidl_typesupport_introspection_c[0m
[2.606s] [ 57%] [32mBuilding CXX object CMakeFiles/interfaces__rosidl_typesupport_fastrtps_c.dir/rosidl_typesupport_fastrtps_c/interfaces/srv/detail/going_camera_data__type_support_c.cpp.o[0m
[2.606s] [ 57%] [32mBuilding C object CMakeFiles/interfaces__rosidl_typesupport_introspection_c.dir/rosidl_typesupport_introspection_c/interfaces/srv/detail/going_camera_data__type_support.c.o[0m
[2.606s] [ 59%] [32mBuilding CXX object CMakeFiles/interfaces__rosidl_typesupport_fastrtps_c.dir/rosidl_typesupport_fastrtps_c/interfaces/srv/detail/distance_sensor_data__type_support_c.cpp.o[0m
[2.607s] [ 63%] [32mBuilding CXX object CMakeFiles/interfaces__rosidl_typesupport_fastrtps_c.dir/rosidl_typesupport_fastrtps_c/interfaces/srv/detail/backing_camera_data__type_support_c.cpp.o[0m
[2.607s] [ 63%] [32mBuilding C object CMakeFiles/interfaces__rosidl_typesupport_introspection_c.dir/rosidl_typesupport_introspection_c/interfaces/srv/detail/distance_sensor_data__type_support.c.o[0m
[2.609s] [ 65%] [32mBuilding C object CMakeFiles/interfaces__rosidl_typesupport_introspection_c.dir/rosidl_typesupport_introspection_c/interfaces/srv/detail/backing_camera_data__type_support.c.o[0m
[2.648s] [ 68%] [32m[1mLinking C shared library libinterfaces__rosidl_typesupport_introspection_c.so[0m
[2.668s] [ 70%] [32m[1mLinking CXX shared library libinterfaces__rosidl_typesupport_cpp.so[0m
[2.671s] [ 70%] Built target interfaces__rosidl_typesupport_c
[2.769s] [ 70%] Built target interfaces__rosidl_typesupport_introspection_c
[2.799s] [ 70%] Built target interfaces__rosidl_typesupport_cpp
[2.816s] [ 72%] [32m[1mLinking CXX shared library libinterfaces__rosidl_typesupport_introspection_cpp.so[0m
[2.878s] [ 74%] [32m[1mLinking CXX shared library libinterfaces__rosidl_typesupport_fastrtps_cpp.so[0m
[2.945s] [ 74%] Built target interfaces__rosidl_typesupport_introspection_cpp
[3.006s] [ 74%] Built target interfaces__rosidl_typesupport_fastrtps_cpp
[3.023s] [ 76%] [32m[1mLinking CXX shared library libinterfaces__rosidl_typesupport_fastrtps_c.so[0m
[3.141s] [ 76%] Built target interfaces__rosidl_typesupport_fastrtps_c
[3.153s] [ 76%] Built target interfaces
[3.166s] [ 78%] [34m[1mGenerating Python code for ROS interfaces[0m
[3.665s] [ 78%] Built target interfaces__py
[3.672s] [35m[1mConsolidate compiler generated dependencies of target interfaces__rosidl_generator_py[0m
[3.680s] [ 82%] [32mBuilding C object CMakeFiles/interfaces__rosidl_generator_py.dir/rosidl_generator_py/interfaces/srv/_going_camera_data_s.c.o[0m
[3.680s] [ 85%] [32mBuilding C object CMakeFiles/interfaces__rosidl_generator_py.dir/rosidl_generator_py/interfaces/srv/_distance_sensor_data_s.c.o[0m
[3.680s] [ 85%] [32mBuilding C object CMakeFiles/interfaces__rosidl_generator_py.dir/rosidl_generator_py/interfaces/srv/_backing_camera_data_s.c.o[0m
[3.769s] [ 87%] [32m[1mLinking C shared library rosidl_generator_py/interfaces/libinterfaces__rosidl_generator_py.so[0m
[3.858s] [ 87%] Built target interfaces__rosidl_generator_py
[3.864s] [35m[1mConsolidate compiler generated dependencies of target interfaces__rosidl_typesupport_c__pyext[0m
[3.865s] [35m[1mConsolidate compiler generated dependencies of target interfaces__rosidl_typesupport_introspection_c__pyext[0m
[3.865s] [35m[1mConsolidate compiler generated dependencies of target interfaces__rosidl_typesupport_fastrtps_c__pyext[0m
[3.873s] [ 89%] [32mBuilding C object CMakeFiles/interfaces__rosidl_typesupport_fastrtps_c__pyext.dir/rosidl_generator_py/interfaces/_interfaces_s.ep.rosidl_typesupport_fastrtps_c.c.o[0m
[3.874s] [ 91%] [32mBuilding C object CMakeFiles/interfaces__rosidl_typesupport_c__pyext.dir/rosidl_generator_py/interfaces/_interfaces_s.ep.rosidl_typesupport_c.c.o[0m
[3.874s] [ 93%] [32mBuilding C object CMakeFiles/interfaces__rosidl_typesupport_introspection_c__pyext.dir/rosidl_generator_py/interfaces/_interfaces_s.ep.rosidl_typesupport_introspection_c.c.o[0m
[3.962s] [ 95%] [32m[1mLinking C shared library rosidl_generator_py/interfaces/interfaces_s__rosidl_typesupport_c.cpython-310-x86_64-linux-gnu.so[0m
[3.974s] [ 97%] [32m[1mLinking C shared library rosidl_generator_py/interfaces/interfaces_s__rosidl_typesupport_introspection_c.cpython-310-x86_64-linux-gnu.so[0m
[3.978s] [100%] [32m[1mLinking C shared library rosidl_generator_py/interfaces/interfaces_s__rosidl_typesupport_fastrtps_c.cpython-310-x86_64-linux-gnu.so[0m
[4.050s] [100%] Built target interfaces__rosidl_typesupport_introspection_c__pyext
[4.054s] [100%] Built target interfaces__rosidl_typesupport_c__pyext
[4.054s] [100%] Built target interfaces__rosidl_typesupport_fastrtps_c__pyext
[4.062s] Invoked command in '/home/cannotflypig/robokonn/build/interfaces' returned '0': CMAKE_PREFIX_PATH=${CMAKE_PREFIX_PATH}:/home/cannotflypig/robokonn/install/sensor_node:/home/cannotflypig/robokonn/install/motor_node:/home/cannotflypig/robokonn/install/main_node:/home/cannotflypig/robokonn/install/camera_node:/opt/ros/humble /usr/bin/cmake --build /home/cannotflypig/robokonn/build/interfaces -- -j16 -l16
[4.124s] Invoking command in '/home/cannotflypig/robokonn/build/interfaces': CMAKE_PREFIX_PATH=${CMAKE_PREFIX_PATH}:/home/cannotflypig/robokonn/install/sensor_node:/home/cannotflypig/robokonn/install/motor_node:/home/cannotflypig/robokonn/install/main_node:/home/cannotflypig/robokonn/install/camera_node:/opt/ros/humble /usr/bin/cmake --install /home/cannotflypig/robokonn/build/interfaces
[4.128s] -- Install configuration: ""
[4.129s] -- Installing: /home/cannotflypig/robokonn/install/interfaces/share/ament_index/resource_index/rosidl_interfaces/interfaces
[4.129s] -- Up-to-date: /home/cannotflypig/robokonn/install/interfaces/include/interfaces/interfaces
[4.129s] -- Up-to-date: /home/cannotflypig/robokonn/install/interfaces/include/interfaces/interfaces/srv
[4.129s] -- Up-to-date: /home/cannotflypig/robokonn/install/interfaces/include/interfaces/interfaces/srv/detail
[4.130s] -- Installing: /home/cannotflypig/robokonn/install/interfaces/include/interfaces/interfaces/srv/detail/going_camera_data__functions.c
[4.130s] -- Installing: /home/cannotflypig/robokonn/install/interfaces/include/interfaces/interfaces/srv/detail/backing_camera_data__struct.h
[4.130s] -- Installing: /home/cannotflypig/robokonn/install/interfaces/include/interfaces/interfaces/srv/detail/backing_camera_data__functions.c
[4.130s] -- Installing: /home/cannotflypig/robokonn/install/interfaces/include/interfaces/interfaces/srv/detail/backing_camera_data__type_support.h
[4.130s] -- Installing: /home/cannotflypig/robokonn/install/interfaces/include/interfaces/interfaces/srv/detail/distance_sensor_data__functions.h
[4.130s] -- Installing: /home/cannotflypig/robokonn/install/interfaces/include/interfaces/interfaces/srv/detail/distance_sensor_data__functions.c
[4.131s] -- Installing: /home/cannotflypig/robokonn/install/interfaces/include/interfaces/interfaces/srv/detail/distance_sensor_data__struct.h
[4.131s] -- Installing: /home/cannotflypig/robokonn/install/interfaces/include/interfaces/interfaces/srv/detail/going_camera_data__functions.h
[4.131s] -- Installing: /home/cannotflypig/robokonn/install/interfaces/include/interfaces/interfaces/srv/detail/distance_sensor_data__type_support.h
[4.131s] -- Installing: /home/cannotflypig/robokonn/install/interfaces/include/interfaces/interfaces/srv/detail/going_camera_data__type_support.h
[4.131s] -- Installing: /home/cannotflypig/robokonn/install/interfaces/include/interfaces/interfaces/srv/detail/going_camera_data__struct.h
[4.131s] -- Installing: /home/cannotflypig/robokonn/install/interfaces/include/interfaces/interfaces/srv/detail/backing_camera_data__functions.h
[4.131s] -- Installing: /home/cannotflypig/robokonn/install/interfaces/include/interfaces/interfaces/srv/backing_camera_data.h
[4.131s] -- Installing: /home/cannotflypig/robokonn/install/interfaces/include/interfaces/interfaces/srv/distance_sensor_data.h
[4.131s] -- Installing: /home/cannotflypig/robokonn/install/interfaces/include/interfaces/interfaces/srv/going_camera_data.h
[4.131s] -- Up-to-date: /home/cannotflypig/robokonn/install/interfaces/include/interfaces/interfaces/msg
[4.131s] -- Up-to-date: /home/cannotflypig/robokonn/install/interfaces/include/interfaces/interfaces/msg/rosidl_generator_c__visibility_control.h
[4.132s] -- Up-to-date: /home/cannotflypig/robokonn/install/interfaces/share/interfaces/environment/library_path.sh
[4.132s] -- Installing: /home/cannotflypig/robokonn/install/interfaces/share/interfaces/environment/library_path.dsv
[4.132s] -- Installing: /home/cannotflypig/robokonn/install/interfaces/lib/libinterfaces__rosidl_generator_c.so
[4.132s] -- Set runtime path of "/home/cannotflypig/robokonn/install/interfaces/lib/libinterfaces__rosidl_generator_c.so" to ""
[4.132s] -- Up-to-date: /home/cannotflypig/robokonn/install/interfaces/include/interfaces/interfaces
[4.132s] -- Up-to-date: /home/cannotflypig/robokonn/install/interfaces/include/interfaces/interfaces/srv
[4.132s] -- Up-to-date: /home/cannotflypig/robokonn/install/interfaces/include/interfaces/interfaces/srv/detail
[4.132s] -- Installing: /home/cannotflypig/robokonn/install/interfaces/include/interfaces/interfaces/srv/detail/going_camera_data__rosidl_typesupport_fastrtps_c.h
[4.132s] -- Installing: /home/cannotflypig/robokonn/install/interfaces/include/interfaces/interfaces/srv/detail/backing_camera_data__rosidl_typesupport_fastrtps_c.h
[4.133s] -- Installing: /home/cannotflypig/robokonn/install/interfaces/include/interfaces/interfaces/srv/detail/distance_sensor_data__rosidl_typesupport_fastrtps_c.h
[4.133s] -- Up-to-date: /home/cannotflypig/robokonn/install/interfaces/include/interfaces/interfaces/msg
[4.133s] -- Up-to-date: /home/cannotflypig/robokonn/install/interfaces/include/interfaces/interfaces/msg/rosidl_typesupport_fastrtps_c__visibility_control.h
[4.133s] -- Installing: /home/cannotflypig/robokonn/install/interfaces/lib/libinterfaces__rosidl_typesupport_fastrtps_c.so
[4.133s] -- Set runtime path of "/home/cannotflypig/robokonn/install/interfaces/lib/libinterfaces__rosidl_typesupport_fastrtps_c.so" to ""
[4.133s] -- Up-to-date: /home/cannotflypig/robokonn/install/interfaces/include/interfaces/interfaces
[4.133s] -- Up-to-date: /home/cannotflypig/robokonn/install/interfaces/include/interfaces/interfaces/srv
[4.133s] -- Up-to-date: /home/cannotflypig/robokonn/install/interfaces/include/interfaces/interfaces/srv/detail
[4.134s] -- Installing: /home/cannotflypig/robokonn/install/interfaces/include/interfaces/interfaces/srv/detail/distance_sensor_data__type_support.c
[4.134s] -- Installing: /home/cannotflypig/robokonn/install/interfaces/include/interfaces/interfaces/srv/detail/going_camera_data__rosidl_typesupport_introspection_c.h
[4.134s] -- Installing: /home/cannotflypig/robokonn/install/interfaces/include/interfaces/interfaces/srv/detail/backing_camera_data__rosidl_typesupport_introspection_c.h
[4.134s] -- Installing: /home/cannotflypig/robokonn/install/interfaces/include/interfaces/interfaces/srv/detail/backing_camera_data__type_support.c
[4.134s] -- Installing: /home/cannotflypig/robokonn/install/interfaces/include/interfaces/interfaces/srv/detail/going_camera_data__type_support.c
[4.134s] -- Installing: /home/cannotflypig/robokonn/install/interfaces/include/interfaces/interfaces/srv/detail/distance_sensor_data__rosidl_typesupport_introspection_c.h
[4.134s] -- Up-to-date: /home/cannotflypig/robokonn/install/interfaces/include/interfaces/interfaces/msg
[4.134s] -- Up-to-date: /home/cannotflypig/robokonn/install/interfaces/include/interfaces/interfaces/msg/rosidl_typesupport_introspection_c__visibility_control.h
[4.134s] -- Installing: /home/cannotflypig/robokonn/install/interfaces/lib/libinterfaces__rosidl_typesupport_introspection_c.so
[4.134s] -- Set runtime path of "/home/cannotflypig/robokonn/install/interfaces/lib/libinterfaces__rosidl_typesupport_introspection_c.so" to ""
[4.135s] -- Installing: /home/cannotflypig/robokonn/install/interfaces/lib/libinterfaces__rosidl_typesupport_c.so
[4.135s] -- Set runtime path of "/home/cannotflypig/robokonn/install/interfaces/lib/libinterfaces__rosidl_typesupport_c.so" to ""
[4.135s] -- Up-to-date: /home/cannotflypig/robokonn/install/interfaces/include/interfaces/interfaces
[4.135s] -- Up-to-date: /home/cannotflypig/robokonn/install/interfaces/include/interfaces/interfaces/srv
[4.135s] -- Up-to-date: /home/cannotflypig/robokonn/install/interfaces/include/interfaces/interfaces/srv/detail
[4.135s] -- Installing: /home/cannotflypig/robokonn/install/interfaces/include/interfaces/interfaces/srv/detail/backing_camera_data__traits.hpp
[4.136s] -- Installing: /home/cannotflypig/robokonn/install/interfaces/include/interfaces/interfaces/srv/detail/distance_sensor_data__struct.hpp
[4.136s] -- Installing: /home/cannotflypig/robokonn/install/interfaces/include/interfaces/interfaces/srv/detail/going_camera_data__traits.hpp
[4.136s] -- Installing: /home/cannotflypig/robokonn/install/interfaces/include/interfaces/interfaces/srv/detail/going_camera_data__struct.hpp
[4.136s] -- Installing: /home/cannotflypig/robokonn/install/interfaces/include/interfaces/interfaces/srv/detail/backing_camera_data__struct.hpp
[4.136s] -- Installing: /home/cannotflypig/robokonn/install/interfaces/include/interfaces/interfaces/srv/detail/going_camera_data__builder.hpp
[4.137s] -- Installing: /home/cannotflypig/robokonn/install/interfaces/include/interfaces/interfaces/srv/detail/distance_sensor_data__traits.hpp
[4.137s] -- Installing: /home/cannotflypig/robokonn/install/interfaces/include/interfaces/interfaces/srv/detail/backing_camera_data__builder.hpp
[4.137s] -- Installing: /home/cannotflypig/robokonn/install/interfaces/include/interfaces/interfaces/srv/detail/distance_sensor_data__builder.hpp
[4.137s] -- Installing: /home/cannotflypig/robokonn/install/interfaces/include/interfaces/interfaces/srv/going_camera_data.hpp
[4.137s] -- Installing: /home/cannotflypig/robokonn/install/interfaces/include/interfaces/interfaces/srv/backing_camera_data.hpp
[4.137s] -- Installing: /home/cannotflypig/robokonn/install/interfaces/include/interfaces/interfaces/srv/distance_sensor_data.hpp
[4.137s] -- Up-to-date: /home/cannotflypig/robokonn/install/interfaces/include/interfaces/interfaces
[4.137s] -- Up-to-date: /home/cannotflypig/robokonn/install/interfaces/include/interfaces/interfaces/srv
[4.138s] -- Up-to-date: /home/cannotflypig/robokonn/install/interfaces/include/interfaces/interfaces/srv/detail
[4.138s] -- Installing: /home/cannotflypig/robokonn/install/interfaces/include/interfaces/interfaces/srv/detail/going_camera_data__rosidl_typesupport_fastrtps_cpp.hpp
[4.138s] -- Up-to-date: /home/cannotflypig/robokonn/install/interfaces/include/interfaces/interfaces/srv/detail/dds_fastrtps
[4.138s] -- Installing: /home/cannotflypig/robokonn/install/interfaces/include/interfaces/interfaces/srv/detail/backing_camera_data__rosidl_typesupport_fastrtps_cpp.hpp
[4.138s] -- Installing: /home/cannotflypig/robokonn/install/interfaces/include/interfaces/interfaces/srv/detail/distance_sensor_data__rosidl_typesupport_fastrtps_cpp.hpp
[4.138s] -- Up-to-date: /home/cannotflypig/robokonn/install/interfaces/include/interfaces/interfaces/msg
[4.138s] -- Up-to-date: /home/cannotflypig/robokonn/install/interfaces/include/interfaces/interfaces/msg/rosidl_typesupport_fastrtps_cpp__visibility_control.h
[4.138s] -- Installing: /home/cannotflypig/robokonn/install/interfaces/lib/libinterfaces__rosidl_typesupport_fastrtps_cpp.so
[4.138s] -- Set runtime path of "/home/cannotflypig/robokonn/install/interfaces/lib/libinterfaces__rosidl_typesupport_fastrtps_cpp.so" to ""
[4.139s] -- Up-to-date: /home/cannotflypig/robokonn/install/interfaces/include/interfaces/interfaces
[4.139s] -- Up-to-date: /home/cannotflypig/robokonn/install/interfaces/include/interfaces/interfaces/srv
[4.139s] -- Up-to-date: /home/cannotflypig/robokonn/install/interfaces/include/interfaces/interfaces/srv/detail
[4.139s] -- Installing: /home/cannotflypig/robokonn/install/interfaces/include/interfaces/interfaces/srv/detail/backing_camera_data__rosidl_typesupport_introspection_cpp.hpp
[4.139s] -- Installing: /home/cannotflypig/robokonn/install/interfaces/include/interfaces/interfaces/srv/detail/distance_sensor_data__rosidl_typesupport_introspection_cpp.hpp
[4.139s] -- Installing: /home/cannotflypig/robokonn/install/interfaces/include/interfaces/interfaces/srv/detail/going_camera_data__rosidl_typesupport_introspection_cpp.hpp
[4.139s] -- Installing: /home/cannotflypig/robokonn/install/interfaces/include/interfaces/interfaces/srv/detail/distance_sensor_data__type_support.cpp
[4.139s] -- Installing: /home/cannotflypig/robokonn/install/interfaces/include/interfaces/interfaces/srv/detail/going_camera_data__type_support.cpp
[4.139s] -- Installing: /home/cannotflypig/robokonn/install/interfaces/include/interfaces/interfaces/srv/detail/backing_camera_data__type_support.cpp
[4.140s] -- Installing: /home/cannotflypig/robokonn/install/interfaces/lib/libinterfaces__rosidl_typesupport_introspection_cpp.so
[4.140s] -- Set runtime path of "/home/cannotflypig/robokonn/install/interfaces/lib/libinterfaces__rosidl_typesupport_introspection_cpp.so" to ""
[4.140s] -- Installing: /home/cannotflypig/robokonn/install/interfaces/lib/libinterfaces__rosidl_typesupport_cpp.so
[4.140s] -- Set runtime path of "/home/cannotflypig/robokonn/install/interfaces/lib/libinterfaces__rosidl_typesupport_cpp.so" to ""
[4.140s] -- Up-to-date: /home/cannotflypig/robokonn/install/interfaces/share/interfaces/environment/pythonpath.sh
[4.140s] -- Installing: /home/cannotflypig/robokonn/install/interfaces/share/interfaces/environment/pythonpath.dsv
[4.140s] -- Up-to-date: /home/cannotflypig/robokonn/install/interfaces/local/lib/python3.10/dist-packages/interfaces-0.0.0-py3.10.egg-info
[4.140s] -- Installing: /home/cannotflypig/robokonn/install/interfaces/local/lib/python3.10/dist-packages/interfaces-0.0.0-py3.10.egg-info/dependency_links.txt
[4.140s] -- Installing: /home/cannotflypig/robokonn/install/interfaces/local/lib/python3.10/dist-packages/interfaces-0.0.0-py3.10.egg-info/PKG-INFO
[4.140s] -- Installing: /home/cannotflypig/robokonn/install/interfaces/local/lib/python3.10/dist-packages/interfaces-0.0.0-py3.10.egg-info/SOURCES.txt
[4.140s] -- Installing: /home/cannotflypig/robokonn/install/interfaces/local/lib/python3.10/dist-packages/interfaces-0.0.0-py3.10.egg-info/top_level.txt
[4.141s] -- Up-to-date: /home/cannotflypig/robokonn/install/interfaces/local/lib/python3.10/dist-packages/interfaces
[4.141s] -- Up-to-date: /home/cannotflypig/robokonn/install/interfaces/local/lib/python3.10/dist-packages/interfaces/srv
[4.141s] -- Installing: /home/cannotflypig/robokonn/install/interfaces/local/lib/python3.10/dist-packages/interfaces/srv/_distance_sensor_data_s.c
[4.141s] -- Installing: /home/cannotflypig/robokonn/install/interfaces/local/lib/python3.10/dist-packages/interfaces/srv/_backing_camera_data.py
[4.141s] -- Installing: /home/cannotflypig/robokonn/install/interfaces/local/lib/python3.10/dist-packages/interfaces/srv/_backing_camera_data_s.c
[4.141s] -- Installing: /home/cannotflypig/robokonn/install/interfaces/local/lib/python3.10/dist-packages/interfaces/srv/_distance_sensor_data.py
[4.141s] -- Installing: /home/cannotflypig/robokonn/install/interfaces/local/lib/python3.10/dist-packages/interfaces/srv/__init__.py
[4.141s] -- Installing: /home/cannotflypig/robokonn/install/interfaces/local/lib/python3.10/dist-packages/interfaces/srv/_going_camera_data.py
[4.141s] -- Installing: /home/cannotflypig/robokonn/install/interfaces/local/lib/python3.10/dist-packages/interfaces/srv/_going_camera_data_s.c
[4.141s] -- Installing: /home/cannotflypig/robokonn/install/interfaces/local/lib/python3.10/dist-packages/interfaces/_interfaces_s.ep.rosidl_typesupport_fastrtps_c.c
[4.142s] -- Installing: /home/cannotflypig/robokonn/install/interfaces/local/lib/python3.10/dist-packages/interfaces/libinterfaces__rosidl_generator_py.so
[4.142s] -- Installing: /home/cannotflypig/robokonn/install/interfaces/local/lib/python3.10/dist-packages/interfaces/interfaces_s__rosidl_typesupport_fastrtps_c.cpython-310-x86_64-linux-gnu.so
[4.142s] -- Installing: /home/cannotflypig/robokonn/install/interfaces/local/lib/python3.10/dist-packages/interfaces/_interfaces_s.ep.rosidl_typesupport_introspection_c.c
[4.142s] -- Installing: /home/cannotflypig/robokonn/install/interfaces/local/lib/python3.10/dist-packages/interfaces/__init__.py
[4.142s] -- Installing: /home/cannotflypig/robokonn/install/interfaces/local/lib/python3.10/dist-packages/interfaces/interfaces_s__rosidl_typesupport_c.cpython-310-x86_64-linux-gnu.so
[4.142s] -- Installing: /home/cannotflypig/robokonn/install/interfaces/local/lib/python3.10/dist-packages/interfaces/interfaces_s__rosidl_typesupport_introspection_c.cpython-310-x86_64-linux-gnu.so
[4.142s] -- Installing: /home/cannotflypig/robokonn/install/interfaces/local/lib/python3.10/dist-packages/interfaces/_interfaces_s.ep.rosidl_typesupport_c.c
[4.169s] Listing '/home/cannotflypig/robokonn/install/interfaces/local/lib/python3.10/dist-packages/interfaces'...
[4.169s] Compiling '/home/cannotflypig/robokonn/install/interfaces/local/lib/python3.10/dist-packages/interfaces/__init__.py'...
[4.169s] Listing '/home/cannotflypig/robokonn/install/interfaces/local/lib/python3.10/dist-packages/interfaces/srv'...
[4.169s] Compiling '/home/cannotflypig/robokonn/install/interfaces/local/lib/python3.10/dist-packages/interfaces/srv/__init__.py'...
[4.169s] Compiling '/home/cannotflypig/robokonn/install/interfaces/local/lib/python3.10/dist-packages/interfaces/srv/_backing_camera_data.py'...
[4.169s] Compiling '/home/cannotflypig/robokonn/install/interfaces/local/lib/python3.10/dist-packages/interfaces/srv/_distance_sensor_data.py'...
[4.169s] Compiling '/home/cannotflypig/robokonn/install/interfaces/local/lib/python3.10/dist-packages/interfaces/srv/_going_camera_data.py'...
[4.172s] -- Installing: /home/cannotflypig/robokonn/install/interfaces/local/lib/python3.10/dist-packages/interfaces/interfaces_s__rosidl_typesupport_fastrtps_c.cpython-310-x86_64-linux-gnu.so
[4.173s] -- Set runtime path of "/home/cannotflypig/robokonn/install/interfaces/local/lib/python3.10/dist-packages/interfaces/interfaces_s__rosidl_typesupport_fastrtps_c.cpython-310-x86_64-linux-gnu.so" to ""
[4.173s] -- Installing: /home/cannotflypig/robokonn/install/interfaces/local/lib/python3.10/dist-packages/interfaces/interfaces_s__rosidl_typesupport_introspection_c.cpython-310-x86_64-linux-gnu.so
[4.173s] -- Set runtime path of "/home/cannotflypig/robokonn/install/interfaces/local/lib/python3.10/dist-packages/interfaces/interfaces_s__rosidl_typesupport_introspection_c.cpython-310-x86_64-linux-gnu.so" to ""
[4.173s] -- Installing: /home/cannotflypig/robokonn/install/interfaces/local/lib/python3.10/dist-packages/interfaces/interfaces_s__rosidl_typesupport_c.cpython-310-x86_64-linux-gnu.so
[4.174s] -- Set runtime path of "/home/cannotflypig/robokonn/install/interfaces/local/lib/python3.10/dist-packages/interfaces/interfaces_s__rosidl_typesupport_c.cpython-310-x86_64-linux-gnu.so" to ""
[4.174s] -- Installing: /home/cannotflypig/robokonn/install/interfaces/lib/libinterfaces__rosidl_generator_py.so
[4.174s] -- Set runtime path of "/home/cannotflypig/robokonn/install/interfaces/lib/libinterfaces__rosidl_generator_py.so" to ""
[4.174s] -- Up-to-date: /home/cannotflypig/robokonn/install/interfaces/share/interfaces/srv/GoingCameraData.idl
[4.174s] -- Installing: /home/cannotflypig/robokonn/install/interfaces/share/interfaces/srv/BackingCameraData.idl
[4.174s] -- Up-to-date: /home/cannotflypig/robokonn/install/interfaces/share/interfaces/srv/DistanceSensorData.idl
[4.175s] -- Up-to-date: /home/cannotflypig/robokonn/install/interfaces/share/interfaces/srv/GoingCameraData.srv
[4.175s] -- Up-to-date: /home/cannotflypig/robokonn/install/interfaces/share/interfaces/srv/GoingCameraData_Request.msg
[4.175s] -- Up-to-date: /home/cannotflypig/robokonn/install/interfaces/share/interfaces/srv/GoingCameraData_Response.msg
[4.175s] -- Installing: /home/cannotflypig/robokonn/install/interfaces/share/interfaces/srv/BackingCameraData.srv
[4.176s] -- Installing: /home/cannotflypig/robokonn/install/interfaces/share/interfaces/srv/BackingCameraData_Request.msg
[4.176s] -- Installing: /home/cannotflypig/robokonn/install/interfaces/share/interfaces/srv/BackingCameraData_Response.msg
[4.176s] -- Up-to-date: /home/cannotflypig/robokonn/install/interfaces/share/interfaces/srv/DistanceSensorData.srv
[4.177s] -- Up-to-date: /home/cannotflypig/robokonn/install/interfaces/share/interfaces/srv/DistanceSensorData_Request.msg
[4.177s] -- Up-to-date: /home/cannotflypig/robokonn/install/interfaces/share/interfaces/srv/DistanceSensorData_Response.msg
[4.177s] -- Up-to-date: /home/cannotflypig/robokonn/install/interfaces/share/ament_index/resource_index/package_run_dependencies/interfaces
[4.177s] -- Installing: /home/cannotflypig/robokonn/install/interfaces/share/ament_index/resource_index/parent_prefix_path/interfaces
[4.177s] -- Up-to-date: /home/cannotflypig/robokonn/install/interfaces/share/interfaces/environment/ament_prefix_path.sh
[4.177s] -- Installing: /home/cannotflypig/robokonn/install/interfaces/share/interfaces/environment/ament_prefix_path.dsv
[4.178s] -- Up-to-date: /home/cannotflypig/robokonn/install/interfaces/share/interfaces/environment/path.sh
[4.178s] -- Installing: /home/cannotflypig/robokonn/install/interfaces/share/interfaces/environment/path.dsv
[4.178s] -- Up-to-date: /home/cannotflypig/robokonn/install/interfaces/share/interfaces/local_setup.bash
[4.178s] -- Up-to-date: /home/cannotflypig/robokonn/install/interfaces/share/interfaces/local_setup.sh
[4.178s] -- Up-to-date: /home/cannotflypig/robokonn/install/interfaces/share/interfaces/local_setup.zsh
[4.178s] -- Installing: /home/cannotflypig/robokonn/install/interfaces/share/interfaces/local_setup.dsv
[4.178s] -- Installing: /home/cannotflypig/robokonn/install/interfaces/share/interfaces/package.dsv
[4.178s] -- Up-to-date: /home/cannotflypig/robokonn/install/interfaces/share/ament_index/resource_index/packages/interfaces
[4.178s] -- Up-to-date: /home/cannotflypig/robokonn/install/interfaces/share/interfaces/cmake/export_interfaces__rosidl_generator_cExport.cmake
[4.178s] -- Up-to-date: /home/cannotflypig/robokonn/install/interfaces/share/interfaces/cmake/export_interfaces__rosidl_generator_cExport-noconfig.cmake
[4.178s] -- Up-to-date: /home/cannotflypig/robokonn/install/interfaces/share/interfaces/cmake/export_interfaces__rosidl_typesupport_fastrtps_cExport.cmake
[4.178s] -- Up-to-date: /home/cannotflypig/robokonn/install/interfaces/share/interfaces/cmake/export_interfaces__rosidl_typesupport_fastrtps_cExport-noconfig.cmake
[4.178s] -- Up-to-date: /home/cannotflypig/robokonn/install/interfaces/share/interfaces/cmake/interfaces__rosidl_typesupport_introspection_cExport.cmake
[4.178s] -- Up-to-date: /home/cannotflypig/robokonn/install/interfaces/share/interfaces/cmake/interfaces__rosidl_typesupport_introspection_cExport-noconfig.cmake
[4.178s] -- Up-to-date: /home/cannotflypig/robokonn/install/interfaces/share/interfaces/cmake/interfaces__rosidl_typesupport_cExport.cmake
[4.178s] -- Up-to-date: /home/cannotflypig/robokonn/install/interfaces/share/interfaces/cmake/interfaces__rosidl_typesupport_cExport-noconfig.cmake
[4.178s] -- Up-to-date: /home/cannotflypig/robokonn/install/interfaces/share/interfaces/cmake/export_interfaces__rosidl_generator_cppExport.cmake
[4.179s] -- Up-to-date: /home/cannotflypig/robokonn/install/interfaces/share/interfaces/cmake/export_interfaces__rosidl_typesupport_fastrtps_cppExport.cmake
[4.179s] -- Up-to-date: /home/cannotflypig/robokonn/install/interfaces/share/interfaces/cmake/export_interfaces__rosidl_typesupport_fastrtps_cppExport-noconfig.cmake
[4.179s] -- Up-to-date: /home/cannotflypig/robokonn/install/interfaces/share/interfaces/cmake/interfaces__rosidl_typesupport_introspection_cppExport.cmake
[4.179s] -- Up-to-date: /home/cannotflypig/robokonn/install/interfaces/share/interfaces/cmake/interfaces__rosidl_typesupport_introspection_cppExport-noconfig.cmake
[4.179s] -- Up-to-date: /home/cannotflypig/robokonn/install/interfaces/share/interfaces/cmake/interfaces__rosidl_typesupport_cppExport.cmake
[4.180s] -- Up-to-date: /home/cannotflypig/robokonn/install/interfaces/share/interfaces/cmake/interfaces__rosidl_typesupport_cppExport-noconfig.cmake
[4.181s] -- Up-to-date: /home/cannotflypig/robokonn/install/interfaces/share/interfaces/cmake/export_interfaces__rosidl_generator_pyExport.cmake
[4.181s] -- Up-to-date: /home/cannotflypig/robokonn/install/interfaces/share/interfaces/cmake/export_interfaces__rosidl_generator_pyExport-noconfig.cmake
[4.182s] -- Installing: /home/cannotflypig/robokonn/install/interfaces/share/interfaces/cmake/rosidl_cmake-extras.cmake
[4.182s] -- Up-to-date: /home/cannotflypig/robokonn/install/interfaces/share/interfaces/cmake/ament_cmake_export_include_directories-extras.cmake
[4.183s] -- Up-to-date: /home/cannotflypig/robokonn/install/interfaces/share/interfaces/cmake/ament_cmake_export_libraries-extras.cmake
[4.183s] -- Up-to-date: /home/cannotflypig/robokonn/install/interfaces/share/interfaces/cmake/ament_cmake_export_targets-extras.cmake
[4.184s] -- Up-to-date: /home/cannotflypig/robokonn/install/interfaces/share/interfaces/cmake/rosidl_cmake_export_typesupport_targets-extras.cmake
[4.184s] -- Up-to-date: /home/cannotflypig/robokonn/install/interfaces/share/interfaces/cmake/ament_cmake_export_dependencies-extras.cmake
[4.184s] -- Up-to-date: /home/cannotflypig/robokonn/install/interfaces/share/interfaces/cmake/rosidl_cmake_export_typesupport_libraries-extras.cmake
[4.185s] -- Up-to-date: /home/cannotflypig/robokonn/install/interfaces/share/interfaces/cmake/interfacesConfig.cmake
[4.185s] -- Up-to-date: /home/cannotflypig/robokonn/install/interfaces/share/interfaces/cmake/interfacesConfig-version.cmake
[4.185s] -- Up-to-date: /home/cannotflypig/robokonn/install/interfaces/share/interfaces/package.xml
[4.186s] Invoked command in '/home/cannotflypig/robokonn/build/interfaces' returned '0': CMAKE_PREFIX_PATH=${CMAKE_PREFIX_PATH}:/home/cannotflypig/robokonn/install/sensor_node:/home/cannotflypig/robokonn/install/motor_node:/home/cannotflypig/robokonn/install/main_node:/home/cannotflypig/robokonn/install/camera_node:/opt/ros/humble /usr/bin/cmake --install /home/cannotflypig/robokonn/build/interfaces
