[1.134s] Invoking command in '/home/cannotflypig/robokonn/src/motor_node': PYTHONPATH=/home/cannotflypig/robokonn/src/build/motor_node/prefix_override:/home/cannotflypig/robokonn/src/install/motor_node/lib/python3.10/site-packages:${PYTHONPATH} /usr/bin/python3 setup.py egg_info --egg-base ../build/motor_node build --build-base /home/cannotflypig/robokonn/src/build/motor_node/build install --record /home/cannotflypig/robokonn/src/build/motor_node/install.log --single-version-externally-managed
[1.382s] running egg_info
[1.383s] writing ../build/motor_node/motor_node.egg-info/PKG-INFO
[1.383s] writing dependency_links to ../build/motor_node/motor_node.egg-info/dependency_links.txt
[1.383s] writing entry points to ../build/motor_node/motor_node.egg-info/entry_points.txt
[1.383s] writing requirements to ../build/motor_node/motor_node.egg-info/requires.txt
[1.383s] writing top-level names to ../build/motor_node/motor_node.egg-info/top_level.txt
[1.385s] reading manifest file '../build/motor_node/motor_node.egg-info/SOURCES.txt'
[1.386s] writing manifest file '../build/motor_node/motor_node.egg-info/SOURCES.txt'
[1.386s] running build
[1.386s] running build_py
[1.388s] copying motor_node/motor_node.py -> /home/cannotflypig/robokonn/src/build/motor_node/build/lib/motor_node
[1.388s] running install
[1.390s] running install_lib
[1.392s] /usr/lib/python3/dist-packages/setuptools/command/install.py:34: SetuptoolsDeprecationWarning: setup.py install is deprecated. Use build and pip and other standards-based tools.
[1.392s]   warnings.warn(
[1.394s] copying /home/cannotflypig/robokonn/src/build/motor_node/build/lib/motor_node/motor_node.py -> /home/cannotflypig/robokonn/src/install/motor_node/lib/python3.10/site-packages/motor_node
[1.394s] byte-compiling /home/cannotflypig/robokonn/src/install/motor_node/lib/python3.10/site-packages/motor_node/motor_node.py to motor_node.cpython-310.pyc
[1.395s] running install_data
[1.395s] running install_egg_info
[1.395s] removing '/home/cannotflypig/robokonn/src/install/motor_node/lib/python3.10/site-packages/motor_node-0.0.0-py3.10.egg-info' (and everything under it)
[1.396s] Copying ../build/motor_node/motor_node.egg-info to /home/cannotflypig/robokonn/src/install/motor_node/lib/python3.10/site-packages/motor_node-0.0.0-py3.10.egg-info
[1.396s] running install_scripts
[1.413s] Installing motor_node script to /home/cannotflypig/robokonn/src/install/motor_node/lib/motor_node
[1.414s] writing list of installed files to '/home/cannotflypig/robokonn/src/build/motor_node/install.log'
[1.496s] Invoked command in '/home/cannotflypig/robokonn/src/motor_node' returned '0': PYTHONPATH=/home/cannotflypig/robokonn/src/build/motor_node/prefix_override:/home/cannotflypig/robokonn/src/install/motor_node/lib/python3.10/site-packages:${PYTHONPATH} /usr/bin/python3 setup.py egg_info --egg-base ../build/motor_node build --build-base /home/cannotflypig/robokonn/src/build/motor_node/build install --record /home/cannotflypig/robokonn/src/build/motor_node/install.log --single-version-externally-managed
