[1.579s] Invoking command in '/home/cannotflypig/robokonn/src/sensor_node': PYTHONPATH=/home/cannotflypig/robokonn/src/build/sensor_node/prefix_override:/home/cannotflypig/robokonn/src/install/sensor_node/lib/python3.10/site-packages:${PYTHONPATH} /usr/bin/python3 setup.py egg_info --egg-base ../build/sensor_node build --build-base /home/cannotflypig/robokonn/src/build/sensor_node/build install --record /home/cannotflypig/robokonn/src/build/sensor_node/install.log --single-version-externally-managed
[1.811s] running egg_info
[1.812s] writing ../build/sensor_node/sensor_node.egg-info/PKG-INFO
[1.813s] writing dependency_links to ../build/sensor_node/sensor_node.egg-info/dependency_links.txt
[1.813s] writing entry points to ../build/sensor_node/sensor_node.egg-info/entry_points.txt
[1.813s] writing requirements to ../build/sensor_node/sensor_node.egg-info/requires.txt
[1.813s] writing top-level names to ../build/sensor_node/sensor_node.egg-info/top_level.txt
[1.815s] reading manifest file '../build/sensor_node/sensor_node.egg-info/SOURCES.txt'
[1.816s] writing manifest file '../build/sensor_node/sensor_node.egg-info/SOURCES.txt'
[1.816s] running build
[1.817s] running build_py
[1.817s] running install
[1.817s] /usr/lib/python3/dist-packages/setuptools/command/install.py:34: SetuptoolsDeprecationWarning: setup.py install is deprecated. Use build and pip and other standards-based tools.
[1.817s]   warnings.warn(
[1.818s] running install_lib
[1.819s] running install_data
[1.819s] running install_egg_info
[1.821s] removing '/home/cannotflypig/robokonn/src/install/sensor_node/lib/python3.10/site-packages/sensor_node-0.0.0-py3.10.egg-info' (and everything under it)
[1.821s] Copying ../build/sensor_node/sensor_node.egg-info to /home/cannotflypig/robokonn/src/install/sensor_node/lib/python3.10/site-packages/sensor_node-0.0.0-py3.10.egg-info
[1.822s] running install_scripts
[1.842s] Installing sensor_node script to /home/cannotflypig/robokonn/src/install/sensor_node/lib/sensor_node
[1.842s] writing list of installed files to '/home/cannotflypig/robokonn/src/build/sensor_node/install.log'
[1.913s] Invoked command in '/home/cannotflypig/robokonn/src/sensor_node' returned '0': PYTHONPATH=/home/cannotflypig/robokonn/src/build/sensor_node/prefix_override:/home/cannotflypig/robokonn/src/install/sensor_node/lib/python3.10/site-packages:${PYTHONPATH} /usr/bin/python3 setup.py egg_info --egg-base ../build/sensor_node build --build-base /home/cannotflypig/robokonn/src/build/sensor_node/build install --record /home/cannotflypig/robokonn/src/build/sensor_node/install.log --single-version-externally-managed
