running egg_info
writing ../../build/motor_node/motor_node.egg-info/PKG-INFO
writing dependency_links to ../../build/motor_node/motor_node.egg-info/dependency_links.txt
writing entry points to ../../build/motor_node/motor_node.egg-info/entry_points.txt
writing requirements to ../../build/motor_node/motor_node.egg-info/requires.txt
writing top-level names to ../../build/motor_node/motor_node.egg-info/top_level.txt
reading manifest file '../../build/motor_node/motor_node.egg-info/SOURCES.txt'
writing manifest file '../../build/motor_node/motor_node.egg-info/SOURCES.txt'
running build
running build_py
running install
/usr/lib/python3/dist-packages/setuptools/command/install.py:34: SetuptoolsDeprecationWarning: setup.py install is deprecated. Use build and pip and other standards-based tools.
  warnings.warn(
running install_lib
running install_data
running install_egg_info
removing '/home/cannotflypig/robokonn/install/motor_node/lib/python3.10/site-packages/motor_node-0.0.0-py3.10.egg-info' (and everything under it)
Copying ../../build/motor_node/motor_node.egg-info to /home/cannotflypig/robokonn/install/motor_node/lib/python3.10/site-packages/motor_node-0.0.0-py3.10.egg-info
running install_scripts
Installing motor_node script to /home/cannotflypig/robokonn/install/motor_node/lib/motor_node
writing list of installed files to '/home/cannotflypig/robokonn/build/motor_node/install.log'
