[1.379s] Invoking command in '/home/cannotflypig/robokonn/src/camera_node': PYTHONPATH=/home/cannotflypig/robokonn/src/build/camera_node/prefix_override:/home/cannotflypig/robokonn/src/install/camera_node/lib/python3.10/site-packages:${PYTHONPATH} /usr/bin/python3 setup.py egg_info --egg-base ../build/camera_node build --build-base /home/cannotflypig/robokonn/src/build/camera_node/build install --record /home/cannotflypig/robokonn/src/build/camera_node/install.log --single-version-externally-managed
[1.635s] running egg_info
[1.636s] writing ../build/camera_node/camera_node.egg-info/PKG-INFO
[1.636s] writing dependency_links to ../build/camera_node/camera_node.egg-info/dependency_links.txt
[1.636s] writing entry points to ../build/camera_node/camera_node.egg-info/entry_points.txt
[1.636s] writing requirements to ../build/camera_node/camera_node.egg-info/requires.txt
[1.636s] writing top-level names to ../build/camera_node/camera_node.egg-info/top_level.txt
[1.638s] reading manifest file '../build/camera_node/camera_node.egg-info/SOURCES.txt'
[1.638s] writing manifest file '../build/camera_node/camera_node.egg-info/SOURCES.txt'
[1.638s] running build
[1.638s] running build_py
[1.639s] running install
[1.639s] /usr/lib/python3/dist-packages/setuptools/command/install.py:34: SetuptoolsDeprecationWarning: setup.py install is deprecated. Use build and pip and other standards-based tools.
[1.639s]   warnings.warn(
[1.639s] running install_lib
[1.640s] running install_data
[1.640s] running install_egg_info
[1.642s] removing '/home/cannotflypig/robokonn/src/install/camera_node/lib/python3.10/site-packages/camera_node-0.0.0-py3.10.egg-info' (and everything under it)
[1.642s] Copying ../build/camera_node/camera_node.egg-info to /home/cannotflypig/robokonn/src/install/camera_node/lib/python3.10/site-packages/camera_node-0.0.0-py3.10.egg-info
[1.643s] running install_scripts
[1.659s] Installing camera_node script to /home/cannotflypig/robokonn/src/install/camera_node/lib/camera_node
[1.659s] writing list of installed files to '/home/cannotflypig/robokonn/src/build/camera_node/install.log'
[1.727s] Invoked command in '/home/cannotflypig/robokonn/src/camera_node' returned '0': PYTHONPATH=/home/cannotflypig/robokonn/src/build/camera_node/prefix_override:/home/cannotflypig/robokonn/src/install/camera_node/lib/python3.10/site-packages:${PYTHONPATH} /usr/bin/python3 setup.py egg_info --egg-base ../build/camera_node build --build-base /home/cannotflypig/robokonn/src/build/camera_node/build install --record /home/cannotflypig/robokonn/src/build/camera_node/install.log --single-version-externally-managed
