running egg_info
creating ../build/sensor_node/sensor_node.egg-info
writing ../build/sensor_node/sensor_node.egg-info/PKG-INFO
writing dependency_links to ../build/sensor_node/sensor_node.egg-info/dependency_links.txt
writing entry points to ../build/sensor_node/sensor_node.egg-info/entry_points.txt
writing requirements to ../build/sensor_node/sensor_node.egg-info/requires.txt
writing top-level names to ../build/sensor_node/sensor_node.egg-info/top_level.txt
writing manifest file '../build/sensor_node/sensor_node.egg-info/SOURCES.txt'
reading manifest file '../build/sensor_node/sensor_node.egg-info/SOURCES.txt'
writing manifest file '../build/sensor_node/sensor_node.egg-info/SOURCES.txt'
running build
running build_py
creating /home/cannotflypig/robokonn/src/build/sensor_node/build
creating /home/cannotflypig/robokonn/src/build/sensor_node/build/lib
creating /home/cannotflypig/robokonn/src/build/sensor_node/build/lib/sensor_node
copying sensor_node/sensor_node.py -> /home/cannotflypig/robokonn/src/build/sensor_node/build/lib/sensor_node
copying sensor_node/__init__.py -> /home/cannotflypig/robokonn/src/build/sensor_node/build/lib/sensor_node
/usr/lib/python3/dist-packages/setuptools/command/install.py:34: SetuptoolsDeprecationWarning: setup.py install is deprecated. Use build and pip and other standards-based tools.
  warnings.warn(
running install
running install_lib
creating /home/cannotflypig/robokonn/src/install/sensor_node/lib/python3.10/site-packages/sensor_node
copying /home/cannotflypig/robokonn/src/build/sensor_node/build/lib/sensor_node/sensor_node.py -> /home/cannotflypig/robokonn/src/install/sensor_node/lib/python3.10/site-packages/sensor_node
copying /home/cannotflypig/robokonn/src/build/sensor_node/build/lib/sensor_node/__init__.py -> /home/cannotflypig/robokonn/src/install/sensor_node/lib/python3.10/site-packages/sensor_node
byte-compiling /home/cannotflypig/robokonn/src/install/sensor_node/lib/python3.10/site-packages/sensor_node/sensor_node.py to sensor_node.cpython-310.pyc
byte-compiling /home/cannotflypig/robokonn/src/install/sensor_node/lib/python3.10/site-packages/sensor_node/__init__.py to __init__.cpython-310.pyc
running install_data
creating /home/cannotflypig/robokonn/src/install/sensor_node/share/ament_index
creating /home/cannotflypig/robokonn/src/install/sensor_node/share/ament_index/resource_index
creating /home/cannotflypig/robokonn/src/install/sensor_node/share/ament_index/resource_index/packages
copying resource/sensor_node -> /home/cannotflypig/robokonn/src/install/sensor_node/share/ament_index/resource_index/packages
copying package.xml -> /home/cannotflypig/robokonn/src/install/sensor_node/share/sensor_node
running install_egg_info
Copying ../build/sensor_node/sensor_node.egg-info to /home/cannotflypig/robokonn/src/install/sensor_node/lib/python3.10/site-packages/sensor_node-0.0.0-py3.10.egg-info
running install_scripts
Installing sensor_node script to /home/cannotflypig/robokonn/src/install/sensor_node/lib/sensor_node
writing list of installed files to '/home/cannotflypig/robokonn/src/build/sensor_node/install.log'
