[1.344s] Invoking command in '/home/cannotflypig/robokonn/src/camera_node': PYTHONPATH=/home/cannotflypig/robokonn/src/build/camera_node/prefix_override:/home/cannotflypig/robokonn/src/install/camera_node/lib/python3.10/site-packages:${PYTHONPATH} /usr/bin/python3 setup.py egg_info --egg-base ../build/camera_node build --build-base /home/cannotflypig/robokonn/src/build/camera_node/build install --record /home/cannotflypig/robokonn/src/build/camera_node/install.log --single-version-externally-managed
[1.585s] running egg_info
[1.586s] writing ../build/camera_node/camera_node.egg-info/PKG-INFO
[1.586s] writing dependency_links to ../build/camera_node/camera_node.egg-info/dependency_links.txt
[1.586s] writing entry points to ../build/camera_node/camera_node.egg-info/entry_points.txt
[1.587s] writing requirements to ../build/camera_node/camera_node.egg-info/requires.txt
[1.587s] writing top-level names to ../build/camera_node/camera_node.egg-info/top_level.txt
[1.588s] reading manifest file '../build/camera_node/camera_node.egg-info/SOURCES.txt'
[1.589s] writing manifest file '../build/camera_node/camera_node.egg-info/SOURCES.txt'
[1.589s] running build
[1.590s] running build_py
[1.590s] copying camera_node/camera_node.py -> /home/cannotflypig/robokonn/src/build/camera_node/build/lib/camera_node
[1.590s] running install
[1.590s] /usr/lib/python3/dist-packages/setuptools/command/install.py:34: SetuptoolsDeprecationWarning: setup.py install is deprecated. Use build and pip and other standards-based tools.
[1.590s]   warnings.warn(
[1.590s] running install_lib
[1.591s] copying /home/cannotflypig/robokonn/src/build/camera_node/build/lib/camera_node/camera_node.py -> /home/cannotflypig/robokonn/src/install/camera_node/lib/python3.10/site-packages/camera_node
[1.592s] byte-compiling /home/cannotflypig/robokonn/src/install/camera_node/lib/python3.10/site-packages/camera_node/camera_node.py to camera_node.cpython-310.pyc
[1.593s] running install_data
[1.593s] running install_egg_info
[1.595s] removing '/home/cannotflypig/robokonn/src/install/camera_node/lib/python3.10/site-packages/camera_node-0.0.0-py3.10.egg-info' (and everything under it)
[1.595s] Copying ../build/camera_node/camera_node.egg-info to /home/cannotflypig/robokonn/src/install/camera_node/lib/python3.10/site-packages/camera_node-0.0.0-py3.10.egg-info
[1.596s] running install_scripts
[1.617s] Installing camera_node script to /home/cannotflypig/robokonn/src/install/camera_node/lib/camera_node
[1.618s] writing list of installed files to '/home/cannotflypig/robokonn/src/build/camera_node/install.log'
[1.703s] Invoked command in '/home/cannotflypig/robokonn/src/camera_node' returned '0': PYTHONPATH=/home/cannotflypig/robokonn/src/build/camera_node/prefix_override:/home/cannotflypig/robokonn/src/install/camera_node/lib/python3.10/site-packages:${PYTHONPATH} /usr/bin/python3 setup.py egg_info --egg-base ../build/camera_node build --build-base /home/cannotflypig/robokonn/src/build/camera_node/build install --record /home/cannotflypig/robokonn/src/build/camera_node/install.log --single-version-externally-managed
