[1.743s] Invoking command in '/home/cannotflypig/robokonn/src/main_node': PYTHONPATH=/home/cannotflypig/robokonn/build/main_node/prefix_override:/home/cannotflypig/robokonn/install/main_node/lib/python3.10/site-packages:${PYTHONPATH} /usr/bin/python3 setup.py egg_info --egg-base ../../build/main_node build --build-base /home/cannotflypig/robokonn/build/main_node/build install --record /home/cannotflypig/robokonn/build/main_node/install.log --single-version-externally-managed
[1.994s] running egg_info
[1.995s] writing ../../build/main_node/main_node.egg-info/PKG-INFO
[1.995s] writing dependency_links to ../../build/main_node/main_node.egg-info/dependency_links.txt
[1.996s] writing entry points to ../../build/main_node/main_node.egg-info/entry_points.txt
[1.996s] writing requirements to ../../build/main_node/main_node.egg-info/requires.txt
[1.996s] writing top-level names to ../../build/main_node/main_node.egg-info/top_level.txt
[1.998s] reading manifest file '../../build/main_node/main_node.egg-info/SOURCES.txt'
[1.999s] writing manifest file '../../build/main_node/main_node.egg-info/SOURCES.txt'
[1.999s] running build
[2.000s] running build_py
[2.001s] /usr/lib/python3/dist-packages/setuptools/command/install.py:34: SetuptoolsDeprecationWarning: setup.py install is deprecated. Use build and pip and other standards-based tools.
[2.001s]   warnings.warn(
[2.001s] running install
[2.001s] running install_lib
[2.002s] running install_data
[2.002s] running install_egg_info
[2.004s] removing '/home/cannotflypig/robokonn/install/main_node/lib/python3.10/site-packages/main_node-0.0.0-py3.10.egg-info' (and everything under it)
[2.005s] Copying ../../build/main_node/main_node.egg-info to /home/cannotflypig/robokonn/install/main_node/lib/python3.10/site-packages/main_node-0.0.0-py3.10.egg-info
[2.006s] running install_scripts
[2.030s] Installing main_node script to /home/cannotflypig/robokonn/install/main_node/lib/main_node
[2.031s] writing list of installed files to '/home/cannotflypig/robokonn/build/main_node/install.log'
[2.083s] Invoked command in '/home/cannotflypig/robokonn/src/main_node' returned '0': PYTHONPATH=/home/cannotflypig/robokonn/build/main_node/prefix_override:/home/cannotflypig/robokonn/install/main_node/lib/python3.10/site-packages:${PYTHONPATH} /usr/bin/python3 setup.py egg_info --egg-base ../../build/main_node build --build-base /home/cannotflypig/robokonn/build/main_node/build install --record /home/cannotflypig/robokonn/build/main_node/install.log --single-version-externally-managed
