[1.074s] Invoking command in '/home/cannotflypig/robokonn/src/build/mecanum_gazebo': /usr/bin/cmake /home/cannotflypig/robokonn/src/mecanum_gazebo -DCATKIN_INSTALL_INTO_PREFIX_ROOT=0 -DCMAKE_INSTALL_PREFIX=/home/cannotflypig/robokonn/src/install/mecanum_gazebo
[1.599s] -- The C compiler identification is GNU 11.4.0
[1.817s] -- The CXX compiler identification is GNU 11.4.0
[2.213s] -- Detecting C compiler ABI info
[2.364s] -- Detecting C compiler ABI info - done
[2.375s] -- Check for working C compiler: /usr/bin/cc - skipped
[2.375s] -- Detecting C compile features
[2.377s] -- Detecting C compile features - done
[2.379s] -- Detecting CXX compiler ABI info
[2.514s] -- Detecting CXX compiler ABI info - done
[2.521s] -- Check for working CXX compiler: /usr/bin/c++ - skipped
[2.521s] -- Detecting CXX compile features
[2.522s] -- Detecting CXX compile features - done
[3.801s] [31mCMake Error at CMakeLists.txt:4 (find_package):
[3.801s]   By not providing "Findcatkin.cmake" in CMAKE_MODULE_PATH this project has
[3.801s]   asked CMake to find a package configuration file provided by "catkin", but
[3.801s]   CMake did not find one.
[3.801s] 
[3.801s]   Could not find a package configuration file provided by "catkin" with any
[3.802s]   of the following names:
[3.802s] 
[3.802s]     catkinConfig.cmake
[3.802s]     catkin-config.cmake
[3.802s] 
[3.802s]   Add the installation prefix of "catkin" to CMAKE_PREFIX_PATH or set
[3.802s]   "catkin_DIR" to a directory containing one of the above files.  If "catkin"
[3.802s]   provides a separate development package or SDK, be sure it has been
[3.802s]   installed.
[3.802s] 
[3.802s] [0m
[3.802s] -- Configuring incomplete, errors occurred!
[3.802s] See also "/home/cannotflypig/robokonn/src/build/mecanum_gazebo/CMakeFiles/CMakeOutput.log".
[3.804s] Invoked command in '/home/cannotflypig/robokonn/src/build/mecanum_gazebo' returned '1': /usr/bin/cmake /home/cannotflypig/robokonn/src/mecanum_gazebo -DCATKIN_INSTALL_INTO_PREFIX_ROOT=0 -DCMAKE_INSTALL_PREFIX=/home/cannotflypig/robokonn/src/install/mecanum_gazebo
