[0.497s] Invoking command in '/home/cannotflypig/robokonn/build/interfaces': CMAKE_PREFIX_PATH=${CMAKE_PREFIX_PATH}:/home/cannotflypig/robokonn/install/sensor_node:/home/cannotflypig/robokonn/install/motor_node:/home/cannotflypig/robokonn/install/main_node:/home/cannotflypig/robokonn/install/camera_node:/opt/ros/humble /usr/bin/cmake --build /home/cannotflypig/robokonn/build/interfaces -- -j16 -l16
[1.335s] [35m[1mConsolidate compiler generated dependencies of target interfaces__rosidl_generator_c[0m
[1.336s] [  2%] Built target interfaces__cpp
[1.338s] [ 12%] Built target interfaces__rosidl_generator_c
[1.339s] [35m[1mConsolidate compiler generated dependencies of target interfaces__rosidl_typesupport_cpp[0m
[1.339s] [35m[1mConsolidate compiler generated dependencies of target interfaces__rosidl_typesupport_fastrtps_cpp[0m
[1.339s] [35m[1mConsolidate compiler generated dependencies of target interfaces__rosidl_typesupport_introspection_cpp[0m
[1.340s] [35m[1mConsolidate compiler generated dependencies of target interfaces__rosidl_typesupport_introspection_c[0m
[1.340s] [35m[1mConsolidate compiler generated dependencies of target interfaces__rosidl_typesupport_c[0m
[1.341s] [35m[1mConsolidate compiler generated dependencies of target interfaces__rosidl_typesupport_fastrtps_c[0m
[1.341s] [ 12%] Built target ament_cmake_python_copy_interfaces
[1.341s] [ 23%] Built target interfaces__rosidl_typesupport_cpp
[1.341s] [ 33%] Built target interfaces__rosidl_typesupport_c
[1.342s] [ 43%] Built target interfaces__rosidl_typesupport_introspection_c
[1.342s] [ 53%] Built target interfaces__rosidl_typesupport_fastrtps_cpp
[1.342s] [ 66%] Built target interfaces__rosidl_typesupport_introspection_cpp
[1.342s] [ 74%] Built target interfaces__rosidl_typesupport_fastrtps_c
[1.342s] [ 74%] Built target interfaces
[1.343s] [ 76%] Built target interfaces__py
[1.343s] [35m[1mConsolidate compiler generated dependencies of target interfaces__rosidl_generator_py[0m
[1.343s] [ 84%] Built target interfaces__rosidl_generator_py
[1.343s] [35m[1mConsolidate compiler generated dependencies of target interfaces__rosidl_typesupport_fastrtps_c__pyext[0m
[1.343s] [35m[1mConsolidate compiler generated dependencies of target interfaces__rosidl_typesupport_introspection_c__pyext[0m
[1.343s] [35m[1mConsolidate compiler generated dependencies of target interfaces__rosidl_typesupport_c__pyext[0m
[1.343s] [ 89%] Built target interfaces__rosidl_typesupport_fastrtps_c__pyext
[1.344s] [ 94%] Built target interfaces__rosidl_typesupport_introspection_c__pyext
[1.344s] [100%] Built target interfaces__rosidl_typesupport_c__pyext
[1.344s] running egg_info
[1.344s] writing interfaces.egg-info/PKG-INFO
[1.344s] writing dependency_links to interfaces.egg-info/dependency_links.txt
[1.345s] writing top-level names to interfaces.egg-info/top_level.txt
[1.345s] reading manifest file 'interfaces.egg-info/SOURCES.txt'
[1.345s] writing manifest file 'interfaces.egg-info/SOURCES.txt'
[1.346s] [100%] Built target ament_cmake_python_build_interfaces_egg
[1.354s] Invoked command in '/home/cannotflypig/robokonn/build/interfaces' returned '0': CMAKE_PREFIX_PATH=${CMAKE_PREFIX_PATH}:/home/cannotflypig/robokonn/install/sensor_node:/home/cannotflypig/robokonn/install/motor_node:/home/cannotflypig/robokonn/install/main_node:/home/cannotflypig/robokonn/install/camera_node:/opt/ros/humble /usr/bin/cmake --build /home/cannotflypig/robokonn/build/interfaces -- -j16 -l16
[1.450s] Invoking command in '/home/cannotflypig/robokonn/build/interfaces': CMAKE_PREFIX_PATH=${CMAKE_PREFIX_PATH}:/home/cannotflypig/robokonn/install/sensor_node:/home/cannotflypig/robokonn/install/motor_node:/home/cannotflypig/robokonn/install/main_node:/home/cannotflypig/robokonn/install/camera_node:/opt/ros/humble /usr/bin/cmake --install /home/cannotflypig/robokonn/build/interfaces
[1.457s] -- Install configuration: ""
[1.457s] -- Up-to-date: /home/cannotflypig/robokonn/install/interfaces/share/ament_index/resource_index/rosidl_interfaces/interfaces
[1.457s] -- Up-to-date: /home/cannotflypig/robokonn/install/interfaces/include/interfaces/interfaces
[1.458s] -- Up-to-date: /home/cannotflypig/robokonn/install/interfaces/include/interfaces/interfaces/srv
[1.458s] -- Up-to-date: /home/cannotflypig/robokonn/install/interfaces/include/interfaces/interfaces/srv/detail
[1.458s] -- Up-to-date: /home/cannotflypig/robokonn/install/interfaces/include/interfaces/interfaces/srv/detail/going_camera_data__functions.c
[1.458s] -- Up-to-date: /home/cannotflypig/robokonn/install/interfaces/include/interfaces/interfaces/srv/detail/distance_sensor_data__functions.h
[1.458s] -- Up-to-date: /home/cannotflypig/robokonn/install/interfaces/include/interfaces/interfaces/srv/detail/distance_sensor_data__functions.c
[1.458s] -- Up-to-date: /home/cannotflypig/robokonn/install/interfaces/include/interfaces/interfaces/srv/detail/distance_sensor_data__struct.h
[1.459s] -- Up-to-date: /home/cannotflypig/robokonn/install/interfaces/include/interfaces/interfaces/srv/detail/going_camera_data__functions.h
[1.459s] -- Up-to-date: /home/cannotflypig/robokonn/install/interfaces/include/interfaces/interfaces/srv/detail/distance_sensor_data__type_support.h
[1.459s] -- Up-to-date: /home/cannotflypig/robokonn/install/interfaces/include/interfaces/interfaces/srv/detail/going_camera_data__type_support.h
[1.459s] -- Up-to-date: /home/cannotflypig/robokonn/install/interfaces/include/interfaces/interfaces/srv/detail/going_camera_data__struct.h
[1.459s] -- Up-to-date: /home/cannotflypig/robokonn/install/interfaces/include/interfaces/interfaces/srv/distance_sensor_data.h
[1.459s] -- Up-to-date: /home/cannotflypig/robokonn/install/interfaces/include/interfaces/interfaces/srv/going_camera_data.h
[1.459s] -- Up-to-date: /home/cannotflypig/robokonn/install/interfaces/include/interfaces/interfaces/msg
[1.459s] -- Up-to-date: /home/cannotflypig/robokonn/install/interfaces/include/interfaces/interfaces/msg/rosidl_generator_c__visibility_control.h
[1.459s] -- Up-to-date: /home/cannotflypig/robokonn/install/interfaces/share/interfaces/environment/library_path.sh
[1.459s] -- Up-to-date: /home/cannotflypig/robokonn/install/interfaces/share/interfaces/environment/library_path.dsv
[1.460s] -- Up-to-date: /home/cannotflypig/robokonn/install/interfaces/lib/libinterfaces__rosidl_generator_c.so
[1.460s] -- Up-to-date: /home/cannotflypig/robokonn/install/interfaces/include/interfaces/interfaces
[1.460s] -- Up-to-date: /home/cannotflypig/robokonn/install/interfaces/include/interfaces/interfaces/srv
[1.460s] -- Up-to-date: /home/cannotflypig/robokonn/install/interfaces/include/interfaces/interfaces/srv/detail
[1.460s] -- Up-to-date: /home/cannotflypig/robokonn/install/interfaces/include/interfaces/interfaces/srv/detail/going_camera_data__rosidl_typesupport_fastrtps_c.h
[1.461s] -- Up-to-date: /home/cannotflypig/robokonn/install/interfaces/include/interfaces/interfaces/srv/detail/distance_sensor_data__rosidl_typesupport_fastrtps_c.h
[1.461s] -- Up-to-date: /home/cannotflypig/robokonn/install/interfaces/include/interfaces/interfaces/msg
[1.461s] -- Up-to-date: /home/cannotflypig/robokonn/install/interfaces/include/interfaces/interfaces/msg/rosidl_typesupport_fastrtps_c__visibility_control.h
[1.461s] -- Up-to-date: /home/cannotflypig/robokonn/install/interfaces/lib/libinterfaces__rosidl_typesupport_fastrtps_c.so
[1.461s] -- Up-to-date: /home/cannotflypig/robokonn/install/interfaces/include/interfaces/interfaces
[1.461s] -- Up-to-date: /home/cannotflypig/robokonn/install/interfaces/include/interfaces/interfaces/srv
[1.462s] -- Up-to-date: /home/cannotflypig/robokonn/install/interfaces/include/interfaces/interfaces/srv/detail
[1.462s] -- Up-to-date: /home/cannotflypig/robokonn/install/interfaces/include/interfaces/interfaces/srv/detail/distance_sensor_data__type_support.c
[1.462s] -- Up-to-date: /home/cannotflypig/robokonn/install/interfaces/include/interfaces/interfaces/srv/detail/going_camera_data__rosidl_typesupport_introspection_c.h
[1.462s] -- Up-to-date: /home/cannotflypig/robokonn/install/interfaces/include/interfaces/interfaces/srv/detail/going_camera_data__type_support.c
[1.462s] -- Up-to-date: /home/cannotflypig/robokonn/install/interfaces/include/interfaces/interfaces/srv/detail/distance_sensor_data__rosidl_typesupport_introspection_c.h
[1.462s] -- Up-to-date: /home/cannotflypig/robokonn/install/interfaces/include/interfaces/interfaces/msg
[1.462s] -- Up-to-date: /home/cannotflypig/robokonn/install/interfaces/include/interfaces/interfaces/msg/rosidl_typesupport_introspection_c__visibility_control.h
[1.462s] -- Up-to-date: /home/cannotflypig/robokonn/install/interfaces/lib/libinterfaces__rosidl_typesupport_introspection_c.so
[1.462s] -- Up-to-date: /home/cannotflypig/robokonn/install/interfaces/lib/libinterfaces__rosidl_typesupport_c.so
[1.463s] -- Up-to-date: /home/cannotflypig/robokonn/install/interfaces/include/interfaces/interfaces
[1.463s] -- Up-to-date: /home/cannotflypig/robokonn/install/interfaces/include/interfaces/interfaces/srv
[1.463s] -- Up-to-date: /home/cannotflypig/robokonn/install/interfaces/include/interfaces/interfaces/srv/detail
[1.463s] -- Up-to-date: /home/cannotflypig/robokonn/install/interfaces/include/interfaces/interfaces/srv/detail/distance_sensor_data__struct.hpp
[1.464s] -- Up-to-date: /home/cannotflypig/robokonn/install/interfaces/include/interfaces/interfaces/srv/detail/going_camera_data__traits.hpp
[1.464s] -- Up-to-date: /home/cannotflypig/robokonn/install/interfaces/include/interfaces/interfaces/srv/detail/going_camera_data__struct.hpp
[1.464s] -- Up-to-date: /home/cannotflypig/robokonn/install/interfaces/include/interfaces/interfaces/srv/detail/going_camera_data__builder.hpp
[1.464s] -- Up-to-date: /home/cannotflypig/robokonn/install/interfaces/include/interfaces/interfaces/srv/detail/distance_sensor_data__traits.hpp
[1.464s] -- Up-to-date: /home/cannotflypig/robokonn/install/interfaces/include/interfaces/interfaces/srv/detail/distance_sensor_data__builder.hpp
[1.464s] -- Up-to-date: /home/cannotflypig/robokonn/install/interfaces/include/interfaces/interfaces/srv/going_camera_data.hpp
[1.464s] -- Up-to-date: /home/cannotflypig/robokonn/install/interfaces/include/interfaces/interfaces/srv/distance_sensor_data.hpp
[1.464s] -- Up-to-date: /home/cannotflypig/robokonn/install/interfaces/include/interfaces/interfaces
[1.465s] -- Up-to-date: /home/cannotflypig/robokonn/install/interfaces/include/interfaces/interfaces/srv
[1.465s] -- Up-to-date: /home/cannotflypig/robokonn/install/interfaces/include/interfaces/interfaces/srv/detail
[1.465s] -- Up-to-date: /home/cannotflypig/robokonn/install/interfaces/include/interfaces/interfaces/srv/detail/going_camera_data__rosidl_typesupport_fastrtps_cpp.hpp
[1.465s] -- Up-to-date: /home/cannotflypig/robokonn/install/interfaces/include/interfaces/interfaces/srv/detail/dds_fastrtps
[1.465s] -- Up-to-date: /home/cannotflypig/robokonn/install/interfaces/include/interfaces/interfaces/srv/detail/distance_sensor_data__rosidl_typesupport_fastrtps_cpp.hpp
[1.465s] -- Up-to-date: /home/cannotflypig/robokonn/install/interfaces/include/interfaces/interfaces/msg
[1.465s] -- Up-to-date: /home/cannotflypig/robokonn/install/interfaces/include/interfaces/interfaces/msg/rosidl_typesupport_fastrtps_cpp__visibility_control.h
[1.465s] -- Up-to-date: /home/cannotflypig/robokonn/install/interfaces/lib/libinterfaces__rosidl_typesupport_fastrtps_cpp.so
[1.465s] -- Up-to-date: /home/cannotflypig/robokonn/install/interfaces/include/interfaces/interfaces
[1.466s] -- Up-to-date: /home/cannotflypig/robokonn/install/interfaces/include/interfaces/interfaces/srv
[1.466s] -- Up-to-date: /home/cannotflypig/robokonn/install/interfaces/include/interfaces/interfaces/srv/detail
[1.466s] -- Up-to-date: /home/cannotflypig/robokonn/install/interfaces/include/interfaces/interfaces/srv/detail/distance_sensor_data__rosidl_typesupport_introspection_cpp.hpp
[1.466s] -- Up-to-date: /home/cannotflypig/robokonn/install/interfaces/include/interfaces/interfaces/srv/detail/going_camera_data__rosidl_typesupport_introspection_cpp.hpp
[1.466s] -- Up-to-date: /home/cannotflypig/robokonn/install/interfaces/include/interfaces/interfaces/srv/detail/distance_sensor_data__type_support.cpp
[1.466s] -- Up-to-date: /home/cannotflypig/robokonn/install/interfaces/include/interfaces/interfaces/srv/detail/going_camera_data__type_support.cpp
[1.466s] -- Up-to-date: /home/cannotflypig/robokonn/install/interfaces/lib/libinterfaces__rosidl_typesupport_introspection_cpp.so
[1.466s] -- Up-to-date: /home/cannotflypig/robokonn/install/interfaces/lib/libinterfaces__rosidl_typesupport_cpp.so
[1.467s] -- Up-to-date: /home/cannotflypig/robokonn/install/interfaces/share/interfaces/environment/pythonpath.sh
[1.467s] -- Up-to-date: /home/cannotflypig/robokonn/install/interfaces/share/interfaces/environment/pythonpath.dsv
[1.467s] -- Up-to-date: /home/cannotflypig/robokonn/install/interfaces/local/lib/python3.10/dist-packages/interfaces-0.0.0-py3.10.egg-info
[1.467s] -- Installing: /home/cannotflypig/robokonn/install/interfaces/local/lib/python3.10/dist-packages/interfaces-0.0.0-py3.10.egg-info/dependency_links.txt
[1.468s] -- Installing: /home/cannotflypig/robokonn/install/interfaces/local/lib/python3.10/dist-packages/interfaces-0.0.0-py3.10.egg-info/PKG-INFO
[1.468s] -- Installing: /home/cannotflypig/robokonn/install/interfaces/local/lib/python3.10/dist-packages/interfaces-0.0.0-py3.10.egg-info/SOURCES.txt
[1.468s] -- Installing: /home/cannotflypig/robokonn/install/interfaces/local/lib/python3.10/dist-packages/interfaces-0.0.0-py3.10.egg-info/top_level.txt
[1.468s] -- Up-to-date: /home/cannotflypig/robokonn/install/interfaces/local/lib/python3.10/dist-packages/interfaces
[1.468s] -- Up-to-date: /home/cannotflypig/robokonn/install/interfaces/local/lib/python3.10/dist-packages/interfaces/srv
[1.468s] -- Up-to-date: /home/cannotflypig/robokonn/install/interfaces/local/lib/python3.10/dist-packages/interfaces/srv/_distance_sensor_data_s.c
[1.468s] -- Up-to-date: /home/cannotflypig/robokonn/install/interfaces/local/lib/python3.10/dist-packages/interfaces/srv/_distance_sensor_data.py
[1.468s] -- Up-to-date: /home/cannotflypig/robokonn/install/interfaces/local/lib/python3.10/dist-packages/interfaces/srv/__init__.py
[1.468s] -- Up-to-date: /home/cannotflypig/robokonn/install/interfaces/local/lib/python3.10/dist-packages/interfaces/srv/_going_camera_data.py
[1.468s] -- Up-to-date: /home/cannotflypig/robokonn/install/interfaces/local/lib/python3.10/dist-packages/interfaces/srv/_going_camera_data_s.c
[1.469s] -- Up-to-date: /home/cannotflypig/robokonn/install/interfaces/local/lib/python3.10/dist-packages/interfaces/_interfaces_s.ep.rosidl_typesupport_fastrtps_c.c
[1.469s] -- Up-to-date: /home/cannotflypig/robokonn/install/interfaces/local/lib/python3.10/dist-packages/interfaces/libinterfaces__rosidl_generator_py.so
[1.469s] -- Up-to-date: /home/cannotflypig/robokonn/install/interfaces/local/lib/python3.10/dist-packages/interfaces/interfaces_s__rosidl_typesupport_fastrtps_c.cpython-310-x86_64-linux-gnu.so
[1.469s] -- Up-to-date: /home/cannotflypig/robokonn/install/interfaces/local/lib/python3.10/dist-packages/interfaces/_interfaces_s.ep.rosidl_typesupport_introspection_c.c
[1.469s] -- Up-to-date: /home/cannotflypig/robokonn/install/interfaces/local/lib/python3.10/dist-packages/interfaces/__init__.py
[1.469s] -- Up-to-date: /home/cannotflypig/robokonn/install/interfaces/local/lib/python3.10/dist-packages/interfaces/interfaces_s__rosidl_typesupport_c.cpython-310-x86_64-linux-gnu.so
[1.469s] -- Up-to-date: /home/cannotflypig/robokonn/install/interfaces/local/lib/python3.10/dist-packages/interfaces/interfaces_s__rosidl_typesupport_introspection_c.cpython-310-x86_64-linux-gnu.so
[1.469s] -- Up-to-date: /home/cannotflypig/robokonn/install/interfaces/local/lib/python3.10/dist-packages/interfaces/_interfaces_s.ep.rosidl_typesupport_c.c
[1.503s] Listing '/home/cannotflypig/robokonn/install/interfaces/local/lib/python3.10/dist-packages/interfaces'...
[1.503s] Listing '/home/cannotflypig/robokonn/install/interfaces/local/lib/python3.10/dist-packages/interfaces/srv'...
[1.508s] -- Up-to-date: /home/cannotflypig/robokonn/install/interfaces/local/lib/python3.10/dist-packages/interfaces/interfaces_s__rosidl_typesupport_fastrtps_c.cpython-310-x86_64-linux-gnu.so
[1.509s] -- Up-to-date: /home/cannotflypig/robokonn/install/interfaces/local/lib/python3.10/dist-packages/interfaces/interfaces_s__rosidl_typesupport_introspection_c.cpython-310-x86_64-linux-gnu.so
[1.510s] -- Up-to-date: /home/cannotflypig/robokonn/install/interfaces/local/lib/python3.10/dist-packages/interfaces/interfaces_s__rosidl_typesupport_c.cpython-310-x86_64-linux-gnu.so
[1.510s] -- Up-to-date: /home/cannotflypig/robokonn/install/interfaces/lib/libinterfaces__rosidl_generator_py.so
[1.511s] -- Up-to-date: /home/cannotflypig/robokonn/install/interfaces/share/interfaces/srv/GoingCameraData.idl
[1.511s] -- Up-to-date: /home/cannotflypig/robokonn/install/interfaces/share/interfaces/srv/DistanceSensorData.idl
[1.511s] -- Up-to-date: /home/cannotflypig/robokonn/install/interfaces/share/interfaces/srv/GoingCameraData.srv
[1.511s] -- Up-to-date: /home/cannotflypig/robokonn/install/interfaces/share/interfaces/srv/GoingCameraData_Request.msg
[1.511s] -- Up-to-date: /home/cannotflypig/robokonn/install/interfaces/share/interfaces/srv/GoingCameraData_Response.msg
[1.511s] -- Up-to-date: /home/cannotflypig/robokonn/install/interfaces/share/interfaces/srv/DistanceSensorData.srv
[1.512s] -- Up-to-date: /home/cannotflypig/robokonn/install/interfaces/share/interfaces/srv/DistanceSensorData_Request.msg
[1.512s] -- Up-to-date: /home/cannotflypig/robokonn/install/interfaces/share/interfaces/srv/DistanceSensorData_Response.msg
[1.512s] -- Up-to-date: /home/cannotflypig/robokonn/install/interfaces/share/ament_index/resource_index/package_run_dependencies/interfaces
[1.512s] -- Up-to-date: /home/cannotflypig/robokonn/install/interfaces/share/ament_index/resource_index/parent_prefix_path/interfaces
[1.512s] -- Up-to-date: /home/cannotflypig/robokonn/install/interfaces/share/interfaces/environment/ament_prefix_path.sh
[1.512s] -- Up-to-date: /home/cannotflypig/robokonn/install/interfaces/share/interfaces/environment/ament_prefix_path.dsv
[1.512s] -- Up-to-date: /home/cannotflypig/robokonn/install/interfaces/share/interfaces/environment/path.sh
[1.513s] -- Up-to-date: /home/cannotflypig/robokonn/install/interfaces/share/interfaces/environment/path.dsv
[1.513s] -- Up-to-date: /home/cannotflypig/robokonn/install/interfaces/share/interfaces/local_setup.bash
[1.513s] -- Up-to-date: /home/cannotflypig/robokonn/install/interfaces/share/interfaces/local_setup.sh
[1.513s] -- Up-to-date: /home/cannotflypig/robokonn/install/interfaces/share/interfaces/local_setup.zsh
[1.513s] -- Up-to-date: /home/cannotflypig/robokonn/install/interfaces/share/interfaces/local_setup.dsv
[1.513s] -- Installing: /home/cannotflypig/robokonn/install/interfaces/share/interfaces/package.dsv
[1.513s] -- Up-to-date: /home/cannotflypig/robokonn/install/interfaces/share/ament_index/resource_index/packages/interfaces
[1.514s] -- Up-to-date: /home/cannotflypig/robokonn/install/interfaces/share/interfaces/cmake/export_interfaces__rosidl_generator_cExport.cmake
[1.514s] -- Up-to-date: /home/cannotflypig/robokonn/install/interfaces/share/interfaces/cmake/export_interfaces__rosidl_generator_cExport-noconfig.cmake
[1.514s] -- Up-to-date: /home/cannotflypig/robokonn/install/interfaces/share/interfaces/cmake/export_interfaces__rosidl_typesupport_fastrtps_cExport.cmake
[1.515s] -- Up-to-date: /home/cannotflypig/robokonn/install/interfaces/share/interfaces/cmake/export_interfaces__rosidl_typesupport_fastrtps_cExport-noconfig.cmake
[1.515s] -- Up-to-date: /home/cannotflypig/robokonn/install/interfaces/share/interfaces/cmake/interfaces__rosidl_typesupport_introspection_cExport.cmake
[1.515s] -- Up-to-date: /home/cannotflypig/robokonn/install/interfaces/share/interfaces/cmake/interfaces__rosidl_typesupport_introspection_cExport-noconfig.cmake
[1.516s] -- Up-to-date: /home/cannotflypig/robokonn/install/interfaces/share/interfaces/cmake/interfaces__rosidl_typesupport_cExport.cmake
[1.516s] -- Up-to-date: /home/cannotflypig/robokonn/install/interfaces/share/interfaces/cmake/interfaces__rosidl_typesupport_cExport-noconfig.cmake
[1.517s] -- Up-to-date: /home/cannotflypig/robokonn/install/interfaces/share/interfaces/cmake/export_interfaces__rosidl_generator_cppExport.cmake
[1.518s] -- Up-to-date: /home/cannotflypig/robokonn/install/interfaces/share/interfaces/cmake/export_interfaces__rosidl_typesupport_fastrtps_cppExport.cmake
[1.518s] -- Up-to-date: /home/cannotflypig/robokonn/install/interfaces/share/interfaces/cmake/export_interfaces__rosidl_typesupport_fastrtps_cppExport-noconfig.cmake
[1.519s] -- Up-to-date: /home/cannotflypig/robokonn/install/interfaces/share/interfaces/cmake/interfaces__rosidl_typesupport_introspection_cppExport.cmake
[1.519s] -- Up-to-date: /home/cannotflypig/robokonn/install/interfaces/share/interfaces/cmake/interfaces__rosidl_typesupport_introspection_cppExport-noconfig.cmake
[1.519s] -- Up-to-date: /home/cannotflypig/robokonn/install/interfaces/share/interfaces/cmake/interfaces__rosidl_typesupport_cppExport.cmake
[1.520s] -- Up-to-date: /home/cannotflypig/robokonn/install/interfaces/share/interfaces/cmake/interfaces__rosidl_typesupport_cppExport-noconfig.cmake
[1.520s] -- Up-to-date: /home/cannotflypig/robokonn/install/interfaces/share/interfaces/cmake/export_interfaces__rosidl_generator_pyExport.cmake
[1.520s] -- Up-to-date: /home/cannotflypig/robokonn/install/interfaces/share/interfaces/cmake/export_interfaces__rosidl_generator_pyExport-noconfig.cmake
[1.521s] -- Up-to-date: /home/cannotflypig/robokonn/install/interfaces/share/interfaces/cmake/rosidl_cmake-extras.cmake
[1.521s] -- Up-to-date: /home/cannotflypig/robokonn/install/interfaces/share/interfaces/cmake/ament_cmake_export_include_directories-extras.cmake
[1.521s] -- Up-to-date: /home/cannotflypig/robokonn/install/interfaces/share/interfaces/cmake/ament_cmake_export_libraries-extras.cmake
[1.521s] -- Up-to-date: /home/cannotflypig/robokonn/install/interfaces/share/interfaces/cmake/ament_cmake_export_targets-extras.cmake
[1.521s] -- Up-to-date: /home/cannotflypig/robokonn/install/interfaces/share/interfaces/cmake/rosidl_cmake_export_typesupport_targets-extras.cmake
[1.521s] -- Up-to-date: /home/cannotflypig/robokonn/install/interfaces/share/interfaces/cmake/ament_cmake_export_dependencies-extras.cmake
[1.521s] -- Up-to-date: /home/cannotflypig/robokonn/install/interfaces/share/interfaces/cmake/rosidl_cmake_export_typesupport_libraries-extras.cmake
[1.521s] -- Up-to-date: /home/cannotflypig/robokonn/install/interfaces/share/interfaces/cmake/interfacesConfig.cmake
[1.521s] -- Up-to-date: /home/cannotflypig/robokonn/install/interfaces/share/interfaces/cmake/interfacesConfig-version.cmake
[1.521s] -- Up-to-date: /home/cannotflypig/robokonn/install/interfaces/share/interfaces/package.xml
[1.524s] Invoked command in '/home/cannotflypig/robokonn/build/interfaces' returned '0': CMAKE_PREFIX_PATH=${CMAKE_PREFIX_PATH}:/home/cannotflypig/robokonn/install/sensor_node:/home/cannotflypig/robokonn/install/motor_node:/home/cannotflypig/robokonn/install/main_node:/home/cannotflypig/robokonn/install/camera_node:/opt/ros/humble /usr/bin/cmake --install /home/cannotflypig/robokonn/build/interfaces
