[0.037s] Invoking command in '/home/cannotflypig/robokonn/src/build/interfaces': CMAKE_PREFIX_PATH=/home/cannotflypig/robokonn/install/motor_node:/home/cannotflypig/robokonn/install/main_node:/opt/ros/humble /usr/bin/cmake /home/cannotflypig/robokonn/src/interfaces -DCMAKE_INSTALL_PREFIX=/home/cannotflypig/robokonn/src/install/interfaces
[0.253s] -- The C compiler identification is GNU 11.4.0
[0.794s] -- The CXX compiler identification is GNU 11.4.0
[1.204s] -- Detecting C compiler ABI info
[1.483s] -- Detecting C compiler ABI info - done
[1.495s] -- Check for working C compiler: /usr/bin/cc - skipped
[1.496s] -- Detecting C compile features
[1.497s] -- Detecting C compile features - done
[1.502s] -- Detecting CXX compiler ABI info
[1.663s] -- Detecting CXX compiler ABI info - done
[1.670s] -- Check for working CXX compiler: /usr/bin/c++ - skipped
[1.670s] -- Detecting CXX compile features
[1.671s] -- Detecting CXX compile features - done
[1.679s] -- Found ament_cmake: 1.3.5 (/opt/ros/humble/share/ament_cmake/cmake)
[1.801s] -- Found Python3: /usr/bin/python3.10 (found version "3.10.12") found components: Interpreter 
[1.867s] -- Found rosidl_default_generators: 1.2.0 (/opt/ros/humble/share/rosidl_default_generators/cmake)
[1.870s] -- Using all available rosidl_typesupport_c: rosidl_typesupport_fastrtps_c;rosidl_typesupport_introspection_c
[1.876s] -- Found rosidl_adapter: 3.1.5 (/opt/ros/humble/share/rosidl_adapter/cmake)
[2.022s] -- Using all available rosidl_typesupport_cpp: rosidl_typesupport_fastrtps_cpp;rosidl_typesupport_introspection_cpp
[2.051s] [31mCMake Error at /opt/ros/humble/share/rosidl_cmake/cmake/rosidl_generate_interfaces.cmake:93 (message):
[2.051s]   rosidl_generate_interfaces() the passed file 'srv/*.srv' doesn't exist
[2.052s]   relative to the CMAKE_CURRENT_SOURCE_DIR
[2.052s]   '/home/cannotflypig/robokonn/src/interfaces'
[2.052s] Call Stack (most recent call first):
[2.052s]   CMakeLists.txt:15 (rosidl_generate_interfaces)
[2.052s] 
[2.052s] [0m
[2.052s] -- Configuring incomplete, errors occurred!
[2.052s] See also "/home/cannotflypig/robokonn/src/build/interfaces/CMakeFiles/CMakeOutput.log".
[2.058s] Invoked command in '/home/cannotflypig/robokonn/src/build/interfaces' returned '1': CMAKE_PREFIX_PATH=/home/cannotflypig/robokonn/install/motor_node:/home/cannotflypig/robokonn/install/main_node:/opt/ros/humble /usr/bin/cmake /home/cannotflypig/robokonn/src/interfaces -DCMAKE_INSTALL_PREFIX=/home/cannotflypig/robokonn/src/install/interfaces
