[0.954s] Invoking command in '/home/cannotflypig/robokonn/build/motor_node': PYTHONPATH=/home/cannotflypig/robokonn/build/motor_node/prefix_override:/home/cannotflypig/robokonn/install/motor_node/lib/python3.10/site-packages:${PYTHONPATH} /usr/bin/python3 setup.py develop --editable --build-directory /home/cannotflypig/robokonn/build/motor_node/build --no-deps install_data
[1.169s] running develop
[1.169s] /usr/lib/python3/dist-packages/setuptools/command/easy_install.py:158: EasyInstallDeprecationWarning: easy_install command is deprecated. Use build and pip and other standards-based tools.
[1.169s]   warnings.warn(
[1.171s] /usr/lib/python3/dist-packages/setuptools/command/install.py:34: SetuptoolsDeprecationWarning: setup.py install is deprecated. Use build and pip and other standards-based tools.
[1.171s]   warnings.warn(
[1.312s] running egg_info
[1.312s] creating motor_node.egg-info
[1.313s] writing motor_node.egg-info/PKG-INFO
[1.313s] writing dependency_links to motor_node.egg-info/dependency_links.txt
[1.314s] writing entry points to motor_node.egg-info/entry_points.txt
[1.314s] writing requirements to motor_node.egg-info/requires.txt
[1.314s] writing top-level names to motor_node.egg-info/top_level.txt
[1.314s] writing manifest file 'motor_node.egg-info/SOURCES.txt'
[1.316s] reading manifest file 'motor_node.egg-info/SOURCES.txt'
[1.317s] writing manifest file 'motor_node.egg-info/SOURCES.txt'
[1.319s] running build_ext
[1.319s] Creating /home/cannotflypig/robokonn/install/motor_node/lib/python3.10/site-packages/motor-node.egg-link (link to .)
[1.320s] Installing motor_node script to /home/cannotflypig/robokonn/install/motor_node/lib/motor_node
[1.321s] 
[1.321s] Installed /home/cannotflypig/robokonn/build/motor_node
[1.321s] running install_data
[1.322s] creating /home/cannotflypig/robokonn/install/motor_node/share/ament_index
[1.322s] creating /home/cannotflypig/robokonn/install/motor_node/share/ament_index/resource_index
[1.322s] creating /home/cannotflypig/robokonn/install/motor_node/share/ament_index/resource_index/packages
[1.322s] copying resource/motor_node -> /home/cannotflypig/robokonn/install/motor_node/share/ament_index/resource_index/packages
[1.322s] copying package.xml -> /home/cannotflypig/robokonn/install/motor_node/share/motor_node
[1.351s] Invoked command in '/home/cannotflypig/robokonn/build/motor_node' returned '0': PYTHONPATH=/home/cannotflypig/robokonn/build/motor_node/prefix_override:/home/cannotflypig/robokonn/install/motor_node/lib/python3.10/site-packages:${PYTHONPATH} /usr/bin/python3 setup.py develop --editable --build-directory /home/cannotflypig/robokonn/build/motor_node/build --no-deps install_data
